#
# There is insufficient memory for the Java Runtime Environment to continue.
# Native memory allocation (malloc) failed to allocate 1690096 bytes for Chunk::new
# Possible reasons:
#   The system is out of physical RAM or swap space
#   The process is running with CompressedOops enabled, and the Java Heap may be blocking the growth of the native heap
# Possible solutions:
#   Reduce memory load on the system
#   Increase physical memory or swap space
#   Check if swap backing store is full
#   Decrease Java heap size (-Xmx/-Xms)
#   Decrease number of Java threads
#   Decrease Java thread stack sizes (-Xss)
#   Set larger code cache with -XX:ReservedCodeCacheSize=
#   JVM is running with Unscaled Compressed Oops mode in which the Java heap is
#     placed in the first 4GB address space. The Java Heap base address is the
#     maximum limit for the native heap growth. Please use -XX:HeapBaseMinAddress
#     to set the Java Heap base and to place the Java Heap above 4GB virtual address.
# This output file may be truncated or incomplete.
#
#  Out of Memory Error (./src/hotspot/share/memory/arena.cpp:197), pid=1220, tid=13552
#
# JRE version: OpenJDK Runtime Environment Microsoft-7208460 (11.0.18+10) (build 11.0.18+10-LTS)
# Java VM: OpenJDK 64-Bit Server VM Microsoft-7208460 (11.0.18+10-LTS, mixed mode, tiered, compressed oops, g1 gc, windows-amd64)
# No core dump will be written. Minidumps are not enabled by default on client versions of Windows
#

---------------  S U M M A R Y ------------

Command Line: -XX:MaxMetaspaceSize=512m --add-opens=java.base/java.util=ALL-UNNAMED --add-opens=java.base/java.lang=ALL-UNNAMED --add-opens=java.base/java.lang.invoke=ALL-UNNAMED --add-opens=java.base/java.util=ALL-UNNAMED --add-opens=java.prefs/java.util.prefs=ALL-UNNAMED --add-opens=java.prefs/java.util.prefs=ALL-UNNAMED --add-opens=java.base/java.nio.charset=ALL-UNNAMED --add-opens=java.base/java.net=ALL-UNNAMED --add-opens=java.base/java.util.concurrent.atomic=ALL-UNNAMED -Xmx2048m -Dfile.encoding=windows-1252 -Duser.country=IN -Duser.language=en -Duser.variant org.gradle.launcher.daemon.bootstrap.GradleDaemon 7.5.1

Host: 11th Gen Intel(R) Core(TM) i5-1135G7 @ 2.40GHz, 8 cores, 7G,  Windows 10 , 64 bit Build 19041 (10.0.19041.2913)
Time: Fri May 19 08:15:59 2023 India Standard Time elapsed time: 138.631370 seconds (0d 0h 2m 18s)

---------------  T H R E A D  ---------------

Current thread (0x00000208248c4800):  JavaThread "C2 CompilerThread0" daemon [_thread_in_native, id=13552, stack(0x000000148d100000,0x000000148d200000)]


Current CompileTask:
C2: 138631 12513       4       java.lang.Class::annotationData (44 bytes)

Stack: [0x000000148d100000,0x000000148d200000]
Native frames: (J=compiled Java code, j=interpreted, Vv=VM code, C=native code)
V  [jvm.dll+0x62bf8a]
V  [jvm.dll+0x7b8fb9]
V  [jvm.dll+0x7ba6a8]
V  [jvm.dll+0x7bad83]
V  [jvm.dll+0x250248]
V  [jvm.dll+0xc260c]
V  [jvm.dll+0xc2bcc]
V  [jvm.dll+0x35e182]
V  [jvm.dll+0x32a373]
V  [jvm.dll+0x3296aa]
V  [jvm.dll+0x2093b3]
V  [jvm.dll+0x20850d]
V  [jvm.dll+0x18a4b1]
V  [jvm.dll+0x217eec]
V  [jvm.dll+0x21612b]
V  [jvm.dll+0x77bac0]
V  [jvm.dll+0x7749f4]
V  [jvm.dll+0x62adf5]
C  [ucrtbase.dll+0x21bb2]
C  [KERNEL32.dll+0x17614]
C  [ntdll.dll+0x526a1]


---------------  P R O C E S S  ---------------

Threads class SMR info:
_java_thread_list=0x000002082b7722b0, length=135, elements={
0x00000208038da800, 0x000002082489d000, 0x00000208248a6000, 0x00000208248bc000,
0x00000208248c0000, 0x00000208248c1000, 0x00000208248c4800, 0x00000208248ca000,
0x00000208248cb000, 0x0000020825391000, 0x0000020826680000, 0x0000020826769800,
0x0000020826c91000, 0x0000020827554800, 0x00000208263c6000, 0x0000020827248800,
0x00000208272cb800, 0x000002082738a000, 0x000002082738c000, 0x000002082738f800,
0x0000020825f59800, 0x0000020825f5a800, 0x0000020825f5c000, 0x0000020825f5d000,
0x0000020825f57000, 0x0000020825f5e000, 0x0000020825f58000, 0x0000020825f59000,
0x0000020826423800, 0x0000020826422000, 0x0000020826424000, 0x0000020826422800,
0x0000020826429000, 0x0000020826427800, 0x0000020826425000, 0x0000020826428800,
0x0000020826426000, 0x000002082642a800, 0x000002082642b800, 0x000002082642c800,
0x0000020826426800, 0x000002082642d000, 0x000002082642e000, 0x000002082642f000,
0x0000020826430800, 0x000002082642f800, 0x0000020827b8f000, 0x0000020827b90000,
0x0000020827b90800, 0x0000020827b8c800, 0x0000020827b8b000, 0x0000020827b91800,
0x0000020827b8c000, 0x0000020827b92800, 0x0000020827b8d800, 0x0000020827b93000,
0x0000020827b94000, 0x0000020827b8e000, 0x0000020827b95800, 0x0000020827b96800,
0x0000020827b99800, 0x0000020827b97000, 0x0000020827b99000, 0x0000020827b95000,
0x0000020827b98000, 0x000002082968e000, 0x000002082968d800, 0x000002082968b000,
0x000002082968a000, 0x000002082968b800, 0x0000020829688800, 0x000002082968f000,
0x0000020829689800, 0x0000020829692000, 0x0000020829690000, 0x0000020829690800,
0x0000020829691800, 0x000002082968c800, 0x0000020829696800, 0x0000020829697000,
0x0000020829694000, 0x0000020829694800, 0x0000020829695800, 0x0000020827dd0000,
0x0000020827dd2000, 0x0000020827dd6000, 0x0000020827dd6800, 0x0000020827dd2800,
0x0000020827dd1000, 0x0000020827dd3800, 0x0000020827dd4000, 0x0000020827dd8800,
0x0000020827dd7800, 0x0000020827dda800, 0x0000020827dd5000, 0x0000020827dd9000,
0x0000020827dde000, 0x0000020827ddb800, 0x0000020827ddc800, 0x0000020827ddd000,
0x0000020827dda000, 0x0000020827ddf000, 0x000002082b92d000, 0x000002082b92e000,
0x000002082b92c000, 0x000002082b931000, 0x000002082b932000, 0x000002082b933800,
0x000002082b92e800, 0x000002082b932800, 0x000002082b934800, 0x000002082b935000,
0x000002082b930800, 0x000002082b92f800, 0x000002082b937800, 0x000002082b936000,
0x000002082b93a000, 0x000002082b937000, 0x000002082b938800, 0x000002082b939000,
0x000002082b93b000, 0x000002082dab5000, 0x000002082daaf000, 0x000002082dab4000,
0x000002082dab1000, 0x000002082dab6000, 0x000002082dab2800, 0x000002082dab0000,
0x000002082dab1800, 0x000002082dab8000, 0x000002082dab3800, 0x000002082dab6800,
0x000002082dab9000, 0x000002082dab7800, 0x000002082dabb800
}

Java Threads: ( => current thread )
  0x00000208038da800 JavaThread "main" [_thread_blocked, id=17092, stack(0x000000148c500000,0x000000148c600000)]
  0x000002082489d000 JavaThread "Reference Handler" daemon [_thread_blocked, id=18416, stack(0x000000148cc00000,0x000000148cd00000)]
  0x00000208248a6000 JavaThread "Finalizer" daemon [_thread_blocked, id=8760, stack(0x000000148cd00000,0x000000148ce00000)]
  0x00000208248bc000 JavaThread "Signal Dispatcher" daemon [_thread_blocked, id=9944, stack(0x000000148ce00000,0x000000148cf00000)]
  0x00000208248c0000 JavaThread "Attach Listener" daemon [_thread_blocked, id=14792, stack(0x000000148cf00000,0x000000148d000000)]
  0x00000208248c1000 JavaThread "Service Thread" daemon [_thread_blocked, id=17644, stack(0x000000148d000000,0x000000148d100000)]
=>0x00000208248c4800 JavaThread "C2 CompilerThread0" daemon [_thread_in_native, id=13552, stack(0x000000148d100000,0x000000148d200000)]
  0x00000208248ca000 JavaThread "C1 CompilerThread0" daemon [_thread_blocked, id=10040, stack(0x000000148d200000,0x000000148d300000)]
  0x00000208248cb000 JavaThread "Sweeper thread" daemon [_thread_blocked, id=13356, stack(0x000000148d300000,0x000000148d400000)]
  0x0000020825391000 JavaThread "Common-Cleaner" daemon [_thread_blocked, id=12076, stack(0x000000148d400000,0x000000148d500000)]
  0x0000020826680000 JavaThread "Daemon health stats" [_thread_blocked, id=12336, stack(0x000000148d700000,0x000000148d800000)]
  0x0000020826769800 JavaThread "Incoming local TCP Connector on port 58544" [_thread_in_native, id=16620, stack(0x000000148d800000,0x000000148d900000)]
  0x0000020826c91000 JavaThread "Daemon periodic checks" [_thread_blocked, id=16056, stack(0x000000148d900000,0x000000148da00000)]
  0x0000020827554800 JavaThread "Daemon" [_thread_blocked, id=17256, stack(0x000000148da00000,0x000000148db00000)]
  0x00000208263c6000 JavaThread "Handler for socket connection from /127.0.0.1:58544 to /127.0.0.1:58545" [_thread_in_native, id=18796, stack(0x000000148db00000,0x000000148dc00000)]
  0x0000020827248800 JavaThread "Cancel handler" [_thread_blocked, id=13468, stack(0x000000148dc00000,0x000000148dd00000)]
  0x00000208272cb800 JavaThread "Daemon worker" [_thread_in_vm, id=18304, stack(0x000000148dd00000,0x000000148de00000)]
  0x000002082738a000 JavaThread "Asynchronous log dispatcher for DefaultDaemonConnection: socket connection from /127.0.0.1:58544 to /127.0.0.1:58545" [_thread_blocked, id=17160, stack(0x000000148de00000,0x000000148df00000)]
  0x000002082738c000 JavaThread "Stdin handler" [_thread_blocked, id=9352, stack(0x000000148df00000,0x000000148e000000)]
  0x000002082738f800 JavaThread "Daemon client event forwarder" [_thread_blocked, id=16808, stack(0x000000148e000000,0x000000148e100000)]
  0x0000020825f59800 JavaThread "Cache worker for journal cache (C:\Users\srinibas\.gradle\caches\journal-1)" [_thread_blocked, id=16160, stack(0x000000148e700000,0x000000148e800000)]
  0x0000020825f5a800 JavaThread "File lock request listener" [_thread_in_native, id=16040, stack(0x000000148e800000,0x000000148e900000)]
  0x0000020825f5c000 JavaThread "Cache worker for file hash cache (C:\Users\srinibas\.gradle\caches\7.5.1\fileHashes)" [_thread_blocked, id=17532, stack(0x000000148ea00000,0x000000148eb00000)]
  0x0000020825f5d000 JavaThread "File watcher server" daemon [_thread_in_native, id=15068, stack(0x000000148ec00000,0x000000148ed00000)]
  0x0000020825f57000 JavaThread "File watcher consumer" daemon [_thread_blocked, id=17772, stack(0x000000148ed00000,0x000000148ee00000)]
  0x0000020825f5e000 JavaThread "Cache worker for checksums cache (D:\learning\React Native\authApp\android\.gradle\7.5.1\checksums)" [_thread_blocked, id=6044, stack(0x000000148ee00000,0x000000148ef00000)]
  0x0000020825f58000 JavaThread "Cache worker for cache directory md-rule (C:\Users\srinibas\.gradle\caches\7.5.1\md-rule)" [_thread_blocked, id=14092, stack(0x000000148ef00000,0x000000148f000000)]
  0x0000020825f59000 JavaThread "Cache worker for file content cache (C:\Users\srinibas\.gradle\caches\7.5.1\fileContent)" [_thread_blocked, id=16768, stack(0x000000148f000000,0x000000148f100000)]
  0x0000020826423800 JavaThread "Cache worker for file hash cache (D:\learning\React Native\authApp\android\.gradle\7.5.1\fileHashes)" [_thread_blocked, id=14528, stack(0x000000148f100000,0x000000148f200000)]
  0x0000020826422000 JavaThread "Cache worker for cache directory md-supplier (C:\Users\srinibas\.gradle\caches\7.5.1\md-supplier)" [_thread_blocked, id=17984, stack(0x000000148f200000,0x000000148f300000)]
  0x0000020826424000 JavaThread "Cache worker for execution history cache (C:\Users\srinibas\.gradle\caches\7.5.1\executionHistory)" [_thread_blocked, id=12080, stack(0x000000148f300000,0x000000148f400000)]
  0x0000020826422800 JavaThread "jar transforms" [_thread_blocked, id=11732, stack(0x000000148f400000,0x000000148f500000)]
  0x0000020826429000 JavaThread "jar transforms Thread 2" [_thread_blocked, id=18260, stack(0x000000148f500000,0x000000148f600000)]
  0x0000020826427800 JavaThread "jar transforms Thread 3" [_thread_blocked, id=15084, stack(0x000000148f600000,0x000000148f700000)]
  0x0000020826425000 JavaThread "jar transforms Thread 4" [_thread_blocked, id=13240, stack(0x000000148f700000,0x000000148f800000)]
  0x0000020826428800 JavaThread "Cache worker for kotlin-dsl (C:\Users\srinibas\.gradle\caches\7.5.1\kotlin-dsl)" [_thread_blocked, id=9868, stack(0x000000148f800000,0x000000148f900000)]
  0x0000020826426000 JavaThread "jar transforms Thread 5" [_thread_blocked, id=2340, stack(0x000000148f900000,0x000000148fa00000)]
  0x000002082642a800 JavaThread "jar transforms Thread 6" [_thread_blocked, id=17476, stack(0x000000148fa00000,0x000000148fb00000)]
  0x000002082642b800 JavaThread "Cache worker for dependencies-accessors (D:\learning\React Native\authApp\android\.gradle\7.5.1\dependencies-accessors)" [_thread_blocked, id=18652, stack(0x000000148fb00000,0x000000148fc00000)]
  0x000002082642c800 JavaThread "Cache worker for Build Output Cleanup Cache (D:\learning\React Native\authApp\node_modules\react-native-gradle-plugin\.gradle\buildOutputCleanup)" [_thread_blocked, id=17412, stack(0x000000148fc00000,0x000000148fd00000)]
  0x0000020826426800 JavaThread "jar transforms Thread 7" [_thread_blocked, id=16884, stack(0x000000148fd00000,0x000000148fe00000)]
  0x000002082642d000 JavaThread "Unconstrained build operations" [_thread_blocked, id=17668, stack(0x000000148fe00000,0x000000148ff00000)]
  0x000002082642e000 JavaThread "Unconstrained build operations Thread 2" [_thread_blocked, id=17560, stack(0x000000148ff00000,0x0000001490000000)]
  0x000002082642f000 JavaThread "Unconstrained build operations Thread 3" [_thread_blocked, id=17556, stack(0x0000001490000000,0x0000001490100000)]
  0x0000020826430800 JavaThread "Unconstrained build operations Thread 4" [_thread_blocked, id=13340, stack(0x0000001490100000,0x0000001490200000)]
  0x000002082642f800 JavaThread "Unconstrained build operations Thread 5" [_thread_blocked, id=11172, stack(0x0000001490200000,0x0000001490300000)]
  0x0000020827b8f000 JavaThread "Unconstrained build operations Thread 6" [_thread_blocked, id=17624, stack(0x0000001490300000,0x0000001490400000)]
  0x0000020827b90000 JavaThread "Unconstrained build operations Thread 7" [_thread_blocked, id=10020, stack(0x0000001490400000,0x0000001490500000)]
  0x0000020827b90800 JavaThread "Unconstrained build operations Thread 8" [_thread_blocked, id=10028, stack(0x0000001490500000,0x0000001490600000)]
  0x0000020827b8c800 JavaThread "Unconstrained build operations Thread 9" [_thread_blocked, id=17620, stack(0x0000001490600000,0x0000001490700000)]
  0x0000020827b8b000 JavaThread "Unconstrained build operations Thread 10" [_thread_blocked, id=8196, stack(0x0000001490700000,0x0000001490800000)]
  0x0000020827b91800 JavaThread "Unconstrained build operations Thread 11" [_thread_blocked, id=13832, stack(0x0000001490800000,0x0000001490900000)]
  0x0000020827b8c000 JavaThread "Unconstrained build operations Thread 12" [_thread_blocked, id=17548, stack(0x0000001490900000,0x0000001490a00000)]
  0x0000020827b92800 JavaThread "Unconstrained build operations Thread 13" [_thread_blocked, id=14452, stack(0x0000001490a00000,0x0000001490b00000)]
  0x0000020827b8d800 JavaThread "Unconstrained build operations Thread 14" [_thread_blocked, id=13708, stack(0x0000001490b00000,0x0000001490c00000)]
  0x0000020827b93000 JavaThread "Unconstrained build operations Thread 15" [_thread_blocked, id=3808, stack(0x0000001490c00000,0x0000001490d00000)]
  0x0000020827b94000 JavaThread "Unconstrained build operations Thread 16" [_thread_blocked, id=17632, stack(0x0000001490d00000,0x0000001490e00000)]
  0x0000020827b8e000 JavaThread "Unconstrained build operations Thread 17" [_thread_blocked, id=17528, stack(0x0000001490e00000,0x0000001490f00000)]
  0x0000020827b95800 JavaThread "Unconstrained build operations Thread 18" [_thread_blocked, id=17524, stack(0x0000001490f00000,0x0000001491000000)]
  0x0000020827b96800 JavaThread "Unconstrained build operations Thread 19" [_thread_blocked, id=13516, stack(0x0000001491000000,0x0000001491100000)]
  0x0000020827b99800 JavaThread "Unconstrained build operations Thread 20" [_thread_blocked, id=14148, stack(0x0000001491100000,0x0000001491200000)]
  0x0000020827b97000 JavaThread "Unconstrained build operations Thread 21" [_thread_blocked, id=13560, stack(0x0000001491200000,0x0000001491300000)]
  0x0000020827b99000 JavaThread "Unconstrained build operations Thread 22" [_thread_blocked, id=8340, stack(0x0000001491300000,0x0000001491400000)]
  0x0000020827b95000 JavaThread "Unconstrained build operations Thread 23" [_thread_blocked, id=11128, stack(0x0000001491400000,0x0000001491500000)]
  0x0000020827b98000 JavaThread "Unconstrained build operations Thread 24" [_thread_blocked, id=14132, stack(0x0000001491500000,0x0000001491600000)]
  0x000002082968e000 JavaThread "Unconstrained build operations Thread 25" [_thread_blocked, id=12524, stack(0x0000001491600000,0x0000001491700000)]
  0x000002082968d800 JavaThread "Unconstrained build operations Thread 26" [_thread_blocked, id=2868, stack(0x0000001491700000,0x0000001491800000)]
  0x000002082968b000 JavaThread "Unconstrained build operations Thread 27" [_thread_blocked, id=15604, stack(0x0000001491800000,0x0000001491900000)]
  0x000002082968a000 JavaThread "Unconstrained build operations Thread 28" [_thread_blocked, id=8496, stack(0x0000001491900000,0x0000001491a00000)]
  0x000002082968b800 JavaThread "Unconstrained build operations Thread 29" [_thread_blocked, id=16244, stack(0x0000001491a00000,0x0000001491b00000)]
  0x0000020829688800 JavaThread "Unconstrained build operations Thread 30" [_thread_blocked, id=19232, stack(0x0000001491b00000,0x0000001491c00000)]
  0x000002082968f000 JavaThread "Unconstrained build operations Thread 31" [_thread_blocked, id=16732, stack(0x0000001491c00000,0x0000001491d00000)]
  0x0000020829689800 JavaThread "Unconstrained build operations Thread 32" [_thread_blocked, id=11648, stack(0x0000001491d00000,0x0000001491e00000)]
  0x0000020829692000 JavaThread "Unconstrained build operations Thread 33" [_thread_blocked, id=17260, stack(0x0000001491e00000,0x0000001491f00000)]
  0x0000020829690000 JavaThread "jar transforms Thread 8" [_thread_blocked, id=9640, stack(0x0000001491f00000,0x0000001492000000)]
  0x0000020829690800 JavaThread "build event listener" [_thread_blocked, id=14160, stack(0x0000001492000000,0x0000001492100000)]
  0x0000020829691800 JavaThread "Memory manager" [_thread_blocked, id=11888, stack(0x0000001492100000,0x0000001492200000)]
  0x000002082968c800 JavaThread "Cache worker for Build Output Cleanup Cache (D:\learning\React Native\authApp\android\.gradle\buildOutputCleanup)" [_thread_blocked, id=15884, stack(0x0000001492400000,0x0000001492500000)]
  0x0000020829696800 JavaThread "File lock release action executor Thread 2" [_thread_blocked, id=8288, stack(0x0000001492500000,0x0000001492600000)]
  0x0000020829697000 JavaThread "Execution worker" [_thread_blocked, id=8716, stack(0x0000001492700000,0x0000001492800000)]
  0x0000020829694000 JavaThread "Execution worker Thread 2" [_thread_blocked, id=16700, stack(0x0000001492800000,0x0000001492900000)]
  0x0000020829694800 JavaThread "Execution worker Thread 3" [_thread_blocked, id=14240, stack(0x0000001492900000,0x0000001492a00000)]
  0x0000020829695800 JavaThread "Execution worker Thread 4" [_thread_blocked, id=5692, stack(0x0000001492a00000,0x0000001492b00000)]
  0x0000020827dd0000 JavaThread "Execution worker Thread 5" [_thread_blocked, id=2284, stack(0x0000001492b00000,0x0000001492c00000)]
  0x0000020827dd2000 JavaThread "Execution worker Thread 6" [_thread_blocked, id=15644, stack(0x0000001492c00000,0x0000001492d00000)]
  0x0000020827dd6000 JavaThread "Execution worker Thread 7" [_thread_blocked, id=7176, stack(0x0000001492d00000,0x0000001492e00000)]
  0x0000020827dd6800 JavaThread "Cache worker for execution history cache (D:\learning\React Native\authApp\node_modules\react-native-gradle-plugin\.gradle\7.5.1\executionHistory)" [_thread_blocked, id=10844, stack(0x0000001492e00000,0x0000001492f00000)]
  0x0000020827dd2800 JavaThread "Unconstrained build operations Thread 34" [_thread_blocked, id=8420, stack(0x0000001492f00000,0x0000001493000000)]
  0x0000020827dd1000 JavaThread "Unconstrained build operations Thread 35" [_thread_blocked, id=10364, stack(0x0000001493000000,0x0000001493100000)]
  0x0000020827dd3800 JavaThread "Unconstrained build operations Thread 36" [_thread_blocked, id=7460, stack(0x0000001493100000,0x0000001493200000)]
  0x0000020827dd4000 JavaThread "Unconstrained build operations Thread 37" [_thread_blocked, id=8944, stack(0x0000001493200000,0x0000001493300000)]
  0x0000020827dd8800 JavaThread "Unconstrained build operations Thread 38" [_thread_blocked, id=16348, stack(0x0000001493300000,0x0000001493400000)]
  0x0000020827dd7800 JavaThread "Unconstrained build operations Thread 39" [_thread_blocked, id=7196, stack(0x0000001493400000,0x0000001493500000)]
  0x0000020827dda800 JavaThread "Unconstrained build operations Thread 40" [_thread_blocked, id=11692, stack(0x0000001493500000,0x0000001493600000)]
  0x0000020827dd5000 JavaThread "Unconstrained build operations Thread 41" [_thread_blocked, id=8756, stack(0x0000001493600000,0x0000001493700000)]
  0x0000020827dd9000 JavaThread "Unconstrained build operations Thread 42" [_thread_blocked, id=13616, stack(0x0000001493700000,0x0000001493800000)]
  0x0000020827dde000 JavaThread "Unconstrained build operations Thread 43" [_thread_blocked, id=16980, stack(0x0000001493800000,0x0000001493900000)]
  0x0000020827ddb800 JavaThread "Unconstrained build operations Thread 44" [_thread_blocked, id=14876, stack(0x0000001493900000,0x0000001493a00000)]
  0x0000020827ddc800 JavaThread "Unconstrained build operations Thread 45" [_thread_blocked, id=7432, stack(0x0000001493a00000,0x0000001493b00000)]
  0x0000020827ddd000 JavaThread "Unconstrained build operations Thread 46" [_thread_blocked, id=15756, stack(0x0000001493b00000,0x0000001493c00000)]
  0x0000020827dda000 JavaThread "Unconstrained build operations Thread 47" [_thread_blocked, id=5628, stack(0x0000001493c00000,0x0000001493d00000)]
  0x0000020827ddf000 JavaThread "Unconstrained build operations Thread 48" [_thread_blocked, id=14968, stack(0x0000001493d00000,0x0000001493e00000)]
  0x000002082b92d000 JavaThread "Unconstrained build operations Thread 49" [_thread_blocked, id=17156, stack(0x0000001493e00000,0x0000001493f00000)]
  0x000002082b92e000 JavaThread "Unconstrained build operations Thread 50" [_thread_blocked, id=14064, stack(0x0000001493f00000,0x0000001494000000)]
  0x000002082b92c000 JavaThread "Unconstrained build operations Thread 51" [_thread_blocked, id=2600, stack(0x0000001494000000,0x0000001494100000)]
  0x000002082b931000 JavaThread "Unconstrained build operations Thread 52" [_thread_blocked, id=2328, stack(0x0000001494100000,0x0000001494200000)]
  0x000002082b932000 JavaThread "Unconstrained build operations Thread 53" [_thread_blocked, id=19088, stack(0x0000001494200000,0x0000001494300000)]
  0x000002082b933800 JavaThread "Unconstrained build operations Thread 54" [_thread_blocked, id=17516, stack(0x0000001494300000,0x0000001494400000)]
  0x000002082b92e800 JavaThread "Unconstrained build operations Thread 55" [_thread_blocked, id=18996, stack(0x0000001494400000,0x0000001494500000)]
  0x000002082b932800 JavaThread "Unconstrained build operations Thread 56" [_thread_blocked, id=19696, stack(0x0000001494500000,0x0000001494600000)]
  0x000002082b934800 JavaThread "Unconstrained build operations Thread 57" [_thread_blocked, id=19700, stack(0x0000001494600000,0x0000001494700000)]
  0x000002082b935000 JavaThread "Unconstrained build operations Thread 58" [_thread_blocked, id=19704, stack(0x0000001494700000,0x0000001494800000)]
  0x000002082b930800 JavaThread "Unconstrained build operations Thread 59" [_thread_blocked, id=19708, stack(0x0000001494800000,0x0000001494900000)]
  0x000002082b92f800 JavaThread "Unconstrained build operations Thread 60" [_thread_blocked, id=19712, stack(0x0000001494900000,0x0000001494a00000)]
  0x000002082b937800 JavaThread "Unconstrained build operations Thread 61" [_thread_blocked, id=19720, stack(0x0000001494a00000,0x0000001494b00000)]
  0x000002082b936000 JavaThread "Unconstrained build operations Thread 62" [_thread_blocked, id=19724, stack(0x0000001494b00000,0x0000001494c00000)]
  0x000002082b93a000 JavaThread "Unconstrained build operations Thread 63" [_thread_blocked, id=19728, stack(0x0000001494c00000,0x0000001494d00000)]
  0x000002082b937000 JavaThread "Unconstrained build operations Thread 64" [_thread_blocked, id=19732, stack(0x0000001494d00000,0x0000001494e00000)]
  0x000002082b938800 JavaThread "Unconstrained build operations Thread 65" [_thread_blocked, id=19736, stack(0x0000001494e00000,0x0000001494f00000)]
  0x000002082b939000 JavaThread "Unconstrained build operations Thread 66" [_thread_blocked, id=19740, stack(0x0000001494f00000,0x0000001495000000)]
  0x000002082b93b000 JavaThread "Unconstrained build operations Thread 67" [_thread_blocked, id=19744, stack(0x0000001495000000,0x0000001495100000)]
  0x000002082dab5000 JavaThread "Unconstrained build operations Thread 68" [_thread_blocked, id=19748, stack(0x0000001495100000,0x0000001495200000)]
  0x000002082daaf000 JavaThread "Unconstrained build operations Thread 69" [_thread_blocked, id=19752, stack(0x0000001495200000,0x0000001495300000)]
  0x000002082dab4000 JavaThread "Unconstrained build operations Thread 70" [_thread_blocked, id=19756, stack(0x0000001495300000,0x0000001495400000)]
  0x000002082dab1000 JavaThread "Unconstrained build operations Thread 71" [_thread_blocked, id=19760, stack(0x0000001495400000,0x0000001495500000)]
  0x000002082dab6000 JavaThread "Unconstrained build operations Thread 72" [_thread_blocked, id=19764, stack(0x0000001495500000,0x0000001495600000)]
  0x000002082dab2800 JavaThread "Unconstrained build operations Thread 73" [_thread_blocked, id=19768, stack(0x0000001495600000,0x0000001495700000)]
  0x000002082dab0000 JavaThread "Unconstrained build operations Thread 74" [_thread_blocked, id=19772, stack(0x0000001495700000,0x0000001495800000)]
  0x000002082dab1800 JavaThread "Unconstrained build operations Thread 75" [_thread_blocked, id=19776, stack(0x0000001495800000,0x0000001495900000)]
  0x000002082dab8000 JavaThread "Unconstrained build operations Thread 76" [_thread_blocked, id=19780, stack(0x0000001495900000,0x0000001495a00000)]
  0x000002082dab3800 JavaThread "Unconstrained build operations Thread 77" [_thread_blocked, id=19784, stack(0x0000001495a00000,0x0000001495b00000)]
  0x000002082dab6800 JavaThread "Unconstrained build operations Thread 78" [_thread_blocked, id=19788, stack(0x0000001495b00000,0x0000001495c00000)]
  0x000002082dab9000 JavaThread "Unconstrained build operations Thread 79" [_thread_blocked, id=19792, stack(0x0000001495c00000,0x0000001495d00000)]
  0x000002082dab7800 JavaThread "Unconstrained build operations Thread 80" [_thread_blocked, id=19796, stack(0x0000001495d00000,0x0000001495e00000)]
  0x000002082dabb800 JavaThread "File lock release action executor Thread 3" [_thread_blocked, id=20524, stack(0x000000148c200000,0x000000148c300000)]

Other Threads:
  0x0000020824898000 VMThread "VM Thread" [stack: 0x000000148cb00000,0x000000148cc00000] [id=17952]
  0x00000208253d0800 WatcherThread [stack: 0x000000148d500000,0x000000148d600000] [id=13440]
  0x00000208038f3000 GCTaskThread "GC Thread#0" [stack: 0x000000148c600000,0x000000148c700000] [id=2724]
  0x0000020825f01000 GCTaskThread "GC Thread#1" [stack: 0x000000148d600000,0x000000148d700000] [id=2680]
  0x00000208272c1000 GCTaskThread "GC Thread#2" [stack: 0x000000148e100000,0x000000148e200000] [id=18560]
  0x000002082744c800 GCTaskThread "GC Thread#3" [stack: 0x000000148e200000,0x000000148e300000] [id=13348]
  0x0000020827451000 GCTaskThread "GC Thread#4" [stack: 0x000000148e300000,0x000000148e400000] [id=10260]
  0x0000020827451800 GCTaskThread "GC Thread#5" [stack: 0x000000148e400000,0x000000148e500000] [id=14048]
  0x0000020827452800 GCTaskThread "GC Thread#6" [stack: 0x000000148e500000,0x000000148e600000] [id=13104]
  0x0000020827453000 GCTaskThread "GC Thread#7" [stack: 0x000000148e600000,0x000000148e700000] [id=15552]
  0x0000020803925000 ConcurrentGCThread "G1 Main Marker" [stack: 0x000000148c700000,0x000000148c800000] [id=18848]
  0x0000020803926800 ConcurrentGCThread "G1 Conc#0" [stack: 0x000000148c800000,0x000000148c900000] [id=18104]
  0x00000208276ce800 ConcurrentGCThread "G1 Conc#1" [stack: 0x000000148eb00000,0x000000148ec00000] [id=1052]
  0x0000020824706800 ConcurrentGCThread "G1 Refine#0" [stack: 0x000000148c900000,0x000000148ca00000] [id=18448]
  0x0000020824707000 ConcurrentGCThread "G1 Young RemSet Sampling" [stack: 0x000000148ca00000,0x000000148cb00000] [id=18376]

Threads with active compile tasks:
C2 CompilerThread0   138782 12513       4       java.lang.Class::annotationData (44 bytes)

VM state:not at safepoint (normal execution)

VM Mutex/Monitor currently owned by a thread:  ([mutex/lock_event])
[0x00000208038d7110] SymbolTable_lock - owner thread: 0x00000208272cb800

Heap address: 0x0000000080000000, size: 2048 MB, Compressed Oops mode: 32-bit
Narrow klass base: 0x0000000000000000, Narrow klass shift: 3
Compressed class space size: 528482304 Address: 0x0000000100000000

Heap:
 garbage-first heap   total 152576K, used 133304K [0x0000000080000000, 0x0000000100000000)
  region size 1024K, 6 young (6144K), 1 survivors (1024K)
 Metaspace       used 105907K, capacity 109343K, committed 109520K, reserved 612352K
  class space    used 13892K, capacity 15222K, committed 15232K, reserved 516096K
Heap Regions: E=young(eden), S=young(survivor), O=old, HS=humongous(starts), HC=humongous(continues), CS=collection set, F=free, A=archive, TAMS=top-at-mark-start (previous, next)
|   0|0x0000000080000000, 0x0000000080100000, 0x0000000080100000|100%| O|  |TAMS 0x0000000080100000, 0x0000000080000000| Untracked 
|   1|0x0000000080100000, 0x0000000080200000, 0x0000000080200000|100%| O|  |TAMS 0x0000000080200000, 0x0000000080100000| Untracked 
|   2|0x0000000080200000, 0x0000000080300000, 0x0000000080300000|100%| O|  |TAMS 0x0000000080300000, 0x0000000080200000| Untracked 
|   3|0x0000000080300000, 0x0000000080400000, 0x0000000080400000|100%|HS|  |TAMS 0x0000000080400000, 0x0000000080300000| Complete 
|   4|0x0000000080400000, 0x0000000080500000, 0x0000000080500000|100%|HC|  |TAMS 0x0000000080500000, 0x0000000080400000| Complete 
|   5|0x0000000080500000, 0x0000000080600000, 0x0000000080600000|100%|HC|  |TAMS 0x0000000080600000, 0x0000000080500000| Complete 
|   6|0x0000000080600000, 0x0000000080700000, 0x0000000080700000|100%| O|  |TAMS 0x0000000080700000, 0x0000000080600000| Untracked 
|   7|0x0000000080700000, 0x0000000080800000, 0x0000000080800000|100%| O|  |TAMS 0x0000000080800000, 0x0000000080700000| Untracked 
|   8|0x0000000080800000, 0x0000000080900000, 0x0000000080900000|100%| O|  |TAMS 0x0000000080900000, 0x0000000080800000| Untracked 
|   9|0x0000000080900000, 0x0000000080a00000, 0x0000000080a00000|100%| O|  |TAMS 0x0000000080a00000, 0x0000000080900000| Untracked 
|  10|0x0000000080a00000, 0x0000000080b00000, 0x0000000080b00000|100%| O|  |TAMS 0x0000000080b00000, 0x0000000080a00000| Untracked 
|  11|0x0000000080b00000, 0x0000000080c00000, 0x0000000080c00000|100%| O|  |TAMS 0x0000000080c00000, 0x0000000080b00000| Untracked 
|  12|0x0000000080c00000, 0x0000000080d00000, 0x0000000080d00000|100%| O|  |TAMS 0x0000000080d00000, 0x0000000080c00000| Untracked 
|  13|0x0000000080d00000, 0x0000000080e00000, 0x0000000080e00000|100%| O|  |TAMS 0x0000000080e00000, 0x0000000080d00000| Untracked 
|  14|0x0000000080e00000, 0x0000000080f00000, 0x0000000080f00000|100%| O|  |TAMS 0x0000000080f00000, 0x0000000080e00000| Untracked 
|  15|0x0000000080f00000, 0x0000000081000000, 0x0000000081000000|100%| O|  |TAMS 0x0000000081000000, 0x0000000080f00000| Untracked 
|  16|0x0000000081000000, 0x0000000081100000, 0x0000000081100000|100%|HS|  |TAMS 0x0000000081100000, 0x0000000081000000| Complete 
|  17|0x0000000081100000, 0x0000000081200000, 0x0000000081200000|100%| O|  |TAMS 0x0000000081200000, 0x0000000081100000| Untracked 
|  18|0x0000000081200000, 0x0000000081300000, 0x0000000081300000|100%| O|  |TAMS 0x0000000081300000, 0x0000000081200000| Untracked 
|  19|0x0000000081300000, 0x0000000081400000, 0x0000000081400000|100%| O|  |TAMS 0x0000000081400000, 0x0000000081300000| Untracked 
|  20|0x0000000081400000, 0x0000000081500000, 0x0000000081500000|100%| O|  |TAMS 0x0000000081500000, 0x0000000081400000| Untracked 
|  21|0x0000000081500000, 0x0000000081600000, 0x0000000081600000|100%| O|  |TAMS 0x0000000081600000, 0x0000000081500000| Untracked 
|  22|0x0000000081600000, 0x0000000081700000, 0x0000000081700000|100%| O|  |TAMS 0x0000000081700000, 0x0000000081600000| Untracked 
|  23|0x0000000081700000, 0x0000000081800000, 0x0000000081800000|100%| O|  |TAMS 0x0000000081800000, 0x0000000081700000| Untracked 
|  24|0x0000000081800000, 0x0000000081900000, 0x0000000081900000|100%| O|  |TAMS 0x0000000081900000, 0x0000000081800000| Untracked 
|  25|0x0000000081900000, 0x0000000081a00000, 0x0000000081a00000|100%| O|  |TAMS 0x0000000081a00000, 0x0000000081900000| Untracked 
|  26|0x0000000081a00000, 0x0000000081b00000, 0x0000000081b00000|100%| O|  |TAMS 0x0000000081b00000, 0x0000000081a00000| Untracked 
|  27|0x0000000081b00000, 0x0000000081c00000, 0x0000000081c00000|100%| O|  |TAMS 0x0000000081c00000, 0x0000000081b00000| Untracked 
|  28|0x0000000081c00000, 0x0000000081d00000, 0x0000000081d00000|100%| O|  |TAMS 0x0000000081d00000, 0x0000000081c00000| Untracked 
|  29|0x0000000081d00000, 0x0000000081e00000, 0x0000000081e00000|100%| O|  |TAMS 0x0000000081e00000, 0x0000000081d00000| Untracked 
|  30|0x0000000081e00000, 0x0000000081f00000, 0x0000000081f00000|100%|HS|  |TAMS 0x0000000081f00000, 0x0000000081e00000| Complete 
|  31|0x0000000081f00000, 0x0000000082000000, 0x0000000082000000|100%|HC|  |TAMS 0x0000000082000000, 0x0000000081f00000| Complete 
|  32|0x0000000082000000, 0x0000000082100000, 0x0000000082100000|100%|HC|  |TAMS 0x0000000082100000, 0x0000000082000000| Complete 
|  33|0x0000000082100000, 0x0000000082200000, 0x0000000082200000|100%| O|  |TAMS 0x0000000082200000, 0x0000000082100000| Untracked 
|  34|0x0000000082200000, 0x0000000082300000, 0x0000000082300000|100%| O|  |TAMS 0x0000000082300000, 0x0000000082200000| Untracked 
|  35|0x0000000082300000, 0x0000000082400000, 0x0000000082400000|100%| O|  |TAMS 0x0000000082400000, 0x0000000082300000| Untracked 
|  36|0x0000000082400000, 0x0000000082500000, 0x0000000082500000|100%| O|  |TAMS 0x0000000082500000, 0x0000000082400000| Untracked 
|  37|0x0000000082500000, 0x0000000082600000, 0x0000000082600000|100%| O|  |TAMS 0x0000000082600000, 0x0000000082500000| Untracked 
|  38|0x0000000082600000, 0x0000000082700000, 0x0000000082700000|100%| O|  |TAMS 0x0000000082700000, 0x0000000082600000| Untracked 
|  39|0x0000000082700000, 0x0000000082800000, 0x0000000082800000|100%| O|  |TAMS 0x0000000082800000, 0x0000000082700000| Untracked 
|  40|0x0000000082800000, 0x0000000082900000, 0x0000000082900000|100%| O|  |TAMS 0x0000000082900000, 0x0000000082800000| Untracked 
|  41|0x0000000082900000, 0x0000000082a00000, 0x0000000082a00000|100%| O|  |TAMS 0x0000000082a00000, 0x0000000082900000| Untracked 
|  42|0x0000000082a00000, 0x0000000082b00000, 0x0000000082b00000|100%| O|  |TAMS 0x0000000082b00000, 0x0000000082a00000| Untracked 
|  43|0x0000000082b00000, 0x0000000082c00000, 0x0000000082c00000|100%| O|  |TAMS 0x0000000082c00000, 0x0000000082b00000| Untracked 
|  44|0x0000000082c00000, 0x0000000082d00000, 0x0000000082d00000|100%| O|  |TAMS 0x0000000082d00000, 0x0000000082c00000| Untracked 
|  45|0x0000000082d00000, 0x0000000082e00000, 0x0000000082e00000|100%| O|  |TAMS 0x0000000082e00000, 0x0000000082d00000| Untracked 
|  46|0x0000000082e00000, 0x0000000082f00000, 0x0000000082f00000|100%| O|  |TAMS 0x0000000082f00000, 0x0000000082e00000| Untracked 
|  47|0x0000000082f00000, 0x0000000083000000, 0x0000000083000000|100%|HS|  |TAMS 0x0000000083000000, 0x0000000082f00000| Complete 
|  48|0x0000000083000000, 0x0000000083100000, 0x0000000083100000|100%|HS|  |TAMS 0x0000000083100000, 0x0000000083000000| Complete 
|  49|0x0000000083100000, 0x0000000083200000, 0x0000000083200000|100%| O|  |TAMS 0x0000000083200000, 0x0000000083100000| Untracked 
|  50|0x0000000083200000, 0x0000000083300000, 0x0000000083300000|100%|HS|  |TAMS 0x0000000083300000, 0x0000000083200000| Complete 
|  51|0x0000000083300000, 0x0000000083400000, 0x0000000083400000|100%|HC|  |TAMS 0x0000000083400000, 0x0000000083300000| Complete 
|  52|0x0000000083400000, 0x0000000083500000, 0x0000000083500000|100%| O|  |TAMS 0x0000000083500000, 0x0000000083400000| Untracked 
|  53|0x0000000083500000, 0x0000000083600000, 0x0000000083600000|100%| O|  |TAMS 0x0000000083600000, 0x0000000083500000| Untracked 
|  54|0x0000000083600000, 0x0000000083700000, 0x0000000083700000|100%| O|  |TAMS 0x0000000083700000, 0x0000000083600000| Untracked 
|  55|0x0000000083700000, 0x0000000083800000, 0x0000000083800000|100%| O|  |TAMS 0x0000000083800000, 0x0000000083700000| Untracked 
|  56|0x0000000083800000, 0x0000000083900000, 0x0000000083900000|100%| O|  |TAMS 0x0000000083900000, 0x0000000083800000| Untracked 
|  57|0x0000000083900000, 0x0000000083a00000, 0x0000000083a00000|100%| O|  |TAMS 0x0000000083a00000, 0x0000000083900000| Untracked 
|  58|0x0000000083a00000, 0x0000000083b00000, 0x0000000083b00000|100%| O|  |TAMS 0x0000000083b00000, 0x0000000083a00000| Untracked 
|  59|0x0000000083b00000, 0x0000000083c00000, 0x0000000083c00000|100%| O|  |TAMS 0x0000000083c00000, 0x0000000083b00000| Untracked 
|  60|0x0000000083c00000, 0x0000000083d00000, 0x0000000083d00000|100%| O|  |TAMS 0x0000000083d00000, 0x0000000083c00000| Untracked 
|  61|0x0000000083d00000, 0x0000000083e00000, 0x0000000083e00000|100%| O|  |TAMS 0x0000000083e00000, 0x0000000083d00000| Untracked 
|  62|0x0000000083e00000, 0x0000000083f00000, 0x0000000083f00000|100%| O|  |TAMS 0x0000000083f00000, 0x0000000083e00000| Untracked 
|  63|0x0000000083f00000, 0x0000000084000000, 0x0000000084000000|100%| O|  |TAMS 0x0000000084000000, 0x0000000083f00000| Untracked 
|  64|0x0000000084000000, 0x0000000084100000, 0x0000000084100000|100%| O|  |TAMS 0x0000000084100000, 0x0000000084000000| Untracked 
|  65|0x0000000084100000, 0x0000000084200000, 0x0000000084200000|100%| O|  |TAMS 0x0000000084200000, 0x0000000084100000| Untracked 
|  66|0x0000000084200000, 0x0000000084300000, 0x0000000084300000|100%| O|  |TAMS 0x0000000084300000, 0x0000000084200000| Untracked 
|  67|0x0000000084300000, 0x0000000084400000, 0x0000000084400000|100%| O|  |TAMS 0x0000000084400000, 0x0000000084300000| Untracked 
|  68|0x0000000084400000, 0x0000000084500000, 0x0000000084500000|100%| O|  |TAMS 0x0000000084500000, 0x0000000084400000| Untracked 
|  69|0x0000000084500000, 0x0000000084600000, 0x0000000084600000|100%| O|  |TAMS 0x0000000084600000, 0x0000000084500000| Untracked 
|  70|0x0000000084600000, 0x0000000084700000, 0x0000000084700000|100%| O|  |TAMS 0x0000000084700000, 0x0000000084600000| Untracked 
|  71|0x0000000084700000, 0x0000000084800000, 0x0000000084800000|100%| O|  |TAMS 0x0000000084800000, 0x0000000084700000| Untracked 
|  72|0x0000000084800000, 0x0000000084900000, 0x0000000084900000|100%| O|  |TAMS 0x0000000084900000, 0x0000000084800000| Untracked 
|  73|0x0000000084900000, 0x0000000084a00000, 0x0000000084a00000|100%| O|  |TAMS 0x0000000084a00000, 0x0000000084900000| Untracked 
|  74|0x0000000084a00000, 0x0000000084b00000, 0x0000000084b00000|100%| O|  |TAMS 0x0000000084b00000, 0x0000000084a00000| Untracked 
|  75|0x0000000084b00000, 0x0000000084c00000, 0x0000000084c00000|100%| O|  |TAMS 0x0000000084c00000, 0x0000000084b00000| Untracked 
|  76|0x0000000084c00000, 0x0000000084d00000, 0x0000000084d00000|100%| O|  |TAMS 0x0000000084d00000, 0x0000000084c00000| Untracked 
|  77|0x0000000084d00000, 0x0000000084e00000, 0x0000000084e00000|100%| O|  |TAMS 0x0000000084e00000, 0x0000000084d00000| Untracked 
|  78|0x0000000084e00000, 0x0000000084f00000, 0x0000000084f00000|100%| O|  |TAMS 0x0000000084f00000, 0x0000000084e00000| Untracked 
|  79|0x0000000084f00000, 0x0000000085000000, 0x0000000085000000|100%| O|  |TAMS 0x0000000085000000, 0x0000000084f00000| Untracked 
|  80|0x0000000085000000, 0x0000000085100000, 0x0000000085100000|100%|HS|  |TAMS 0x0000000085100000, 0x0000000085000000| Complete 
|  81|0x0000000085100000, 0x0000000085200000, 0x0000000085200000|100%|HS|  |TAMS 0x0000000085200000, 0x0000000085100000| Complete 
|  82|0x0000000085200000, 0x0000000085300000, 0x0000000085300000|100%|HS|  |TAMS 0x0000000085300000, 0x0000000085200000| Complete 
|  83|0x0000000085300000, 0x0000000085400000, 0x0000000085400000|100%| O|  |TAMS 0x0000000085400000, 0x0000000085300000| Untracked 
|  84|0x0000000085400000, 0x0000000085500000, 0x0000000085500000|100%|HS|  |TAMS 0x0000000085500000, 0x0000000085400000| Complete 
|  85|0x0000000085500000, 0x0000000085600000, 0x0000000085600000|100%|HC|  |TAMS 0x0000000085600000, 0x0000000085500000| Complete 
|  86|0x0000000085600000, 0x0000000085700000, 0x0000000085700000|100%|HC|  |TAMS 0x0000000085700000, 0x0000000085600000| Complete 
|  87|0x0000000085700000, 0x0000000085800000, 0x0000000085800000|100%| O|  |TAMS 0x0000000085800000, 0x0000000085700000| Untracked 
|  88|0x0000000085800000, 0x0000000085900000, 0x0000000085900000|100%| O|  |TAMS 0x0000000085900000, 0x0000000085800000| Untracked 
|  89|0x0000000085900000, 0x0000000085a00000, 0x0000000085a00000|100%| O|  |TAMS 0x0000000085a00000, 0x0000000085900000| Untracked 
|  90|0x0000000085a00000, 0x0000000085b00000, 0x0000000085b00000|100%| O|  |TAMS 0x0000000085b00000, 0x0000000085a00000| Untracked 
|  91|0x0000000085b00000, 0x0000000085c00000, 0x0000000085c00000|100%| O|  |TAMS 0x0000000085c00000, 0x0000000085b00000| Untracked 
|  92|0x0000000085c00000, 0x0000000085d00000, 0x0000000085d00000|100%| O|  |TAMS 0x0000000085d00000, 0x0000000085c00000| Untracked 
|  93|0x0000000085d00000, 0x0000000085e00000, 0x0000000085e00000|100%| O|  |TAMS 0x0000000085e00000, 0x0000000085d00000| Untracked 
|  94|0x0000000085e00000, 0x0000000085f00000, 0x0000000085f00000|100%| O|  |TAMS 0x0000000085f00000, 0x0000000085e00000| Untracked 
|  95|0x0000000085f00000, 0x0000000086000000, 0x0000000086000000|100%| O|  |TAMS 0x0000000086000000, 0x0000000085f00000| Untracked 
|  96|0x0000000086000000, 0x0000000086100000, 0x0000000086100000|100%| O|  |TAMS 0x0000000086100000, 0x0000000086000000| Untracked 
|  97|0x0000000086100000, 0x0000000086200000, 0x0000000086200000|100%| O|  |TAMS 0x0000000086200000, 0x0000000086100000| Untracked 
|  98|0x0000000086200000, 0x0000000086300000, 0x0000000086300000|100%| O|  |TAMS 0x0000000086300000, 0x0000000086200000| Untracked 
|  99|0x0000000086300000, 0x0000000086400000, 0x0000000086400000|100%| O|  |TAMS 0x0000000086400000, 0x0000000086300000| Untracked 
| 100|0x0000000086400000, 0x0000000086500000, 0x0000000086500000|100%| O|  |TAMS 0x0000000086500000, 0x0000000086400000| Untracked 
| 101|0x0000000086500000, 0x0000000086600000, 0x0000000086600000|100%| O|  |TAMS 0x0000000086600000, 0x0000000086500000| Untracked 
| 102|0x0000000086600000, 0x0000000086700000, 0x0000000086700000|100%| O|  |TAMS 0x0000000086700000, 0x0000000086600000| Untracked 
| 103|0x0000000086700000, 0x0000000086800000, 0x0000000086800000|100%|HS|  |TAMS 0x0000000086800000, 0x0000000086700000| Complete 
| 104|0x0000000086800000, 0x0000000086900000, 0x0000000086900000|100%| O|  |TAMS 0x0000000086900000, 0x0000000086800000| Untracked 
| 105|0x0000000086900000, 0x0000000086a00000, 0x0000000086a00000|100%|HS|  |TAMS 0x0000000086a00000, 0x0000000086900000| Complete 
| 106|0x0000000086a00000, 0x0000000086b00000, 0x0000000086b00000|100%|HC|  |TAMS 0x0000000086b00000, 0x0000000086a00000| Complete 
| 107|0x0000000086b00000, 0x0000000086c00000, 0x0000000086c00000|100%|HC|  |TAMS 0x0000000086c00000, 0x0000000086b00000| Complete 
| 108|0x0000000086c00000, 0x0000000086d00000, 0x0000000086d00000|100%| O|  |TAMS 0x0000000086d00000, 0x0000000086c00000| Untracked 
| 109|0x0000000086d00000, 0x0000000086e00000, 0x0000000086e00000|100%| O|  |TAMS 0x0000000086e00000, 0x0000000086d00000| Untracked 
| 110|0x0000000086e00000, 0x0000000086f00000, 0x0000000086f00000|100%| O|  |TAMS 0x0000000086f00000, 0x0000000086e00000| Untracked 
| 111|0x0000000086f00000, 0x0000000087000000, 0x0000000087000000|100%| O|  |TAMS 0x0000000087000000, 0x0000000086f00000| Untracked 
| 112|0x0000000087000000, 0x0000000087100000, 0x0000000087100000|100%| O|  |TAMS 0x0000000087100000, 0x0000000087000000| Untracked 
| 113|0x0000000087100000, 0x0000000087100000, 0x0000000087200000|  0%| F|  |TAMS 0x0000000087100000, 0x0000000087100000| Untracked 
| 114|0x0000000087200000, 0x0000000087200000, 0x0000000087300000|  0%| F|  |TAMS 0x0000000087200000, 0x0000000087200000| Untracked 
| 115|0x0000000087300000, 0x0000000087400000, 0x0000000087400000|100%| O|  |TAMS 0x0000000087400000, 0x0000000087300000| Untracked 
| 116|0x0000000087400000, 0x0000000087500000, 0x0000000087500000|100%|HS|  |TAMS 0x0000000087500000, 0x0000000087400000| Complete 
| 117|0x0000000087500000, 0x0000000087600000, 0x0000000087600000|100%| O|  |TAMS 0x0000000087600000, 0x0000000087500000| Untracked 
| 118|0x0000000087600000, 0x0000000087700000, 0x0000000087700000|100%| O|  |TAMS 0x0000000087700000, 0x0000000087600000| Untracked 
| 119|0x0000000087700000, 0x0000000087800000, 0x0000000087800000|100%| O|  |TAMS 0x0000000087800000, 0x0000000087700000| Untracked 
| 120|0x0000000087800000, 0x0000000087900000, 0x0000000087900000|100%| O|  |TAMS 0x0000000087900000, 0x0000000087800000| Untracked 
| 121|0x0000000087900000, 0x0000000087a00000, 0x0000000087a00000|100%| O|  |TAMS 0x0000000087a00000, 0x0000000087900000| Untracked 
| 122|0x0000000087a00000, 0x0000000087b00000, 0x0000000087b00000|100%| O|  |TAMS 0x0000000087b00000, 0x0000000087a00000| Untracked 
| 123|0x0000000087b00000, 0x0000000087c00000, 0x0000000087c00000|100%| O|  |TAMS 0x0000000087c00000, 0x0000000087b00000| Untracked 
| 124|0x0000000087c00000, 0x0000000087d00000, 0x0000000087d00000|100%| O|  |TAMS 0x0000000087d00000, 0x0000000087c00000| Untracked 
| 125|0x0000000087d00000, 0x0000000087e00000, 0x0000000087e00000|100%| O|  |TAMS 0x0000000087e00000, 0x0000000087d00000| Untracked 
| 126|0x0000000087e00000, 0x0000000087f00000, 0x0000000087f00000|100%| O|  |TAMS 0x0000000087f00000, 0x0000000087e00000| Untracked 
| 127|0x0000000087f00000, 0x0000000087fa5a00, 0x0000000088000000| 64%| O|  |TAMS 0x0000000087f52c00, 0x0000000087f00000| Untracked 
| 128|0x0000000088000000, 0x0000000088000000, 0x0000000088100000|  0%| F|  |TAMS 0x0000000088000000, 0x0000000088000000| Untracked 
| 129|0x0000000088100000, 0x0000000088100000, 0x0000000088200000|  0%| F|  |TAMS 0x0000000088100000, 0x0000000088100000| Untracked 
| 130|0x0000000088200000, 0x0000000088200000, 0x0000000088300000|  0%| F|  |TAMS 0x0000000088200000, 0x0000000088200000| Untracked 
| 131|0x0000000088300000, 0x0000000088300000, 0x0000000088400000|  0%| F|  |TAMS 0x0000000088300000, 0x0000000088300000| Untracked 
| 132|0x0000000088400000, 0x0000000088400000, 0x0000000088500000|  0%| F|  |TAMS 0x0000000088400000, 0x0000000088400000| Untracked 
| 133|0x0000000088500000, 0x0000000088500000, 0x0000000088600000|  0%| F|  |TAMS 0x0000000088500000, 0x0000000088500000| Untracked 
| 134|0x0000000088600000, 0x0000000088600000, 0x0000000088700000|  0%| F|  |TAMS 0x0000000088600000, 0x0000000088600000| Untracked 
| 135|0x0000000088700000, 0x0000000088700000, 0x0000000088800000|  0%| F|  |TAMS 0x0000000088700000, 0x0000000088700000| Untracked 
| 136|0x0000000088800000, 0x0000000088800000, 0x0000000088900000|  0%| F|  |TAMS 0x0000000088800000, 0x0000000088800000| Untracked 
| 137|0x0000000088900000, 0x0000000088900000, 0x0000000088a00000|  0%| F|  |TAMS 0x0000000088900000, 0x0000000088900000| Untracked 
| 138|0x0000000088a00000, 0x0000000088a00000, 0x0000000088b00000|  0%| F|  |TAMS 0x0000000088a00000, 0x0000000088a00000| Untracked 
| 139|0x0000000088b00000, 0x0000000088b00000, 0x0000000088c00000|  0%| F|  |TAMS 0x0000000088b00000, 0x0000000088b00000| Untracked 
| 140|0x0000000088c00000, 0x0000000088c00000, 0x0000000088d00000|  0%| F|  |TAMS 0x0000000088c00000, 0x0000000088c00000| Untracked 
| 141|0x0000000088d00000, 0x0000000088d00000, 0x0000000088e00000|  0%| F|  |TAMS 0x0000000088d00000, 0x0000000088d00000| Untracked 
| 142|0x0000000088e00000, 0x0000000088e886a0, 0x0000000088f00000| 53%| S|CS|TAMS 0x0000000088e00000, 0x0000000088e00000| Complete 
| 143|0x0000000088f00000, 0x0000000088f00000, 0x0000000089000000|  0%| F|  |TAMS 0x0000000088f00000, 0x0000000088f00000| Untracked 
| 144|0x0000000089000000, 0x000000008905c518, 0x0000000089100000| 36%| E|  |TAMS 0x0000000089000000, 0x0000000089000000| Complete 
| 145|0x0000000089100000, 0x0000000089200000, 0x0000000089200000|100%| E|CS|TAMS 0x0000000089100000, 0x0000000089100000| Complete 
| 146|0x0000000089200000, 0x0000000089300000, 0x0000000089300000|100%| E|CS|TAMS 0x0000000089200000, 0x0000000089200000| Complete 
| 147|0x0000000089300000, 0x0000000089400000, 0x0000000089400000|100%| E|CS|TAMS 0x0000000089300000, 0x0000000089300000| Complete 
| 148|0x0000000089400000, 0x0000000089500000, 0x0000000089500000|100%| E|CS|TAMS 0x0000000089400000, 0x0000000089400000| Complete 

Card table byte_map: [0x000002081d680000,0x000002081da80000] _byte_map_base: 0x000002081d280000

Marking Bits (Prev, Next): (CMBitMap*) 0x000002080391c250, (CMBitMap*) 0x000002080391c218
 Prev Bits: [0x000002081fe80000, 0x0000020821e80000)
 Next Bits: [0x000002081de80000, 0x000002081fe80000)

Polling page: 0x00000208035e0000

Metaspace:

Usage:
  Non-class:     91.92 MB capacity,    89.88 MB ( 98%) used,     1.74 MB (  2%) free+waste,   305.19 KB ( <1%) overhead. 
      Class:     14.87 MB capacity,    13.57 MB ( 91%) used,     1.16 MB (  8%) free+waste,   141.25 KB ( <1%) overhead. 
       Both:    106.78 MB capacity,   103.45 MB ( 97%) used,     2.90 MB (  3%) free+waste,   446.44 KB ( <1%) overhead. 

Virtual space:
  Non-class space:       94.00 MB reserved,      92.08 MB ( 98%) committed 
      Class space:      504.00 MB reserved,      14.88 MB (  3%) committed 
             Both:      598.00 MB reserved,     106.95 MB ( 18%) committed 

Chunk freelists:
   Non-Class:  39.00 KB
       Class:  10.00 KB
        Both:  49.00 KB

MaxMetaspaceSize: 512.00 MB
CompressedClassSpaceSize: 504.00 MB
Initial GC threshold: 20.80 MB
Current GC threshold: 176.38 MB
CDS: off

CodeHeap 'non-profiled nmethods': size=120000Kb used=7660Kb max_used=7660Kb free=112339Kb
 bounds [0x00000208152f0000, 0x0000020815a70000, 0x000002081c820000]
CodeHeap 'profiled nmethods': size=120000Kb used=28194Kb max_used=28194Kb free=91805Kb
 bounds [0x000002080ddc0000, 0x000002080f950000, 0x00000208152f0000]
CodeHeap 'non-nmethods': size=5760Kb used=2412Kb max_used=2457Kb free=3347Kb
 bounds [0x000002080d820000, 0x000002080da90000, 0x000002080ddc0000]
 total_blobs=13377 nmethods=12443 adapters=846
 compilation: enabled
              stopped_count=0, restarted_count=0
 full_count=0

Compilation events (20 events):
Event: 138.584 Thread 0x00000208248ca000 12569       3       com.sun.xml.bind.v2.model.impl.RuntimeClassInfoImpl$RuntimePropertySeed::getRawType (5 bytes)
Event: 138.584 Thread 0x00000208248ca000 nmethod 12569 0x000002080f911410 code [0x000002080f9115e0, 0x000002080f911908]
Event: 138.584 Thread 0x00000208248ca000 12568       3       com.sun.xml.bind.v2.model.annotation.RuntimeInlineAnnotationReader::getClassAnnotation (10 bytes)
Event: 138.585 Thread 0x00000208248ca000 nmethod 12568 0x000002080f911a10 code [0x000002080f911c20, 0x000002080f912118]
Event: 138.586 Thread 0x00000208248ca000 12570       3       com.sun.xml.bind.v2.model.impl.RuntimeClassInfoImpl$RuntimePropertySeed::hasAnnotation (11 bytes)
Event: 138.586 Thread 0x00000208248ca000 nmethod 12570 0x000002080f912310 code [0x000002080f9124c0, 0x000002080f912688]
Event: 138.586 Thread 0x00000208248ca000 12571       3       com.sun.xml.bind.v2.model.impl.FieldPropertySeed::getRawType (17 bytes)
Event: 138.587 Thread 0x00000208248ca000 nmethod 12571 0x000002080f912790 code [0x000002080f912960, 0x000002080f912ca8]
Event: 138.588 Thread 0x00000208248ca000 12572       3       com.sun.xml.bind.v2.model.impl.FieldPropertySeed::hasAnnotation (18 bytes)
Event: 138.588 Thread 0x00000208248ca000 nmethod 12572 0x000002080f912e10 code [0x000002080f912fe0, 0x000002080f913228]
Event: 138.589 Thread 0x00000208248ca000 12573       3       com.sun.xml.bind.v2.model.nav.ReflectionNavigator::isSameType (13 bytes)
Event: 138.590 Thread 0x00000208248ca000 nmethod 12573 0x000002080f913390 code [0x000002080f913560, 0x000002080f913988]
Event: 138.590 Thread 0x00000208248ca000 12574       3       com.sun.xml.bind.v2.model.nav.ReflectionNavigator::isSameType (6 bytes)
Event: 138.590 Thread 0x00000208248ca000 nmethod 12574 0x000002080f913a90 code [0x000002080f913c40, 0x000002080f913e08]
Event: 138.591 Thread 0x00000208248ca000 12575       3       com.sun.xml.bind.v2.model.annotation.RuntimeInlineAnnotationReader::hasClassAnnotation (10 bytes)
Event: 138.591 Thread 0x00000208248ca000 nmethod 12575 0x000002080f913f10 code [0x000002080f914140, 0x000002080f914888]
Event: 138.591 Thread 0x00000208248ca000 12576       3       com.sun.xml.bind.v2.model.annotation.RuntimeInlineAnnotationReader::hasClassAnnotation (6 bytes)
Event: 138.592 Thread 0x00000208248ca000 nmethod 12576 0x000002080f914b10 code [0x000002080f914d20, 0x000002080f915308]
Event: 138.592 Thread 0x00000208248ca000 12577       3       com.sun.xml.bind.v2.model.nav.ReflectionNavigator::getSuperClass (9 bytes)
Event: 138.592 Thread 0x00000208248ca000 nmethod 12577 0x000002080f915510 code [0x000002080f9156e0, 0x000002080f915a08]

GC Heap History (20 events):
Event: 135.551 GC heap before
{Heap before GC invocations=95 (full 0):
 garbage-first heap   total 152576K, used 130721K [0x0000000080000000, 0x0000000100000000)
  region size 1024K, 7 young (7168K), 1 survivors (1024K)
 Metaspace       used 101877K, capacity 105159K, committed 105424K, reserved 608256K
  class space    used 13307K, capacity 14618K, committed 14720K, reserved 516096K
}
Event: 135.555 GC heap after
{Heap after GC invocations=96 (full 0):
 garbage-first heap   total 152576K, used 125075K [0x0000000080000000, 0x0000000100000000)
  region size 1024K, 1 young (1024K), 1 survivors (1024K)
 Metaspace       used 101877K, capacity 105159K, committed 105424K, reserved 608256K
  class space    used 13307K, capacity 14618K, committed 14720K, reserved 516096K
}
Event: 135.857 GC heap before
{Heap before GC invocations=97 (full 0):
 garbage-first heap   total 152576K, used 131219K [0x0000000080000000, 0x0000000100000000)
  region size 1024K, 7 young (7168K), 1 survivors (1024K)
 Metaspace       used 102146K, capacity 105427K, committed 105680K, reserved 608256K
  class space    used 13337K, capacity 14684K, committed 14720K, reserved 516096K
}
Event: 135.861 GC heap after
{Heap after GC invocations=98 (full 0):
 garbage-first heap   total 152576K, used 125996K [0x0000000080000000, 0x0000000100000000)
  region size 1024K, 1 young (1024K), 1 survivors (1024K)
 Metaspace       used 102146K, capacity 105427K, committed 105680K, reserved 608256K
  class space    used 13337K, capacity 14684K, committed 14720K, reserved 516096K
}
Event: 135.972 GC heap before
{Heap before GC invocations=98 (full 0):
 garbage-first heap   total 152576K, used 132140K [0x0000000080000000, 0x0000000100000000)
  region size 1024K, 7 young (7168K), 1 survivors (1024K)
 Metaspace       used 102447K, capacity 105718K, committed 105936K, reserved 608256K
  class space    used 13376K, capacity 14717K, committed 14720K, reserved 516096K
}
Event: 135.976 GC heap after
{Heap after GC invocations=99 (full 0):
 garbage-first heap   total 152576K, used 126583K [0x0000000080000000, 0x0000000100000000)
  region size 1024K, 1 young (1024K), 1 survivors (1024K)
 Metaspace       used 102447K, capacity 105718K, committed 105936K, reserved 608256K
  class space    used 13376K, capacity 14717K, committed 14720K, reserved 516096K
}
Event: 136.679 GC heap before
{Heap before GC invocations=100 (full 0):
 garbage-first heap   total 152576K, used 132727K [0x0000000080000000, 0x0000000100000000)
  region size 1024K, 7 young (7168K), 1 survivors (1024K)
 Metaspace       used 102559K, capacity 105924K, committed 106064K, reserved 608256K
  class space    used 13394K, capacity 14763K, committed 14848K, reserved 516096K
}
Event: 136.684 GC heap after
{Heap after GC invocations=101 (full 0):
 garbage-first heap   total 152576K, used 128322K [0x0000000080000000, 0x0000000100000000)
  region size 1024K, 1 young (1024K), 1 survivors (1024K)
 Metaspace       used 102559K, capacity 105924K, committed 106064K, reserved 608256K
  class space    used 13394K, capacity 14763K, committed 14848K, reserved 516096K
}
Event: 137.007 GC heap before
{Heap before GC invocations=101 (full 0):
 garbage-first heap   total 152576K, used 134466K [0x0000000080000000, 0x0000000100000000)
  region size 1024K, 7 young (7168K), 1 survivors (1024K)
 Metaspace       used 102817K, capacity 106179K, committed 106320K, reserved 608256K
  class space    used 13427K, capacity 14780K, committed 14848K, reserved 516096K
}
Event: 137.044 GC heap after
{Heap after GC invocations=102 (full 0):
 garbage-first heap   total 152576K, used 129523K [0x0000000080000000, 0x0000000100000000)
  region size 1024K, 1 young (1024K), 1 survivors (1024K)
 Metaspace       used 102817K, capacity 106179K, committed 106320K, reserved 608256K
  class space    used 13427K, capacity 14780K, committed 14848K, reserved 516096K
}
Event: 137.503 GC heap before
{Heap before GC invocations=103 (full 0):
 garbage-first heap   total 152576K, used 135667K [0x0000000080000000, 0x0000000100000000)
  region size 1024K, 7 young (7168K), 1 survivors (1024K)
 Metaspace       used 103217K, capacity 106592K, committed 106960K, reserved 608256K
  class space    used 13477K, capacity 14850K, committed 14976K, reserved 516096K
}
Event: 137.508 GC heap after
{Heap after GC invocations=104 (full 0):
 garbage-first heap   total 152576K, used 130217K [0x0000000080000000, 0x0000000100000000)
  region size 1024K, 1 young (1024K), 1 survivors (1024K)
 Metaspace       used 103217K, capacity 106592K, committed 106960K, reserved 608256K
  class space    used 13477K, capacity 14850K, committed 14976K, reserved 516096K
}
Event: 137.790 GC heap before
{Heap before GC invocations=104 (full 0):
 garbage-first heap   total 152576K, used 136361K [0x0000000080000000, 0x0000000100000000)
  region size 1024K, 7 young (7168K), 1 survivors (1024K)
 Metaspace       used 103580K, capacity 106961K, committed 107216K, reserved 610304K
  class space    used 13530K, capacity 14885K, committed 14976K, reserved 516096K
}
Event: 137.794 GC heap after
{Heap after GC invocations=105 (full 0):
 garbage-first heap   total 152576K, used 128742K [0x0000000080000000, 0x0000000100000000)
  region size 1024K, 1 young (1024K), 1 survivors (1024K)
 Metaspace       used 103580K, capacity 106961K, committed 107216K, reserved 610304K
  class space    used 13530K, capacity 14885K, committed 14976K, reserved 516096K
}
Event: 138.037 GC heap before
{Heap before GC invocations=105 (full 0):
 garbage-first heap   total 152576K, used 134886K [0x0000000080000000, 0x0000000100000000)
  region size 1024K, 7 young (7168K), 1 survivors (1024K)
 Metaspace       used 104337K, capacity 107773K, committed 108112K, reserved 610304K
  class space    used 13645K, capacity 14984K, committed 15104K, reserved 516096K
}
Event: 138.040 GC heap after
{Heap after GC invocations=106 (full 0):
 garbage-first heap   total 152576K, used 128825K [0x0000000080000000, 0x0000000100000000)
  region size 1024K, 1 young (1024K), 1 survivors (1024K)
 Metaspace       used 104337K, capacity 107773K, committed 108112K, reserved 610304K
  class space    used 13645K, capacity 14984K, committed 15104K, reserved 516096K
}
Event: 138.278 GC heap before
{Heap before GC invocations=106 (full 0):
 garbage-first heap   total 152576K, used 134969K [0x0000000080000000, 0x0000000100000000)
  region size 1024K, 7 young (7168K), 1 survivors (1024K)
 Metaspace       used 105050K, capacity 108445K, committed 108624K, reserved 610304K
  class space    used 13742K, capacity 15080K, committed 15104K, reserved 516096K
}
Event: 138.281 GC heap after
{Heap after GC invocations=107 (full 0):
 garbage-first heap   total 152576K, used 128982K [0x0000000080000000, 0x0000000100000000)
  region size 1024K, 1 young (1024K), 1 survivors (1024K)
 Metaspace       used 105050K, capacity 108445K, committed 108624K, reserved 610304K
  class space    used 13742K, capacity 15080K, committed 15104K, reserved 516096K
}
Event: 138.444 GC heap before
{Heap before GC invocations=108 (full 0):
 garbage-first heap   total 152576K, used 135126K [0x0000000080000000, 0x0000000100000000)
  region size 1024K, 7 young (7168K), 1 survivors (1024K)
 Metaspace       used 105570K, capacity 108925K, committed 109008K, reserved 610304K
  class space    used 13853K, capacity 15176K, committed 15232K, reserved 516096K
}
Event: 138.447 GC heap after
{Heap after GC invocations=109 (full 0):
 garbage-first heap   total 152576K, used 129208K [0x0000000080000000, 0x0000000100000000)
  region size 1024K, 1 young (1024K), 1 survivors (1024K)
 Metaspace       used 105570K, capacity 108925K, committed 109008K, reserved 610304K
  class space    used 13853K, capacity 15176K, committed 15232K, reserved 516096K
}

Deoptimization events (20 events):
Event: 137.402 Thread 0x00000208272cb800 Uncommon trap: trap_request=0xffffffd6 fr.pc=0x0000020815a55fdc relative=0x000000000000069c
Event: 137.402 Thread 0x00000208272cb800 Uncommon trap: reason=array_check action=maybe_recompile pc=0x0000020815a55fdc method=java.util.TimSort.binarySort([Ljava/lang/Object;IIILjava/util/Comparator;)V @ 215 c2
Event: 137.402 Thread 0x00000208272cb800 DEOPT PACKING pc=0x0000020815a55fdc sp=0x000000148ddf99f0
Event: 137.402 Thread 0x00000208272cb800 DEOPT UNPACKING pc=0x000002080d8285af sp=0x000000148ddf9998 mode 2
Event: 137.404 Thread 0x00000208272cb800 Uncommon trap: trap_request=0xffffffd6 fr.pc=0x0000020815a560ec relative=0x00000000000007ac
Event: 137.404 Thread 0x00000208272cb800 Uncommon trap: reason=array_check action=maybe_recompile pc=0x0000020815a560ec method=java.util.TimSort.binarySort([Ljava/lang/Object;IIILjava/util/Comparator;)V @ 193 c2
Event: 137.404 Thread 0x00000208272cb800 DEOPT PACKING pc=0x0000020815a560ec sp=0x000000148ddf9e50
Event: 137.404 Thread 0x00000208272cb800 DEOPT UNPACKING pc=0x000002080d8285af sp=0x000000148ddf9df8 mode 2
Event: 137.407 Thread 0x00000208272cb800 Uncommon trap: trap_request=0xffffffd6 fr.pc=0x0000020815a560ec relative=0x00000000000007ac
Event: 137.407 Thread 0x00000208272cb800 Uncommon trap: reason=array_check action=maybe_recompile pc=0x0000020815a560ec method=java.util.TimSort.binarySort([Ljava/lang/Object;IIILjava/util/Comparator;)V @ 193 c2
Event: 137.407 Thread 0x00000208272cb800 DEOPT PACKING pc=0x0000020815a560ec sp=0x000000148ddf9e50
Event: 137.408 Thread 0x00000208272cb800 DEOPT UNPACKING pc=0x000002080d8285af sp=0x000000148ddf9df8 mode 2
Event: 137.971 Thread 0x00000208272cb800 Uncommon trap: trap_request=0xffffff4d fr.pc=0x000002081570818c relative=0x0000000000001aec
Event: 137.971 Thread 0x00000208272cb800 Uncommon trap: reason=unstable_if action=reinterpret pc=0x000002081570818c method=sun.nio.fs.WindowsPathParser.normalize(Ljava/lang/StringBuilder;Ljava/lang/String;I)Ljava/lang/String; @ 172 c2
Event: 137.971 Thread 0x00000208272cb800 DEOPT PACKING pc=0x000002081570818c sp=0x000000148ddf9000
Event: 137.971 Thread 0x00000208272cb800 DEOPT UNPACKING pc=0x000002080d8285af sp=0x000000148ddf8ff0 mode 2
Event: 138.329 Thread 0x00000208272cb800 Uncommon trap: trap_request=0xffffffde fr.pc=0x0000020815794fec relative=0x000000000000212c
Event: 138.329 Thread 0x00000208272cb800 Uncommon trap: reason=class_check action=maybe_recompile pc=0x0000020815794fec method=java.lang.Class.createAnnotationData(I)Ljava/lang/Class$AnnotationData; @ 103 c2
Event: 138.329 Thread 0x00000208272cb800 DEOPT PACKING pc=0x0000020815794fec sp=0x000000148ddf8510
Event: 138.329 Thread 0x00000208272cb800 DEOPT UNPACKING pc=0x000002080d8285af sp=0x000000148ddf83a8 mode 2

Classes redefined (0 events):
No events

Internal exceptions (20 events):
Event: 135.486 Thread 0x00000208272cb800 Exception <a 'java/lang/ClassNotFoundException'{0x00000000892c9140}: org/jetbrains/kotlin/gradle/targets/js/npm/DefaultDevNpmDependencyExtensionCustomizer> (0x00000000892c9140) thrown at [./src/hotspot/share/classfile/systemDictionary.cpp, line 230]
Event: 135.490 Thread 0x00000208272cb800 Exception <a 'java/lang/ClassNotFoundException'{0x000000008913a338}: org/jetbrains/kotlin/gradle/targets/js/npm/DefaultPeerNpmDependencyExtensionBeanInfo> (0x000000008913a338) thrown at [./src/hotspot/share/classfile/systemDictionary.cpp, line 230]
Event: 135.491 Thread 0x00000208272cb800 Exception <a 'java/lang/ClassNotFoundException'{0x0000000089169cf8}: org/jetbrains/kotlin/gradle/targets/js/npm/DefaultPeerNpmDependencyExtensionCustomizer> (0x0000000089169cf8) thrown at [./src/hotspot/share/classfile/systemDictionary.cpp, line 230]
Event: 135.494 Thread 0x00000208272cb800 Exception <a 'java/lang/ClassNotFoundException'{0x00000000891e53f0}: org/jetbrains/kotlin/gradle/targets/js/npm/DefaultPeerNpmDependencyExtension$delegate$1BeanInfo> (0x00000000891e53f0) thrown at [./src/hotspot/share/classfile/systemDictionary.cpp, line 230]
Event: 135.494 Thread 0x00000208272cb800 Exception <a 'java/lang/ClassNotFoundException'{0x0000000089017b30}: org/jetbrains/kotlin/gradle/targets/js/npm/DefaultPeerNpmDependencyExtension$delegate$1Customizer> (0x0000000089017b30) thrown at [./src/hotspot/share/classfile/systemDictionary.cpp, line 230]
Event: 135.511 Thread 0x00000208272cb800 Exception <a 'java/lang/ClassNotFoundException'{0x00000000890d8d18}: build_5e84k33fqm3egp2pna4irg14p$_run_closure1BeanInfo> (0x00000000890d8d18) thrown at [./src/hotspot/share/classfile/systemDictionary.cpp, line 230]
Event: 135.512 Thread 0x00000208272cb800 Exception <a 'java/lang/ClassNotFoundException'{0x00000000890ee298}: build_5e84k33fqm3egp2pna4irg14p$_run_closure1Customizer> (0x00000000890ee298) thrown at [./src/hotspot/share/classfile/systemDictionary.cpp, line 230]
Event: 135.551 Thread 0x00000208272cb800 Exception <a 'java/lang/ClassNotFoundException'{0x0000000088ff95c0}: org/jetbrains/kotlin/gradle/plugin/sources/DefaultKotlinSourceSetBeanInfo> (0x0000000088ff95c0) thrown at [./src/hotspot/share/classfile/systemDictionary.cpp, line 230]
Event: 135.563 Thread 0x00000208272cb800 Exception <a 'java/lang/ClassNotFoundException'{0x000000008942a978}: org/jetbrains/kotlin/gradle/plugin/sources/DefaultKotlinSourceSetCustomizer> (0x000000008942a978) thrown at [./src/hotspot/share/classfile/systemDictionary.cpp, line 230]
Event: 135.905 Thread 0x00000208272cb800 Exception <a 'java/lang/NoClassDefFoundError'{0x00000000892826e8}: org/jetbrains/kotlin/gradle/plugin/KotlinBasePluginWrapper> (0x00000000892826e8) thrown at [./src/hotspot/share/oops/constantPool.cpp, line 775]
Event: 136.156 Thread 0x00000208272cb800 Exception <a 'java/lang/ClassNotFoundException'{0x00000000893486d0}: build_dxtt9os07q1bo9l4snn5qg3coBeanInfo> (0x00000000893486d0) thrown at [./src/hotspot/share/classfile/systemDictionary.cpp, line 230]
Event: 136.157 Thread 0x00000208272cb800 Exception <a 'java/lang/ClassNotFoundException'{0x0000000089354730}: build_dxtt9os07q1bo9l4snn5qg3coCustomizer> (0x0000000089354730) thrown at [./src/hotspot/share/classfile/systemDictionary.cpp, line 230]
Event: 136.600 Thread 0x00000208272cb800 Exception <a 'java/lang/ClassNotFoundException'{0x0000000089283ec8}: build_dxtt9os07q1bo9l4snn5qg3coBeanInfo> (0x0000000089283ec8) thrown at [./src/hotspot/share/classfile/systemDictionary.cpp, line 230]
Event: 136.601 Thread 0x00000208272cb800 Exception <a 'java/lang/ClassNotFoundException'{0x000000008928fec8}: build_dxtt9os07q1bo9l4snn5qg3coCustomizer> (0x000000008928fec8) thrown at [./src/hotspot/share/classfile/systemDictionary.cpp, line 230]
Event: 136.633 Thread 0x00000208272cb800 Exception <a 'java/lang/ClassNotFoundException'{0x00000000891f9fc8}: build_dxtt9os07q1bo9l4snn5qg3co$_run_closure1BeanInfo> (0x00000000891f9fc8) thrown at [./src/hotspot/share/classfile/systemDictionary.cpp, line 230]
Event: 136.634 Thread 0x00000208272cb800 Exception <a 'java/lang/ClassNotFoundException'{0x000000008900a2a0}: build_dxtt9os07q1bo9l4snn5qg3co$_run_closure1Customizer> (0x000000008900a2a0) thrown at [./src/hotspot/share/classfile/systemDictionary.cpp, line 230]
Event: 136.692 Thread 0x00000208272cb800 Exception <a 'java/lang/NoClassDefFoundError'{0x0000000089480878}: org/jetbrains/kotlin/gradle/plugin/KotlinBasePluginWrapper> (0x0000000089480878) thrown at [./src/hotspot/share/oops/constantPool.cpp, line 775]
Event: 136.703 Thread 0x00000208272cb800 Implicit null exception at 0x0000020815970079 to 0x00000208159707d8
Event: 137.850 Thread 0x00000208272cb800 Exception <a 'sun/nio/fs/WindowsException'{0x0000000089469f58}> (0x0000000089469f58) thrown at [./src/hotspot/share/prims/jni.cpp, line 617]
Event: 138.196 Thread 0x00000208272cb800 Exception <a 'java/lang/NullPointerException'{0x0000000089053718}> (0x0000000089053718) thrown at [./src/hotspot/share/interpreter/linkResolver.cpp, line 1440]

Events (20 events):
Event: 138.559 loading class com/sun/xml/bind/api/impl/NameConverter
Event: 138.559 loading class com/sun/xml/bind/api/impl/NameConverter done
Event: 138.561 loading class com/sun/xml/bind/api/impl/NameConverter$Standard
Event: 138.561 loading class com/sun/xml/bind/api/impl/NameConverter$Standard done
Event: 138.562 loading class com/sun/xml/bind/api/impl/NameUtil
Event: 138.562 loading class com/sun/xml/bind/api/impl/NameUtil done
Event: 138.565 loading class com/sun/xml/bind/api/impl/NameConverter$1
Event: 138.565 loading class com/sun/xml/bind/api/impl/NameConverter$1 done
Event: 138.565 loading class com/sun/xml/bind/api/impl/NameConverter$2
Event: 138.565 loading class com/sun/xml/bind/api/impl/NameConverter$2 done
Event: 138.566 loading class java/lang/Package$1PackageInfoProxy
Event: 138.567 loading class java/lang/Package$1PackageInfoProxy done
Event: 138.575 loading class com/android/sdklib/repository/generated/repository/v2/SourceDetailsType
Event: 138.575 loading class com/android/sdklib/repository/generated/repository/v2/SourceDetailsType done
Event: 138.576 loading class com/android/sdklib/repository/generated/common/v2/ApiDetailsType
Event: 138.576 loading class com/android/sdklib/repository/generated/common/v2/ApiDetailsType done
Event: 138.576 loading class com/android/repository/impl/generated/v2/TypeDetails
Event: 138.576 loading class com/android/repository/impl/generated/v2/TypeDetails done
Event: 138.576 loading class com/android/sdklib/repository/generated/repository/v2/PlatformDetailsType
Event: 138.576 loading class com/android/sdklib/repository/generated/repository/v2/PlatformDetailsType done


Dynamic libraries:
0x00007ff646de0000 - 0x00007ff646ded000 	C:\Program Files\Microsoft\jdk-11.0.18.10-hotspot\bin\java.exe
0x00007ffda94f0000 - 0x00007ffda96e8000 	C:\Windows\SYSTEM32\ntdll.dll
0x00007ffda7d00000 - 0x00007ffda7dbf000 	C:\Windows\System32\KERNEL32.dll
0x00007ffda68a0000 - 0x00007ffda69a1000 	C:\Windows\system32\hmpalert.dll
0x00007ffda6cb0000 - 0x00007ffda6fa6000 	C:\Windows\System32\KERNELBASE.dll
0x00007ffda7030000 - 0x00007ffda7130000 	C:\Windows\System32\ucrtbase.dll
0x00007ffd8fcf0000 - 0x00007ffd8fd07000 	C:\Program Files\Microsoft\jdk-11.0.18.10-hotspot\bin\jli.dll
0x00007ffda7f70000 - 0x00007ffda810d000 	C:\Windows\System32\USER32.dll
0x00007ffda6bd0000 - 0x00007ffda6bf2000 	C:\Windows\System32\win32u.dll
0x00007ffda8c80000 - 0x00007ffda8cac000 	C:\Windows\System32\GDI32.dll
0x00007ffda7320000 - 0x00007ffda7435000 	C:\Windows\System32\gdi32full.dll
0x00007ffda7440000 - 0x00007ffda74dd000 	C:\Windows\System32\msvcp_win.dll
0x00007ffd785d0000 - 0x00007ffd785e5000 	C:\Program Files\Microsoft\jdk-11.0.18.10-hotspot\bin\VCRUNTIME140.dll
0x00007ffd86070000 - 0x00007ffd8630a000 	C:\Windows\WinSxS\amd64_microsoft.windows.common-controls_6595b64144ccf1df_6.0.19041.1110_none_60b5254171f9507e\COMCTL32.dll
0x00007ffda8520000 - 0x00007ffda85be000 	C:\Windows\System32\msvcrt.dll
0x00007ffda7cd0000 - 0x00007ffda7d00000 	C:\Windows\System32\IMM32.DLL
0x00007ffd641b0000 - 0x00007ffd6424b000 	C:\Program Files\Microsoft\jdk-11.0.18.10-hotspot\bin\msvcp140.dll
0x00007ffd31580000 - 0x00007ffd32112000 	C:\Program Files\Microsoft\jdk-11.0.18.10-hotspot\bin\server\jvm.dll
0x00007ffda8470000 - 0x00007ffda851f000 	C:\Windows\System32\ADVAPI32.dll
0x00007ffda8b60000 - 0x00007ffda8bfc000 	C:\Windows\System32\sechost.dll
0x00007ffda7b90000 - 0x00007ffda7cb6000 	C:\Windows\System32\RPCRT4.dll
0x00007ffda8a30000 - 0x00007ffda8a38000 	C:\Windows\System32\PSAPI.DLL
0x00007ffd99630000 - 0x00007ffd9963a000 	C:\Windows\SYSTEM32\VERSION.dll
0x00007ffd9e660000 - 0x00007ffd9e669000 	C:\Windows\SYSTEM32\WSOCK32.dll
0x00007ffd84780000 - 0x00007ffd847a7000 	C:\Windows\SYSTEM32\WINMM.dll
0x00007ffda82b0000 - 0x00007ffda831b000 	C:\Windows\System32\WS2_32.dll
0x00007ffda5300000 - 0x00007ffda5312000 	C:\Windows\SYSTEM32\kernel.appcore.dll
0x00007ffd8d8e0000 - 0x00007ffd8d8f0000 	C:\Program Files\Microsoft\jdk-11.0.18.10-hotspot\bin\verify.dll
0x00007ffda4530000 - 0x00007ffda4714000 	C:\Windows\SYSTEM32\DBGHELP.DLL
0x00007ffd88eb0000 - 0x00007ffd88ee4000 	C:\Windows\SYSTEM32\dbgcore.DLL
0x00007ffda7290000 - 0x00007ffda7312000 	C:\Windows\System32\bcryptPrimitives.dll
0x00007ffd785a0000 - 0x00007ffd785c8000 	C:\Program Files\Microsoft\jdk-11.0.18.10-hotspot\bin\java.dll
0x00007ffd8c2b0000 - 0x00007ffd8c2ba000 	C:\Program Files\Microsoft\jdk-11.0.18.10-hotspot\bin\jimage.dll
0x00007ffd78310000 - 0x00007ffd78328000 	C:\Program Files\Microsoft\jdk-11.0.18.10-hotspot\bin\zip.dll
0x00007ffda8d60000 - 0x00007ffda94a4000 	C:\Windows\System32\SHELL32.dll
0x00007ffda4b60000 - 0x00007ffda52f3000 	C:\Windows\SYSTEM32\windows.storage.dll
0x00007ffda7830000 - 0x00007ffda7b84000 	C:\Windows\System32\combase.dll
0x00007ffda6520000 - 0x00007ffda654e000 	C:\Windows\SYSTEM32\Wldp.dll
0x00007ffda8cb0000 - 0x00007ffda8d5d000 	C:\Windows\System32\SHCORE.dll
0x00007ffda7f10000 - 0x00007ffda7f65000 	C:\Windows\System32\shlwapi.dll
0x00007ffda6b10000 - 0x00007ffda6b2f000 	C:\Windows\SYSTEM32\profapi.dll
0x00007ffd6d750000 - 0x00007ffd6d769000 	C:\Program Files\Microsoft\jdk-11.0.18.10-hotspot\bin\net.dll
0x00007ffd9c720000 - 0x00007ffd9c82a000 	C:\Windows\SYSTEM32\WINHTTP.dll
0x00007ffda6280000 - 0x00007ffda62ea000 	C:\Windows\system32\mswsock.dll
0x00007ffd6d730000 - 0x00007ffd6d743000 	C:\Program Files\Microsoft\jdk-11.0.18.10-hotspot\bin\nio.dll
0x00007ffd8fc70000 - 0x00007ffd8fc97000 	C:\Users\srinibas\.gradle\native\e1d6ef7f7dcc3fd88c89a11ec53ec762bb8ba0a96d01ffa2cd45eb1d1d8dd5c5\windows-amd64\native-platform.dll
0x00007ffd8ea00000 - 0x00007ffd8eb44000 	C:\Users\srinibas\.gradle\native\0d407fdbe67a94daf76414ababcb853783967236a71b16ec16e742cd7a986fd3\windows-amd64\native-platform-file-events.dll
0x00007ffd89440000 - 0x00007ffd89449000 	C:\Program Files\Microsoft\jdk-11.0.18.10-hotspot\bin\management.dll
0x00007ffd82460000 - 0x00007ffd8246b000 	C:\Program Files\Microsoft\jdk-11.0.18.10-hotspot\bin\management_ext.dll
0x00007ffda6470000 - 0x00007ffda6488000 	C:\Windows\SYSTEM32\CRYPTSP.dll
0x00007ffda5b30000 - 0x00007ffda5b64000 	C:\Windows\system32\rsaenh.dll
0x00007ffda6fb0000 - 0x00007ffda6fd7000 	C:\Windows\System32\bcrypt.dll
0x00007ffda6a90000 - 0x00007ffda6abe000 	C:\Windows\SYSTEM32\USERENV.dll
0x00007ffda6490000 - 0x00007ffda649c000 	C:\Windows\SYSTEM32\CRYPTBASE.dll
0x00007ffda5f20000 - 0x00007ffda5f5c000 	C:\Windows\SYSTEM32\IPHLPAPI.DLL
0x00007ffda7cc0000 - 0x00007ffda7cc8000 	C:\Windows\System32\NSI.dll
0x00007ffd93520000 - 0x00007ffd93537000 	C:\Windows\SYSTEM32\dhcpcsvc6.DLL
0x00007ffd994f0000 - 0x00007ffd9950d000 	C:\Windows\SYSTEM32\dhcpcsvc.DLL
0x00007ffda5f70000 - 0x00007ffda603b000 	C:\Windows\SYSTEM32\DNSAPI.dll
0x00007ffd9e670000 - 0x00007ffd9e67e000 	C:\Program Files\Microsoft\jdk-11.0.18.10-hotspot\bin\sunmscapi.dll
0x00007ffda7130000 - 0x00007ffda728e000 	C:\Windows\System32\CRYPT32.dll
0x00007ffda6590000 - 0x00007ffda65b8000 	C:\Windows\SYSTEM32\ncrypt.dll
0x00007ffda6550000 - 0x00007ffda658b000 	C:\Windows\SYSTEM32\NTASN1.dll
0x00007ffd9b2e0000 - 0x00007ffd9b305000 	C:\Program Files\Microsoft\jdk-11.0.18.10-hotspot\bin\sunec.dll
0x00007ffd99580000 - 0x00007ffd9958a000 	C:\Windows\System32\rasadhlp.dll

dbghelp: loaded successfully - version: 4.0.5 - missing functions: none
symbol engine: initialized successfully - sym options: 0x614 - pdb path: .;C:\Program Files\Microsoft\jdk-11.0.18.10-hotspot\bin;C:\Windows\SYSTEM32;C:\Windows\WinSxS\amd64_microsoft.windows.common-controls_6595b64144ccf1df_6.0.19041.1110_none_60b5254171f9507e;C:\Program Files\Microsoft\jdk-11.0.18.10-hotspot\bin\server;C:\Users\srinibas\.gradle\native\e1d6ef7f7dcc3fd88c89a11ec53ec762bb8ba0a96d01ffa2cd45eb1d1d8dd5c5\windows-amd64;C:\Users\srinibas\.gradle\native\0d407fdbe67a94daf76414ababcb853783967236a71b16ec16e742cd7a986fd3\windows-amd64

VM Arguments:
jvm_args: -XX:MaxMetaspaceSize=512m --add-opens=java.base/java.util=ALL-UNNAMED --add-opens=java.base/java.lang=ALL-UNNAMED --add-opens=java.base/java.lang.invoke=ALL-UNNAMED --add-opens=java.base/java.util=ALL-UNNAMED --add-opens=java.prefs/java.util.prefs=ALL-UNNAMED --add-opens=java.prefs/java.util.prefs=ALL-UNNAMED --add-opens=java.base/java.nio.charset=ALL-UNNAMED --add-opens=java.base/java.net=ALL-UNNAMED --add-opens=java.base/java.util.concurrent.atomic=ALL-UNNAMED -Xmx2048m -Dfile.encoding=windows-1252 -Duser.country=IN -Duser.language=en -Duser.variant 
java_command: org.gradle.launcher.daemon.bootstrap.GradleDaemon 7.5.1
java_class_path (initial): C:\Users\srinibas\.gradle\wrapper\dists\gradle-7.5.1-all\1ehga6e77gqps5uk2kc5kf1vc\gradle-7.5.1\lib\gradle-launcher-7.5.1.jar
Launcher Type: SUN_STANDARD

[Global flags]
     intx CICompilerCount                          = 4                                         {product} {ergonomic}
   size_t CompressedClassSpaceSize                 = 528482304                                 {product} {ergonomic}
     uint ConcGCThreads                            = 2                                         {product} {ergonomic}
     uint G1ConcRefinementThreads                  = 8                                         {product} {ergonomic}
   size_t G1HeapRegionSize                         = 1048576                                   {product} {ergonomic}
    uintx GCDrainStackTargetSize                   = 64                                        {product} {ergonomic}
   size_t InitialHeapSize                          = 130023424                                 {product} {ergonomic}
   size_t MarkStackSize                            = 4194304                                   {product} {ergonomic}
   size_t MaxHeapSize                              = 2147483648                                {product} {command line}
   size_t MaxMetaspaceSize                         = 536870912                                 {product} {command line}
   size_t MaxNewSize                               = 1287651328                                {product} {ergonomic}
   size_t MinHeapDeltaBytes                        = 1048576                                   {product} {ergonomic}
    uintx NonNMethodCodeHeapSize                   = 5836300                                {pd product} {ergonomic}
    uintx NonProfiledCodeHeapSize                  = 122910970                              {pd product} {ergonomic}
    uintx ProfiledCodeHeapSize                     = 122910970                              {pd product} {ergonomic}
    uintx ReservedCodeCacheSize                    = 251658240                              {pd product} {ergonomic}
     bool SegmentedCodeCache                       = true                                      {product} {ergonomic}
     bool UseCompressedClassPointers               = true                                 {lp64_product} {ergonomic}
     bool UseCompressedOops                        = true                                 {lp64_product} {ergonomic}
     bool UseG1GC                                  = true                                      {product} {ergonomic}
     bool UseLargePagesIndividualAllocation        = false                                  {pd product} {ergonomic}

Logging:
Log output configuration:
 #0: stdout all=warning uptime,level,tags
 #1: stderr all=off uptime,level,tags

Environment Variables:
JAVA_HOME=C:\Program Files\Microsoft\jdk-11.0.18.10-hotspot\
CLASSPATH=D:\learning\React Native\authApp\android\\gradle\wrapper\gradle-wrapper.jar
PATH=D:\learning\React Native\authApp\android\node_modules\.bin;D:\learning\React Native\authApp\node_modules\.bin;D:\learning\React Native\node_modules\.bin;D:\learning\node_modules\.bin;D:\node_modules\.bin;C:\Program Files\nodejs;D:\learning\React Native\authApp\node_modules\.bin;D:\learning\React Native\node_modules\.bin;D:\learning\node_modules\.bin;D:\node_modules\.bin;C:\Program Files\nodejs\node_modules\npm\node_modules\@npmcli\run-script\lib\node-gyp-bin;D:\learning\React Native\authApp\node_modules\.bin;D:\learning\React Native\authApp\node_modules\.bin;D:\learning\React Native\node_modules\.bin;D:\learning\node_modules\.bin;D:\node_modules\.bin;C:\Program Files\nodejs;D:\learning\React Native\authApp\node_modules\react-native\scripts\node_modules\.bin;D:\learning\React Native\authApp\node_modules\react-native\node_modules\.bin;D:\learning\React Native\authApp\node_modules\node_modules\.bin;D:\learning\React Native\authApp\node_modules\.bin;D:\learning\React Native\node_modules\.bin;D:\learning\node_modules\.bin;D:\node_modules\.bin;C:\Program Files\nodejs;D:\learning\React Native\authApp\node_modules\.bin;D:\learning\React Native\node_modules\.bin;D:\learning\node_modules\.bin;D:\node_modules\.bin;C:\Program Files\nodejs\node_modules\npm\node_modules\@npmcli\run-script\lib\node-gyp-bin;C:\Python311\Scripts\;C:\Python311\;C:\Program Files\Microsoft\jdk-11.0.18.10-hotspot\bin;C:\Program Files\Eclipse Adoptium\jdk-17.0.4.101-hotspot\bin;C:\Python310\Scripts\;C:\Python310\;C:\Windows\system32;C:\Windows;C:\Windows\System32\Wbem;C:\Windows\System32\WindowsPowerShell\v1.0\;C:\Windows\System32\OpenSSH\;C:\ProgramData\chocolatey\bin;C:\Program Files\Microsoft SQL Server\120\Tools\Binn\;C:\Program Files\Git\cmd;C:\Program Files\Microsoft SQL Server\150\Tools\Binn\;C:\Program Files\Microsoft SQL Server\Client SDK\ODBC\170\Tools\Binn\;C:\Program Files\dotnet\;C:\Program Files\nodejs\;C:\Users\srinibas\AppData\Local\Microsoft\WindowsApps;C:\Users\srinibas\AppData\Local\
USERNAME=srinibas
LANG=en_US.UTF-8
OS=Windows_NT
PROCESSOR_IDENTIFIER=Intel64 Family 6 Model 140 Stepping 1, GenuineIntel
TMP=C:\Users\srinibas\AppData\Local\Temp
TEMP=C:\Users\srinibas\AppData\Local\Temp



---------------  S Y S T E M  ---------------

OS: Windows 10 , 64 bit Build 19041 (10.0.19041.2913)
OS uptime: 1 days 22:06 hours

CPU:total 8 (initial active 8) (4 cores per cpu, 2 threads per core) family 6 model 140 stepping 1 microcode 0xa4, cmov, cx8, fxsr, mmx, sse, sse2, sse3, ssse3, sse4.1, sse4.2, popcnt, avx, avx2, aes, clmul, erms, 3dnowpref, lzcnt, ht, tsc, tscinvbit, bmi1, bmi2, adx, evex, sha, fma

Memory: 4k page, system-wide physical 7914M (14M free)
TotalPageFile size 23177M (AvailPageFile size 3M)
current process WorkingSet (physical memory assigned to process): 280M, peak: 301M
current process commit charge ("private bytes"): 476M, peak: 482M

vm_info: OpenJDK 64-Bit Server VM (11.0.18+10-LTS) for windows-amd64 JRE (11.0.18+10-LTS), built on Jan 18 2023 15:56:47 by "MicrosoftCorporation" with MS VC++ 15.9 (VS2017)

END.
