#
# There is insufficient memory for the Java Runtime Environment to continue.
# Native memory allocation (malloc) failed to allocate 1690096 bytes for Chunk::new
# Possible reasons:
#   The system is out of physical RAM or swap space
#   The process is running with CompressedOops enabled, and the Java Heap may be blocking the growth of the native heap
# Possible solutions:
#   Reduce memory load on the system
#   Increase physical memory or swap space
#   Check if swap backing store is full
#   Decrease Java heap size (-Xmx/-Xms)
#   Decrease number of Java threads
#   Decrease Java thread stack sizes (-Xss)
#   Set larger code cache with -XX:ReservedCodeCacheSize=
#   JVM is running with Unscaled Compressed Oops mode in which the Java heap is
#     placed in the first 4GB address space. The Java Heap base address is the
#     maximum limit for the native heap growth. Please use -XX:HeapBaseMinAddress
#     to set the Java Heap base and to place the Java Heap above 4GB virtual address.
# This output file may be truncated or incomplete.
#
#  Out of Memory Error (./src/hotspot/share/memory/arena.cpp:197), pid=18036, tid=18872
#
# JRE version: OpenJDK Runtime Environment Microsoft-7208460 (11.0.18+10) (build 11.0.18+10-LTS)
# Java VM: OpenJDK 64-Bit Server VM Microsoft-7208460 (11.0.18+10-LTS, mixed mode, tiered, compressed oops, g1 gc, windows-amd64)
# No core dump will be written. Minidumps are not enabled by default on client versions of Windows
#

---------------  S U M M A R Y ------------

Command Line: -XX:MaxMetaspaceSize=512m --add-opens=java.base/java.util=ALL-UNNAMED --add-opens=java.base/java.lang=ALL-UNNAMED --add-opens=java.base/java.lang.invoke=ALL-UNNAMED --add-opens=java.base/java.util=ALL-UNNAMED --add-opens=java.prefs/java.util.prefs=ALL-UNNAMED --add-opens=java.prefs/java.util.prefs=ALL-UNNAMED --add-opens=java.base/java.nio.charset=ALL-UNNAMED --add-opens=java.base/java.net=ALL-UNNAMED --add-opens=java.base/java.util.concurrent.atomic=ALL-UNNAMED -Xmx2048m -Dfile.encoding=windows-1252 -Duser.country=IN -Duser.language=en -Duser.variant org.gradle.launcher.daemon.bootstrap.GradleDaemon 7.5.1

Host: 11th Gen Intel(R) Core(TM) i5-1135G7 @ 2.40GHz, 8 cores, 7G,  Windows 10 , 64 bit Build 19041 (10.0.19041.2913)
Time: Fri May 19 08:16:00 2023 India Standard Time elapsed time: 155.520112 seconds (0d 0h 2m 35s)

---------------  T H R E A D  ---------------

Current thread (0x000001a75339f000):  JavaThread "C2 CompilerThread0" daemon [_thread_in_native, id=18872, stack(0x0000000782200000,0x0000000782300000)]


Current CompileTask:
C2: 155520 12510       4       java.lang.Class::annotationData (44 bytes)

Stack: [0x0000000782200000,0x0000000782300000]
Native frames: (J=compiled Java code, j=interpreted, Vv=VM code, C=native code)
V  [jvm.dll+0x62bf8a]
V  [jvm.dll+0x7b8fb9]
V  [jvm.dll+0x7ba6a8]
V  [jvm.dll+0x7bad83]
V  [jvm.dll+0x250248]
V  [jvm.dll+0xc260c]
V  [jvm.dll+0xc2bcc]
V  [jvm.dll+0x35e182]
V  [jvm.dll+0x32a373]
V  [jvm.dll+0x3296aa]
V  [jvm.dll+0x2093b3]
V  [jvm.dll+0x20850d]
V  [jvm.dll+0x18a4b1]
V  [jvm.dll+0x217eec]
V  [jvm.dll+0x21612b]
V  [jvm.dll+0x77bac0]
V  [jvm.dll+0x7749f4]
V  [jvm.dll+0x62adf5]
C  [ucrtbase.dll+0x21bb2]
C  [KERNEL32.dll+0x17614]
C  [ntdll.dll+0x526a1]


---------------  P R O C E S S  ---------------

Threads class SMR info:
_java_thread_list=0x000001a75616d400, length=134, elements={
0x000001a7342a8000, 0x000001a753388800, 0x000001a75337f800, 0x000001a753396800,
0x000001a75339a800, 0x000001a75339c000, 0x000001a75339f000, 0x000001a7533a0800,
0x000001a753d5c000, 0x000001a753e5f000, 0x000001a755709800, 0x000001a754927000,
0x000001a755d5c000, 0x000001a75519a800, 0x000001a7556be000, 0x000001a75527e800,
0x000001a75527f000, 0x000001a754b9c000, 0x000001a7551bf000, 0x000001a7551c0000,
0x000001a754b56000, 0x000001a754b58800, 0x000001a754b56800, 0x000001a754b57800,
0x000001a757dd2800, 0x000001a757dd0000, 0x000001a757dd1800, 0x000001a757dd0800,
0x000001a757dd3000, 0x000001a757dcd800, 0x000001a757dd4000, 0x000001a757dce000,
0x000001a757dd4800, 0x000001a757dda800, 0x000001a757ddb000, 0x000001a757ddc000,
0x000001a757dd7000, 0x000001a757dd6800, 0x000001a757dd8000, 0x000001a757dd9000,
0x000001a75a5b0800, 0x000001a75a5b4800, 0x000001a75a5b2800, 0x000001a75a5b1800,
0x000001a75a5b3000, 0x000001a75a5b5800, 0x000001a75a5b4000, 0x000001a75a5b0000,
0x000001a75a5b7000, 0x000001a75a5bb000, 0x000001a75a5bc000, 0x000001a75a5ba800,
0x000001a75a5b6800, 0x000001a75a5bd000, 0x000001a75a5bd800, 0x000001a75a5b8000,
0x000001a75a5be800, 0x000001a75a5b9000, 0x000001a75a5b9800, 0x000001a759f56000,
0x000001a759f55800, 0x000001a759f54000, 0x000001a759f50800, 0x000001a759f57000,
0x000001a759f54800, 0x000001a759f51800, 0x000001a759f52000, 0x000001a759f58000,
0x000001a759f58800, 0x000001a759f53000, 0x000001a759f5b000, 0x000001a759f5d800,
0x000001a759f59800, 0x000001a759f5c000, 0x000001a759f5c800, 0x000001a759f5a800,
0x000001a759f5f000, 0x000001a759f5e800, 0x000001a7583f8000, 0x000001a7583f3000,
0x000001a7583f6000, 0x000001a7583f7000, 0x000001a7583f4800, 0x000001a7583f9800,
0x000001a7583f5800, 0x000001a7583f3800, 0x000001a7583ff000, 0x000001a7583fc800,
0x000001a758400000, 0x000001a7583fa000, 0x000001a7583fd800, 0x000001a758401000,
0x000001a7583fb000, 0x000001a758401800, 0x000001a7583fc000, 0x000001a7583fe800,
0x000001a754fcd000, 0x000001a754fd2000, 0x000001a754fce800, 0x000001a754fce000,
0x000001a754fcc000, 0x000001a754fcf800, 0x000001a754fd3000, 0x000001a754fd0800,
0x000001a754fd1000, 0x000001a75baf8000, 0x000001a75baf9000, 0x000001a75baf9800,
0x000001a75bafa800, 0x000001a75bafb000, 0x000001a75bafc000, 0x000001a75bafd000,
0x000001a75baf7000, 0x000001a75bb02800, 0x000001a75bafd800, 0x000001a75bb00000,
0x000001a75bb03800, 0x000001a75bb01000, 0x000001a75bb04000, 0x000001a75bb02000,
0x000001a75bafe800, 0x000001a75bb05000, 0x000001a75baff800, 0x000001a75bb06000,
0x000001a756a5e000, 0x000001a756a5f000, 0x000001a756a63000, 0x000001a756a64000,
0x000001a756a64800, 0x000001a756a65800, 0x000001a756a60000, 0x000001a756a66800,
0x000001a756a60800, 0x000001a756a67000
}

Java Threads: ( => current thread )
  0x000001a7342a8000 JavaThread "main" [_thread_blocked, id=16616, stack(0x0000000781600000,0x0000000781700000)]
  0x000001a753388800 JavaThread "Reference Handler" daemon [_thread_blocked, id=15208, stack(0x0000000781d00000,0x0000000781e00000)]
  0x000001a75337f800 JavaThread "Finalizer" daemon [_thread_blocked, id=14380, stack(0x0000000781e00000,0x0000000781f00000)]
  0x000001a753396800 JavaThread "Signal Dispatcher" daemon [_thread_blocked, id=11812, stack(0x0000000781f00000,0x0000000782000000)]
  0x000001a75339a800 JavaThread "Attach Listener" daemon [_thread_blocked, id=11188, stack(0x0000000782000000,0x0000000782100000)]
  0x000001a75339c000 JavaThread "Service Thread" daemon [_thread_blocked, id=18752, stack(0x0000000782100000,0x0000000782200000)]
=>0x000001a75339f000 JavaThread "C2 CompilerThread0" daemon [_thread_in_native, id=18872, stack(0x0000000782200000,0x0000000782300000)]
  0x000001a7533a0800 JavaThread "C1 CompilerThread0" daemon [_thread_blocked, id=8384, stack(0x0000000782300000,0x0000000782400000)]
  0x000001a753d5c000 JavaThread "Sweeper thread" daemon [_thread_blocked, id=18768, stack(0x0000000782400000,0x0000000782500000)]
  0x000001a753e5f000 JavaThread "Common-Cleaner" daemon [_thread_blocked, id=14960, stack(0x0000000782500000,0x0000000782600000)]
  0x000001a755709800 JavaThread "Daemon health stats" [_thread_blocked, id=2520, stack(0x0000000782800000,0x0000000782900000)]
  0x000001a754927000 JavaThread "Incoming local TCP Connector on port 58529" [_thread_in_native, id=14404, stack(0x0000000782900000,0x0000000782a00000)]
  0x000001a755d5c000 JavaThread "Daemon periodic checks" [_thread_blocked, id=19112, stack(0x0000000782a00000,0x0000000782b00000)]
  0x000001a75519a800 JavaThread "Daemon" [_thread_blocked, id=15804, stack(0x0000000782b00000,0x0000000782c00000)]
  0x000001a7556be000 JavaThread "Handler for socket connection from /127.0.0.1:58529 to /127.0.0.1:58530" [_thread_in_native, id=11856, stack(0x0000000782c00000,0x0000000782d00000)]
  0x000001a75527e800 JavaThread "Cancel handler" [_thread_blocked, id=9620, stack(0x0000000782d00000,0x0000000782e00000)]
  0x000001a75527f000 JavaThread "Daemon worker" [_thread_in_vm, id=7464, stack(0x0000000782e00000,0x0000000782f00000)]
  0x000001a754b9c000 JavaThread "Asynchronous log dispatcher for DefaultDaemonConnection: socket connection from /127.0.0.1:58529 to /127.0.0.1:58530" [_thread_blocked, id=1524, stack(0x0000000782f00000,0x0000000783000000)]
  0x000001a7551bf000 JavaThread "Stdin handler" [_thread_blocked, id=15328, stack(0x0000000783000000,0x0000000783100000)]
  0x000001a7551c0000 JavaThread "Daemon client event forwarder" [_thread_blocked, id=10984, stack(0x0000000783100000,0x0000000783200000)]
  0x000001a754b56000 JavaThread "Cache worker for journal cache (C:\Users\srinibas\.gradle\caches\journal-1)" [_thread_blocked, id=11844, stack(0x0000000783900000,0x0000000783a00000)]
  0x000001a754b58800 JavaThread "File lock request listener" [_thread_in_native, id=15688, stack(0x0000000783a00000,0x0000000783b00000)]
  0x000001a754b56800 JavaThread "Cache worker for file hash cache (C:\Users\srinibas\.gradle\caches\7.5.1\fileHashes)" [_thread_blocked, id=8020, stack(0x0000000783b00000,0x0000000783c00000)]
  0x000001a754b57800 JavaThread "File watcher server" daemon [_thread_in_native, id=18412, stack(0x0000000783d00000,0x0000000783e00000)]
  0x000001a757dd2800 JavaThread "File watcher consumer" daemon [_thread_blocked, id=15996, stack(0x0000000783e00000,0x0000000783f00000)]
  0x000001a757dd0000 JavaThread "Cache worker for checksums cache (D:\learning\React Native\authApp\android\.gradle\7.5.1\checksums)" [_thread_blocked, id=13684, stack(0x0000000783f00000,0x0000000784000000)]
  0x000001a757dd1800 JavaThread "Cache worker for cache directory md-rule (C:\Users\srinibas\.gradle\caches\7.5.1\md-rule)" [_thread_blocked, id=3624, stack(0x0000000784000000,0x0000000784100000)]
  0x000001a757dd0800 JavaThread "Cache worker for file content cache (C:\Users\srinibas\.gradle\caches\7.5.1\fileContent)" [_thread_blocked, id=8324, stack(0x0000000784100000,0x0000000784200000)]
  0x000001a757dd3000 JavaThread "Cache worker for file hash cache (D:\learning\React Native\authApp\android\.gradle\7.5.1\fileHashes)" [_thread_blocked, id=15576, stack(0x0000000784200000,0x0000000784300000)]
  0x000001a757dcd800 JavaThread "Cache worker for cache directory md-supplier (C:\Users\srinibas\.gradle\caches\7.5.1\md-supplier)" [_thread_blocked, id=17188, stack(0x0000000784300000,0x0000000784400000)]
  0x000001a757dd4000 JavaThread "Cache worker for execution history cache (C:\Users\srinibas\.gradle\caches\7.5.1\executionHistory)" [_thread_blocked, id=18572, stack(0x0000000784400000,0x0000000784500000)]
  0x000001a757dce000 JavaThread "jar transforms" [_thread_blocked, id=5592, stack(0x0000000784500000,0x0000000784600000)]
  0x000001a757dd4800 JavaThread "jar transforms Thread 2" [_thread_blocked, id=18228, stack(0x0000000784600000,0x0000000784700000)]
  0x000001a757dda800 JavaThread "jar transforms Thread 3" [_thread_blocked, id=18896, stack(0x0000000784700000,0x0000000784800000)]
  0x000001a757ddb000 JavaThread "jar transforms Thread 4" [_thread_blocked, id=13568, stack(0x0000000784800000,0x0000000784900000)]
  0x000001a757ddc000 JavaThread "Cache worker for kotlin-dsl (C:\Users\srinibas\.gradle\caches\7.5.1\kotlin-dsl)" [_thread_blocked, id=15416, stack(0x0000000784c00000,0x0000000784d00000)]
  0x000001a757dd7000 JavaThread "jar transforms Thread 5" [_thread_blocked, id=6100, stack(0x0000000784d00000,0x0000000784e00000)]
  0x000001a757dd6800 JavaThread "jar transforms Thread 6" [_thread_blocked, id=15500, stack(0x0000000784e00000,0x0000000784f00000)]
  0x000001a757dd8000 JavaThread "Cache worker for dependencies-accessors (D:\learning\React Native\authApp\android\.gradle\7.5.1\dependencies-accessors)" [_thread_blocked, id=17888, stack(0x0000000784f00000,0x0000000785000000)]
  0x000001a757dd9000 JavaThread "Cache worker for Build Output Cleanup Cache (D:\learning\React Native\authApp\node_modules\react-native-gradle-plugin\.gradle\buildOutputCleanup)" [_thread_blocked, id=17288, stack(0x0000000785000000,0x0000000785100000)]
  0x000001a75a5b0800 JavaThread "jar transforms Thread 7" [_thread_blocked, id=15684, stack(0x0000000785100000,0x0000000785200000)]
  0x000001a75a5b4800 JavaThread "Unconstrained build operations" [_thread_blocked, id=16216, stack(0x0000000785200000,0x0000000785300000)]
  0x000001a75a5b2800 JavaThread "Unconstrained build operations Thread 2" [_thread_blocked, id=13492, stack(0x0000000785300000,0x0000000785400000)]
  0x000001a75a5b1800 JavaThread "Unconstrained build operations Thread 3" [_thread_blocked, id=13736, stack(0x0000000785400000,0x0000000785500000)]
  0x000001a75a5b3000 JavaThread "Unconstrained build operations Thread 4" [_thread_blocked, id=12556, stack(0x0000000785500000,0x0000000785600000)]
  0x000001a75a5b5800 JavaThread "Unconstrained build operations Thread 5" [_thread_blocked, id=13996, stack(0x0000000785600000,0x0000000785700000)]
  0x000001a75a5b4000 JavaThread "Unconstrained build operations Thread 6" [_thread_blocked, id=13448, stack(0x0000000785700000,0x0000000785800000)]
  0x000001a75a5b0000 JavaThread "Unconstrained build operations Thread 7" [_thread_blocked, id=18952, stack(0x0000000785800000,0x0000000785900000)]
  0x000001a75a5b7000 JavaThread "Unconstrained build operations Thread 8" [_thread_blocked, id=16236, stack(0x0000000785900000,0x0000000785a00000)]
  0x000001a75a5bb000 JavaThread "Unconstrained build operations Thread 9" [_thread_blocked, id=19056, stack(0x0000000785a00000,0x0000000785b00000)]
  0x000001a75a5bc000 JavaThread "Unconstrained build operations Thread 10" [_thread_blocked, id=17820, stack(0x0000000785b00000,0x0000000785c00000)]
  0x000001a75a5ba800 JavaThread "Unconstrained build operations Thread 11" [_thread_blocked, id=13588, stack(0x0000000785c00000,0x0000000785d00000)]
  0x000001a75a5b6800 JavaThread "Unconstrained build operations Thread 12" [_thread_blocked, id=13136, stack(0x0000000785d00000,0x0000000785e00000)]
  0x000001a75a5bd000 JavaThread "Unconstrained build operations Thread 13" [_thread_blocked, id=16492, stack(0x0000000785e00000,0x0000000785f00000)]
  0x000001a75a5bd800 JavaThread "Unconstrained build operations Thread 14" [_thread_blocked, id=15504, stack(0x0000000785f00000,0x0000000786000000)]
  0x000001a75a5b8000 JavaThread "Unconstrained build operations Thread 15" [_thread_blocked, id=15760, stack(0x0000000786000000,0x0000000786100000)]
  0x000001a75a5be800 JavaThread "Unconstrained build operations Thread 16" [_thread_blocked, id=15176, stack(0x0000000786100000,0x0000000786200000)]
  0x000001a75a5b9000 JavaThread "Unconstrained build operations Thread 17" [_thread_blocked, id=19156, stack(0x0000000786200000,0x0000000786300000)]
  0x000001a75a5b9800 JavaThread "Unconstrained build operations Thread 18" [_thread_blocked, id=17696, stack(0x0000000786300000,0x0000000786400000)]
  0x000001a759f56000 JavaThread "Unconstrained build operations Thread 19" [_thread_blocked, id=15772, stack(0x0000000786400000,0x0000000786500000)]
  0x000001a759f55800 JavaThread "Unconstrained build operations Thread 20" [_thread_blocked, id=7672, stack(0x0000000786500000,0x0000000786600000)]
  0x000001a759f54000 JavaThread "Unconstrained build operations Thread 21" [_thread_blocked, id=5720, stack(0x0000000786600000,0x0000000786700000)]
  0x000001a759f50800 JavaThread "Unconstrained build operations Thread 22" [_thread_blocked, id=16920, stack(0x0000000786700000,0x0000000786800000)]
  0x000001a759f57000 JavaThread "Unconstrained build operations Thread 23" [_thread_blocked, id=10244, stack(0x0000000786800000,0x0000000786900000)]
  0x000001a759f54800 JavaThread "Unconstrained build operations Thread 24" [_thread_blocked, id=11880, stack(0x0000000786900000,0x0000000786a00000)]
  0x000001a759f51800 JavaThread "Unconstrained build operations Thread 25" [_thread_blocked, id=12472, stack(0x0000000786a00000,0x0000000786b00000)]
  0x000001a759f52000 JavaThread "Unconstrained build operations Thread 26" [_thread_blocked, id=17776, stack(0x0000000786b00000,0x0000000786c00000)]
  0x000001a759f58000 JavaThread "Unconstrained build operations Thread 27" [_thread_blocked, id=16264, stack(0x0000000786c00000,0x0000000786d00000)]
  0x000001a759f58800 JavaThread "Unconstrained build operations Thread 28" [_thread_blocked, id=18792, stack(0x0000000786d00000,0x0000000786e00000)]
  0x000001a759f53000 JavaThread "Unconstrained build operations Thread 29" [_thread_blocked, id=16948, stack(0x0000000786e00000,0x0000000786f00000)]
  0x000001a759f5b000 JavaThread "Unconstrained build operations Thread 30" [_thread_blocked, id=18836, stack(0x0000000786f00000,0x0000000787000000)]
  0x000001a759f5d800 JavaThread "Unconstrained build operations Thread 31" [_thread_blocked, id=8344, stack(0x0000000787000000,0x0000000787100000)]
  0x000001a759f59800 JavaThread "Unconstrained build operations Thread 32" [_thread_blocked, id=17500, stack(0x0000000787100000,0x0000000787200000)]
  0x000001a759f5c000 JavaThread "Unconstrained build operations Thread 33" [_thread_blocked, id=11560, stack(0x0000000787200000,0x0000000787300000)]
  0x000001a759f5c800 JavaThread "jar transforms Thread 8" [_thread_blocked, id=17472, stack(0x0000000787300000,0x0000000787400000)]
  0x000001a759f5a800 JavaThread "File lock release action executor Thread 2" [_thread_blocked, id=17492, stack(0x0000000787400000,0x0000000787500000)]
  0x000001a759f5f000 JavaThread "build event listener" [_thread_blocked, id=4928, stack(0x0000000787500000,0x0000000787600000)]
  0x000001a759f5e800 JavaThread "Memory manager" [_thread_blocked, id=8072, stack(0x0000000787600000,0x0000000787700000)]
  0x000001a7583f8000 JavaThread "Cache worker for Build Output Cleanup Cache (D:\learning\React Native\authApp\android\.gradle\buildOutputCleanup)" [_thread_blocked, id=14860, stack(0x0000000787700000,0x0000000787800000)]
  0x000001a7583f3000 JavaThread "Execution worker" [_thread_blocked, id=10276, stack(0x0000000787900000,0x0000000787a00000)]
  0x000001a7583f6000 JavaThread "Execution worker Thread 2" [_thread_blocked, id=16748, stack(0x0000000787a00000,0x0000000787b00000)]
  0x000001a7583f7000 JavaThread "Execution worker Thread 3" [_thread_blocked, id=14424, stack(0x0000000787b00000,0x0000000787c00000)]
  0x000001a7583f4800 JavaThread "Execution worker Thread 4" [_thread_blocked, id=19128, stack(0x0000000787c00000,0x0000000787d00000)]
  0x000001a7583f9800 JavaThread "Execution worker Thread 5" [_thread_blocked, id=5632, stack(0x0000000787d00000,0x0000000787e00000)]
  0x000001a7583f5800 JavaThread "Execution worker Thread 6" [_thread_blocked, id=19276, stack(0x0000000787e00000,0x0000000787f00000)]
  0x000001a7583f3800 JavaThread "Execution worker Thread 7" [_thread_blocked, id=17916, stack(0x0000000787f00000,0x0000000788000000)]
  0x000001a7583ff000 JavaThread "Cache worker for execution history cache (D:\learning\React Native\authApp\node_modules\react-native-gradle-plugin\.gradle\7.5.1\executionHistory)" [_thread_blocked, id=14580, stack(0x0000000788000000,0x0000000788100000)]
  0x000001a7583fc800 JavaThread "Unconstrained build operations Thread 34" [_thread_blocked, id=14924, stack(0x0000000788100000,0x0000000788200000)]
  0x000001a758400000 JavaThread "Unconstrained build operations Thread 35" [_thread_blocked, id=13908, stack(0x0000000788200000,0x0000000788300000)]
  0x000001a7583fa000 JavaThread "Unconstrained build operations Thread 36" [_thread_blocked, id=19420, stack(0x0000000788300000,0x0000000788400000)]
  0x000001a7583fd800 JavaThread "Unconstrained build operations Thread 37" [_thread_blocked, id=17964, stack(0x0000000788400000,0x0000000788500000)]
  0x000001a758401000 JavaThread "Unconstrained build operations Thread 38" [_thread_blocked, id=18724, stack(0x0000000788500000,0x0000000788600000)]
  0x000001a7583fb000 JavaThread "Unconstrained build operations Thread 39" [_thread_blocked, id=17616, stack(0x0000000788600000,0x0000000788700000)]
  0x000001a758401800 JavaThread "Unconstrained build operations Thread 40" [_thread_blocked, id=15140, stack(0x0000000788700000,0x0000000788800000)]
  0x000001a7583fc000 JavaThread "Unconstrained build operations Thread 41" [_thread_blocked, id=832, stack(0x0000000788800000,0x0000000788900000)]
  0x000001a7583fe800 JavaThread "Unconstrained build operations Thread 42" [_thread_blocked, id=18912, stack(0x0000000788900000,0x0000000788a00000)]
  0x000001a754fcd000 JavaThread "Unconstrained build operations Thread 43" [_thread_blocked, id=14244, stack(0x0000000788a00000,0x0000000788b00000)]
  0x000001a754fd2000 JavaThread "Unconstrained build operations Thread 44" [_thread_blocked, id=12960, stack(0x0000000788b00000,0x0000000788c00000)]
  0x000001a754fce800 JavaThread "Unconstrained build operations Thread 45" [_thread_blocked, id=18764, stack(0x0000000788c00000,0x0000000788d00000)]
  0x000001a754fce000 JavaThread "Unconstrained build operations Thread 46" [_thread_blocked, id=15672, stack(0x0000000788d00000,0x0000000788e00000)]
  0x000001a754fcc000 JavaThread "Unconstrained build operations Thread 47" [_thread_blocked, id=16608, stack(0x0000000788e00000,0x0000000788f00000)]
  0x000001a754fcf800 JavaThread "Unconstrained build operations Thread 48" [_thread_blocked, id=19392, stack(0x0000000788f00000,0x0000000789000000)]
  0x000001a754fd3000 JavaThread "Unconstrained build operations Thread 49" [_thread_blocked, id=15572, stack(0x0000000789000000,0x0000000789100000)]
  0x000001a754fd0800 JavaThread "Unconstrained build operations Thread 50" [_thread_blocked, id=18812, stack(0x0000000789100000,0x0000000789200000)]
  0x000001a754fd1000 JavaThread "Unconstrained build operations Thread 51" [_thread_blocked, id=13772, stack(0x0000000789200000,0x0000000789300000)]
  0x000001a75baf8000 JavaThread "Unconstrained build operations Thread 52" [_thread_blocked, id=12440, stack(0x0000000789300000,0x0000000789400000)]
  0x000001a75baf9000 JavaThread "Unconstrained build operations Thread 53" [_thread_blocked, id=13892, stack(0x0000000789400000,0x0000000789500000)]
  0x000001a75baf9800 JavaThread "Unconstrained build operations Thread 54" [_thread_blocked, id=18496, stack(0x0000000789500000,0x0000000789600000)]
  0x000001a75bafa800 JavaThread "Unconstrained build operations Thread 55" [_thread_blocked, id=13664, stack(0x0000000781500000,0x0000000781600000)]
  0x000001a75bafb000 JavaThread "Unconstrained build operations Thread 56" [_thread_blocked, id=20336, stack(0x0000000789600000,0x0000000789700000)]
  0x000001a75bafc000 JavaThread "Unconstrained build operations Thread 57" [_thread_blocked, id=20340, stack(0x0000000789700000,0x0000000789800000)]
  0x000001a75bafd000 JavaThread "Unconstrained build operations Thread 58" [_thread_blocked, id=20344, stack(0x0000000789800000,0x0000000789900000)]
  0x000001a75baf7000 JavaThread "Unconstrained build operations Thread 59" [_thread_blocked, id=20348, stack(0x0000000789900000,0x0000000789a00000)]
  0x000001a75bb02800 JavaThread "Unconstrained build operations Thread 60" [_thread_blocked, id=20352, stack(0x0000000789a00000,0x0000000789b00000)]
  0x000001a75bafd800 JavaThread "Unconstrained build operations Thread 61" [_thread_blocked, id=20356, stack(0x0000000789b00000,0x0000000789c00000)]
  0x000001a75bb00000 JavaThread "Unconstrained build operations Thread 62" [_thread_blocked, id=20360, stack(0x0000000789c00000,0x0000000789d00000)]
  0x000001a75bb03800 JavaThread "Unconstrained build operations Thread 63" [_thread_blocked, id=20364, stack(0x0000000789d00000,0x0000000789e00000)]
  0x000001a75bb01000 JavaThread "Unconstrained build operations Thread 64" [_thread_blocked, id=20368, stack(0x0000000789e00000,0x0000000789f00000)]
  0x000001a75bb04000 JavaThread "Unconstrained build operations Thread 65" [_thread_blocked, id=20372, stack(0x0000000789f00000,0x000000078a000000)]
  0x000001a75bb02000 JavaThread "Unconstrained build operations Thread 66" [_thread_blocked, id=20376, stack(0x000000078a000000,0x000000078a100000)]
  0x000001a75bafe800 JavaThread "Unconstrained build operations Thread 67" [_thread_blocked, id=20380, stack(0x000000078a100000,0x000000078a200000)]
  0x000001a75bb05000 JavaThread "Unconstrained build operations Thread 68" [_thread_blocked, id=20384, stack(0x000000078a200000,0x000000078a300000)]
  0x000001a75baff800 JavaThread "Unconstrained build operations Thread 69" [_thread_blocked, id=20388, stack(0x000000078a300000,0x000000078a400000)]
  0x000001a75bb06000 JavaThread "Unconstrained build operations Thread 70" [_thread_blocked, id=20392, stack(0x000000078a400000,0x000000078a500000)]
  0x000001a756a5e000 JavaThread "Unconstrained build operations Thread 71" [_thread_blocked, id=20396, stack(0x000000078a500000,0x000000078a600000)]
  0x000001a756a5f000 JavaThread "Unconstrained build operations Thread 72" [_thread_blocked, id=20400, stack(0x000000078a600000,0x000000078a700000)]
  0x000001a756a63000 JavaThread "Unconstrained build operations Thread 73" [_thread_blocked, id=20404, stack(0x000000078a700000,0x000000078a800000)]
  0x000001a756a64000 JavaThread "Unconstrained build operations Thread 74" [_thread_blocked, id=20408, stack(0x000000078a800000,0x000000078a900000)]
  0x000001a756a64800 JavaThread "Unconstrained build operations Thread 75" [_thread_blocked, id=20412, stack(0x000000078a900000,0x000000078aa00000)]
  0x000001a756a65800 JavaThread "Unconstrained build operations Thread 76" [_thread_blocked, id=20416, stack(0x000000078aa00000,0x000000078ab00000)]
  0x000001a756a60000 JavaThread "Unconstrained build operations Thread 77" [_thread_blocked, id=20420, stack(0x000000078ab00000,0x000000078ac00000)]
  0x000001a756a66800 JavaThread "Unconstrained build operations Thread 78" [_thread_blocked, id=20424, stack(0x000000078ac00000,0x000000078ad00000)]
  0x000001a756a60800 JavaThread "Unconstrained build operations Thread 79" [_thread_blocked, id=20428, stack(0x000000078ad00000,0x000000078ae00000)]
  0x000001a756a67000 JavaThread "Unconstrained build operations Thread 80" [_thread_blocked, id=20432, stack(0x000000078ae00000,0x000000078af00000)]

Other Threads:
  0x000001a753373000 VMThread "VM Thread" [stack: 0x0000000781c00000,0x0000000781d00000] [id=14524]
  0x000001a753e6d000 WatcherThread [stack: 0x0000000782600000,0x0000000782700000] [id=9200]
  0x000001a7342c1000 GCTaskThread "GC Thread#0" [stack: 0x0000000781700000,0x0000000781800000] [id=17940]
  0x000001a754982000 GCTaskThread "GC Thread#1" [stack: 0x0000000782700000,0x0000000782800000] [id=4208]
  0x000001a754a3b000 GCTaskThread "GC Thread#2" [stack: 0x0000000783200000,0x0000000783300000] [id=10956]
  0x000001a753fa2000 GCTaskThread "GC Thread#3" [stack: 0x0000000783300000,0x0000000783400000] [id=14056]
  0x000001a7554b6800 GCTaskThread "GC Thread#4" [stack: 0x0000000783400000,0x0000000783500000] [id=13476]
  0x000001a7554b7000 GCTaskThread "GC Thread#5" [stack: 0x0000000783500000,0x0000000783600000] [id=11412]
  0x000001a755cc6800 GCTaskThread "GC Thread#6" [stack: 0x0000000783600000,0x0000000783700000] [id=14620]
  0x000001a755cc7000 GCTaskThread "GC Thread#7" [stack: 0x0000000783700000,0x0000000783800000] [id=2944]
  0x000001a7342f3000 ConcurrentGCThread "G1 Main Marker" [stack: 0x0000000781800000,0x0000000781900000] [id=15548]
  0x000001a7342f4000 ConcurrentGCThread "G1 Conc#0" [stack: 0x0000000781900000,0x0000000781a00000] [id=18152]
  0x000001a7560d6000 ConcurrentGCThread "G1 Conc#1" [stack: 0x0000000783c00000,0x0000000783d00000] [id=14440]
  0x000001a7531e2800 ConcurrentGCThread "G1 Refine#0" [stack: 0x0000000781a00000,0x0000000781b00000] [id=8668]
  0x000001a7549e2000 ConcurrentGCThread "G1 Refine#1" [stack: 0x0000000783800000,0x0000000783900000] [id=472]
  0x000001a7531e3000 ConcurrentGCThread "G1 Young RemSet Sampling" [stack: 0x0000000781b00000,0x0000000781c00000] [id=13020]

Threads with active compile tasks:
C2 CompilerThread0   155899 12510       4       java.lang.Class::annotationData (44 bytes)

VM state:not at safepoint (normal execution)

VM Mutex/Monitor currently owned by a thread: None

Heap address: 0x0000000080000000, size: 2048 MB, Compressed Oops mode: 32-bit
Narrow klass base: 0x0000000000000000, Narrow klass shift: 3
Compressed class space size: 528482304 Address: 0x0000000100000000

Heap:
 garbage-first heap   total 183296K, used 136528K [0x0000000080000000, 0x0000000100000000)
  region size 1024K, 6 young (6144K), 1 survivors (1024K)
 Metaspace       used 106097K, capacity 109451K, committed 109648K, reserved 612352K
  class space    used 13927K, capacity 15255K, committed 15360K, reserved 516096K
Heap Regions: E=young(eden), S=young(survivor), O=old, HS=humongous(starts), HC=humongous(continues), CS=collection set, F=free, A=archive, TAMS=top-at-mark-start (previous, next)
|   0|0x0000000080000000, 0x0000000080100000, 0x0000000080100000|100%| O|  |TAMS 0x0000000080100000, 0x0000000080000000| Untracked 
|   1|0x0000000080100000, 0x0000000080200000, 0x0000000080200000|100%| O|  |TAMS 0x0000000080200000, 0x0000000080100000| Untracked 
|   2|0x0000000080200000, 0x0000000080300000, 0x0000000080300000|100%| O|  |TAMS 0x0000000080300000, 0x0000000080200000| Untracked 
|   3|0x0000000080300000, 0x0000000080400000, 0x0000000080400000|100%|HS|  |TAMS 0x0000000080400000, 0x0000000080300000| Complete 
|   4|0x0000000080400000, 0x0000000080500000, 0x0000000080500000|100%|HC|  |TAMS 0x0000000080500000, 0x0000000080400000| Complete 
|   5|0x0000000080500000, 0x0000000080600000, 0x0000000080600000|100%|HC|  |TAMS 0x0000000080600000, 0x0000000080500000| Complete 
|   6|0x0000000080600000, 0x0000000080700000, 0x0000000080700000|100%| O|  |TAMS 0x0000000080700000, 0x0000000080600000| Untracked 
|   7|0x0000000080700000, 0x0000000080800000, 0x0000000080800000|100%| O|  |TAMS 0x0000000080800000, 0x0000000080700000| Untracked 
|   8|0x0000000080800000, 0x0000000080900000, 0x0000000080900000|100%| O|  |TAMS 0x0000000080900000, 0x0000000080800000| Untracked 
|   9|0x0000000080900000, 0x0000000080a00000, 0x0000000080a00000|100%| O|  |TAMS 0x0000000080a00000, 0x0000000080900000| Untracked 
|  10|0x0000000080a00000, 0x0000000080b00000, 0x0000000080b00000|100%| O|  |TAMS 0x0000000080b00000, 0x0000000080a00000| Untracked 
|  11|0x0000000080b00000, 0x0000000080c00000, 0x0000000080c00000|100%| O|  |TAMS 0x0000000080c00000, 0x0000000080b00000| Untracked 
|  12|0x0000000080c00000, 0x0000000080d00000, 0x0000000080d00000|100%| O|  |TAMS 0x0000000080d00000, 0x0000000080c00000| Untracked 
|  13|0x0000000080d00000, 0x0000000080e00000, 0x0000000080e00000|100%| O|  |TAMS 0x0000000080e00000, 0x0000000080d00000| Untracked 
|  14|0x0000000080e00000, 0x0000000080f00000, 0x0000000080f00000|100%| O|  |TAMS 0x0000000080f00000, 0x0000000080e00000| Untracked 
|  15|0x0000000080f00000, 0x0000000081000000, 0x0000000081000000|100%| O|  |TAMS 0x0000000081000000, 0x0000000080f00000| Untracked 
|  16|0x0000000081000000, 0x0000000081100000, 0x0000000081100000|100%| O|  |TAMS 0x0000000081100000, 0x0000000081000000| Untracked 
|  17|0x0000000081100000, 0x0000000081200000, 0x0000000081200000|100%| O|  |TAMS 0x0000000081200000, 0x0000000081100000| Untracked 
|  18|0x0000000081200000, 0x0000000081300000, 0x0000000081300000|100%| O|  |TAMS 0x0000000081300000, 0x0000000081200000| Untracked 
|  19|0x0000000081300000, 0x0000000081400000, 0x0000000081400000|100%| O|  |TAMS 0x0000000081400000, 0x0000000081300000| Untracked 
|  20|0x0000000081400000, 0x0000000081500000, 0x0000000081500000|100%| O|  |TAMS 0x0000000081500000, 0x0000000081400000| Untracked 
|  21|0x0000000081500000, 0x0000000081600000, 0x0000000081600000|100%| O|  |TAMS 0x0000000081600000, 0x0000000081500000| Untracked 
|  22|0x0000000081600000, 0x0000000081700000, 0x0000000081700000|100%| O|  |TAMS 0x0000000081700000, 0x0000000081600000| Untracked 
|  23|0x0000000081700000, 0x0000000081800000, 0x0000000081800000|100%| O|  |TAMS 0x0000000081800000, 0x0000000081700000| Untracked 
|  24|0x0000000081800000, 0x0000000081900000, 0x0000000081900000|100%| O|  |TAMS 0x0000000081900000, 0x0000000081800000| Untracked 
|  25|0x0000000081900000, 0x0000000081a00000, 0x0000000081a00000|100%| O|  |TAMS 0x0000000081a00000, 0x0000000081900000| Untracked 
|  26|0x0000000081a00000, 0x0000000081b00000, 0x0000000081b00000|100%| O|  |TAMS 0x0000000081b00000, 0x0000000081a00000| Untracked 
|  27|0x0000000081b00000, 0x0000000081c00000, 0x0000000081c00000|100%| O|  |TAMS 0x0000000081c00000, 0x0000000081b00000| Untracked 
|  28|0x0000000081c00000, 0x0000000081d00000, 0x0000000081d00000|100%| O|  |TAMS 0x0000000081d00000, 0x0000000081c00000| Untracked 
|  29|0x0000000081d00000, 0x0000000081e00000, 0x0000000081e00000|100%|HS|  |TAMS 0x0000000081e00000, 0x0000000081d00000| Complete 
|  30|0x0000000081e00000, 0x0000000081f00000, 0x0000000081f00000|100%|HS|  |TAMS 0x0000000081f00000, 0x0000000081e00000| Complete 
|  31|0x0000000081f00000, 0x0000000082000000, 0x0000000082000000|100%|HC|  |TAMS 0x0000000082000000, 0x0000000081f00000| Complete 
|  32|0x0000000082000000, 0x0000000082100000, 0x0000000082100000|100%|HC|  |TAMS 0x0000000082100000, 0x0000000082000000| Complete 
|  33|0x0000000082100000, 0x0000000082200000, 0x0000000082200000|100%| O|  |TAMS 0x0000000082200000, 0x0000000082100000| Untracked 
|  34|0x0000000082200000, 0x0000000082300000, 0x0000000082300000|100%| O|  |TAMS 0x0000000082300000, 0x0000000082200000| Untracked 
|  35|0x0000000082300000, 0x0000000082400000, 0x0000000082400000|100%| O|  |TAMS 0x0000000082400000, 0x0000000082300000| Untracked 
|  36|0x0000000082400000, 0x0000000082500000, 0x0000000082500000|100%| O|  |TAMS 0x0000000082500000, 0x0000000082400000| Untracked 
|  37|0x0000000082500000, 0x0000000082600000, 0x0000000082600000|100%| O|  |TAMS 0x0000000082600000, 0x0000000082500000| Untracked 
|  38|0x0000000082600000, 0x0000000082700000, 0x0000000082700000|100%| O|  |TAMS 0x0000000082700000, 0x0000000082600000| Untracked 
|  39|0x0000000082700000, 0x0000000082800000, 0x0000000082800000|100%| O|  |TAMS 0x0000000082800000, 0x0000000082700000| Untracked 
|  40|0x0000000082800000, 0x0000000082900000, 0x0000000082900000|100%| O|  |TAMS 0x0000000082900000, 0x0000000082800000| Untracked 
|  41|0x0000000082900000, 0x0000000082a00000, 0x0000000082a00000|100%| O|  |TAMS 0x0000000082a00000, 0x0000000082900000| Untracked 
|  42|0x0000000082a00000, 0x0000000082b00000, 0x0000000082b00000|100%| O|  |TAMS 0x0000000082b00000, 0x0000000082a00000| Untracked 
|  43|0x0000000082b00000, 0x0000000082c00000, 0x0000000082c00000|100%| O|  |TAMS 0x0000000082c00000, 0x0000000082b00000| Untracked 
|  44|0x0000000082c00000, 0x0000000082d00000, 0x0000000082d00000|100%| O|  |TAMS 0x0000000082d00000, 0x0000000082c00000| Untracked 
|  45|0x0000000082d00000, 0x0000000082e00000, 0x0000000082e00000|100%| O|  |TAMS 0x0000000082e00000, 0x0000000082d00000| Untracked 
|  46|0x0000000082e00000, 0x0000000082f00000, 0x0000000082f00000|100%| O|  |TAMS 0x0000000082f00000, 0x0000000082e00000| Untracked 
|  47|0x0000000082f00000, 0x0000000083000000, 0x0000000083000000|100%|HS|  |TAMS 0x0000000083000000, 0x0000000082f00000| Complete 
|  48|0x0000000083000000, 0x0000000083100000, 0x0000000083100000|100%|HS|  |TAMS 0x0000000083100000, 0x0000000083000000| Complete 
|  49|0x0000000083100000, 0x0000000083200000, 0x0000000083200000|100%| O|  |TAMS 0x0000000083200000, 0x0000000083100000| Untracked 
|  50|0x0000000083200000, 0x0000000083300000, 0x0000000083300000|100%|HS|  |TAMS 0x0000000083300000, 0x0000000083200000| Complete 
|  51|0x0000000083300000, 0x0000000083400000, 0x0000000083400000|100%|HC|  |TAMS 0x0000000083400000, 0x0000000083300000| Complete 
|  52|0x0000000083400000, 0x0000000083500000, 0x0000000083500000|100%| O|  |TAMS 0x0000000083500000, 0x0000000083400000| Untracked 
|  53|0x0000000083500000, 0x0000000083600000, 0x0000000083600000|100%| O|  |TAMS 0x0000000083600000, 0x0000000083500000| Untracked 
|  54|0x0000000083600000, 0x0000000083700000, 0x0000000083700000|100%| O|  |TAMS 0x0000000083700000, 0x0000000083600000| Untracked 
|  55|0x0000000083700000, 0x0000000083800000, 0x0000000083800000|100%| O|  |TAMS 0x0000000083800000, 0x0000000083700000| Untracked 
|  56|0x0000000083800000, 0x0000000083900000, 0x0000000083900000|100%| O|  |TAMS 0x0000000083900000, 0x0000000083800000| Untracked 
|  57|0x0000000083900000, 0x0000000083a00000, 0x0000000083a00000|100%| O|  |TAMS 0x0000000083a00000, 0x0000000083900000| Untracked 
|  58|0x0000000083a00000, 0x0000000083b00000, 0x0000000083b00000|100%| O|  |TAMS 0x0000000083b00000, 0x0000000083a00000| Untracked 
|  59|0x0000000083b00000, 0x0000000083c00000, 0x0000000083c00000|100%| O|  |TAMS 0x0000000083c00000, 0x0000000083b00000| Untracked 
|  60|0x0000000083c00000, 0x0000000083d00000, 0x0000000083d00000|100%| O|  |TAMS 0x0000000083d00000, 0x0000000083c00000| Untracked 
|  61|0x0000000083d00000, 0x0000000083e00000, 0x0000000083e00000|100%| O|  |TAMS 0x0000000083e00000, 0x0000000083d00000| Untracked 
|  62|0x0000000083e00000, 0x0000000083f00000, 0x0000000083f00000|100%| O|  |TAMS 0x0000000083f00000, 0x0000000083e00000| Untracked 
|  63|0x0000000083f00000, 0x0000000084000000, 0x0000000084000000|100%| O|  |TAMS 0x0000000084000000, 0x0000000083f00000| Untracked 
|  64|0x0000000084000000, 0x0000000084100000, 0x0000000084100000|100%| O|  |TAMS 0x0000000084100000, 0x0000000084000000| Untracked 
|  65|0x0000000084100000, 0x0000000084200000, 0x0000000084200000|100%| O|  |TAMS 0x0000000084200000, 0x0000000084100000| Untracked 
|  66|0x0000000084200000, 0x0000000084300000, 0x0000000084300000|100%| O|  |TAMS 0x0000000084300000, 0x0000000084200000| Untracked 
|  67|0x0000000084300000, 0x0000000084400000, 0x0000000084400000|100%| O|  |TAMS 0x0000000084400000, 0x0000000084300000| Untracked 
|  68|0x0000000084400000, 0x0000000084500000, 0x0000000084500000|100%| O|  |TAMS 0x0000000084500000, 0x0000000084400000| Untracked 
|  69|0x0000000084500000, 0x0000000084600000, 0x0000000084600000|100%| O|  |TAMS 0x0000000084600000, 0x0000000084500000| Untracked 
|  70|0x0000000084600000, 0x0000000084700000, 0x0000000084700000|100%| O|  |TAMS 0x0000000084700000, 0x0000000084600000| Untracked 
|  71|0x0000000084700000, 0x0000000084800000, 0x0000000084800000|100%| O|  |TAMS 0x0000000084800000, 0x0000000084700000| Untracked 
|  72|0x0000000084800000, 0x0000000084900000, 0x0000000084900000|100%| O|  |TAMS 0x0000000084900000, 0x0000000084800000| Untracked 
|  73|0x0000000084900000, 0x0000000084a00000, 0x0000000084a00000|100%| O|  |TAMS 0x0000000084a00000, 0x0000000084900000| Untracked 
|  74|0x0000000084a00000, 0x0000000084b00000, 0x0000000084b00000|100%| O|  |TAMS 0x0000000084b00000, 0x0000000084a00000| Untracked 
|  75|0x0000000084b00000, 0x0000000084c00000, 0x0000000084c00000|100%| O|  |TAMS 0x0000000084c00000, 0x0000000084b00000| Untracked 
|  76|0x0000000084c00000, 0x0000000084d00000, 0x0000000084d00000|100%| O|  |TAMS 0x0000000084d00000, 0x0000000084c00000| Untracked 
|  77|0x0000000084d00000, 0x0000000084e00000, 0x0000000084e00000|100%| O|  |TAMS 0x0000000084e00000, 0x0000000084d00000| Untracked 
|  78|0x0000000084e00000, 0x0000000084f00000, 0x0000000084f00000|100%| O|  |TAMS 0x0000000084f00000, 0x0000000084e00000| Untracked 
|  79|0x0000000084f00000, 0x0000000085000000, 0x0000000085000000|100%| O|  |TAMS 0x0000000085000000, 0x0000000084f00000| Untracked 
|  80|0x0000000085000000, 0x0000000085100000, 0x0000000085100000|100%| O|  |TAMS 0x0000000085100000, 0x0000000085000000| Untracked 
|  81|0x0000000085100000, 0x0000000085200000, 0x0000000085200000|100%| O|  |TAMS 0x0000000085200000, 0x0000000085100000| Untracked 
|  82|0x0000000085200000, 0x0000000085300000, 0x0000000085300000|100%| O|  |TAMS 0x0000000085300000, 0x0000000085200000| Untracked 
|  83|0x0000000085300000, 0x0000000085400000, 0x0000000085400000|100%|HS|  |TAMS 0x0000000085400000, 0x0000000085300000| Complete 
|  84|0x0000000085400000, 0x0000000085500000, 0x0000000085500000|100%| O|  |TAMS 0x0000000085500000, 0x0000000085400000| Untracked 
|  85|0x0000000085500000, 0x0000000085600000, 0x0000000085600000|100%| O|  |TAMS 0x0000000085600000, 0x0000000085500000| Untracked 
|  86|0x0000000085600000, 0x0000000085700000, 0x0000000085700000|100%| O|  |TAMS 0x0000000085700000, 0x0000000085600000| Untracked 
|  87|0x0000000085700000, 0x0000000085800000, 0x0000000085800000|100%|HS|  |TAMS 0x0000000085800000, 0x0000000085700000| Complete 
|  88|0x0000000085800000, 0x0000000085900000, 0x0000000085900000|100%|HS|  |TAMS 0x0000000085900000, 0x0000000085800000| Complete 
|  89|0x0000000085900000, 0x0000000085a00000, 0x0000000085a00000|100%|HS|  |TAMS 0x0000000085a00000, 0x0000000085900000| Complete 
|  90|0x0000000085a00000, 0x0000000085b00000, 0x0000000085b00000|100%|HC|  |TAMS 0x0000000085b00000, 0x0000000085a00000| Complete 
|  91|0x0000000085b00000, 0x0000000085c00000, 0x0000000085c00000|100%|HC|  |TAMS 0x0000000085c00000, 0x0000000085b00000| Complete 
|  92|0x0000000085c00000, 0x0000000085d00000, 0x0000000085d00000|100%| O|  |TAMS 0x0000000085d00000, 0x0000000085c00000| Untracked 
|  93|0x0000000085d00000, 0x0000000085e00000, 0x0000000085e00000|100%| O|  |TAMS 0x0000000085e00000, 0x0000000085d00000| Untracked 
|  94|0x0000000085e00000, 0x0000000085f00000, 0x0000000085f00000|100%| O|  |TAMS 0x0000000085f00000, 0x0000000085e00000| Untracked 
|  95|0x0000000085f00000, 0x0000000086000000, 0x0000000086000000|100%| O|  |TAMS 0x0000000086000000, 0x0000000085f00000| Untracked 
|  96|0x0000000086000000, 0x0000000086100000, 0x0000000086100000|100%| O|  |TAMS 0x0000000086100000, 0x0000000086000000| Untracked 
|  97|0x0000000086100000, 0x0000000086200000, 0x0000000086200000|100%| O|  |TAMS 0x0000000086200000, 0x0000000086100000| Untracked 
|  98|0x0000000086200000, 0x0000000086300000, 0x0000000086300000|100%| O|  |TAMS 0x0000000086300000, 0x0000000086200000| Untracked 
|  99|0x0000000086300000, 0x0000000086400000, 0x0000000086400000|100%| O|  |TAMS 0x0000000086400000, 0x0000000086300000| Untracked 
| 100|0x0000000086400000, 0x0000000086500000, 0x0000000086500000|100%| O|  |TAMS 0x0000000086500000, 0x0000000086400000| Untracked 
| 101|0x0000000086500000, 0x0000000086600000, 0x0000000086600000|100%| O|  |TAMS 0x0000000086600000, 0x0000000086500000| Untracked 
| 102|0x0000000086600000, 0x0000000086700000, 0x0000000086700000|100%| O|  |TAMS 0x0000000086700000, 0x0000000086600000| Untracked 
| 103|0x0000000086700000, 0x0000000086800000, 0x0000000086800000|100%| O|  |TAMS 0x0000000086800000, 0x0000000086700000| Untracked 
| 104|0x0000000086800000, 0x0000000086900000, 0x0000000086900000|100%| O|  |TAMS 0x0000000086900000, 0x0000000086800000| Untracked 
| 105|0x0000000086900000, 0x0000000086a00000, 0x0000000086a00000|100%| O|  |TAMS 0x0000000086a00000, 0x0000000086900000| Untracked 
| 106|0x0000000086a00000, 0x0000000086b00000, 0x0000000086b00000|100%|HS|  |TAMS 0x0000000086b00000, 0x0000000086a00000| Complete 
| 107|0x0000000086b00000, 0x0000000086c00000, 0x0000000086c00000|100%| O|  |TAMS 0x0000000086c00000, 0x0000000086b00000| Untracked 
| 108|0x0000000086c00000, 0x0000000086d00000, 0x0000000086d00000|100%| O|  |TAMS 0x0000000086d00000, 0x0000000086c00000| Untracked 
| 109|0x0000000086d00000, 0x0000000086e00000, 0x0000000086e00000|100%|HS|  |TAMS 0x0000000086e00000, 0x0000000086d00000| Complete 
| 110|0x0000000086e00000, 0x0000000086f00000, 0x0000000086f00000|100%|HC|  |TAMS 0x0000000086f00000, 0x0000000086e00000| Complete 
| 111|0x0000000086f00000, 0x0000000087000000, 0x0000000087000000|100%|HC|  |TAMS 0x0000000087000000, 0x0000000086f00000| Complete 
| 112|0x0000000087000000, 0x0000000087100000, 0x0000000087100000|100%| O|  |TAMS 0x0000000087100000, 0x0000000087000000| Untracked 
| 113|0x0000000087100000, 0x0000000087200000, 0x0000000087200000|100%| O|  |TAMS 0x0000000087200000, 0x0000000087100000| Untracked 
| 114|0x0000000087200000, 0x0000000087300000, 0x0000000087300000|100%| O|  |TAMS 0x0000000087300000, 0x0000000087200000| Untracked 
| 115|0x0000000087300000, 0x0000000087400000, 0x0000000087400000|100%|HS|  |TAMS 0x0000000087400000, 0x0000000087300000| Complete 
| 116|0x0000000087400000, 0x0000000087500000, 0x0000000087500000|100%| O|  |TAMS 0x0000000087500000, 0x0000000087400000| Untracked 
| 117|0x0000000087500000, 0x0000000087600000, 0x0000000087600000|100%| O|  |TAMS 0x0000000087600000, 0x0000000087500000| Untracked 
| 118|0x0000000087600000, 0x0000000087700000, 0x0000000087700000|100%| O|  |TAMS 0x0000000087700000, 0x0000000087600000| Untracked 
| 119|0x0000000087700000, 0x0000000087800000, 0x0000000087800000|100%| O|  |TAMS 0x0000000087800000, 0x0000000087700000| Untracked 
| 120|0x0000000087800000, 0x0000000087900000, 0x0000000087900000|100%| O|  |TAMS 0x0000000087900000, 0x0000000087800000| Untracked 
| 121|0x0000000087900000, 0x0000000087a00000, 0x0000000087a00000|100%| O|  |TAMS 0x0000000087a00000, 0x0000000087900000| Untracked 
| 122|0x0000000087a00000, 0x0000000087b00000, 0x0000000087b00000|100%| O|  |TAMS 0x0000000087b00000, 0x0000000087a00000| Untracked 
| 123|0x0000000087b00000, 0x0000000087c00000, 0x0000000087c00000|100%| O|  |TAMS 0x0000000087c00000, 0x0000000087b00000| Untracked 
| 124|0x0000000087c00000, 0x0000000087d00000, 0x0000000087d00000|100%| O|  |TAMS 0x0000000087d00000, 0x0000000087c00000| Untracked 
| 125|0x0000000087d00000, 0x0000000087e00000, 0x0000000087e00000|100%| O|  |TAMS 0x0000000087e00000, 0x0000000087d00000| Untracked 
| 126|0x0000000087e00000, 0x0000000087f00000, 0x0000000087f00000|100%| O|  |TAMS 0x0000000087f00000, 0x0000000087e00000| Untracked 
| 127|0x0000000087f00000, 0x0000000088000000, 0x0000000088000000|100%| O|  |TAMS 0x0000000088000000, 0x0000000087f00000| Untracked 
| 128|0x0000000088000000, 0x0000000088076800, 0x0000000088100000| 46%| O|  |TAMS 0x0000000088076800, 0x0000000088000000| Untracked 
| 129|0x0000000088100000, 0x0000000088100000, 0x0000000088200000|  0%| F|  |TAMS 0x0000000088100000, 0x0000000088100000| Untracked 
| 130|0x0000000088200000, 0x0000000088200000, 0x0000000088300000|  0%| F|  |TAMS 0x0000000088200000, 0x0000000088200000| Untracked 
| 131|0x0000000088300000, 0x0000000088300000, 0x0000000088400000|  0%| F|  |TAMS 0x0000000088300000, 0x0000000088300000| Untracked 
| 132|0x0000000088400000, 0x0000000088400000, 0x0000000088500000|  0%| F|  |TAMS 0x0000000088400000, 0x0000000088400000| Untracked 
| 133|0x0000000088500000, 0x0000000088500000, 0x0000000088600000|  0%| F|  |TAMS 0x0000000088500000, 0x0000000088500000| Untracked 
| 134|0x0000000088600000, 0x0000000088600000, 0x0000000088700000|  0%| F|  |TAMS 0x0000000088600000, 0x0000000088600000| Untracked 
| 135|0x0000000088700000, 0x0000000088700000, 0x0000000088800000|  0%| F|  |TAMS 0x0000000088700000, 0x0000000088700000| Untracked 
| 136|0x0000000088800000, 0x0000000088800000, 0x0000000088900000|  0%| F|  |TAMS 0x0000000088800000, 0x0000000088800000| Untracked 
| 137|0x0000000088900000, 0x0000000088900000, 0x0000000088a00000|  0%| F|  |TAMS 0x0000000088900000, 0x0000000088900000| Untracked 
| 138|0x0000000088a00000, 0x0000000088a00000, 0x0000000088b00000|  0%| F|  |TAMS 0x0000000088a00000, 0x0000000088a00000| Untracked 
| 139|0x0000000088b00000, 0x0000000088b00000, 0x0000000088c00000|  0%| F|  |TAMS 0x0000000088b00000, 0x0000000088b00000| Untracked 
| 140|0x0000000088c00000, 0x0000000088c00000, 0x0000000088d00000|  0%| F|  |TAMS 0x0000000088c00000, 0x0000000088c00000| Untracked 
| 141|0x0000000088d00000, 0x0000000088d00000, 0x0000000088e00000|  0%| F|  |TAMS 0x0000000088d00000, 0x0000000088d00000| Untracked 
| 142|0x0000000088e00000, 0x0000000088e00000, 0x0000000088f00000|  0%| F|  |TAMS 0x0000000088e00000, 0x0000000088e00000| Untracked 
| 143|0x0000000088f00000, 0x0000000088f00000, 0x0000000089000000|  0%| F|  |TAMS 0x0000000088f00000, 0x0000000088f00000| Untracked 
| 144|0x0000000089000000, 0x0000000089000000, 0x0000000089100000|  0%| F|  |TAMS 0x0000000089000000, 0x0000000089000000| Untracked 
| 145|0x0000000089100000, 0x0000000089100000, 0x0000000089200000|  0%| F|  |TAMS 0x0000000089100000, 0x0000000089100000| Untracked 
| 146|0x0000000089200000, 0x0000000089200000, 0x0000000089300000|  0%| F|  |TAMS 0x0000000089200000, 0x0000000089200000| Untracked 
| 147|0x0000000089300000, 0x0000000089300000, 0x0000000089400000|  0%| F|  |TAMS 0x0000000089300000, 0x0000000089300000| Untracked 
| 148|0x0000000089400000, 0x0000000089400000, 0x0000000089500000|  0%| F|  |TAMS 0x0000000089400000, 0x0000000089400000| Untracked 
| 149|0x0000000089500000, 0x0000000089500000, 0x0000000089600000|  0%| F|  |TAMS 0x0000000089500000, 0x0000000089500000| Untracked 
| 150|0x0000000089600000, 0x0000000089600000, 0x0000000089700000|  0%| F|  |TAMS 0x0000000089600000, 0x0000000089600000| Untracked 
| 151|0x0000000089700000, 0x0000000089700000, 0x0000000089800000|  0%| F|  |TAMS 0x0000000089700000, 0x0000000089700000| Untracked 
| 152|0x0000000089800000, 0x0000000089800000, 0x0000000089900000|  0%| F|  |TAMS 0x0000000089800000, 0x0000000089800000| Untracked 
| 153|0x0000000089900000, 0x0000000089900000, 0x0000000089a00000|  0%| F|  |TAMS 0x0000000089900000, 0x0000000089900000| Untracked 
| 154|0x0000000089a00000, 0x0000000089a00000, 0x0000000089b00000|  0%| F|  |TAMS 0x0000000089a00000, 0x0000000089a00000| Untracked 
| 155|0x0000000089b00000, 0x0000000089b00000, 0x0000000089c00000|  0%| F|  |TAMS 0x0000000089b00000, 0x0000000089b00000| Untracked 
| 156|0x0000000089c00000, 0x0000000089c00000, 0x0000000089d00000|  0%| F|  |TAMS 0x0000000089c00000, 0x0000000089c00000| Untracked 
| 157|0x0000000089d00000, 0x0000000089d00000, 0x0000000089e00000|  0%| F|  |TAMS 0x0000000089d00000, 0x0000000089d00000| Untracked 
| 158|0x0000000089e00000, 0x0000000089eddbc8, 0x0000000089f00000| 86%| S|CS|TAMS 0x0000000089e00000, 0x0000000089e00000| Complete 
| 159|0x0000000089f00000, 0x0000000089f00000, 0x000000008a000000|  0%| F|  |TAMS 0x0000000089f00000, 0x0000000089f00000| Untracked 
| 160|0x000000008a000000, 0x000000008a000000, 0x000000008a100000|  0%| F|  |TAMS 0x000000008a000000, 0x000000008a000000| Untracked 
| 161|0x000000008a100000, 0x000000008a100000, 0x000000008a200000|  0%| F|  |TAMS 0x000000008a100000, 0x000000008a100000| Untracked 
| 162|0x000000008a200000, 0x000000008a200000, 0x000000008a300000|  0%| F|  |TAMS 0x000000008a200000, 0x000000008a200000| Untracked 
| 163|0x000000008a300000, 0x000000008a300000, 0x000000008a400000|  0%| F|  |TAMS 0x000000008a300000, 0x000000008a300000| Untracked 
| 164|0x000000008a400000, 0x000000008a400000, 0x000000008a500000|  0%| F|  |TAMS 0x000000008a400000, 0x000000008a400000| Untracked 
| 165|0x000000008a500000, 0x000000008a500000, 0x000000008a600000|  0%| F|  |TAMS 0x000000008a500000, 0x000000008a500000| Untracked 
| 166|0x000000008a600000, 0x000000008a600000, 0x000000008a700000|  0%| F|  |TAMS 0x000000008a600000, 0x000000008a600000| Untracked 
| 167|0x000000008a700000, 0x000000008a700000, 0x000000008a800000|  0%| F|  |TAMS 0x000000008a700000, 0x000000008a700000| Untracked 
| 168|0x000000008a800000, 0x000000008a800000, 0x000000008a900000|  0%| F|  |TAMS 0x000000008a800000, 0x000000008a800000| Untracked 
| 169|0x000000008a900000, 0x000000008a900000, 0x000000008aa00000|  0%| F|  |TAMS 0x000000008a900000, 0x000000008a900000| Untracked 
| 170|0x000000008aa00000, 0x000000008aa00000, 0x000000008ab00000|  0%| F|  |TAMS 0x000000008aa00000, 0x000000008aa00000| Untracked 
| 171|0x000000008ab00000, 0x000000008ab00000, 0x000000008ac00000|  0%| F|  |TAMS 0x000000008ab00000, 0x000000008ab00000| Untracked 
| 172|0x000000008ac00000, 0x000000008ac00000, 0x000000008ad00000|  0%| F|  |TAMS 0x000000008ac00000, 0x000000008ac00000| Untracked 
| 173|0x000000008ad00000, 0x000000008ad00000, 0x000000008ae00000|  0%| F|  |TAMS 0x000000008ad00000, 0x000000008ad00000| Untracked 
| 174|0x000000008ae00000, 0x000000008aec1998, 0x000000008af00000| 75%| E|  |TAMS 0x000000008ae00000, 0x000000008ae00000| Complete 
| 175|0x000000008af00000, 0x000000008b000000, 0x000000008b000000|100%| E|CS|TAMS 0x000000008af00000, 0x000000008af00000| Complete 
| 176|0x000000008b000000, 0x000000008b100000, 0x000000008b100000|100%| E|CS|TAMS 0x000000008b000000, 0x000000008b000000| Complete 
| 177|0x000000008b100000, 0x000000008b200000, 0x000000008b200000|100%| E|CS|TAMS 0x000000008b100000, 0x000000008b100000| Complete 
| 178|0x000000008b200000, 0x000000008b300000, 0x000000008b300000|100%| E|CS|TAMS 0x000000008b200000, 0x000000008b200000| Complete 

Card table byte_map: [0x000001a74c150000,0x000001a74c550000] _byte_map_base: 0x000001a74bd50000

Marking Bits (Prev, Next): (CMBitMap*) 0x000001a7342e9f70, (CMBitMap*) 0x000001a7342e9f38
 Prev Bits: [0x000001a74e950000, 0x000001a750950000)
 Next Bits: [0x000001a74c950000, 0x000001a74e950000)

Polling page: 0x000001a732000000

Metaspace:

Usage:
  Non-class:     91.99 MB capacity,    90.01 MB ( 98%) used,     1.68 MB (  2%) free+waste,   305.19 KB ( <1%) overhead. 
      Class:     14.93 MB capacity,    13.60 MB ( 91%) used,     1.19 MB (  8%) free+waste,   141.44 KB ( <1%) overhead. 
       Both:    106.92 MB capacity,   103.61 MB ( 97%) used,     2.87 MB (  3%) free+waste,   446.63 KB ( <1%) overhead. 

Virtual space:
  Non-class space:       94.00 MB reserved,      92.08 MB ( 98%) committed 
      Class space:      504.00 MB reserved,      15.00 MB (  3%) committed 
             Both:      598.00 MB reserved,     107.08 MB ( 18%) committed 

Chunk freelists:
   Non-Class:  28.00 KB
       Class:  9.00 KB
        Both:  37.00 KB

MaxMetaspaceSize: 512.00 MB
CompressedClassSpaceSize: 504.00 MB
Initial GC threshold: 20.80 MB
Current GC threshold: 177.84 MB
CDS: off

CodeHeap 'non-profiled nmethods': size=120000Kb used=7963Kb max_used=7963Kb free=112036Kb
 bounds [0x000001a7444f0000, 0x000001a744cc0000, 0x000001a74ba20000]
CodeHeap 'profiled nmethods': size=120000Kb used=28581Kb max_used=28581Kb free=91418Kb
 bounds [0x000001a73cfc0000, 0x000001a73ebb0000, 0x000001a7444f0000]
CodeHeap 'non-nmethods': size=5760Kb used=2416Kb max_used=2478Kb free=3343Kb
 bounds [0x000001a73ca20000, 0x000001a73ccb0000, 0x000001a73cfc0000]
 total_blobs=13449 nmethods=12514 adapters=845
 compilation: enabled
              stopped_count=0, restarted_count=0
 full_count=0

Compilation events (20 events):
Event: 155.483 Thread 0x000001a7533a0800 12613       1       com.sun.xml.bind.v2.model.impl.ClassInfoImpl::access$100 (5 bytes)
Event: 155.483 Thread 0x000001a7533a0800 nmethod 12613 0x000001a744cb6390 code [0x000001a744cb6540, 0x000001a744cb65d8]
Event: 155.483 Thread 0x000001a7533a0800 12614       3       com.sun.xml.bind.v2.model.nav.ReflectionNavigator::erasure (9 bytes)
Event: 155.484 Thread 0x000001a7533a0800 nmethod 12614 0x000001a73eb9ff90 code [0x000001a73eba0160, 0x000001a73eba04e8]
Event: 155.488 Thread 0x000001a7533a0800 12615   !   3       com.sun.proxy.$Proxy116::annotationType (29 bytes)
Event: 155.489 Thread 0x000001a7533a0800 nmethod 12615 0x000001a73eba0610 code [0x000001a73eba0800, 0x000001a73eba0bd8]
Event: 155.489 Thread 0x000001a7533a0800 12616       3       java.lang.Class$Atomic::casAnnotationData (13 bytes)
Event: 155.489 Thread 0x000001a7533a0800 nmethod 12616 0x000001a73eba0d90 code [0x000001a73eba0f40, 0x000001a73eba1078]
Event: 155.489 Thread 0x000001a7533a0800 12617       3       com.sun.xml.bind.v2.model.impl.TypeInfoSetImpl::getClassInfo (86 bytes)
Event: 155.490 Thread 0x000001a7533a0800 nmethod 12617 0x000001a73eba1110 code [0x000001a73eba1360, 0x000001a73eba1ec8]
Event: 155.490 Thread 0x000001a7533a0800 12618       3       com.sun.xml.bind.v2.model.nav.ReflectionNavigator::isArray (9 bytes)
Event: 155.490 Thread 0x000001a7533a0800 nmethod 12618 0x000001a73eba2190 code [0x000001a73eba2380, 0x000001a73eba2988]
Event: 155.490 Thread 0x000001a7533a0800 12619       3       com.sun.xml.bind.v2.model.nav.ReflectionNavigator::isArray (28 bytes)
Event: 155.490 Thread 0x000001a7533a0800 nmethod 12619 0x000001a73eba2a90 code [0x000001a73eba2c60, 0x000001a73eba3108]
Event: 155.490 Thread 0x000001a7533a0800 12620       3       com.sun.xml.bind.v2.model.impl.ModelBuilder::getTypeInfo (116 bytes)
Event: 155.491 Thread 0x000001a7533a0800 nmethod 12620 0x000001a73eba3210 code [0x000001a73eba34c0, 0x000001a73eba4518]
Event: 155.494 Thread 0x000001a7533a0800 12621       3       com.sun.xml.bind.v2.model.annotation.RuntimeInlineAnnotationReader::getMethodAnnotation (11 bytes)
Event: 155.495 Thread 0x000001a7533a0800 nmethod 12621 0x000001a73eba4990 code [0x000001a73eba4be0, 0x000001a73eba54d8]
Event: 155.495 Thread 0x000001a7533a0800 12622       3       com.sun.xml.bind.v2.model.annotation.RuntimeInlineAnnotationReader::getMethodAnnotation (10 bytes)
Event: 155.496 Thread 0x000001a7533a0800 nmethod 12622 0x000001a73eba5810 code [0x000001a73eba5a60, 0x000001a73eba61f8]

GC Heap History (20 events):
Event: 135.095 GC heap before
{Heap before GC invocations=67 (full 0):
 garbage-first heap   total 152576K, used 116467K [0x0000000080000000, 0x0000000100000000)
  region size 1024K, 11 young (11264K), 2 survivors (2048K)
 Metaspace       used 98047K, capacity 101012K, committed 101200K, reserved 604160K
  class space    used 12833K, capacity 13992K, committed 14080K, reserved 516096K
}
Event: 135.109 GC heap after
{Heap after GC invocations=68 (full 0):
 garbage-first heap   total 152576K, used 110093K [0x0000000080000000, 0x0000000100000000)
  region size 1024K, 2 young (2048K), 2 survivors (2048K)
 Metaspace       used 98047K, capacity 101012K, committed 101200K, reserved 604160K
  class space    used 12833K, capacity 13992K, committed 14080K, reserved 516096K
}
Event: 138.567 GC heap before
{Heap before GC invocations=69 (full 0):
 garbage-first heap   total 152576K, used 111117K [0x0000000080000000, 0x0000000100000000)
  region size 1024K, 3 young (3072K), 2 survivors (2048K)
 Metaspace       used 98052K, capacity 101012K, committed 101200K, reserved 604160K
  class space    used 12833K, capacity 13992K, committed 14080K, reserved 516096K
}
Event: 138.579 GC heap after
{Heap after GC invocations=70 (full 0):
 garbage-first heap   total 152576K, used 111568K [0x0000000080000000, 0x0000000100000000)
  region size 1024K, 1 young (1024K), 1 survivors (1024K)
 Metaspace       used 98052K, capacity 101012K, committed 101200K, reserved 604160K
  class space    used 12833K, capacity 13992K, committed 14080K, reserved 516096K
}
Event: 139.221 GC heap before
{Heap before GC invocations=71 (full 0):
 garbage-first heap   total 152576K, used 123856K [0x0000000080000000, 0x0000000100000000)
  region size 1024K, 10 young (10240K), 1 survivors (1024K)
 Metaspace       used 98690K, capacity 101715K, committed 101840K, reserved 604160K
  class space    used 12922K, capacity 14097K, committed 14208K, reserved 516096K
}
Event: 139.224 GC heap after
{Heap after GC invocations=72 (full 0):
 garbage-first heap   total 183296K, used 115344K [0x0000000080000000, 0x0000000100000000)
  region size 1024K, 2 young (2048K), 2 survivors (2048K)
 Metaspace       used 98690K, capacity 101715K, committed 101840K, reserved 604160K
  class space    used 12922K, capacity 14097K, committed 14208K, reserved 516096K
}
Event: 140.185 GC heap before
{Heap before GC invocations=72 (full 0):
 garbage-first heap   total 183296K, used 135824K [0x0000000080000000, 0x0000000100000000)
  region size 1024K, 22 young (22528K), 2 survivors (2048K)
 Metaspace       used 99696K, capacity 102780K, committed 102992K, reserved 606208K
  class space    used 13037K, capacity 14235K, committed 14336K, reserved 516096K
}
Event: 140.191 GC heap after
{Heap after GC invocations=73 (full 0):
 garbage-first heap   total 183296K, used 117176K [0x0000000080000000, 0x0000000100000000)
  region size 1024K, 3 young (3072K), 3 survivors (3072K)
 Metaspace       used 99696K, capacity 102780K, committed 102992K, reserved 606208K
  class space    used 13037K, capacity 14235K, committed 14336K, reserved 516096K
}
Event: 144.049 GC heap before
{Heap before GC invocations=74 (full 0):
 garbage-first heap   total 183296K, used 139704K [0x0000000080000000, 0x0000000100000000)
  region size 1024K, 25 young (25600K), 3 survivors (3072K)
 Metaspace       used 100278K, capacity 103506K, committed 103632K, reserved 606208K
  class space    used 13108K, capacity 14343K, committed 14464K, reserved 516096K
}
Event: 144.059 GC heap after
{Heap after GC invocations=75 (full 0):
 garbage-first heap   total 183296K, used 119183K [0x0000000080000000, 0x0000000100000000)
  region size 1024K, 4 young (4096K), 4 survivors (4096K)
 Metaspace       used 100278K, capacity 103506K, committed 103632K, reserved 606208K
  class space    used 13108K, capacity 14343K, committed 14464K, reserved 516096K
}
Event: 148.082 GC heap before
{Heap before GC invocations=75 (full 0):
 garbage-first heap   total 183296K, used 138639K [0x0000000080000000, 0x0000000100000000)
  region size 1024K, 25 young (25600K), 4 survivors (4096K)
 Metaspace       used 100323K, capacity 103521K, committed 103888K, reserved 606208K
  class space    used 13110K, capacity 14346K, committed 14464K, reserved 516096K
}
Event: 148.096 GC heap after
{Heap after GC invocations=76 (full 0):
 garbage-first heap   total 183296K, used 121039K [0x0000000080000000, 0x0000000100000000)
  region size 1024K, 4 young (4096K), 4 survivors (4096K)
 Metaspace       used 100323K, capacity 103521K, committed 103888K, reserved 606208K
  class space    used 13110K, capacity 14346K, committed 14464K, reserved 516096K
}
Event: 151.558 GC heap before
{Heap before GC invocations=77 (full 0):
 garbage-first heap   total 183296K, used 144591K [0x0000000080000000, 0x0000000100000000)
  region size 1024K, 27 young (27648K), 4 survivors (4096K)
 Metaspace       used 101633K, capacity 104867K, committed 105040K, reserved 608256K
  class space    used 13272K, capacity 14516K, committed 14592K, reserved 516096K
}
Event: 151.570 GC heap after
{Heap after GC invocations=78 (full 0):
 garbage-first heap   total 183296K, used 125495K [0x0000000080000000, 0x0000000100000000)
  region size 1024K, 4 young (4096K), 4 survivors (4096K)
 Metaspace       used 101633K, capacity 104867K, committed 105040K, reserved 608256K
  class space    used 13272K, capacity 14516K, committed 14592K, reserved 516096K
}
Event: 153.199 GC heap before
{Heap before GC invocations=78 (full 0):
 garbage-first heap   total 183296K, used 146999K [0x0000000080000000, 0x0000000100000000)
  region size 1024K, 26 young (26624K), 4 survivors (4096K)
 Metaspace       used 102437K, capacity 105664K, committed 105936K, reserved 608256K
  class space    used 13380K, capacity 14693K, committed 14720K, reserved 516096K
}
Event: 153.219 GC heap after
{Heap after GC invocations=79 (full 0):
 garbage-first heap   total 183296K, used 128439K [0x0000000080000000, 0x0000000100000000)
  region size 1024K, 3 young (3072K), 3 survivors (3072K)
 Metaspace       used 102437K, capacity 105664K, committed 105936K, reserved 608256K
  class space    used 13380K, capacity 14693K, committed 14720K, reserved 516096K
}
Event: 154.263 GC heap before
{Heap before GC invocations=80 (full 0):
 garbage-first heap   total 183296K, used 149943K [0x0000000080000000, 0x0000000100000000)
  region size 1024K, 24 young (24576K), 3 survivors (3072K)
 Metaspace       used 103543K, capacity 106877K, committed 107216K, reserved 610304K
  class space    used 13529K, capacity 14854K, committed 14976K, reserved 516096K
}
Event: 154.270 GC heap after
{Heap after GC invocations=81 (full 0):
 garbage-first heap   total 183296K, used 131414K [0x0000000080000000, 0x0000000100000000)
  region size 1024K, 3 young (3072K), 3 survivors (3072K)
 Metaspace       used 103543K, capacity 106877K, committed 107216K, reserved 610304K
  class space    used 13529K, capacity 14854K, committed 14976K, reserved 516096K
}
Event: 155.342 GC heap before
{Heap before GC invocations=81 (full 0):
 garbage-first heap   total 183296K, used 151894K [0x0000000080000000, 0x0000000100000000)
  region size 1024K, 23 young (23552K), 3 survivors (3072K)
 Metaspace       used 105704K, capacity 109099K, committed 109264K, reserved 610304K
  class space    used 13874K, capacity 15223K, committed 15232K, reserved 516096K
}
Event: 155.355 GC heap after
{Heap after GC invocations=82 (full 0):
 garbage-first heap   total 183296K, used 132432K [0x0000000080000000, 0x0000000100000000)
  region size 1024K, 1 young (1024K), 1 survivors (1024K)
 Metaspace       used 105704K, capacity 109099K, committed 109264K, reserved 610304K
  class space    used 13874K, capacity 15223K, committed 15232K, reserved 516096K
}

Deoptimization events (20 events):
Event: 153.609 Thread 0x000001a75527f000 Uncommon trap: trap_request=0xffffff4d fr.pc=0x000001a74491158c relative=0x000000000000006c
Event: 153.609 Thread 0x000001a75527f000 Uncommon trap: reason=unstable_if action=reinterpret pc=0x000001a74491158c method=com.google.common.cache.LocalCache.isExpired(Lcom/google/common/cache/ReferenceEntry;J)Z @ 9 c2
Event: 153.609 Thread 0x000001a75527f000 DEOPT PACKING pc=0x000001a74491158c sp=0x0000000782ef9300
Event: 153.609 Thread 0x000001a75527f000 DEOPT UNPACKING pc=0x000001a73ca285af sp=0x0000000782ef9290 mode 2
Event: 153.666 Thread 0x000001a75527f000 Uncommon trap: trap_request=0xffffff4d fr.pc=0x000001a744b20a58 relative=0x0000000000000438
Event: 153.666 Thread 0x000001a75527f000 Uncommon trap: reason=unstable_if action=reinterpret pc=0x000001a744b20a58 method=com.google.common.cache.LocalCache.isExpired(Lcom/google/common/cache/ReferenceEntry;J)Z @ 9 c2
Event: 153.666 Thread 0x000001a75527f000 DEOPT PACKING pc=0x000001a744b20a58 sp=0x0000000782ef9270
Event: 153.666 Thread 0x000001a75527f000 DEOPT UNPACKING pc=0x000001a73ca285af sp=0x0000000782ef9150 mode 2
Event: 153.870 Thread 0x000001a75527f000 Uncommon trap: trap_request=0xffffff7e fr.pc=0x000001a744b50ac8 relative=0x0000000000000088
Event: 153.870 Thread 0x000001a75527f000 Uncommon trap: reason=predicate action=maybe_recompile pc=0x000001a744b50ac8 method=java.util.TimSort.binarySort([Ljava/lang/Object;IIILjava/util/Comparator;)V @ 34 c2
Event: 153.870 Thread 0x000001a75527f000 DEOPT PACKING pc=0x000001a744b50ac8 sp=0x0000000782ef8ee0
Event: 153.870 Thread 0x000001a75527f000 DEOPT UNPACKING pc=0x000001a73ca285af sp=0x0000000782ef8ea0 mode 2
Event: 154.375 Thread 0x000001a75527f000 Uncommon trap: trap_request=0xffffff4d fr.pc=0x000001a74496ec0c relative=0x0000000000001aec
Event: 154.375 Thread 0x000001a75527f000 Uncommon trap: reason=unstable_if action=reinterpret pc=0x000001a74496ec0c method=sun.nio.fs.WindowsPathParser.normalize(Ljava/lang/StringBuilder;Ljava/lang/String;I)Ljava/lang/String; @ 172 c2
Event: 154.375 Thread 0x000001a75527f000 DEOPT PACKING pc=0x000001a74496ec0c sp=0x0000000782ef8f40
Event: 154.375 Thread 0x000001a75527f000 DEOPT UNPACKING pc=0x000001a73ca285af sp=0x0000000782ef8f30 mode 2
Event: 154.919 Thread 0x000001a75527f000 Uncommon trap: trap_request=0xffffffde fr.pc=0x000001a7449ed974 relative=0x0000000000002134
Event: 154.919 Thread 0x000001a75527f000 Uncommon trap: reason=class_check action=maybe_recompile pc=0x000001a7449ed974 method=java.lang.Class.createAnnotationData(I)Ljava/lang/Class$AnnotationData; @ 103 c2
Event: 154.919 Thread 0x000001a75527f000 DEOPT PACKING pc=0x000001a7449ed974 sp=0x0000000782ef8450
Event: 154.919 Thread 0x000001a75527f000 DEOPT UNPACKING pc=0x000001a73ca285af sp=0x0000000782ef82e8 mode 2

Classes redefined (0 events):
No events

Internal exceptions (20 events):
Event: 151.659 Thread 0x000001a75527f000 Exception <a 'java/lang/ClassNotFoundException'{0x000000008af95990}: org/jetbrains/kotlin/gradle/targets/js/npm/DefaultDevNpmDependencyExtensionCustomizer> (0x000000008af95990) thrown at [./src/hotspot/share/classfile/systemDictionary.cpp, line 230]
Event: 151.664 Thread 0x000001a75527f000 Exception <a 'java/lang/ClassNotFoundException'{0x000000008ae05ba8}: org/jetbrains/kotlin/gradle/targets/js/npm/DefaultPeerNpmDependencyExtensionBeanInfo> (0x000000008ae05ba8) thrown at [./src/hotspot/share/classfile/systemDictionary.cpp, line 230]
Event: 151.665 Thread 0x000001a75527f000 Exception <a 'java/lang/ClassNotFoundException'{0x000000008ae35240}: org/jetbrains/kotlin/gradle/targets/js/npm/DefaultPeerNpmDependencyExtensionCustomizer> (0x000000008ae35240) thrown at [./src/hotspot/share/classfile/systemDictionary.cpp, line 230]
Event: 151.669 Thread 0x000001a75527f000 Exception <a 'java/lang/ClassNotFoundException'{0x000000008aeaf438}: org/jetbrains/kotlin/gradle/targets/js/npm/DefaultPeerNpmDependencyExtension$delegate$1BeanInfo> (0x000000008aeaf438) thrown at [./src/hotspot/share/classfile/systemDictionary.cpp, line 230]
Event: 151.670 Thread 0x000001a75527f000 Exception <a 'java/lang/ClassNotFoundException'{0x000000008aee1670}: org/jetbrains/kotlin/gradle/targets/js/npm/DefaultPeerNpmDependencyExtension$delegate$1Customizer> (0x000000008aee1670) thrown at [./src/hotspot/share/classfile/systemDictionary.cpp, line 230]
Event: 151.750 Thread 0x000001a75527f000 Exception <a 'java/lang/ClassNotFoundException'{0x000000008ada1f48}: build_5e84k33fqm3egp2pna4irg14p$_run_closure1BeanInfo> (0x000000008ada1f48) thrown at [./src/hotspot/share/classfile/systemDictionary.cpp, line 230]
Event: 151.754 Thread 0x000001a75527f000 Exception <a 'java/lang/ClassNotFoundException'{0x000000008adb7270}: build_5e84k33fqm3egp2pna4irg14p$_run_closure1Customizer> (0x000000008adb7270) thrown at [./src/hotspot/share/classfile/systemDictionary.cpp, line 230]
Event: 151.889 Thread 0x000001a75527f000 Exception <a 'java/lang/ClassNotFoundException'{0x000000008acc35e8}: org/jetbrains/kotlin/gradle/plugin/sources/DefaultKotlinSourceSetBeanInfo> (0x000000008acc35e8) thrown at [./src/hotspot/share/classfile/systemDictionary.cpp, line 230]
Event: 151.890 Thread 0x000001a75527f000 Exception <a 'java/lang/ClassNotFoundException'{0x000000008acf37c8}: org/jetbrains/kotlin/gradle/plugin/sources/DefaultKotlinSourceSetCustomizer> (0x000000008acf37c8) thrown at [./src/hotspot/share/classfile/systemDictionary.cpp, line 230]
Event: 152.152 Thread 0x000001a75527f000 Exception <a 'java/lang/NoClassDefFoundError'{0x000000008a346160}: org/jetbrains/kotlin/gradle/plugin/KotlinBasePluginWrapper> (0x000000008a346160) thrown at [./src/hotspot/share/oops/constantPool.cpp, line 775]
Event: 153.130 Thread 0x000001a75527f000 Exception <a 'java/lang/ClassNotFoundException'{0x0000000089e796d0}: build_dxtt9os07q1bo9l4snn5qg3coBeanInfo> (0x0000000089e796d0) thrown at [./src/hotspot/share/classfile/systemDictionary.cpp, line 230]
Event: 153.131 Thread 0x000001a75527f000 Exception <a 'java/lang/ClassNotFoundException'{0x0000000089e85730}: build_dxtt9os07q1bo9l4snn5qg3coCustomizer> (0x0000000089e85730) thrown at [./src/hotspot/share/classfile/systemDictionary.cpp, line 230]
Event: 153.185 Thread 0x000001a75527f000 Exception <a 'java/lang/ClassNotFoundException'{0x0000000089d65580}: build_dxtt9os07q1bo9l4snn5qg3coBeanInfo> (0x0000000089d65580) thrown at [./src/hotspot/share/classfile/systemDictionary.cpp, line 230]
Event: 153.185 Thread 0x000001a75527f000 Exception <a 'java/lang/ClassNotFoundException'{0x0000000089d71828}: build_dxtt9os07q1bo9l4snn5qg3coCustomizer> (0x0000000089d71828) thrown at [./src/hotspot/share/classfile/systemDictionary.cpp, line 230]
Event: 153.230 Thread 0x000001a75527f000 Exception <a 'java/lang/ClassNotFoundException'{0x000000008b2d95d0}: build_dxtt9os07q1bo9l4snn5qg3co$_run_closure1BeanInfo> (0x000000008b2d95d0) thrown at [./src/hotspot/share/classfile/systemDictionary.cpp, line 230]
Event: 153.231 Thread 0x000001a75527f000 Exception <a 'java/lang/ClassNotFoundException'{0x000000008b2e9338}: build_dxtt9os07q1bo9l4snn5qg3co$_run_closure1Customizer> (0x000000008b2e9338) thrown at [./src/hotspot/share/classfile/systemDictionary.cpp, line 230]
Event: 153.466 Thread 0x000001a75527f000 Exception <a 'java/lang/NoClassDefFoundError'{0x000000008af716f0}: org/jetbrains/kotlin/gradle/plugin/KotlinBasePluginWrapper> (0x000000008af716f0) thrown at [./src/hotspot/share/oops/constantPool.cpp, line 775]
Event: 153.497 Thread 0x000001a75527f000 Implicit null exception at 0x000001a744b72779 to 0x000001a744b72ed4
Event: 154.285 Thread 0x000001a75527f000 Exception <a 'sun/nio/fs/WindowsException'{0x000000008b241ed0}> (0x000000008b241ed0) thrown at [./src/hotspot/share/prims/jni.cpp, line 617]
Event: 154.548 Thread 0x000001a75527f000 Exception <a 'java/lang/NullPointerException'{0x000000008a823308}> (0x000000008a823308) thrown at [./src/hotspot/share/interpreter/linkResolver.cpp, line 1440]

Events (20 events):
Event: 155.444 loading class com/android/sdklib/repository/generated/addon/v2/AddonDetailsType
Event: 155.444 loading class com/android/sdklib/repository/generated/addon/v2/AddonDetailsType done
Event: 155.458 loading class com/android/sdklib/repository/generated/addon/v3/MavenType
Event: 155.458 loading class com/android/sdklib/repository/generated/addon/v3/MavenType done
Event: 155.458 loading class com/android/sdklib/repository/generated/addon/v3/ExtraDetailsType
Event: 155.458 loading class com/android/sdklib/repository/generated/addon/v3/ExtraDetailsType done
Event: 155.459 loading class com/android/sdklib/repository/generated/addon/v3/AddonDetailsType
Event: 155.459 loading class com/android/sdklib/repository/generated/addon/v3/AddonDetailsType done
Event: 155.476 loading class com/android/sdklib/repository/generated/sysimg/v3/SysImgDetailsType
Event: 155.476 loading class com/android/sdklib/repository/generated/sysimg/v3/SysImgDetailsType done
Event: 155.484 loading class com/android/sdklib/repository/generated/sysimg/v2/SysImgDetailsType
Event: 155.484 loading class com/android/sdklib/repository/generated/sysimg/v2/SysImgDetailsType done
Event: 155.487 loading class com/android/sdklib/repository/generated/sysimg/v1/SysImgDetailsType
Event: 155.487 loading class com/android/sdklib/repository/generated/sysimg/v1/SysImgDetailsType done
Event: 155.491 loading class com/android/repository/impl/generated/generic/v1/GenericDetailsType
Event: 155.491 loading class com/android/repository/impl/generated/generic/v1/GenericDetailsType done
Event: 155.493 loading class com/android/repository/impl/generated/generic/v2/GenericDetailsType
Event: 155.493 loading class com/android/repository/impl/generated/generic/v2/GenericDetailsType done
Event: 155.494 loading class com/sun/xml/bind/v2/util/FlattenIterator
Event: 155.494 loading class com/sun/xml/bind/v2/util/FlattenIterator done


Dynamic libraries:
0x00007ff646de0000 - 0x00007ff646ded000 	C:\Program Files\Microsoft\jdk-11.0.18.10-hotspot\bin\java.exe
0x00007ffda94f0000 - 0x00007ffda96e8000 	C:\Windows\SYSTEM32\ntdll.dll
0x00007ffda7d00000 - 0x00007ffda7dbf000 	C:\Windows\System32\KERNEL32.dll
0x00007ffda68a0000 - 0x00007ffda69a1000 	C:\Windows\system32\hmpalert.dll
0x00007ffda6cb0000 - 0x00007ffda6fa6000 	C:\Windows\System32\KERNELBASE.dll
0x00007ffda7030000 - 0x00007ffda7130000 	C:\Windows\System32\ucrtbase.dll
0x00007ffd8fcf0000 - 0x00007ffd8fd07000 	C:\Program Files\Microsoft\jdk-11.0.18.10-hotspot\bin\jli.dll
0x00007ffd785d0000 - 0x00007ffd785e5000 	C:\Program Files\Microsoft\jdk-11.0.18.10-hotspot\bin\VCRUNTIME140.dll
0x00007ffda7f70000 - 0x00007ffda810d000 	C:\Windows\System32\USER32.dll
0x00007ffda6bd0000 - 0x00007ffda6bf2000 	C:\Windows\System32\win32u.dll
0x00007ffda8c80000 - 0x00007ffda8cac000 	C:\Windows\System32\GDI32.dll
0x00007ffda7320000 - 0x00007ffda7435000 	C:\Windows\System32\gdi32full.dll
0x00007ffda7440000 - 0x00007ffda74dd000 	C:\Windows\System32\msvcp_win.dll
0x00007ffd86070000 - 0x00007ffd8630a000 	C:\Windows\WinSxS\amd64_microsoft.windows.common-controls_6595b64144ccf1df_6.0.19041.1110_none_60b5254171f9507e\COMCTL32.dll
0x00007ffda8520000 - 0x00007ffda85be000 	C:\Windows\System32\msvcrt.dll
0x00007ffda7cd0000 - 0x00007ffda7d00000 	C:\Windows\System32\IMM32.DLL
0x00007ffd641b0000 - 0x00007ffd6424b000 	C:\Program Files\Microsoft\jdk-11.0.18.10-hotspot\bin\msvcp140.dll
0x00007ffd31580000 - 0x00007ffd32112000 	C:\Program Files\Microsoft\jdk-11.0.18.10-hotspot\bin\server\jvm.dll
0x00007ffda8470000 - 0x00007ffda851f000 	C:\Windows\System32\ADVAPI32.dll
0x00007ffda8b60000 - 0x00007ffda8bfc000 	C:\Windows\System32\sechost.dll
0x00007ffda7b90000 - 0x00007ffda7cb6000 	C:\Windows\System32\RPCRT4.dll
0x00007ffda8a30000 - 0x00007ffda8a38000 	C:\Windows\System32\PSAPI.DLL
0x00007ffd9e660000 - 0x00007ffd9e669000 	C:\Windows\SYSTEM32\WSOCK32.dll
0x00007ffda82b0000 - 0x00007ffda831b000 	C:\Windows\System32\WS2_32.dll
0x00007ffd84780000 - 0x00007ffd847a7000 	C:\Windows\SYSTEM32\WINMM.dll
0x00007ffd99630000 - 0x00007ffd9963a000 	C:\Windows\SYSTEM32\VERSION.dll
0x00007ffda5300000 - 0x00007ffda5312000 	C:\Windows\SYSTEM32\kernel.appcore.dll
0x00007ffd8d8e0000 - 0x00007ffd8d8f0000 	C:\Program Files\Microsoft\jdk-11.0.18.10-hotspot\bin\verify.dll
0x00007ffda4530000 - 0x00007ffda4714000 	C:\Windows\SYSTEM32\DBGHELP.DLL
0x00007ffd88eb0000 - 0x00007ffd88ee4000 	C:\Windows\SYSTEM32\dbgcore.DLL
0x00007ffda7290000 - 0x00007ffda7312000 	C:\Windows\System32\bcryptPrimitives.dll
0x00007ffd785a0000 - 0x00007ffd785c8000 	C:\Program Files\Microsoft\jdk-11.0.18.10-hotspot\bin\java.dll
0x00007ffd8c2b0000 - 0x00007ffd8c2ba000 	C:\Program Files\Microsoft\jdk-11.0.18.10-hotspot\bin\jimage.dll
0x00007ffd78310000 - 0x00007ffd78328000 	C:\Program Files\Microsoft\jdk-11.0.18.10-hotspot\bin\zip.dll
0x00007ffda8d60000 - 0x00007ffda94a4000 	C:\Windows\System32\SHELL32.dll
0x00007ffda4b60000 - 0x00007ffda52f3000 	C:\Windows\SYSTEM32\windows.storage.dll
0x00007ffda7830000 - 0x00007ffda7b84000 	C:\Windows\System32\combase.dll
0x00007ffda6520000 - 0x00007ffda654e000 	C:\Windows\SYSTEM32\Wldp.dll
0x00007ffda8cb0000 - 0x00007ffda8d5d000 	C:\Windows\System32\SHCORE.dll
0x00007ffda7f10000 - 0x00007ffda7f65000 	C:\Windows\System32\shlwapi.dll
0x00007ffda6b10000 - 0x00007ffda6b2f000 	C:\Windows\SYSTEM32\profapi.dll
0x00007ffd6d750000 - 0x00007ffd6d769000 	C:\Program Files\Microsoft\jdk-11.0.18.10-hotspot\bin\net.dll
0x00007ffd9c720000 - 0x00007ffd9c82a000 	C:\Windows\SYSTEM32\WINHTTP.dll
0x00007ffda6280000 - 0x00007ffda62ea000 	C:\Windows\system32\mswsock.dll
0x00007ffd6d730000 - 0x00007ffd6d743000 	C:\Program Files\Microsoft\jdk-11.0.18.10-hotspot\bin\nio.dll
0x00007ffd8fc70000 - 0x00007ffd8fc97000 	C:\Users\srinibas\.gradle\native\e1d6ef7f7dcc3fd88c89a11ec53ec762bb8ba0a96d01ffa2cd45eb1d1d8dd5c5\windows-amd64\native-platform.dll
0x00007ffd8ea00000 - 0x00007ffd8eb44000 	C:\Users\srinibas\.gradle\native\0d407fdbe67a94daf76414ababcb853783967236a71b16ec16e742cd7a986fd3\windows-amd64\native-platform-file-events.dll
0x00007ffd89440000 - 0x00007ffd89449000 	C:\Program Files\Microsoft\jdk-11.0.18.10-hotspot\bin\management.dll
0x00007ffd82460000 - 0x00007ffd8246b000 	C:\Program Files\Microsoft\jdk-11.0.18.10-hotspot\bin\management_ext.dll
0x00007ffda6470000 - 0x00007ffda6488000 	C:\Windows\SYSTEM32\CRYPTSP.dll
0x00007ffda5b30000 - 0x00007ffda5b64000 	C:\Windows\system32\rsaenh.dll
0x00007ffda6fb0000 - 0x00007ffda6fd7000 	C:\Windows\System32\bcrypt.dll
0x00007ffda6a90000 - 0x00007ffda6abe000 	C:\Windows\SYSTEM32\USERENV.dll
0x00007ffda6490000 - 0x00007ffda649c000 	C:\Windows\SYSTEM32\CRYPTBASE.dll
0x00007ffda5f20000 - 0x00007ffda5f5c000 	C:\Windows\SYSTEM32\IPHLPAPI.DLL
0x00007ffda7cc0000 - 0x00007ffda7cc8000 	C:\Windows\System32\NSI.dll
0x00007ffd93520000 - 0x00007ffd93537000 	C:\Windows\SYSTEM32\dhcpcsvc6.DLL
0x00007ffd994f0000 - 0x00007ffd9950d000 	C:\Windows\SYSTEM32\dhcpcsvc.DLL
0x00007ffda5f70000 - 0x00007ffda603b000 	C:\Windows\SYSTEM32\DNSAPI.dll
0x00007ffd9e670000 - 0x00007ffd9e67e000 	C:\Program Files\Microsoft\jdk-11.0.18.10-hotspot\bin\sunmscapi.dll
0x00007ffda7130000 - 0x00007ffda728e000 	C:\Windows\System32\CRYPT32.dll
0x00007ffda6590000 - 0x00007ffda65b8000 	C:\Windows\SYSTEM32\ncrypt.dll
0x00007ffda6550000 - 0x00007ffda658b000 	C:\Windows\SYSTEM32\NTASN1.dll
0x00007ffd9b2e0000 - 0x00007ffd9b305000 	C:\Program Files\Microsoft\jdk-11.0.18.10-hotspot\bin\sunec.dll
0x00007ffd99580000 - 0x00007ffd9958a000 	C:\Windows\System32\rasadhlp.dll

dbghelp: loaded successfully - version: 4.0.5 - missing functions: none
symbol engine: initialized successfully - sym options: 0x614 - pdb path: .;C:\Program Files\Microsoft\jdk-11.0.18.10-hotspot\bin;C:\Windows\SYSTEM32;C:\Windows\WinSxS\amd64_microsoft.windows.common-controls_6595b64144ccf1df_6.0.19041.1110_none_60b5254171f9507e;C:\Program Files\Microsoft\jdk-11.0.18.10-hotspot\bin\server;C:\Users\srinibas\.gradle\native\e1d6ef7f7dcc3fd88c89a11ec53ec762bb8ba0a96d01ffa2cd45eb1d1d8dd5c5\windows-amd64;C:\Users\srinibas\.gradle\native\0d407fdbe67a94daf76414ababcb853783967236a71b16ec16e742cd7a986fd3\windows-amd64

VM Arguments:
jvm_args: -XX:MaxMetaspaceSize=512m --add-opens=java.base/java.util=ALL-UNNAMED --add-opens=java.base/java.lang=ALL-UNNAMED --add-opens=java.base/java.lang.invoke=ALL-UNNAMED --add-opens=java.base/java.util=ALL-UNNAMED --add-opens=java.prefs/java.util.prefs=ALL-UNNAMED --add-opens=java.prefs/java.util.prefs=ALL-UNNAMED --add-opens=java.base/java.nio.charset=ALL-UNNAMED --add-opens=java.base/java.net=ALL-UNNAMED --add-opens=java.base/java.util.concurrent.atomic=ALL-UNNAMED -Xmx2048m -Dfile.encoding=windows-1252 -Duser.country=IN -Duser.language=en -Duser.variant 
java_command: org.gradle.launcher.daemon.bootstrap.GradleDaemon 7.5.1
java_class_path (initial): C:\Users\srinibas\.gradle\wrapper\dists\gradle-7.5.1-all\1ehga6e77gqps5uk2kc5kf1vc\gradle-7.5.1\lib\gradle-launcher-7.5.1.jar
Launcher Type: SUN_STANDARD

[Global flags]
     intx CICompilerCount                          = 4                                         {product} {ergonomic}
   size_t CompressedClassSpaceSize                 = 528482304                                 {product} {ergonomic}
     uint ConcGCThreads                            = 2                                         {product} {ergonomic}
     uint G1ConcRefinementThreads                  = 8                                         {product} {ergonomic}
   size_t G1HeapRegionSize                         = 1048576                                   {product} {ergonomic}
    uintx GCDrainStackTargetSize                   = 64                                        {product} {ergonomic}
   size_t InitialHeapSize                          = 130023424                                 {product} {ergonomic}
   size_t MarkStackSize                            = 4194304                                   {product} {ergonomic}
   size_t MaxHeapSize                              = 2147483648                                {product} {command line}
   size_t MaxMetaspaceSize                         = 536870912                                 {product} {command line}
   size_t MaxNewSize                               = 1287651328                                {product} {ergonomic}
   size_t MinHeapDeltaBytes                        = 1048576                                   {product} {ergonomic}
    uintx NonNMethodCodeHeapSize                   = 5836300                                {pd product} {ergonomic}
    uintx NonProfiledCodeHeapSize                  = 122910970                              {pd product} {ergonomic}
    uintx ProfiledCodeHeapSize                     = 122910970                              {pd product} {ergonomic}
    uintx ReservedCodeCacheSize                    = 251658240                              {pd product} {ergonomic}
     bool SegmentedCodeCache                       = true                                      {product} {ergonomic}
     bool UseCompressedClassPointers               = true                                 {lp64_product} {ergonomic}
     bool UseCompressedOops                        = true                                 {lp64_product} {ergonomic}
     bool UseG1GC                                  = true                                      {product} {ergonomic}
     bool UseLargePagesIndividualAllocation        = false                                  {pd product} {ergonomic}

Logging:
Log output configuration:
 #0: stdout all=warning uptime,level,tags
 #1: stderr all=off uptime,level,tags

Environment Variables:
JAVA_HOME=C:\Program Files\Microsoft\jdk-11.0.18.10-hotspot\
CLASSPATH=D:\learning\React Native\authApp\android\\gradle\wrapper\gradle-wrapper.jar
PATH=D:\learning\React Native\authApp\android\node_modules\.bin;D:\learning\React Native\authApp\node_modules\.bin;D:\learning\React Native\node_modules\.bin;D:\learning\node_modules\.bin;D:\node_modules\.bin;C:\Program Files\nodejs;D:\learning\React Native\authApp\node_modules\.bin;D:\learning\React Native\node_modules\.bin;D:\learning\node_modules\.bin;D:\node_modules\.bin;C:\Program Files\nodejs\node_modules\npm\node_modules\@npmcli\run-script\lib\node-gyp-bin;C:\Python311\Scripts\;C:\Python311\;C:\Program Files\Microsoft\jdk-11.0.18.10-hotspot\bin;C:\Program Files\Eclipse Adoptium\jdk-17.0.4.101-hotspot\bin;C:\Python310\Scripts\;C:\Python310\;C:\Windows\system32;C:\Windows;C:\Windows\System32\Wbem;C:\Windows\System32\WindowsPowerShell\v1.0\;C:\Windows\System32\OpenSSH\;C:\ProgramData\chocolatey\bin;C:\Program Files\Microsoft SQL Server\120\Tools\Binn\;C:\Program Files\Git\cmd;C:\Program Files\Microsoft SQL Server\150\Tools\Binn\;C:\Program Files\Microsoft SQL Server\Client SDK\ODBC\170\Tools\Binn\;C:\Program Files\dotnet\;C:\Program Files\nodejs\;C:\Users\srinibas\AppData\Local\Microsoft\WindowsApps;C:\Users\srinibas\AppData\Local\Programs\Microsoft VS Code\bin;C:\MinGW\bin;C:\Users\srinibas\AppData\Local\Android\Sdk\platform-tools;C:\Users\srinibas\.dotnet\tools;C:\Users\srinibas\AppData\Roaming\npm;D:\learning\React Native\authApp\node_modules\.bin
USERNAME=srinibas
LANG=en_US.UTF-8
OS=Windows_NT
PROCESSOR_IDENTIFIER=Intel64 Family 6 Model 140 Stepping 1, GenuineIntel
TMP=C:\Users\srinibas\AppData\Local\Temp
TEMP=C:\Users\srinibas\AppData\Local\Temp



---------------  S Y S T E M  ---------------

OS: Windows 10 , 64 bit Build 19041 (10.0.19041.2913)
OS uptime: 1 days 22:06 hours

CPU:total 8 (initial active 8) (4 cores per cpu, 2 threads per core) family 6 model 140 stepping 1 microcode 0xa4, cmov, cx8, fxsr, mmx, sse, sse2, sse3, ssse3, sse4.1, sse4.2, popcnt, avx, avx2, aes, clmul, erms, 3dnowpref, lzcnt, ht, tsc, tscinvbit, bmi1, bmi2, adx, evex, sha, fma

Memory: 4k page, system-wide physical 7914M (15M free)
TotalPageFile size 23177M (AvailPageFile size 2M)
current process WorkingSet (physical memory assigned to process): 297M, peak: 301M
current process commit charge ("private bytes"): 512M, peak: 513M

vm_info: OpenJDK 64-Bit Server VM (11.0.18+10-LTS) for windows-amd64 JRE (11.0.18+10-LTS), built on Jan 18 2023 15:56:47 by "MicrosoftCorporation" with MS VC++ 15.9 (VS2017)

END.
