#
# There is insufficient memory for the Java Runtime Environment to continue.
# Native memory allocation (malloc) failed to allocate 1001856 bytes for Chunk::new
# Possible reasons:
#   The system is out of physical RAM or swap space
#   The process is running with CompressedOops enabled, and the Java Heap may be blocking the growth of the native heap
# Possible solutions:
#   Reduce memory load on the system
#   Increase physical memory or swap space
#   Check if swap backing store is full
#   Decrease Java heap size (-Xmx/-Xms)
#   Decrease number of Java threads
#   Decrease Java thread stack sizes (-Xss)
#   Set larger code cache with -XX:ReservedCodeCacheSize=
#   JVM is running with Unscaled Compressed Oops mode in which the Java heap is
#     placed in the first 4GB address space. The Java Heap base address is the
#     maximum limit for the native heap growth. Please use -XX:HeapBaseMinAddress
#     to set the Java Heap base and to place the Java Heap above 4GB virtual address.
# This output file may be truncated or incomplete.
#
#  Out of Memory Error (./src/hotspot/share/memory/arena.cpp:197), pid=15900, tid=16388
#
# JRE version: OpenJDK Runtime Environment Microsoft-7208460 (11.0.18+10) (build 11.0.18+10-LTS)
# Java VM: OpenJDK 64-Bit Server VM Microsoft-7208460 (11.0.18+10-LTS, mixed mode, tiered, compressed oops, g1 gc, windows-amd64)
# No core dump will be written. Minidumps are not enabled by default on client versions of Windows
#

---------------  S U M M A R Y ------------

Command Line: -XX:MaxMetaspaceSize=512m --add-opens=java.base/java.util=ALL-UNNAMED --add-opens=java.base/java.lang=ALL-UNNAMED --add-opens=java.base/java.lang.invoke=ALL-UNNAMED --add-opens=java.base/java.util=ALL-UNNAMED --add-opens=java.prefs/java.util.prefs=ALL-UNNAMED --add-opens=java.prefs/java.util.prefs=ALL-UNNAMED --add-opens=java.base/java.nio.charset=ALL-UNNAMED --add-opens=java.base/java.net=ALL-UNNAMED --add-opens=java.base/java.util.concurrent.atomic=ALL-UNNAMED -Xmx2048m -Dfile.encoding=windows-1252 -Duser.country=IN -Duser.language=en -Duser.variant org.gradle.launcher.daemon.bootstrap.GradleDaemon 7.5.1

Host: 11th Gen Intel(R) Core(TM) i5-1135G7 @ 2.40GHz, 8 cores, 7G,  Windows 10 , 64 bit Build 19041 (10.0.19041.2913)
Time: Thu May 18 02:41:19 2023 India Standard Time elapsed time: 101.815599 seconds (0d 0h 1m 41s)

---------------  T H R E A D  ---------------

Current thread (0x000001b6c52f0800):  JavaThread "C2 CompilerThread0" daemon [_thread_in_native, id=16388, stack(0x0000007791900000,0x0000007791a00000)]


Current CompileTask:
C2: 101815 12297   !   4       java.lang.reflect.Field::declaredAnnotations (82 bytes)

Stack: [0x0000007791900000,0x0000007791a00000]
Native frames: (J=compiled Java code, j=interpreted, Vv=VM code, C=native code)
V  [jvm.dll+0x62bf8a]
V  [jvm.dll+0x7b8fb9]
V  [jvm.dll+0x7ba6a8]
V  [jvm.dll+0x7bad83]
V  [jvm.dll+0x250248]
V  [jvm.dll+0xc260c]
V  [jvm.dll+0xc2bcc]
V  [jvm.dll+0x2c4e64]
V  [jvm.dll+0x533dcc]
V  [jvm.dll+0x21177b]
V  [jvm.dll+0x20b39a]
V  [jvm.dll+0x2083eb]
V  [jvm.dll+0x18a4b1]
V  [jvm.dll+0x217eec]
V  [jvm.dll+0x21612b]
V  [jvm.dll+0x77bac0]
V  [jvm.dll+0x7749f4]
V  [jvm.dll+0x62adf5]
C  [ucrtbase.dll+0x21bb2]
C  [KERNEL32.dll+0x17614]
C  [ntdll.dll+0x526a1]


---------------  P R O C E S S  ---------------

Threads class SMR info:
_java_thread_list=0x000001b6cdc37560, length=134, elements={
0x000001b6a587a800, 0x000001b6c4982800, 0x000001b6c4984000, 0x000001b6c4990800,
0x000001b6c52e4000, 0x000001b6c52e5000, 0x000001b6c52f0800, 0x000001b6c4997000,
0x000001b6c4998800, 0x000001b6c5458000, 0x000001b6c66d3800, 0x000001b6c60cc800,
0x000001b6c72c4800, 0x000001b6c69fd800, 0x000001b6c74f9800, 0x000001b6c6d2a000,
0x000001b6c6681800, 0x000001b6c6d07000, 0x000001b6c6d21000, 0x000001b6c6275800,
0x000001b6c6d0b800, 0x000001b6c6d0c800, 0x000001b6c6d0d000, 0x000001b6c6d0a800,
0x000001b6c6d0e000, 0x000001b6c6d08000, 0x000001b6c6d09000, 0x000001b6c6d0f000,
0x000001b6c6d0a000, 0x000001b6c62e1800, 0x000001b6c62e6000, 0x000001b6c62e5800,
0x000001b6c62e4000, 0x000001b6c62e7000, 0x000001b6c62e8000, 0x000001b6c62e8800,
0x000001b6c62e3000, 0x000001b6c62ec000, 0x000001b6c62e9800, 0x000001b6c62ea800,
0x000001b6c62ec800, 0x000001b6c62ed800, 0x000001b6c62ee800, 0x000001b6c62ef000,
0x000001b6c62eb000, 0x000001b6c90c0800, 0x000001b6c90c3000, 0x000001b6c90c1000,
0x000001b6c90c4800, 0x000001b6c90c7800, 0x000001b6c90c3800, 0x000001b6c90c6000,
0x000001b6c90c7000, 0x000001b6c90c2000, 0x000001b6c90c8800, 0x000001b6c90c9800,
0x000001b6c90ca000, 0x000001b6c90cb000, 0x000001b6c90c5000, 0x000001b6c90cf000,
0x000001b6c90cc000, 0x000001b6c90cc800, 0x000001b6c90cd800, 0x000001b6c90ce000,
0x000001b6c9687000, 0x000001b6c9683800, 0x000001b6c9682800, 0x000001b6c9687800,
0x000001b6c9686000, 0x000001b6c9682000, 0x000001b6c9688800, 0x000001b6c9689000,
0x000001b6c968a000, 0x000001b6c9684800, 0x000001b6c968b000, 0x000001b6c9685000,
0x000001b6c968c800, 0x000001b6c968f000, 0x000001b6c968f800, 0x000001b6c9690800,
0x000001b6c968d800, 0x000001b6c968e000, 0x000001b6c7d3d800, 0x000001b6c7d3e800,
0x000001b6c7d3f800, 0x000001b6c7d40000, 0x000001b6c7d41000, 0x000001b6c7d3b800,
0x000001b6c7d42000, 0x000001b6c7d3c000, 0x000001b6c7d3d000, 0x000001b6c7d46000,
0x000001b6c7d46800, 0x000001b6c7d48800, 0x000001b6c7d47800, 0x000001b6c7d42800,
0x000001b6c7d45000, 0x000001b6c7d49000, 0x000001b6c7d44000, 0x000001b6c7d43800,
0x000001b6c7d4a000, 0x000001b6c5ffd000, 0x000001b6c5ffa800, 0x000001b6c5ffb800,
0x000001b6c5ff8000, 0x000001b6c5ffc000, 0x000001b6c5ff9000, 0x000001b6c5ff7800,
0x000001b6c5ffe000, 0x000001b6c5ff9800, 0x000001b6c6002000, 0x000001b6c6002800,
0x000001b6c6001000, 0x000001b6c6003800, 0x000001b6c5fff800, 0x000001b6c6000800,
0x000001b6c6004800, 0x000001b6c5ffe800, 0x000001b6c6005000, 0x000001b6c6006000,
0x000001b6cb7d8800, 0x000001b6cb7df000, 0x000001b6cb7dd000, 0x000001b6cb7d9000,
0x000001b6cb7df800, 0x000001b6cb7da000, 0x000001b6cb7db800, 0x000001b6cb7e0800,
0x000001b6cb7da800, 0x000001b6cb7e1800, 0x000001b6cb7e2000, 0x000001b6cb7de000,
0x000001b6cb7dc800, 0x000001b6cb7e4800
}

Java Threads: ( => current thread )
  0x000001b6a587a800 JavaThread "main" [_thread_blocked, id=12876, stack(0x0000007790d00000,0x0000007790e00000)]
  0x000001b6c4982800 JavaThread "Reference Handler" daemon [_thread_blocked, id=4756, stack(0x0000007791400000,0x0000007791500000)]
  0x000001b6c4984000 JavaThread "Finalizer" daemon [_thread_blocked, id=6340, stack(0x0000007791500000,0x0000007791600000)]
  0x000001b6c4990800 JavaThread "Signal Dispatcher" daemon [_thread_blocked, id=13996, stack(0x0000007791600000,0x0000007791700000)]
  0x000001b6c52e4000 JavaThread "Attach Listener" daemon [_thread_blocked, id=14452, stack(0x0000007791700000,0x0000007791800000)]
  0x000001b6c52e5000 JavaThread "Service Thread" daemon [_thread_blocked, id=10316, stack(0x0000007791800000,0x0000007791900000)]
=>0x000001b6c52f0800 JavaThread "C2 CompilerThread0" daemon [_thread_in_native, id=16388, stack(0x0000007791900000,0x0000007791a00000)]
  0x000001b6c4997000 JavaThread "C1 CompilerThread0" daemon [_thread_blocked, id=17296, stack(0x0000007791a00000,0x0000007791b00000)]
  0x000001b6c4998800 JavaThread "Sweeper thread" daemon [_thread_blocked, id=6748, stack(0x0000007791b00000,0x0000007791c00000)]
  0x000001b6c5458000 JavaThread "Common-Cleaner" daemon [_thread_blocked, id=9156, stack(0x0000007791c00000,0x0000007791d00000)]
  0x000001b6c66d3800 JavaThread "Daemon health stats" [_thread_blocked, id=3384, stack(0x0000007791f00000,0x0000007792000000)]
  0x000001b6c60cc800 JavaThread "Incoming local TCP Connector on port 55285" [_thread_in_native, id=17156, stack(0x0000007792000000,0x0000007792100000)]
  0x000001b6c72c4800 JavaThread "Daemon periodic checks" [_thread_blocked, id=15444, stack(0x0000007792100000,0x0000007792200000)]
  0x000001b6c69fd800 JavaThread "Daemon" [_thread_blocked, id=9860, stack(0x0000007792200000,0x0000007792300000)]
  0x000001b6c74f9800 JavaThread "Handler for socket connection from /127.0.0.1:55285 to /127.0.0.1:55286" [_thread_in_native, id=2004, stack(0x0000007792300000,0x0000007792400000)]
  0x000001b6c6d2a000 JavaThread "Cancel handler" [_thread_blocked, id=14868, stack(0x0000007792400000,0x0000007792500000)]
  0x000001b6c6681800 JavaThread "Daemon worker" [_thread_in_native, id=7520, stack(0x0000007792500000,0x0000007792600000)]
  0x000001b6c6d07000 JavaThread "Asynchronous log dispatcher for DefaultDaemonConnection: socket connection from /127.0.0.1:55285 to /127.0.0.1:55286" [_thread_blocked, id=17392, stack(0x0000007792600000,0x0000007792700000)]
  0x000001b6c6d21000 JavaThread "Stdin handler" [_thread_blocked, id=10244, stack(0x0000007792700000,0x0000007792800000)]
  0x000001b6c6275800 JavaThread "Daemon client event forwarder" [_thread_blocked, id=17224, stack(0x0000007792800000,0x0000007792900000)]
  0x000001b6c6d0b800 JavaThread "Cache worker for journal cache (C:\Users\srinibas\.gradle\caches\journal-1)" [_thread_blocked, id=16556, stack(0x0000007792f00000,0x0000007793000000)]
  0x000001b6c6d0c800 JavaThread "File lock request listener" [_thread_in_native, id=10800, stack(0x0000007793000000,0x0000007793100000)]
  0x000001b6c6d0d000 JavaThread "Cache worker for file hash cache (C:\Users\srinibas\.gradle\caches\7.5.1\fileHashes)" [_thread_blocked, id=9992, stack(0x0000007793100000,0x0000007793200000)]
  0x000001b6c6d0a800 JavaThread "File watcher server" daemon [_thread_in_native, id=6356, stack(0x0000007793300000,0x0000007793400000)]
  0x000001b6c6d0e000 JavaThread "File watcher consumer" daemon [_thread_blocked, id=7148, stack(0x0000007793400000,0x0000007793500000)]
  0x000001b6c6d08000 JavaThread "Cache worker for checksums cache (D:\learning\React Native\authApp\android\.gradle\7.5.1\checksums)" [_thread_blocked, id=8396, stack(0x0000007793500000,0x0000007793600000)]
  0x000001b6c6d09000 JavaThread "Cache worker for cache directory md-rule (C:\Users\srinibas\.gradle\caches\7.5.1\md-rule)" [_thread_blocked, id=3780, stack(0x0000007793600000,0x0000007793700000)]
  0x000001b6c6d0f000 JavaThread "Cache worker for file content cache (C:\Users\srinibas\.gradle\caches\7.5.1\fileContent)" [_thread_blocked, id=7556, stack(0x0000007793700000,0x0000007793800000)]
  0x000001b6c6d0a000 JavaThread "Cache worker for file hash cache (D:\learning\React Native\authApp\android\.gradle\7.5.1\fileHashes)" [_thread_blocked, id=15980, stack(0x0000007793800000,0x0000007793900000)]
  0x000001b6c62e1800 JavaThread "Cache worker for cache directory md-supplier (C:\Users\srinibas\.gradle\caches\7.5.1\md-supplier)" [_thread_blocked, id=12892, stack(0x0000007793900000,0x0000007793a00000)]
  0x000001b6c62e6000 JavaThread "Cache worker for execution history cache (C:\Users\srinibas\.gradle\caches\7.5.1\executionHistory)" [_thread_blocked, id=17256, stack(0x0000007793a00000,0x0000007793b00000)]
  0x000001b6c62e5800 JavaThread "jar transforms" [_thread_blocked, id=11556, stack(0x0000007793b00000,0x0000007793c00000)]
  0x000001b6c62e4000 JavaThread "jar transforms Thread 2" [_thread_blocked, id=15300, stack(0x0000007793c00000,0x0000007793d00000)]
  0x000001b6c62e7000 JavaThread "jar transforms Thread 3" [_thread_blocked, id=9568, stack(0x0000007793d00000,0x0000007793e00000)]
  0x000001b6c62e8000 JavaThread "jar transforms Thread 4" [_thread_blocked, id=8916, stack(0x0000007793e00000,0x0000007793f00000)]
  0x000001b6c62e8800 JavaThread "File lock release action executor" [_thread_blocked, id=9492, stack(0x0000007793f00000,0x0000007794000000)]
  0x000001b6c62e3000 JavaThread "Cache worker for kotlin-dsl (C:\Users\srinibas\.gradle\caches\7.5.1\kotlin-dsl)" [_thread_blocked, id=10380, stack(0x0000007794000000,0x0000007794100000)]
  0x000001b6c62ec000 JavaThread "jar transforms Thread 5" [_thread_blocked, id=16036, stack(0x0000007794100000,0x0000007794200000)]
  0x000001b6c62e9800 JavaThread "jar transforms Thread 6" [_thread_blocked, id=14652, stack(0x0000007794200000,0x0000007794300000)]
  0x000001b6c62ea800 JavaThread "Cache worker for dependencies-accessors (D:\learning\React Native\authApp\android\.gradle\7.5.1\dependencies-accessors)" [_thread_blocked, id=17060, stack(0x0000007794300000,0x0000007794400000)]
  0x000001b6c62ec800 JavaThread "Cache worker for Build Output Cleanup Cache (D:\learning\React Native\authApp\node_modules\react-native-gradle-plugin\.gradle\buildOutputCleanup)" [_thread_blocked, id=14768, stack(0x0000007794400000,0x0000007794500000)]
  0x000001b6c62ed800 JavaThread "jar transforms Thread 7" [_thread_blocked, id=12944, stack(0x0000007794500000,0x0000007794600000)]
  0x000001b6c62ee800 JavaThread "Unconstrained build operations" [_thread_blocked, id=14992, stack(0x0000007794600000,0x0000007794700000)]
  0x000001b6c62ef000 JavaThread "Unconstrained build operations Thread 2" [_thread_blocked, id=2556, stack(0x0000007794700000,0x0000007794800000)]
  0x000001b6c62eb000 JavaThread "Unconstrained build operations Thread 3" [_thread_blocked, id=16736, stack(0x0000007794800000,0x0000007794900000)]
  0x000001b6c90c0800 JavaThread "Unconstrained build operations Thread 4" [_thread_blocked, id=16564, stack(0x0000007794900000,0x0000007794a00000)]
  0x000001b6c90c3000 JavaThread "Unconstrained build operations Thread 5" [_thread_blocked, id=11500, stack(0x0000007794a00000,0x0000007794b00000)]
  0x000001b6c90c1000 JavaThread "Unconstrained build operations Thread 6" [_thread_blocked, id=16560, stack(0x0000007794b00000,0x0000007794c00000)]
  0x000001b6c90c4800 JavaThread "Unconstrained build operations Thread 7" [_thread_blocked, id=7672, stack(0x0000007794c00000,0x0000007794d00000)]
  0x000001b6c90c7800 JavaThread "Unconstrained build operations Thread 8" [_thread_blocked, id=14824, stack(0x0000007794d00000,0x0000007794e00000)]
  0x000001b6c90c3800 JavaThread "Unconstrained build operations Thread 9" [_thread_blocked, id=8620, stack(0x0000007794e00000,0x0000007794f00000)]
  0x000001b6c90c6000 JavaThread "Unconstrained build operations Thread 10" [_thread_blocked, id=14716, stack(0x0000007794f00000,0x0000007795000000)]
  0x000001b6c90c7000 JavaThread "Unconstrained build operations Thread 11" [_thread_blocked, id=16848, stack(0x0000007795000000,0x0000007795100000)]
  0x000001b6c90c2000 JavaThread "Unconstrained build operations Thread 12" [_thread_blocked, id=6028, stack(0x0000007795100000,0x0000007795200000)]
  0x000001b6c90c8800 JavaThread "Unconstrained build operations Thread 13" [_thread_blocked, id=14792, stack(0x0000007795200000,0x0000007795300000)]
  0x000001b6c90c9800 JavaThread "Unconstrained build operations Thread 14" [_thread_blocked, id=11872, stack(0x0000007795300000,0x0000007795400000)]
  0x000001b6c90ca000 JavaThread "Unconstrained build operations Thread 15" [_thread_blocked, id=5528, stack(0x0000007795400000,0x0000007795500000)]
  0x000001b6c90cb000 JavaThread "Unconstrained build operations Thread 16" [_thread_blocked, id=15912, stack(0x0000007795500000,0x0000007795600000)]
  0x000001b6c90c5000 JavaThread "Unconstrained build operations Thread 17" [_thread_blocked, id=14144, stack(0x0000007795600000,0x0000007795700000)]
  0x000001b6c90cf000 JavaThread "Unconstrained build operations Thread 18" [_thread_blocked, id=13020, stack(0x0000007795700000,0x0000007795800000)]
  0x000001b6c90cc000 JavaThread "Unconstrained build operations Thread 19" [_thread_blocked, id=1780, stack(0x0000007795800000,0x0000007795900000)]
  0x000001b6c90cc800 JavaThread "Unconstrained build operations Thread 20" [_thread_blocked, id=12580, stack(0x0000007795900000,0x0000007795a00000)]
  0x000001b6c90cd800 JavaThread "Unconstrained build operations Thread 21" [_thread_blocked, id=14496, stack(0x0000007795a00000,0x0000007795b00000)]
  0x000001b6c90ce000 JavaThread "Unconstrained build operations Thread 22" [_thread_blocked, id=15848, stack(0x0000007795b00000,0x0000007795c00000)]
  0x000001b6c9687000 JavaThread "Unconstrained build operations Thread 23" [_thread_blocked, id=16692, stack(0x0000007795c00000,0x0000007795d00000)]
  0x000001b6c9683800 JavaThread "Unconstrained build operations Thread 24" [_thread_blocked, id=8928, stack(0x0000007795d00000,0x0000007795e00000)]
  0x000001b6c9682800 JavaThread "Unconstrained build operations Thread 25" [_thread_blocked, id=17348, stack(0x0000007795e00000,0x0000007795f00000)]
  0x000001b6c9687800 JavaThread "Unconstrained build operations Thread 26" [_thread_blocked, id=4928, stack(0x0000007795f00000,0x0000007796000000)]
  0x000001b6c9686000 JavaThread "Unconstrained build operations Thread 27" [_thread_blocked, id=3996, stack(0x0000007796000000,0x0000007796100000)]
  0x000001b6c9682000 JavaThread "Unconstrained build operations Thread 28" [_thread_blocked, id=12276, stack(0x0000007796100000,0x0000007796200000)]
  0x000001b6c9688800 JavaThread "Unconstrained build operations Thread 29" [_thread_blocked, id=9276, stack(0x0000007796200000,0x0000007796300000)]
  0x000001b6c9689000 JavaThread "Unconstrained build operations Thread 30" [_thread_blocked, id=7832, stack(0x0000007796300000,0x0000007796400000)]
  0x000001b6c968a000 JavaThread "Unconstrained build operations Thread 31" [_thread_blocked, id=12624, stack(0x0000007796400000,0x0000007796500000)]
  0x000001b6c9684800 JavaThread "Unconstrained build operations Thread 32" [_thread_blocked, id=5356, stack(0x0000007796500000,0x0000007796600000)]
  0x000001b6c968b000 JavaThread "Unconstrained build operations Thread 33" [_thread_blocked, id=3624, stack(0x0000007796600000,0x0000007796700000)]
  0x000001b6c9685000 JavaThread "jar transforms Thread 8" [_thread_blocked, id=2520, stack(0x0000007796700000,0x0000007796800000)]
  0x000001b6c968c800 JavaThread "build event listener" [_thread_blocked, id=15452, stack(0x0000007796800000,0x0000007796900000)]
  0x000001b6c968f000 JavaThread "Memory manager" [_thread_blocked, id=14588, stack(0x0000007796900000,0x0000007796a00000)]
  0x000001b6c968f800 JavaThread "Cache worker for Build Output Cleanup Cache (D:\learning\React Native\authApp\android\.gradle\buildOutputCleanup)" [_thread_blocked, id=15516, stack(0x0000007796a00000,0x0000007796b00000)]
  0x000001b6c9690800 JavaThread "Execution worker" [_thread_blocked, id=16008, stack(0x0000007796c00000,0x0000007796d00000)]
  0x000001b6c968d800 JavaThread "Execution worker Thread 2" [_thread_blocked, id=16880, stack(0x0000007796d00000,0x0000007796e00000)]
  0x000001b6c968e000 JavaThread "Execution worker Thread 3" [_thread_blocked, id=2528, stack(0x0000007796e00000,0x0000007796f00000)]
  0x000001b6c7d3d800 JavaThread "Execution worker Thread 4" [_thread_blocked, id=14012, stack(0x0000007796f00000,0x0000007797000000)]
  0x000001b6c7d3e800 JavaThread "Execution worker Thread 5" [_thread_blocked, id=10452, stack(0x0000007797000000,0x0000007797100000)]
  0x000001b6c7d3f800 JavaThread "Execution worker Thread 6" [_thread_blocked, id=13788, stack(0x0000007797100000,0x0000007797200000)]
  0x000001b6c7d40000 JavaThread "Execution worker Thread 7" [_thread_blocked, id=16700, stack(0x0000007797200000,0x0000007797300000)]
  0x000001b6c7d41000 JavaThread "Cache worker for execution history cache (D:\learning\React Native\authApp\node_modules\react-native-gradle-plugin\.gradle\7.5.1\executionHistory)" [_thread_blocked, id=13168, stack(0x0000007797300000,0x0000007797400000)]
  0x000001b6c7d3b800 JavaThread "Unconstrained build operations Thread 34" [_thread_blocked, id=9268, stack(0x0000007797400000,0x0000007797500000)]
  0x000001b6c7d42000 JavaThread "Unconstrained build operations Thread 35" [_thread_blocked, id=15200, stack(0x0000007797500000,0x0000007797600000)]
  0x000001b6c7d3c000 JavaThread "Unconstrained build operations Thread 36" [_thread_blocked, id=16760, stack(0x0000007797600000,0x0000007797700000)]
  0x000001b6c7d3d000 JavaThread "Unconstrained build operations Thread 37" [_thread_blocked, id=15048, stack(0x0000007797700000,0x0000007797800000)]
  0x000001b6c7d46000 JavaThread "Unconstrained build operations Thread 38" [_thread_blocked, id=2788, stack(0x0000007797800000,0x0000007797900000)]
  0x000001b6c7d46800 JavaThread "Unconstrained build operations Thread 39" [_thread_blocked, id=13560, stack(0x0000007797900000,0x0000007797a00000)]
  0x000001b6c7d48800 JavaThread "Unconstrained build operations Thread 40" [_thread_blocked, id=16544, stack(0x0000007797a00000,0x0000007797b00000)]
  0x000001b6c7d47800 JavaThread "Unconstrained build operations Thread 41" [_thread_blocked, id=11124, stack(0x0000007797b00000,0x0000007797c00000)]
  0x000001b6c7d42800 JavaThread "Unconstrained build operations Thread 42" [_thread_blocked, id=15080, stack(0x0000007797c00000,0x0000007797d00000)]
  0x000001b6c7d45000 JavaThread "Unconstrained build operations Thread 43" [_thread_blocked, id=14108, stack(0x0000007797d00000,0x0000007797e00000)]
  0x000001b6c7d49000 JavaThread "Unconstrained build operations Thread 44" [_thread_blocked, id=10828, stack(0x0000007797e00000,0x0000007797f00000)]
  0x000001b6c7d44000 JavaThread "Unconstrained build operations Thread 45" [_thread_blocked, id=3972, stack(0x0000007797f00000,0x0000007798000000)]
  0x000001b6c7d43800 JavaThread "Unconstrained build operations Thread 46" [_thread_blocked, id=9532, stack(0x0000007798000000,0x0000007798100000)]
  0x000001b6c7d4a000 JavaThread "Unconstrained build operations Thread 47" [_thread_blocked, id=16136, stack(0x0000007798100000,0x0000007798200000)]
  0x000001b6c5ffd000 JavaThread "Unconstrained build operations Thread 48" [_thread_blocked, id=14752, stack(0x0000007798200000,0x0000007798300000)]
  0x000001b6c5ffa800 JavaThread "Unconstrained build operations Thread 49" [_thread_blocked, id=9128, stack(0x0000007798300000,0x0000007798400000)]
  0x000001b6c5ffb800 JavaThread "Unconstrained build operations Thread 50" [_thread_blocked, id=13516, stack(0x0000007798400000,0x0000007798500000)]
  0x000001b6c5ff8000 JavaThread "Unconstrained build operations Thread 51" [_thread_blocked, id=14616, stack(0x0000007798500000,0x0000007798600000)]
  0x000001b6c5ffc000 JavaThread "Unconstrained build operations Thread 52" [_thread_blocked, id=15068, stack(0x0000007798600000,0x0000007798700000)]
  0x000001b6c5ff9000 JavaThread "Unconstrained build operations Thread 53" [_thread_blocked, id=15964, stack(0x0000007798700000,0x0000007798800000)]
  0x000001b6c5ff7800 JavaThread "Unconstrained build operations Thread 54" [_thread_blocked, id=8228, stack(0x0000007798800000,0x0000007798900000)]
  0x000001b6c5ffe000 JavaThread "Unconstrained build operations Thread 55" [_thread_blocked, id=12528, stack(0x0000007798900000,0x0000007798a00000)]
  0x000001b6c5ff9800 JavaThread "Unconstrained build operations Thread 56" [_thread_blocked, id=10896, stack(0x0000007798a00000,0x0000007798b00000)]
  0x000001b6c6002000 JavaThread "Unconstrained build operations Thread 57" [_thread_blocked, id=15768, stack(0x0000007798b00000,0x0000007798c00000)]
  0x000001b6c6002800 JavaThread "Unconstrained build operations Thread 58" [_thread_blocked, id=5208, stack(0x0000007798c00000,0x0000007798d00000)]
  0x000001b6c6001000 JavaThread "Unconstrained build operations Thread 59" [_thread_blocked, id=14900, stack(0x0000007798d00000,0x0000007798e00000)]
  0x000001b6c6003800 JavaThread "Unconstrained build operations Thread 60" [_thread_blocked, id=10788, stack(0x0000007798e00000,0x0000007798f00000)]
  0x000001b6c5fff800 JavaThread "Unconstrained build operations Thread 61" [_thread_blocked, id=16308, stack(0x0000007798f00000,0x0000007799000000)]
  0x000001b6c6000800 JavaThread "Unconstrained build operations Thread 62" [_thread_blocked, id=9396, stack(0x0000007799000000,0x0000007799100000)]
  0x000001b6c6004800 JavaThread "Unconstrained build operations Thread 63" [_thread_blocked, id=17324, stack(0x0000007799100000,0x0000007799200000)]
  0x000001b6c5ffe800 JavaThread "Unconstrained build operations Thread 64" [_thread_blocked, id=10808, stack(0x0000007799200000,0x0000007799300000)]
  0x000001b6c6005000 JavaThread "Unconstrained build operations Thread 65" [_thread_blocked, id=4728, stack(0x0000007799300000,0x0000007799400000)]
  0x000001b6c6006000 JavaThread "Unconstrained build operations Thread 66" [_thread_blocked, id=1328, stack(0x0000007799400000,0x0000007799500000)]
  0x000001b6cb7d8800 JavaThread "Unconstrained build operations Thread 67" [_thread_blocked, id=16716, stack(0x0000007799500000,0x0000007799600000)]
  0x000001b6cb7df000 JavaThread "Unconstrained build operations Thread 68" [_thread_blocked, id=13712, stack(0x0000007799600000,0x0000007799700000)]
  0x000001b6cb7dd000 JavaThread "Unconstrained build operations Thread 69" [_thread_blocked, id=16612, stack(0x0000007799700000,0x0000007799800000)]
  0x000001b6cb7d9000 JavaThread "Unconstrained build operations Thread 70" [_thread_blocked, id=13976, stack(0x0000007799800000,0x0000007799900000)]
  0x000001b6cb7df800 JavaThread "Unconstrained build operations Thread 71" [_thread_blocked, id=12472, stack(0x0000007799900000,0x0000007799a00000)]
  0x000001b6cb7da000 JavaThread "Unconstrained build operations Thread 72" [_thread_blocked, id=8720, stack(0x0000007799a00000,0x0000007799b00000)]
  0x000001b6cb7db800 JavaThread "Unconstrained build operations Thread 73" [_thread_blocked, id=16368, stack(0x0000007799b00000,0x0000007799c00000)]
  0x000001b6cb7e0800 JavaThread "Unconstrained build operations Thread 74" [_thread_blocked, id=11032, stack(0x0000007799c00000,0x0000007799d00000)]
  0x000001b6cb7da800 JavaThread "Unconstrained build operations Thread 75" [_thread_blocked, id=16928, stack(0x0000007799d00000,0x0000007799e00000)]
  0x000001b6cb7e1800 JavaThread "Unconstrained build operations Thread 76" [_thread_blocked, id=8880, stack(0x0000007799e00000,0x0000007799f00000)]
  0x000001b6cb7e2000 JavaThread "Unconstrained build operations Thread 77" [_thread_blocked, id=6244, stack(0x0000007799f00000,0x000000779a000000)]
  0x000001b6cb7de000 JavaThread "Unconstrained build operations Thread 78" [_thread_blocked, id=15156, stack(0x000000779a000000,0x000000779a100000)]
  0x000001b6cb7dc800 JavaThread "Unconstrained build operations Thread 79" [_thread_blocked, id=15076, stack(0x000000779a100000,0x000000779a200000)]
  0x000001b6cb7e4800 JavaThread "Unconstrained build operations Thread 80" [_thread_blocked, id=11688, stack(0x000000779a200000,0x000000779a300000)]

Other Threads:
  0x000001b6c496d000 VMThread "VM Thread" [stack: 0x0000007791300000,0x0000007791400000] [id=16888]
  0x000001b6c546b000 WatcherThread [stack: 0x0000007791d00000,0x0000007791e00000] [id=15728]
  0x000001b6a5893800 GCTaskThread "GC Thread#0" [stack: 0x0000007790e00000,0x0000007790f00000] [id=3348]
  0x000001b6c5fd3800 GCTaskThread "GC Thread#1" [stack: 0x0000007791e00000,0x0000007791f00000] [id=12556]
  0x000001b6c6d1f000 GCTaskThread "GC Thread#2" [stack: 0x0000007792900000,0x0000007792a00000] [id=7364]
  0x000001b6c675f800 GCTaskThread "GC Thread#3" [stack: 0x0000007792a00000,0x0000007792b00000] [id=17280]
  0x000001b6c7531800 GCTaskThread "GC Thread#4" [stack: 0x0000007792b00000,0x0000007792c00000] [id=17288]
  0x000001b6c753d000 GCTaskThread "GC Thread#5" [stack: 0x0000007792c00000,0x0000007792d00000] [id=12648]
  0x000001b6c753e000 GCTaskThread "GC Thread#6" [stack: 0x0000007792d00000,0x0000007792e00000] [id=2752]
  0x000001b6c753e800 GCTaskThread "GC Thread#7" [stack: 0x0000007792e00000,0x0000007792f00000] [id=16532]
  0x000001b6a58c6800 ConcurrentGCThread "G1 Main Marker" [stack: 0x0000007790f00000,0x0000007791000000] [id=14028]
  0x000001b6a58c7800 ConcurrentGCThread "G1 Conc#0" [stack: 0x0000007791000000,0x0000007791100000] [id=11828]
  0x000001b6c74a8000 ConcurrentGCThread "G1 Conc#1" [stack: 0x0000007793200000,0x0000007793300000] [id=7504]
  0x000001b6c47df800 ConcurrentGCThread "G1 Refine#0" [stack: 0x0000007791100000,0x0000007791200000] [id=8420]
  0x000001b6c47e0800 ConcurrentGCThread "G1 Young RemSet Sampling" [stack: 0x0000007791200000,0x0000007791300000] [id=7920]

Threads with active compile tasks:
C2 CompilerThread0   101975 12297   !   4       java.lang.reflect.Field::declaredAnnotations (82 bytes)

VM state:not at safepoint (normal execution)

VM Mutex/Monitor currently owned by a thread: None

Heap address: 0x0000000080000000, size: 2048 MB, Compressed Oops mode: 32-bit
Narrow klass base: 0x0000000000000000, Narrow klass shift: 3
Compressed class space size: 528482304 Address: 0x0000000100000000

Heap:
 garbage-first heap   total 152576K, used 133080K [0x0000000080000000, 0x0000000100000000)
  region size 1024K, 2 young (2048K), 1 survivors (1024K)
 Metaspace       used 104665K, capacity 108099K, committed 108244K, reserved 610304K
  class space    used 13744K, capacity 15066K, committed 15104K, reserved 516096K
Heap Regions: E=young(eden), S=young(survivor), O=old, HS=humongous(starts), HC=humongous(continues), CS=collection set, F=free, A=archive, TAMS=top-at-mark-start (previous, next)
|   0|0x0000000080000000, 0x0000000080100000, 0x0000000080100000|100%| O|  |TAMS 0x0000000080100000, 0x0000000080000000| Untracked 
|   1|0x0000000080100000, 0x0000000080200000, 0x0000000080200000|100%| O|  |TAMS 0x0000000080200000, 0x0000000080100000| Untracked 
|   2|0x0000000080200000, 0x0000000080300000, 0x0000000080300000|100%| O|  |TAMS 0x0000000080300000, 0x0000000080200000| Untracked 
|   3|0x0000000080300000, 0x0000000080400000, 0x0000000080400000|100%|HS|  |TAMS 0x0000000080400000, 0x0000000080300000| Complete 
|   4|0x0000000080400000, 0x0000000080500000, 0x0000000080500000|100%|HC|  |TAMS 0x0000000080500000, 0x0000000080400000| Complete 
|   5|0x0000000080500000, 0x0000000080600000, 0x0000000080600000|100%|HC|  |TAMS 0x0000000080600000, 0x0000000080500000| Complete 
|   6|0x0000000080600000, 0x0000000080700000, 0x0000000080700000|100%| O|  |TAMS 0x0000000080700000, 0x0000000080600000| Untracked 
|   7|0x0000000080700000, 0x0000000080800000, 0x0000000080800000|100%| O|  |TAMS 0x0000000080800000, 0x0000000080700000| Untracked 
|   8|0x0000000080800000, 0x0000000080900000, 0x0000000080900000|100%| O|  |TAMS 0x0000000080900000, 0x0000000080800000| Untracked 
|   9|0x0000000080900000, 0x0000000080a00000, 0x0000000080a00000|100%| O|  |TAMS 0x0000000080a00000, 0x0000000080900000| Untracked 
|  10|0x0000000080a00000, 0x0000000080b00000, 0x0000000080b00000|100%| O|  |TAMS 0x0000000080b00000, 0x0000000080a00000| Untracked 
|  11|0x0000000080b00000, 0x0000000080c00000, 0x0000000080c00000|100%| O|  |TAMS 0x0000000080c00000, 0x0000000080b00000| Untracked 
|  12|0x0000000080c00000, 0x0000000080d00000, 0x0000000080d00000|100%| O|  |TAMS 0x0000000080d00000, 0x0000000080c00000| Untracked 
|  13|0x0000000080d00000, 0x0000000080e00000, 0x0000000080e00000|100%| O|  |TAMS 0x0000000080e00000, 0x0000000080d00000| Untracked 
|  14|0x0000000080e00000, 0x0000000080f00000, 0x0000000080f00000|100%| O|  |TAMS 0x0000000080f00000, 0x0000000080e00000| Untracked 
|  15|0x0000000080f00000, 0x0000000081000000, 0x0000000081000000|100%| O|  |TAMS 0x0000000081000000, 0x0000000080f00000| Untracked 
|  16|0x0000000081000000, 0x0000000081100000, 0x0000000081100000|100%|HS|  |TAMS 0x0000000081100000, 0x0000000081000000| Complete 
|  17|0x0000000081100000, 0x0000000081200000, 0x0000000081200000|100%| O|  |TAMS 0x0000000081200000, 0x0000000081100000| Untracked 
|  18|0x0000000081200000, 0x0000000081300000, 0x0000000081300000|100%| O|  |TAMS 0x0000000081300000, 0x0000000081200000| Untracked 
|  19|0x0000000081300000, 0x0000000081400000, 0x0000000081400000|100%| O|  |TAMS 0x0000000081400000, 0x0000000081300000| Untracked 
|  20|0x0000000081400000, 0x0000000081500000, 0x0000000081500000|100%| O|  |TAMS 0x0000000081500000, 0x0000000081400000| Untracked 
|  21|0x0000000081500000, 0x0000000081600000, 0x0000000081600000|100%| O|  |TAMS 0x0000000081600000, 0x0000000081500000| Untracked 
|  22|0x0000000081600000, 0x0000000081700000, 0x0000000081700000|100%| O|  |TAMS 0x0000000081700000, 0x0000000081600000| Untracked 
|  23|0x0000000081700000, 0x0000000081800000, 0x0000000081800000|100%| O|  |TAMS 0x0000000081800000, 0x0000000081700000| Untracked 
|  24|0x0000000081800000, 0x0000000081900000, 0x0000000081900000|100%| O|  |TAMS 0x0000000081900000, 0x0000000081800000| Untracked 
|  25|0x0000000081900000, 0x0000000081a00000, 0x0000000081a00000|100%| O|  |TAMS 0x0000000081a00000, 0x0000000081900000| Untracked 
|  26|0x0000000081a00000, 0x0000000081b00000, 0x0000000081b00000|100%| O|  |TAMS 0x0000000081b00000, 0x0000000081a00000| Untracked 
|  27|0x0000000081b00000, 0x0000000081c00000, 0x0000000081c00000|100%|HS|  |TAMS 0x0000000081c00000, 0x0000000081b00000| Complete 
|  28|0x0000000081c00000, 0x0000000081d00000, 0x0000000081d00000|100%|HC|  |TAMS 0x0000000081d00000, 0x0000000081c00000| Complete 
|  29|0x0000000081d00000, 0x0000000081e00000, 0x0000000081e00000|100%|HC|  |TAMS 0x0000000081e00000, 0x0000000081d00000| Complete 
|  30|0x0000000081e00000, 0x0000000081f00000, 0x0000000081f00000|100%| O|  |TAMS 0x0000000081f00000, 0x0000000081e00000| Untracked 
|  31|0x0000000081f00000, 0x0000000082000000, 0x0000000082000000|100%| O|  |TAMS 0x0000000082000000, 0x0000000081f00000| Untracked 
|  32|0x0000000082000000, 0x0000000082100000, 0x0000000082100000|100%| O|  |TAMS 0x0000000082100000, 0x0000000082000000| Untracked 
|  33|0x0000000082100000, 0x0000000082200000, 0x0000000082200000|100%| O|  |TAMS 0x0000000082200000, 0x0000000082100000| Untracked 
|  34|0x0000000082200000, 0x0000000082300000, 0x0000000082300000|100%| O|  |TAMS 0x0000000082300000, 0x0000000082200000| Untracked 
|  35|0x0000000082300000, 0x0000000082400000, 0x0000000082400000|100%| O|  |TAMS 0x0000000082400000, 0x0000000082300000| Untracked 
|  36|0x0000000082400000, 0x0000000082500000, 0x0000000082500000|100%| O|  |TAMS 0x0000000082500000, 0x0000000082400000| Untracked 
|  37|0x0000000082500000, 0x0000000082600000, 0x0000000082600000|100%| O|  |TAMS 0x0000000082500000, 0x0000000082500000| Untracked 
|  38|0x0000000082600000, 0x0000000082700000, 0x0000000082700000|100%| O|  |TAMS 0x00000000826aaa00, 0x0000000082600000| Untracked 
|  39|0x0000000082700000, 0x0000000082800000, 0x0000000082800000|100%| O|  |TAMS 0x0000000082800000, 0x0000000082700000| Untracked 
|  40|0x0000000082800000, 0x0000000082900000, 0x0000000082900000|100%| O|  |TAMS 0x0000000082900000, 0x0000000082800000| Untracked 
|  41|0x0000000082900000, 0x0000000082a00000, 0x0000000082a00000|100%| O|  |TAMS 0x0000000082a00000, 0x0000000082900000| Untracked 
|  42|0x0000000082a00000, 0x0000000082b00000, 0x0000000082b00000|100%| O|  |TAMS 0x0000000082b00000, 0x0000000082a00000| Untracked 
|  43|0x0000000082b00000, 0x0000000082c00000, 0x0000000082c00000|100%|HS|  |TAMS 0x0000000082c00000, 0x0000000082b00000| Complete 
|  44|0x0000000082c00000, 0x0000000082d00000, 0x0000000082d00000|100%|HS|  |TAMS 0x0000000082d00000, 0x0000000082c00000| Complete 
|  45|0x0000000082d00000, 0x0000000082e00000, 0x0000000082e00000|100%| O|  |TAMS 0x0000000082e00000, 0x0000000082d00000| Untracked 
|  46|0x0000000082e00000, 0x0000000082f00000, 0x0000000082f00000|100%| O|  |TAMS 0x0000000082f00000, 0x0000000082e00000| Untracked 
|  47|0x0000000082f00000, 0x0000000083000000, 0x0000000083000000|100%| O|  |TAMS 0x0000000083000000, 0x0000000082f00000| Untracked 
|  48|0x0000000083000000, 0x0000000083100000, 0x0000000083100000|100%| O|  |TAMS 0x0000000083100000, 0x0000000083000000| Untracked 
|  49|0x0000000083100000, 0x0000000083200000, 0x0000000083200000|100%| O|  |TAMS 0x0000000083200000, 0x0000000083100000| Untracked 
|  50|0x0000000083200000, 0x0000000083300000, 0x0000000083300000|100%| O|  |TAMS 0x0000000083300000, 0x0000000083200000| Untracked 
|  51|0x0000000083300000, 0x0000000083400000, 0x0000000083400000|100%| O|  |TAMS 0x0000000083400000, 0x0000000083300000| Untracked 
|  52|0x0000000083400000, 0x0000000083500000, 0x0000000083500000|100%|HS|  |TAMS 0x0000000083500000, 0x0000000083400000| Complete 
|  53|0x0000000083500000, 0x0000000083600000, 0x0000000083600000|100%|HC|  |TAMS 0x0000000083600000, 0x0000000083500000| Complete 
|  54|0x0000000083600000, 0x0000000083700000, 0x0000000083700000|100%| O|  |TAMS 0x0000000083700000, 0x0000000083600000| Untracked 
|  55|0x0000000083700000, 0x0000000083800000, 0x0000000083800000|100%| O|  |TAMS 0x0000000083800000, 0x0000000083700000| Untracked 
|  56|0x0000000083800000, 0x0000000083900000, 0x0000000083900000|100%| O|  |TAMS 0x0000000083900000, 0x0000000083800000| Untracked 
|  57|0x0000000083900000, 0x0000000083a00000, 0x0000000083a00000|100%| O|  |TAMS 0x0000000083a00000, 0x0000000083900000| Untracked 
|  58|0x0000000083a00000, 0x0000000083b00000, 0x0000000083b00000|100%| O|  |TAMS 0x0000000083b00000, 0x0000000083a00000| Untracked 
|  59|0x0000000083b00000, 0x0000000083c00000, 0x0000000083c00000|100%| O|  |TAMS 0x0000000083b00000, 0x0000000083b00000| Untracked 
|  60|0x0000000083c00000, 0x0000000083d00000, 0x0000000083d00000|100%| O|  |TAMS 0x0000000083c00000, 0x0000000083c00000| Untracked 
|  61|0x0000000083d00000, 0x0000000083e00000, 0x0000000083e00000|100%| O|  |TAMS 0x0000000083e00000, 0x0000000083d00000| Untracked 
|  62|0x0000000083e00000, 0x0000000083f00000, 0x0000000083f00000|100%| O|  |TAMS 0x0000000083f00000, 0x0000000083e00000| Untracked 
|  63|0x0000000083f00000, 0x0000000084000000, 0x0000000084000000|100%| O|  |TAMS 0x0000000084000000, 0x0000000083f00000| Untracked 
|  64|0x0000000084000000, 0x0000000084100000, 0x0000000084100000|100%| O|  |TAMS 0x0000000084100000, 0x0000000084000000| Untracked 
|  65|0x0000000084100000, 0x0000000084200000, 0x0000000084200000|100%| O|  |TAMS 0x0000000084200000, 0x0000000084100000| Untracked 
|  66|0x0000000084200000, 0x0000000084300000, 0x0000000084300000|100%| O|  |TAMS 0x0000000084300000, 0x0000000084200000| Untracked 
|  67|0x0000000084300000, 0x0000000084400000, 0x0000000084400000|100%| O|  |TAMS 0x0000000084400000, 0x0000000084300000| Untracked 
|  68|0x0000000084400000, 0x0000000084500000, 0x0000000084500000|100%| O|  |TAMS 0x0000000084500000, 0x0000000084400000| Untracked 
|  69|0x0000000084500000, 0x0000000084600000, 0x0000000084600000|100%| O|  |TAMS 0x0000000084600000, 0x0000000084500000| Untracked 
|  70|0x0000000084600000, 0x0000000084700000, 0x0000000084700000|100%| O|  |TAMS 0x0000000084700000, 0x0000000084600000| Untracked 
|  71|0x0000000084700000, 0x0000000084800000, 0x0000000084800000|100%| O|  |TAMS 0x0000000084800000, 0x0000000084700000| Untracked 
|  72|0x0000000084800000, 0x0000000084900000, 0x0000000084900000|100%| O|  |TAMS 0x0000000084900000, 0x0000000084800000| Untracked 
|  73|0x0000000084900000, 0x0000000084a00000, 0x0000000084a00000|100%| O|  |TAMS 0x0000000084a00000, 0x0000000084900000| Untracked 
|  74|0x0000000084a00000, 0x0000000084b00000, 0x0000000084b00000|100%| O|  |TAMS 0x0000000084b00000, 0x0000000084a00000| Untracked 
|  75|0x0000000084b00000, 0x0000000084c00000, 0x0000000084c00000|100%| O|  |TAMS 0x0000000084c00000, 0x0000000084b00000| Untracked 
|  76|0x0000000084c00000, 0x0000000084d00000, 0x0000000084d00000|100%| O|  |TAMS 0x0000000084d00000, 0x0000000084c00000| Untracked 
|  77|0x0000000084d00000, 0x0000000084e00000, 0x0000000084e00000|100%| O|  |TAMS 0x0000000084e00000, 0x0000000084d00000| Untracked 
|  78|0x0000000084e00000, 0x0000000084f00000, 0x0000000084f00000|100%| O|  |TAMS 0x0000000084f00000, 0x0000000084e00000| Untracked 
|  79|0x0000000084f00000, 0x0000000085000000, 0x0000000085000000|100%| O|  |TAMS 0x0000000085000000, 0x0000000084f00000| Untracked 
|  80|0x0000000085000000, 0x0000000085100000, 0x0000000085100000|100%| O|  |TAMS 0x0000000085100000, 0x0000000085000000| Untracked 
|  81|0x0000000085100000, 0x0000000085200000, 0x0000000085200000|100%| O|  |TAMS 0x0000000085200000, 0x0000000085100000| Untracked 
|  82|0x0000000085200000, 0x0000000085300000, 0x0000000085300000|100%|HS|  |TAMS 0x0000000085300000, 0x0000000085200000| Complete 
|  83|0x0000000085300000, 0x0000000085400000, 0x0000000085400000|100%|HS|  |TAMS 0x0000000085400000, 0x0000000085300000| Complete 
|  84|0x0000000085400000, 0x0000000085500000, 0x0000000085500000|100%|HS|  |TAMS 0x0000000085500000, 0x0000000085400000| Complete 
|  85|0x0000000085500000, 0x0000000085600000, 0x0000000085600000|100%|HS|  |TAMS 0x0000000085600000, 0x0000000085500000| Complete 
|  86|0x0000000085600000, 0x0000000085700000, 0x0000000085700000|100%|HC|  |TAMS 0x0000000085700000, 0x0000000085600000| Complete 
|  87|0x0000000085700000, 0x0000000085800000, 0x0000000085800000|100%|HC|  |TAMS 0x0000000085800000, 0x0000000085700000| Complete 
|  88|0x0000000085800000, 0x0000000085900000, 0x0000000085900000|100%| O|  |TAMS 0x0000000085800000, 0x0000000085800000| Untracked 
|  89|0x0000000085900000, 0x0000000085a00000, 0x0000000085a00000|100%| O|  |TAMS 0x0000000085a00000, 0x0000000085900000| Untracked 
|  90|0x0000000085a00000, 0x0000000085b00000, 0x0000000085b00000|100%| O|  |TAMS 0x0000000085b00000, 0x0000000085a00000| Untracked 
|  91|0x0000000085b00000, 0x0000000085c00000, 0x0000000085c00000|100%| O|  |TAMS 0x0000000085c00000, 0x0000000085b00000| Untracked 
|  92|0x0000000085c00000, 0x0000000085d00000, 0x0000000085d00000|100%| O|  |TAMS 0x0000000085d00000, 0x0000000085c00000| Untracked 
|  93|0x0000000085d00000, 0x0000000085e00000, 0x0000000085e00000|100%| O|  |TAMS 0x0000000085e00000, 0x0000000085d00000| Untracked 
|  94|0x0000000085e00000, 0x0000000085f00000, 0x0000000085f00000|100%| O|  |TAMS 0x0000000085f00000, 0x0000000085e00000| Untracked 
|  95|0x0000000085f00000, 0x0000000086000000, 0x0000000086000000|100%| O|  |TAMS 0x0000000086000000, 0x0000000085f00000| Untracked 
|  96|0x0000000086000000, 0x0000000086100000, 0x0000000086100000|100%| O|  |TAMS 0x0000000086100000, 0x0000000086000000| Untracked 
|  97|0x0000000086100000, 0x0000000086200000, 0x0000000086200000|100%| O|  |TAMS 0x0000000086200000, 0x0000000086100000| Untracked 
|  98|0x0000000086200000, 0x0000000086300000, 0x0000000086300000|100%| O|  |TAMS 0x0000000086300000, 0x0000000086200000| Untracked 
|  99|0x0000000086300000, 0x0000000086400000, 0x0000000086400000|100%| O|  |TAMS 0x0000000086300000, 0x0000000086300000| Untracked 
| 100|0x0000000086400000, 0x0000000086500000, 0x0000000086500000|100%| O|  |TAMS 0x0000000086400000, 0x0000000086400000| Untracked 
| 101|0x0000000086500000, 0x0000000086600000, 0x0000000086600000|100%| O|  |TAMS 0x0000000086500000, 0x0000000086500000| Untracked 
| 102|0x0000000086600000, 0x0000000086700000, 0x0000000086700000|100%|HS|  |TAMS 0x0000000086600000, 0x0000000086600000| Complete 
| 103|0x0000000086700000, 0x0000000086800000, 0x0000000086800000|100%|HS|  |TAMS 0x0000000086700000, 0x0000000086700000| Complete 
| 104|0x0000000086800000, 0x0000000086900000, 0x0000000086900000|100%|HC|  |TAMS 0x0000000086800000, 0x0000000086800000| Complete 
| 105|0x0000000086900000, 0x0000000086a00000, 0x0000000086a00000|100%|HC|  |TAMS 0x0000000086900000, 0x0000000086900000| Complete 
| 106|0x0000000086a00000, 0x0000000086b00000, 0x0000000086b00000|100%| O|  |TAMS 0x0000000086a00000, 0x0000000086a00000| Untracked 
| 107|0x0000000086b00000, 0x0000000086c00000, 0x0000000086c00000|100%| O|  |TAMS 0x0000000086b00000, 0x0000000086b00000| Untracked 
| 108|0x0000000086c00000, 0x0000000086d00000, 0x0000000086d00000|100%| O|  |TAMS 0x0000000086c00000, 0x0000000086c00000| Untracked 
| 109|0x0000000086d00000, 0x0000000086e00000, 0x0000000086e00000|100%| O|  |TAMS 0x0000000086d00000, 0x0000000086d00000| Untracked 
| 110|0x0000000086e00000, 0x0000000086f00000, 0x0000000086f00000|100%| O|  |TAMS 0x0000000086e00000, 0x0000000086e00000| Untracked 
| 111|0x0000000086f00000, 0x0000000087000000, 0x0000000087000000|100%| O|  |TAMS 0x0000000086f00000, 0x0000000086f00000| Untracked 
| 112|0x0000000087000000, 0x0000000087100000, 0x0000000087100000|100%| O|  |TAMS 0x0000000087000000, 0x0000000087000000| Untracked 
| 113|0x0000000087100000, 0x0000000087200000, 0x0000000087200000|100%| O|  |TAMS 0x0000000087100000, 0x0000000087100000| Untracked 
| 114|0x0000000087200000, 0x0000000087300000, 0x0000000087300000|100%|HS|  |TAMS 0x0000000087200000, 0x0000000087200000| Complete 
| 115|0x0000000087300000, 0x0000000087400000, 0x0000000087400000|100%| O|  |TAMS 0x0000000087300000, 0x0000000087300000| Untracked 
| 116|0x0000000087400000, 0x0000000087500000, 0x0000000087500000|100%| O|  |TAMS 0x0000000087400000, 0x0000000087400000| Untracked 
| 117|0x0000000087500000, 0x0000000087600000, 0x0000000087600000|100%| O|  |TAMS 0x0000000087500000, 0x0000000087500000| Untracked 
| 118|0x0000000087600000, 0x0000000087700000, 0x0000000087700000|100%| O|  |TAMS 0x0000000087600000, 0x0000000087600000| Untracked 
| 119|0x0000000087700000, 0x0000000087800000, 0x0000000087800000|100%| O|  |TAMS 0x0000000087700000, 0x0000000087700000| Untracked 
| 120|0x0000000087800000, 0x0000000087900000, 0x0000000087900000|100%| O|  |TAMS 0x0000000087800000, 0x0000000087800000| Untracked 
| 121|0x0000000087900000, 0x0000000087a00000, 0x0000000087a00000|100%| O|  |TAMS 0x0000000087900000, 0x0000000087900000| Untracked 
| 122|0x0000000087a00000, 0x0000000087b00000, 0x0000000087b00000|100%| O|  |TAMS 0x0000000087a00000, 0x0000000087a00000| Untracked 
| 123|0x0000000087b00000, 0x0000000087c00000, 0x0000000087c00000|100%| O|  |TAMS 0x0000000087b00000, 0x0000000087b00000| Untracked 
| 124|0x0000000087c00000, 0x0000000087d00000, 0x0000000087d00000|100%| O|  |TAMS 0x0000000087c00000, 0x0000000087c00000| Untracked 
| 125|0x0000000087d00000, 0x0000000087e00000, 0x0000000087e00000|100%| O|  |TAMS 0x0000000087d00000, 0x0000000087d00000| Untracked 
| 126|0x0000000087e00000, 0x0000000087f00000, 0x0000000087f00000|100%| O|  |TAMS 0x0000000087e00000, 0x0000000087e00000| Untracked 
| 127|0x0000000087f00000, 0x0000000088000000, 0x0000000088000000|100%| O|  |TAMS 0x0000000087f00000, 0x0000000087f00000| Untracked 
| 128|0x0000000088000000, 0x0000000088100000, 0x0000000088100000|100%| O|  |TAMS 0x0000000088000000, 0x0000000088000000| Untracked 
| 129|0x0000000088100000, 0x000000008819cc00, 0x0000000088200000| 61%| O|  |TAMS 0x0000000088100000, 0x0000000088100000| Untracked 
| 130|0x0000000088200000, 0x0000000088200000, 0x0000000088300000|  0%| F|  |TAMS 0x0000000088200000, 0x0000000088200000| Untracked 
| 131|0x0000000088300000, 0x0000000088300000, 0x0000000088400000|  0%| F|  |TAMS 0x0000000088300000, 0x0000000088300000| Untracked 
| 132|0x0000000088400000, 0x0000000088400000, 0x0000000088500000|  0%| F|  |TAMS 0x0000000088400000, 0x0000000088400000| Untracked 
| 133|0x0000000088500000, 0x0000000088500000, 0x0000000088600000|  0%| F|  |TAMS 0x0000000088500000, 0x0000000088500000| Untracked 
| 134|0x0000000088600000, 0x0000000088600000, 0x0000000088700000|  0%| F|  |TAMS 0x0000000088600000, 0x0000000088600000| Untracked 
| 135|0x0000000088700000, 0x0000000088700000, 0x0000000088800000|  0%| F|  |TAMS 0x0000000088700000, 0x0000000088700000| Untracked 
| 136|0x0000000088800000, 0x0000000088800000, 0x0000000088900000|  0%| F|  |TAMS 0x0000000088800000, 0x0000000088800000| Untracked 
| 137|0x0000000088900000, 0x0000000088900000, 0x0000000088a00000|  0%| F|  |TAMS 0x0000000088900000, 0x0000000088900000| Untracked 
| 138|0x0000000088a00000, 0x0000000088a00000, 0x0000000088b00000|  0%| F|  |TAMS 0x0000000088a00000, 0x0000000088a00000| Untracked 
| 139|0x0000000088b00000, 0x0000000088b00000, 0x0000000088c00000|  0%| F|  |TAMS 0x0000000088b00000, 0x0000000088b00000| Untracked 
| 140|0x0000000088c00000, 0x0000000088c00000, 0x0000000088d00000|  0%| F|  |TAMS 0x0000000088c00000, 0x0000000088c00000| Untracked 
| 141|0x0000000088d00000, 0x0000000088d59408, 0x0000000088e00000| 34%| S|CS|TAMS 0x0000000088d00000, 0x0000000088d00000| Complete 
| 142|0x0000000088e00000, 0x0000000088e00000, 0x0000000088f00000|  0%| F|  |TAMS 0x0000000088e00000, 0x0000000088e00000| Untracked 
| 143|0x0000000088f00000, 0x0000000088f00000, 0x0000000089000000|  0%| F|  |TAMS 0x0000000088f00000, 0x0000000088f00000| Untracked 
| 144|0x0000000089000000, 0x0000000089000000, 0x0000000089100000|  0%| F|  |TAMS 0x0000000089000000, 0x0000000089000000| Untracked 
| 145|0x0000000089100000, 0x0000000089100000, 0x0000000089200000|  0%| F|  |TAMS 0x0000000089100000, 0x0000000089100000| Untracked 
| 146|0x0000000089200000, 0x0000000089200000, 0x0000000089300000|  0%| F|  |TAMS 0x0000000089200000, 0x0000000089200000| Untracked 
| 147|0x0000000089300000, 0x0000000089300000, 0x0000000089400000|  0%| F|  |TAMS 0x0000000089300000, 0x0000000089300000| Untracked 
| 148|0x0000000089400000, 0x000000008945cbf0, 0x0000000089500000| 36%| E|  |TAMS 0x0000000089400000, 0x0000000089400000| Complete 

Card table byte_map: [0x000001b6bd720000,0x000001b6bdb20000] _byte_map_base: 0x000001b6bd320000

Marking Bits (Prev, Next): (CMBitMap*) 0x000001b6a58bd7b8, (CMBitMap*) 0x000001b6a58bd7f0
 Prev Bits: [0x000001b6bdf20000, 0x000001b6bff20000)
 Next Bits: [0x000001b6bff20000, 0x000001b6c1f20000)

Polling page: 0x000001b6a35a0000

Metaspace:

Usage:
  Non-class:     90.85 MB capacity,    88.79 MB ( 98%) used,     1.77 MB (  2%) free+waste,   304.31 KB ( <1%) overhead. 
      Class:     14.71 MB capacity,    13.42 MB ( 91%) used,     1.15 MB (  8%) free+waste,   141.19 KB ( <1%) overhead. 
       Both:    105.57 MB capacity,   102.21 MB ( 97%) used,     2.92 MB (  3%) free+waste,   445.50 KB ( <1%) overhead. 

Virtual space:
  Non-class space:       92.00 MB reserved,      90.96 MB ( 99%) committed 
      Class space:      504.00 MB reserved,      14.75 MB (  3%) committed 
             Both:      596.00 MB reserved,     105.71 MB ( 18%) committed 

Chunk freelists:
   Non-Class:  43.00 KB
       Class:  6.00 KB
        Both:  49.00 KB

MaxMetaspaceSize: 512.00 MB
CompressedClassSpaceSize: 504.00 MB
Initial GC threshold: 20.80 MB
Current GC threshold: 154.72 MB
CDS: off

CodeHeap 'non-profiled nmethods': size=120000Kb used=7462Kb max_used=7462Kb free=112538Kb
 bounds [0x000001b6b5ac0000, 0x000001b6b6210000, 0x000001b6bcff0000]
CodeHeap 'profiled nmethods': size=120000Kb used=27231Kb max_used=27231Kb free=92768Kb
 bounds [0x000001b6ae590000, 0x000001b6b0030000, 0x000001b6b5ac0000]
CodeHeap 'non-nmethods': size=5760Kb used=2414Kb max_used=2471Kb free=3345Kb
 bounds [0x000001b6adff0000, 0x000001b6ae270000, 0x000001b6ae590000]
 total_blobs=13123 nmethods=12191 adapters=842
 compilation: enabled
              stopped_count=0, restarted_count=0
 full_count=0

Compilation events (20 events):
Event: 101.736 Thread 0x000001b6c4997000 12302   !   3       jdk.internal.reflect.GeneratedMethodAccessor70::invoke (63 bytes)
Event: 101.737 Thread 0x000001b6c4997000 nmethod 12302 0x000001b6affdcd90 code [0x000001b6affdcfc0, 0x000001b6affdd698]
Event: 101.779 Thread 0x000001b6c4997000 12304   !   3       com.sun.xml.bind.v2.model.impl.ClassInfoImpl::addProperty (1386 bytes)
Event: 101.793 Thread 0x000001b6c4997000 nmethod 12304 0x000001b6affdd990 code [0x000001b6affdebc0, 0x000001b6affec928]
Event: 101.793 Thread 0x000001b6c4997000 12310       3       java.util.TreeMap::rightOf (13 bytes)
Event: 101.793 Thread 0x000001b6c4997000 nmethod 12310 0x000001b6afff4210 code [0x000001b6afff43c0, 0x000001b6afff4518]
Event: 101.793 Thread 0x000001b6c4997000 12307       3       com.sun.xml.bind.v2.model.impl.RuntimeModelBuilder::getClassInfo (11 bytes)
Event: 101.793 Thread 0x000001b6c4997000 nmethod 12307 0x000001b6afff4610 code [0x000001b6afff47e0, 0x000001b6afff4b68]
Event: 101.793 Thread 0x000001b6c4997000 12306       3       com.sun.xml.bind.v2.model.impl.ClassInfoImpl$PropertySorter::checkedGet (199 bytes)
Event: 101.796 Thread 0x000001b6c4997000 nmethod 12306 0x000001b6afff4c90 code [0x000001b6afff50e0, 0x000001b6afff75a8]
Event: 101.796 Thread 0x000001b6c4997000 12308       3       com.sun.xml.bind.v2.model.impl.RuntimeModelBuilder::getClassInfo (11 bytes)
Event: 101.796 Thread 0x000001b6c4997000 nmethod 12308 0x000001b6afff8210 code [0x000001b6afff83e0, 0x000001b6afff8608]
Event: 101.796 Thread 0x000001b6c4997000 12311       3       com.sun.xml.bind.v2.model.nav.ReflectionNavigator$5::run (5 bytes)
Event: 101.796 Thread 0x000001b6c4997000 nmethod 12311 0x000001b6afff8710 code [0x000001b6afff8920, 0x000001b6afff8c78]
Event: 101.796 Thread 0x000001b6c4997000 12312       3       com.sun.xml.bind.v2.model.nav.ReflectionNavigator$5::run (8 bytes)
Event: 101.797 Thread 0x000001b6c4997000 nmethod 12312 0x000001b6afff8e10 code [0x000001b6afff9000, 0x000001b6afff92f8]
Event: 101.797 Thread 0x000001b6c4997000 12305       3       com.sun.xml.bind.v2.model.annotation.RuntimeInlineAnnotationReader::getAllFieldAnnotations (10 bytes)
Event: 101.797 Thread 0x000001b6c4997000 nmethod 12305 0x000001b6afff9490 code [0x000001b6afff96e0, 0x000001b6afffa018]
Event: 101.797 Thread 0x000001b6c4997000 12303       3       com.sun.xml.bind.v2.model.impl.RuntimeClassInfoImpl$RuntimePropertySeed::<init> (15 bytes)
Event: 101.797 Thread 0x000001b6c4997000 nmethod 12303 0x000001b6afffa310 code [0x000001b6afffa4c0, 0x000001b6afffa6d8]

GC Heap History (20 events):
Event: 97.146 GC heap before
{Heap before GC invocations=77 (full 0):
 garbage-first heap   total 152576K, used 138879K [0x0000000080000000, 0x0000000100000000)
  region size 1024K, 7 young (7168K), 1 survivors (1024K)
 Metaspace       used 104564K, capacity 107954K, committed 108244K, reserved 610304K
  class space    used 13742K, capacity 15063K, committed 15104K, reserved 516096K
}
Event: 97.147 GC heap after
{Heap after GC invocations=78 (full 0):
 garbage-first heap   total 152576K, used 132753K [0x0000000080000000, 0x0000000100000000)
  region size 1024K, 1 young (1024K), 1 survivors (1024K)
 Metaspace       used 104564K, capacity 107954K, committed 108244K, reserved 610304K
  class space    used 13742K, capacity 15063K, committed 15104K, reserved 516096K
}
Event: 97.548 GC heap before
{Heap before GC invocations=78 (full 0):
 garbage-first heap   total 152576K, used 138897K [0x0000000080000000, 0x0000000100000000)
  region size 1024K, 7 young (7168K), 1 survivors (1024K)
 Metaspace       used 104564K, capacity 107954K, committed 108244K, reserved 610304K
  class space    used 13742K, capacity 15063K, committed 15104K, reserved 516096K
}
Event: 97.551 GC heap after
{Heap after GC invocations=79 (full 0):
 garbage-first heap   total 152576K, used 132718K [0x0000000080000000, 0x0000000100000000)
  region size 1024K, 1 young (1024K), 1 survivors (1024K)
 Metaspace       used 104564K, capacity 107954K, committed 108244K, reserved 610304K
  class space    used 13742K, capacity 15063K, committed 15104K, reserved 516096K
}
Event: 98.014 GC heap before
{Heap before GC invocations=79 (full 0):
 garbage-first heap   total 152576K, used 138862K [0x0000000080000000, 0x0000000100000000)
  region size 1024K, 7 young (7168K), 1 survivors (1024K)
 Metaspace       used 104564K, capacity 107954K, committed 108244K, reserved 610304K
  class space    used 13742K, capacity 15063K, committed 15104K, reserved 516096K
}
Event: 98.016 GC heap after
{Heap after GC invocations=80 (full 0):
 garbage-first heap   total 152576K, used 132736K [0x0000000080000000, 0x0000000100000000)
  region size 1024K, 1 young (1024K), 1 survivors (1024K)
 Metaspace       used 104564K, capacity 107954K, committed 108244K, reserved 610304K
  class space    used 13742K, capacity 15063K, committed 15104K, reserved 516096K
}
Event: 98.287 GC heap before
{Heap before GC invocations=80 (full 0):
 garbage-first heap   total 152576K, used 138880K [0x0000000080000000, 0x0000000100000000)
  region size 1024K, 7 young (7168K), 1 survivors (1024K)
 Metaspace       used 104564K, capacity 107954K, committed 108244K, reserved 610304K
  class space    used 13742K, capacity 15063K, committed 15104K, reserved 516096K
}
Event: 98.306 GC heap after
{Heap after GC invocations=81 (full 0):
 garbage-first heap   total 152576K, used 132718K [0x0000000080000000, 0x0000000100000000)
  region size 1024K, 1 young (1024K), 1 survivors (1024K)
 Metaspace       used 104564K, capacity 107954K, committed 108244K, reserved 610304K
  class space    used 13742K, capacity 15063K, committed 15104K, reserved 516096K
}
Event: 98.597 GC heap before
{Heap before GC invocations=81 (full 0):
 garbage-first heap   total 152576K, used 138862K [0x0000000080000000, 0x0000000100000000)
  region size 1024K, 7 young (7168K), 1 survivors (1024K)
 Metaspace       used 104564K, capacity 107954K, committed 108244K, reserved 610304K
  class space    used 13742K, capacity 15063K, committed 15104K, reserved 516096K
}
Event: 98.599 GC heap after
{Heap after GC invocations=82 (full 0):
 garbage-first heap   total 152576K, used 132747K [0x0000000080000000, 0x0000000100000000)
  region size 1024K, 1 young (1024K), 1 survivors (1024K)
 Metaspace       used 104564K, capacity 107954K, committed 108244K, reserved 610304K
  class space    used 13742K, capacity 15063K, committed 15104K, reserved 516096K
}
Event: 98.942 GC heap before
{Heap before GC invocations=82 (full 0):
 garbage-first heap   total 152576K, used 138891K [0x0000000080000000, 0x0000000100000000)
  region size 1024K, 7 young (7168K), 1 survivors (1024K)
 Metaspace       used 104564K, capacity 107954K, committed 108244K, reserved 610304K
  class space    used 13742K, capacity 15063K, committed 15104K, reserved 516096K
}
Event: 98.944 GC heap after
{Heap after GC invocations=83 (full 0):
 garbage-first heap   total 152576K, used 132735K [0x0000000080000000, 0x0000000100000000)
  region size 1024K, 1 young (1024K), 1 survivors (1024K)
 Metaspace       used 104564K, capacity 107954K, committed 108244K, reserved 610304K
  class space    used 13742K, capacity 15063K, committed 15104K, reserved 516096K
}
Event: 99.266 GC heap before
{Heap before GC invocations=83 (full 0):
 garbage-first heap   total 152576K, used 138879K [0x0000000080000000, 0x0000000100000000)
  region size 1024K, 7 young (7168K), 1 survivors (1024K)
 Metaspace       used 104564K, capacity 107954K, committed 108244K, reserved 610304K
  class space    used 13742K, capacity 15063K, committed 15104K, reserved 516096K
}
Event: 99.267 GC heap after
{Heap after GC invocations=84 (full 0):
 garbage-first heap   total 152576K, used 132729K [0x0000000080000000, 0x0000000100000000)
  region size 1024K, 1 young (1024K), 1 survivors (1024K)
 Metaspace       used 104564K, capacity 107954K, committed 108244K, reserved 610304K
  class space    used 13742K, capacity 15063K, committed 15104K, reserved 516096K
}
Event: 99.848 GC heap before
{Heap before GC invocations=84 (full 0):
 garbage-first heap   total 152576K, used 138873K [0x0000000080000000, 0x0000000100000000)
  region size 1024K, 7 young (7168K), 1 survivors (1024K)
 Metaspace       used 104564K, capacity 107954K, committed 108244K, reserved 610304K
  class space    used 13742K, capacity 15063K, committed 15104K, reserved 516096K
}
Event: 99.851 GC heap after
{Heap after GC invocations=85 (full 0):
 garbage-first heap   total 152576K, used 132743K [0x0000000080000000, 0x0000000100000000)
  region size 1024K, 1 young (1024K), 1 survivors (1024K)
 Metaspace       used 104564K, capacity 107954K, committed 108244K, reserved 610304K
  class space    used 13742K, capacity 15063K, committed 15104K, reserved 516096K
}
Event: 100.192 GC heap before
{Heap before GC invocations=85 (full 0):
 garbage-first heap   total 152576K, used 138887K [0x0000000080000000, 0x0000000100000000)
  region size 1024K, 7 young (7168K), 1 survivors (1024K)
 Metaspace       used 104564K, capacity 107954K, committed 108244K, reserved 610304K
  class space    used 13742K, capacity 15063K, committed 15104K, reserved 516096K
}
Event: 100.193 GC heap after
{Heap after GC invocations=86 (full 0):
 garbage-first heap   total 152576K, used 132727K [0x0000000080000000, 0x0000000100000000)
  region size 1024K, 1 young (1024K), 1 survivors (1024K)
 Metaspace       used 104564K, capacity 107954K, committed 108244K, reserved 610304K
  class space    used 13742K, capacity 15063K, committed 15104K, reserved 516096K
}
Event: 101.594 GC heap before
{Heap before GC invocations=86 (full 0):
 garbage-first heap   total 152576K, used 138871K [0x0000000080000000, 0x0000000100000000)
  region size 1024K, 7 young (7168K), 1 survivors (1024K)
 Metaspace       used 104565K, capacity 107954K, committed 108244K, reserved 610304K
  class space    used 13742K, capacity 15063K, committed 15104K, reserved 516096K
}
Event: 101.600 GC heap after
{Heap after GC invocations=87 (full 0):
 garbage-first heap   total 152576K, used 132740K [0x0000000080000000, 0x0000000100000000)
  region size 1024K, 1 young (1024K), 1 survivors (1024K)
 Metaspace       used 104565K, capacity 107954K, committed 108244K, reserved 610304K
  class space    used 13742K, capacity 15063K, committed 15104K, reserved 516096K
}

Deoptimization events (20 events):
Event: 88.293 Thread 0x000001b6c6681800 Uncommon trap: trap_request=0xffffff4d fr.pc=0x000001b6b5dbf71c relative=0x000000000000007c
Event: 88.293 Thread 0x000001b6c6681800 Uncommon trap: reason=unstable_if action=reinterpret pc=0x000001b6b5dbf71c method=java.util.Spliterator.getExactSizeIfKnown()J @ 9 c2
Event: 88.293 Thread 0x000001b6c6681800 DEOPT PACKING pc=0x000001b6b5dbf71c sp=0x00000077925f9450
Event: 88.293 Thread 0x000001b6c6681800 DEOPT UNPACKING pc=0x000001b6adff85af sp=0x00000077925f93e8 mode 2
Event: 97.287 Thread 0x000001b6c66d3800 Uncommon trap: trap_request=0xffffffde fr.pc=0x000001b6b61f94a8 relative=0x0000000000000108
Event: 97.290 Thread 0x000001b6c66d3800 Uncommon trap: reason=class_check action=maybe_recompile pc=0x000001b6b61f94a8 method=jdk.internal.misc.Unsafe.allocateUninitializedArray(Ljava/lang/Class;I)Ljava/lang/Object; @ 48 c2
Event: 97.290 Thread 0x000001b6c66d3800 DEOPT PACKING pc=0x000001b6b61f94a8 sp=0x0000007791ffe490
Event: 97.290 Thread 0x000001b6c66d3800 DEOPT UNPACKING pc=0x000001b6adff85af sp=0x0000007791ffe418 mode 2
Event: 97.290 Thread 0x000001b6c66d3800 Uncommon trap: trap_request=0xffffffde fr.pc=0x000001b6b61f94a8 relative=0x0000000000000108
Event: 97.290 Thread 0x000001b6c66d3800 Uncommon trap: reason=class_check action=maybe_recompile pc=0x000001b6b61f94a8 method=jdk.internal.misc.Unsafe.allocateUninitializedArray(Ljava/lang/Class;I)Ljava/lang/Object; @ 48 c2
Event: 97.290 Thread 0x000001b6c66d3800 DEOPT PACKING pc=0x000001b6b61f94a8 sp=0x0000007791ffe490
Event: 97.290 Thread 0x000001b6c66d3800 DEOPT UNPACKING pc=0x000001b6adff85af sp=0x0000007791ffe418 mode 2
Event: 97.290 Thread 0x000001b6c66d3800 Uncommon trap: trap_request=0xffffffde fr.pc=0x000001b6b61f94a8 relative=0x0000000000000108
Event: 97.290 Thread 0x000001b6c66d3800 Uncommon trap: reason=class_check action=maybe_recompile pc=0x000001b6b61f94a8 method=jdk.internal.misc.Unsafe.allocateUninitializedArray(Ljava/lang/Class;I)Ljava/lang/Object; @ 48 c2
Event: 97.290 Thread 0x000001b6c66d3800 DEOPT PACKING pc=0x000001b6b61f94a8 sp=0x0000007791ffe490
Event: 97.290 Thread 0x000001b6c66d3800 DEOPT UNPACKING pc=0x000001b6adff85af sp=0x0000007791ffe418 mode 2
Event: 97.290 Thread 0x000001b6c66d3800 Uncommon trap: trap_request=0xffffffde fr.pc=0x000001b6b61f94a8 relative=0x0000000000000108
Event: 97.290 Thread 0x000001b6c66d3800 Uncommon trap: reason=class_check action=maybe_recompile pc=0x000001b6b61f94a8 method=jdk.internal.misc.Unsafe.allocateUninitializedArray(Ljava/lang/Class;I)Ljava/lang/Object; @ 48 c2
Event: 97.290 Thread 0x000001b6c66d3800 DEOPT PACKING pc=0x000001b6b61f94a8 sp=0x0000007791ffe490
Event: 97.290 Thread 0x000001b6c66d3800 DEOPT UNPACKING pc=0x000001b6adff85af sp=0x0000007791ffe418 mode 2

Classes redefined (0 events):
No events

Internal exceptions (20 events):
Event: 101.552 Thread 0x000001b6c6681800 Exception <a 'sun/nio/fs/WindowsException'{0x0000000088fd8ef0}> (0x0000000088fd8ef0) thrown at [./src/hotspot/share/prims/jni.cpp, line 617]
Event: 101.552 Thread 0x000001b6c6681800 Exception <a 'sun/nio/fs/WindowsException'{0x0000000088fd90a8}> (0x0000000088fd90a8) thrown at [./src/hotspot/share/prims/jni.cpp, line 617]
Event: 101.553 Thread 0x000001b6c6681800 Exception <a 'sun/nio/fs/WindowsException'{0x0000000088fdb8b8}> (0x0000000088fdb8b8) thrown at [./src/hotspot/share/prims/jni.cpp, line 617]
Event: 101.553 Thread 0x000001b6c6681800 Exception <a 'sun/nio/fs/WindowsException'{0x0000000088fdba80}> (0x0000000088fdba80) thrown at [./src/hotspot/share/prims/jni.cpp, line 617]
Event: 101.560 Thread 0x000001b6c6681800 Exception <a 'sun/nio/fs/WindowsException'{0x0000000088fdf130}> (0x0000000088fdf130) thrown at [./src/hotspot/share/prims/jni.cpp, line 617]
Event: 101.560 Thread 0x000001b6c6681800 Exception <a 'sun/nio/fs/WindowsException'{0x0000000088fdf2c8}> (0x0000000088fdf2c8) thrown at [./src/hotspot/share/prims/jni.cpp, line 617]
Event: 101.560 Thread 0x000001b6c6681800 Exception <a 'sun/nio/fs/WindowsException'{0x0000000088fe1ab0}> (0x0000000088fe1ab0) thrown at [./src/hotspot/share/prims/jni.cpp, line 617]
Event: 101.560 Thread 0x000001b6c6681800 Exception <a 'sun/nio/fs/WindowsException'{0x0000000088fe1c50}> (0x0000000088fe1c50) thrown at [./src/hotspot/share/prims/jni.cpp, line 617]
Event: 101.561 Thread 0x000001b6c6681800 Exception <a 'sun/nio/fs/WindowsException'{0x0000000088fe4bc0}> (0x0000000088fe4bc0) thrown at [./src/hotspot/share/prims/jni.cpp, line 617]
Event: 101.561 Thread 0x000001b6c6681800 Exception <a 'sun/nio/fs/WindowsException'{0x0000000088fe4d60}> (0x0000000088fe4d60) thrown at [./src/hotspot/share/prims/jni.cpp, line 617]
Event: 101.562 Thread 0x000001b6c6681800 Exception <a 'sun/nio/fs/WindowsException'{0x0000000088fe7558}> (0x0000000088fe7558) thrown at [./src/hotspot/share/prims/jni.cpp, line 617]
Event: 101.562 Thread 0x000001b6c6681800 Exception <a 'sun/nio/fs/WindowsException'{0x0000000088fe7710}> (0x0000000088fe7710) thrown at [./src/hotspot/share/prims/jni.cpp, line 617]
Event: 101.562 Thread 0x000001b6c6681800 Exception <a 'sun/nio/fs/WindowsException'{0x0000000088fea6f0}> (0x0000000088fea6f0) thrown at [./src/hotspot/share/prims/jni.cpp, line 617]
Event: 101.562 Thread 0x000001b6c6681800 Exception <a 'sun/nio/fs/WindowsException'{0x0000000088fea8b8}> (0x0000000088fea8b8) thrown at [./src/hotspot/share/prims/jni.cpp, line 617]
Event: 101.562 Thread 0x000001b6c6681800 Exception <a 'sun/nio/fs/WindowsException'{0x0000000088fed0d0}> (0x0000000088fed0d0) thrown at [./src/hotspot/share/prims/jni.cpp, line 617]
Event: 101.562 Thread 0x000001b6c6681800 Exception <a 'sun/nio/fs/WindowsException'{0x0000000088fed2a0}> (0x0000000088fed2a0) thrown at [./src/hotspot/share/prims/jni.cpp, line 617]
Event: 101.563 Thread 0x000001b6c6681800 Exception <a 'sun/nio/fs/WindowsException'{0x0000000088ff0390}> (0x0000000088ff0390) thrown at [./src/hotspot/share/prims/jni.cpp, line 617]
Event: 101.563 Thread 0x000001b6c6681800 Exception <a 'sun/nio/fs/WindowsException'{0x0000000088ff0578}> (0x0000000088ff0578) thrown at [./src/hotspot/share/prims/jni.cpp, line 617]
Event: 101.563 Thread 0x000001b6c6681800 Exception <a 'sun/nio/fs/WindowsException'{0x0000000088ff3308}> (0x0000000088ff3308) thrown at [./src/hotspot/share/prims/jni.cpp, line 617]
Event: 101.563 Thread 0x000001b6c6681800 Exception <a 'sun/nio/fs/WindowsException'{0x0000000088ff3500}> (0x0000000088ff3500) thrown at [./src/hotspot/share/prims/jni.cpp, line 617]

Events (20 events):
Event: 97.145 Executing VM operation: G1CollectForAllocation
Event: 97.147 Executing VM operation: G1CollectForAllocation done
Event: 97.547 Executing VM operation: G1CollectForAllocation
Event: 97.551 Executing VM operation: G1CollectForAllocation done
Event: 98.014 Executing VM operation: G1CollectForAllocation
Event: 98.016 Executing VM operation: G1CollectForAllocation done
Event: 98.285 Executing VM operation: G1CollectForAllocation
Event: 98.306 Executing VM operation: G1CollectForAllocation done
Event: 98.597 Executing VM operation: G1CollectForAllocation
Event: 98.599 Executing VM operation: G1CollectForAllocation done
Event: 98.942 Executing VM operation: G1CollectForAllocation
Event: 98.944 Executing VM operation: G1CollectForAllocation done
Event: 99.266 Executing VM operation: G1CollectForAllocation
Event: 99.267 Executing VM operation: G1CollectForAllocation done
Event: 99.848 Executing VM operation: G1CollectForAllocation
Event: 99.851 Executing VM operation: G1CollectForAllocation done
Event: 100.192 Executing VM operation: G1CollectForAllocation
Event: 100.193 Executing VM operation: G1CollectForAllocation done
Event: 101.594 Executing VM operation: G1CollectForAllocation
Event: 101.600 Executing VM operation: G1CollectForAllocation done


Dynamic libraries:
0x00007ff73a350000 - 0x00007ff73a35d000 	C:\Program Files\Microsoft\jdk-11.0.18.10-hotspot\bin\java.exe
0x00007ffda94f0000 - 0x00007ffda96e8000 	C:\Windows\SYSTEM32\ntdll.dll
0x00007ffda7d00000 - 0x00007ffda7dbf000 	C:\Windows\System32\KERNEL32.dll
0x00007ffda68a0000 - 0x00007ffda69a1000 	C:\Windows\system32\hmpalert.dll
0x00007ffda6cb0000 - 0x00007ffda6fa6000 	C:\Windows\System32\KERNELBASE.dll
0x00007ffda7030000 - 0x00007ffda7130000 	C:\Windows\System32\ucrtbase.dll
0x00007ffd96460000 - 0x00007ffd96477000 	C:\Program Files\Microsoft\jdk-11.0.18.10-hotspot\bin\jli.dll
0x00007ffd8fd20000 - 0x00007ffd8fd35000 	C:\Program Files\Microsoft\jdk-11.0.18.10-hotspot\bin\VCRUNTIME140.dll
0x00007ffda7f70000 - 0x00007ffda810d000 	C:\Windows\System32\USER32.dll
0x00007ffda6bd0000 - 0x00007ffda6bf2000 	C:\Windows\System32\win32u.dll
0x00007ffda8c80000 - 0x00007ffda8cac000 	C:\Windows\System32\GDI32.dll
0x00007ffda7320000 - 0x00007ffda7435000 	C:\Windows\System32\gdi32full.dll
0x00007ffda7440000 - 0x00007ffda74dd000 	C:\Windows\System32\msvcp_win.dll
0x00007ffd86070000 - 0x00007ffd8630a000 	C:\Windows\WinSxS\amd64_microsoft.windows.common-controls_6595b64144ccf1df_6.0.19041.1110_none_60b5254171f9507e\COMCTL32.dll
0x00007ffda8520000 - 0x00007ffda85be000 	C:\Windows\System32\msvcrt.dll
0x00007ffda7cd0000 - 0x00007ffda7d00000 	C:\Windows\System32\IMM32.DLL
0x00007ffd8f490000 - 0x00007ffd8f52b000 	C:\Program Files\Microsoft\jdk-11.0.18.10-hotspot\bin\msvcp140.dll
0x00007ffd27e30000 - 0x00007ffd289c2000 	C:\Program Files\Microsoft\jdk-11.0.18.10-hotspot\bin\server\jvm.dll
0x00007ffda8470000 - 0x00007ffda851f000 	C:\Windows\System32\ADVAPI32.dll
0x00007ffda8b60000 - 0x00007ffda8bfc000 	C:\Windows\System32\sechost.dll
0x00007ffda7b90000 - 0x00007ffda7cb6000 	C:\Windows\System32\RPCRT4.dll
0x00007ffda8a30000 - 0x00007ffda8a38000 	C:\Windows\System32\PSAPI.DLL
0x00007ffd9e660000 - 0x00007ffd9e669000 	C:\Windows\SYSTEM32\WSOCK32.dll
0x00007ffda82b0000 - 0x00007ffda831b000 	C:\Windows\System32\WS2_32.dll
0x00007ffd99630000 - 0x00007ffd9963a000 	C:\Windows\SYSTEM32\VERSION.dll
0x00007ffd84780000 - 0x00007ffd847a7000 	C:\Windows\SYSTEM32\WINMM.dll
0x00007ffda5300000 - 0x00007ffda5312000 	C:\Windows\SYSTEM32\kernel.appcore.dll
0x00007ffd9e600000 - 0x00007ffd9e610000 	C:\Program Files\Microsoft\jdk-11.0.18.10-hotspot\bin\verify.dll
0x00007ffda4530000 - 0x00007ffda4714000 	C:\Windows\SYSTEM32\DBGHELP.DLL
0x00007ffd88eb0000 - 0x00007ffd88ee4000 	C:\Windows\SYSTEM32\dbgcore.DLL
0x00007ffda7290000 - 0x00007ffda7312000 	C:\Windows\System32\bcryptPrimitives.dll
0x00007ffd8fb00000 - 0x00007ffd8fb28000 	C:\Program Files\Microsoft\jdk-11.0.18.10-hotspot\bin\java.dll
0x00007ffd8fd10000 - 0x00007ffd8fd1a000 	C:\Program Files\Microsoft\jdk-11.0.18.10-hotspot\bin\jimage.dll
0x00007ffd8fae0000 - 0x00007ffd8faf8000 	C:\Program Files\Microsoft\jdk-11.0.18.10-hotspot\bin\zip.dll
0x00007ffda8d60000 - 0x00007ffda94a4000 	C:\Windows\System32\SHELL32.dll
0x00007ffda4b60000 - 0x00007ffda52f3000 	C:\Windows\SYSTEM32\windows.storage.dll
0x00007ffda7830000 - 0x00007ffda7b84000 	C:\Windows\System32\combase.dll
0x00007ffda6520000 - 0x00007ffda654e000 	C:\Windows\SYSTEM32\Wldp.dll
0x00007ffda8cb0000 - 0x00007ffda8d5d000 	C:\Windows\System32\SHCORE.dll
0x00007ffda7f10000 - 0x00007ffda7f65000 	C:\Windows\System32\shlwapi.dll
0x00007ffda6b10000 - 0x00007ffda6b2f000 	C:\Windows\SYSTEM32\profapi.dll
0x00007ffd8f420000 - 0x00007ffd8f439000 	C:\Program Files\Microsoft\jdk-11.0.18.10-hotspot\bin\net.dll
0x00007ffd9c720000 - 0x00007ffd9c82a000 	C:\Windows\SYSTEM32\WINHTTP.dll
0x00007ffda6280000 - 0x00007ffda62ea000 	C:\Windows\system32\mswsock.dll
0x00007ffd8f400000 - 0x00007ffd8f413000 	C:\Program Files\Microsoft\jdk-11.0.18.10-hotspot\bin\nio.dll
0x00007ffd8fc70000 - 0x00007ffd8fc97000 	C:\Users\srinibas\.gradle\native\e1d6ef7f7dcc3fd88c89a11ec53ec762bb8ba0a96d01ffa2cd45eb1d1d8dd5c5\windows-amd64\native-platform.dll
0x00007ffd78aa0000 - 0x00007ffd78be4000 	C:\Users\srinibas\.gradle\native\0d407fdbe67a94daf76414ababcb853783967236a71b16ec16e742cd7a986fd3\windows-amd64\native-platform-file-events.dll
0x00007ffd8fad0000 - 0x00007ffd8fad9000 	C:\Program Files\Microsoft\jdk-11.0.18.10-hotspot\bin\management.dll
0x00007ffd8f450000 - 0x00007ffd8f45b000 	C:\Program Files\Microsoft\jdk-11.0.18.10-hotspot\bin\management_ext.dll
0x00007ffda6470000 - 0x00007ffda6488000 	C:\Windows\SYSTEM32\CRYPTSP.dll
0x00007ffda5b30000 - 0x00007ffda5b64000 	C:\Windows\system32\rsaenh.dll
0x00007ffda6fb0000 - 0x00007ffda6fd7000 	C:\Windows\System32\bcrypt.dll
0x00007ffda6a90000 - 0x00007ffda6abe000 	C:\Windows\SYSTEM32\USERENV.dll
0x00007ffda6490000 - 0x00007ffda649c000 	C:\Windows\SYSTEM32\CRYPTBASE.dll
0x00007ffda5f20000 - 0x00007ffda5f5c000 	C:\Windows\SYSTEM32\IPHLPAPI.DLL
0x00007ffda7cc0000 - 0x00007ffda7cc8000 	C:\Windows\System32\NSI.dll
0x00007ffd93520000 - 0x00007ffd93537000 	C:\Windows\SYSTEM32\dhcpcsvc6.DLL
0x00007ffd994f0000 - 0x00007ffd9950d000 	C:\Windows\SYSTEM32\dhcpcsvc.DLL
0x00007ffda5f70000 - 0x00007ffda603b000 	C:\Windows\SYSTEM32\DNSAPI.dll

dbghelp: loaded successfully - version: 4.0.5 - missing functions: none
symbol engine: initialized successfully - sym options: 0x614 - pdb path: .;C:\Program Files\Microsoft\jdk-11.0.18.10-hotspot\bin;C:\Windows\SYSTEM32;C:\Windows\WinSxS\amd64_microsoft.windows.common-controls_6595b64144ccf1df_6.0.19041.1110_none_60b5254171f9507e;C:\Program Files\Microsoft\jdk-11.0.18.10-hotspot\bin\server;C:\Users\srinibas\.gradle\native\e1d6ef7f7dcc3fd88c89a11ec53ec762bb8ba0a96d01ffa2cd45eb1d1d8dd5c5\windows-amd64;C:\Users\srinibas\.gradle\native\0d407fdbe67a94daf76414ababcb853783967236a71b16ec16e742cd7a986fd3\windows-amd64

VM Arguments:
jvm_args: -XX:MaxMetaspaceSize=512m --add-opens=java.base/java.util=ALL-UNNAMED --add-opens=java.base/java.lang=ALL-UNNAMED --add-opens=java.base/java.lang.invoke=ALL-UNNAMED --add-opens=java.base/java.util=ALL-UNNAMED --add-opens=java.prefs/java.util.prefs=ALL-UNNAMED --add-opens=java.prefs/java.util.prefs=ALL-UNNAMED --add-opens=java.base/java.nio.charset=ALL-UNNAMED --add-opens=java.base/java.net=ALL-UNNAMED --add-opens=java.base/java.util.concurrent.atomic=ALL-UNNAMED -Xmx2048m -Dfile.encoding=windows-1252 -Duser.country=IN -Duser.language=en -Duser.variant 
java_command: org.gradle.launcher.daemon.bootstrap.GradleDaemon 7.5.1
java_class_path (initial): C:\Users\srinibas\.gradle\wrapper\dists\gradle-7.5.1-all\1ehga6e77gqps5uk2kc5kf1vc\gradle-7.5.1\lib\gradle-launcher-7.5.1.jar
Launcher Type: SUN_STANDARD

[Global flags]
     intx CICompilerCount                          = 4                                         {product} {ergonomic}
   size_t CompressedClassSpaceSize                 = 528482304                                 {product} {ergonomic}
     uint ConcGCThreads                            = 2                                         {product} {ergonomic}
     uint G1ConcRefinementThreads                  = 8                                         {product} {ergonomic}
   size_t G1HeapRegionSize                         = 1048576                                   {product} {ergonomic}
    uintx GCDrainStackTargetSize                   = 64                                        {product} {ergonomic}
   size_t InitialHeapSize                          = 130023424                                 {product} {ergonomic}
   size_t MarkStackSize                            = 4194304                                   {product} {ergonomic}
   size_t MaxHeapSize                              = 2147483648                                {product} {command line}
   size_t MaxMetaspaceSize                         = 536870912                                 {product} {command line}
   size_t MaxNewSize                               = 1287651328                                {product} {ergonomic}
   size_t MinHeapDeltaBytes                        = 1048576                                   {product} {ergonomic}
    uintx NonNMethodCodeHeapSize                   = 5836300                                {pd product} {ergonomic}
    uintx NonProfiledCodeHeapSize                  = 122910970                              {pd product} {ergonomic}
    uintx ProfiledCodeHeapSize                     = 122910970                              {pd product} {ergonomic}
    uintx ReservedCodeCacheSize                    = 251658240                              {pd product} {ergonomic}
     bool SegmentedCodeCache                       = true                                      {product} {ergonomic}
     bool UseCompressedClassPointers               = true                                 {lp64_product} {ergonomic}
     bool UseCompressedOops                        = true                                 {lp64_product} {ergonomic}
     bool UseG1GC                                  = true                                      {product} {ergonomic}
     bool UseLargePagesIndividualAllocation        = false                                  {pd product} {ergonomic}

Logging:
Log output configuration:
 #0: stdout all=warning uptime,level,tags
 #1: stderr all=off uptime,level,tags

Environment Variables:
JAVA_HOME=C:\Program Files\Microsoft\jdk-11.0.18.10-hotspot\
CLASSPATH=D:\learning\React Native\authApp\android\\gradle\wrapper\gradle-wrapper.jar
PATH=D:\learning\React Native\authApp\android\node_modules\.bin;D:\learning\React Native\authApp\node_modules\.bin;D:\learning\React Native\node_modules\.bin;D:\learning\node_modules\.bin;D:\node_modules\.bin;C:\Program Files\nodejs;D:\learning\React Native\authApp\node_modules\.bin;D:\learning\React Native\node_modules\.bin;D:\learning\node_modules\.bin;D:\node_modules\.bin;C:\Program Files\nodejs\node_modules\npm\node_modules\@npmcli\run-script\lib\node-gyp-bin;D:\learning\React Native\authApp\node_modules\.bin;D:\learning\React Native\authApp\node_modules\.bin;D:\learning\React Native\node_modules\.bin;D:\learning\node_modules\.bin;D:\node_modules\.bin;C:\Program Files\nodejs;D:\learning\React Native\authApp\node_modules\react-native\scripts\node_modules\.bin;D:\learning\React Native\authApp\node_modules\react-native\node_modules\.bin;D:\learning\React Native\authApp\node_modules\node_modules\.bin;D:\learning\React Native\authApp\node_modules\.bin;D:\learning\React Native\node_modules\.bin;D:\learning\node_modules\.bin;D:\node_modules\.bin;C:\Program Files\nodejs;D:\learning\React Native\authApp\node_modules\.bin;D:\learning\React Native\node_modules\.bin;D:\learning\node_modules\.bin;D:\node_modules\.bin;C:\Program Files\nodejs\node_modules\npm\node_modules\@npmcli\run-script\lib\node-gyp-bin;C:\Python311\Scripts\;C:\Python311\;C:\Program Files\Microsoft\jdk-11.0.18.10-hotspot\bin;C:\Program Files\Eclipse Adoptium\jdk-17.0.4.101-hotspot\bin;C:\Python310\Scripts\;C:\Python310\;C:\Windows\system32;C:\Windows;C:\Windows\System32\Wbem;C:\Windows\System32\WindowsPowerShell\v1.0\;C:\Windows\System32\OpenSSH\;C:\ProgramData\chocolatey\bin;C:\Program Files\Microsoft SQL Server\120\Tools\Binn\;C:\Program Files\Git\cmd;C:\Program Files\Microsoft SQL Server\150\Tools\Binn\;C:\Program Files\Microsoft SQL Server\Client SDK\ODBC\170\Tools\Binn\;C:\Program Files\dotnet\;C:\Program Files\nodejs\;C:\Users\srinibas\AppData\Local\Microsoft\WindowsApps;C:\Users\srinibas\AppData\Local\
USERNAME=srinibas
LANG=en_US.UTF-8
OS=Windows_NT
PROCESSOR_IDENTIFIER=Intel64 Family 6 Model 140 Stepping 1, GenuineIntel
TMP=C:\Users\srinibas\AppData\Local\Temp
TEMP=C:\Users\srinibas\AppData\Local\Temp



---------------  S Y S T E M  ---------------

OS: Windows 10 , 64 bit Build 19041 (10.0.19041.2913)
OS uptime: 0 days 16:31 hours

CPU:total 8 (initial active 8) (4 cores per cpu, 2 threads per core) family 6 model 140 stepping 1 microcode 0xa4, cmov, cx8, fxsr, mmx, sse, sse2, sse3, ssse3, sse4.1, sse4.2, popcnt, avx, avx2, aes, clmul, erms, 3dnowpref, lzcnt, ht, tsc, tscinvbit, bmi1, bmi2, adx, evex, sha, fma

Memory: 4k page, system-wide physical 7914M (83M free)
TotalPageFile size 23177M (AvailPageFile size 2M)
current process WorkingSet (physical memory assigned to process): 144M, peak: 351M
current process commit charge ("private bytes"): 474M, peak: 491M

vm_info: OpenJDK 64-Bit Server VM (11.0.18+10-LTS) for windows-amd64 JRE (11.0.18+10-LTS), built on Jan 18 2023 15:56:47 by "MicrosoftCorporation" with MS VC++ 15.9 (VS2017)

END.
