#
# There is insufficient memory for the Java Runtime Environment to continue.
# Native memory allocation (mmap) failed to map 31457280 bytes for Failed to commit area from 0x0000000089500000 to 0x000000008b300000 of length 31457280.
# Possible reasons:
#   The system is out of physical RAM or swap space
#   The process is running with CompressedOops enabled, and the Java Heap may be blocking the growth of the native heap
# Possible solutions:
#   Reduce memory load on the system
#   Increase physical memory or swap space
#   Check if swap backing store is full
#   Decrease Java heap size (-Xmx/-Xms)
#   Decrease number of Java threads
#   Decrease Java thread stack sizes (-Xss)
#   Set larger code cache with -XX:ReservedCodeCacheSize=
#   JVM is running with Unscaled Compressed Oops mode in which the Java heap is
#     placed in the first 4GB address space. The Java Heap base address is the
#     maximum limit for the native heap growth. Please use -XX:HeapBaseMinAddress
#     to set the Java Heap base and to place the Java Heap above 4GB virtual address.
# This output file may be truncated or incomplete.
#
#  Out of Memory Error (./src/hotspot/os/windows/os_windows.cpp:3386), pid=1260, tid=14324
#
# JRE version: OpenJDK Runtime Environment Microsoft-7208460 (11.0.18+10) (build 11.0.18+10-LTS)
# Java VM: OpenJDK 64-Bit Server VM Microsoft-7208460 (11.0.18+10-LTS, mixed mode, tiered, compressed oops, g1 gc, windows-amd64)
# No core dump will be written. Minidumps are not enabled by default on client versions of Windows
#

---------------  S U M M A R Y ------------

Command Line: -XX:MaxMetaspaceSize=512m --add-opens=java.base/java.util=ALL-UNNAMED --add-opens=java.base/java.lang=ALL-UNNAMED --add-opens=java.base/java.lang.invoke=ALL-UNNAMED --add-opens=java.base/java.util=ALL-UNNAMED --add-opens=java.prefs/java.util.prefs=ALL-UNNAMED --add-opens=java.prefs/java.util.prefs=ALL-UNNAMED --add-opens=java.base/java.nio.charset=ALL-UNNAMED --add-opens=java.base/java.net=ALL-UNNAMED --add-opens=java.base/java.util.concurrent.atomic=ALL-UNNAMED -Xmx2048m -Dfile.encoding=windows-1252 -Duser.country=IN -Duser.language=en -Duser.variant org.gradle.launcher.daemon.bootstrap.GradleDaemon 7.5.1

Host: 11th Gen Intel(R) Core(TM) i5-1135G7 @ 2.40GHz, 8 cores, 7G,  Windows 10 , 64 bit Build 19041 (10.0.19041.2913)
Time: Fri May 19 08:15:59 2023 India Standard Time elapsed time: 138.412650 seconds (0d 0h 2m 18s)

---------------  T H R E A D  ---------------

Current thread (0x000001c3c9fe9000):  VMThread "VM Thread" [stack: 0x0000003f5df00000,0x0000003f5e000000] [id=14324]

Stack: [0x0000003f5df00000,0x0000003f5e000000]
[error occurred during error reporting (printing stack bounds), id 0xc0000005, EXCEPTION_ACCESS_VIOLATION (0xc0000005) at pc=0x000001c3b36912e7]

Native frames: (J=compiled Java code, j=interpreted, Vv=VM code, C=native code)
V  [jvm.dll+0x62bf8a]
V  [jvm.dll+0x7b8fb9]
V  [jvm.dll+0x7ba6a8]
V  [jvm.dll+0x7bace5]
V  [jvm.dll+0x7bac9b]
V  [jvm.dll+0x62b317]
V  [jvm.dll+0x62ba28]
C  [ntdll.dll+0xa23df]
C  [ntdll.dll+0x514a4]
C  [ntdll.dll+0xa0f0e]
C  0x000001c3b36912e7

VM_Operation (0x0000003f5f1f2b80): G1CollectForAllocation, mode: safepoint, requested by thread 0x000001c3cc2ee800


---------------  P R O C E S S  ---------------

Threads class SMR info:
_java_thread_list=0x000001c3d57c3e20, length=134, elements={
0x000001c3aaf18800, 0x000001c3c9fec000, 0x000001c3c9ff5000, 0x000001c3ca00c800,
0x000001c3ca00f800, 0x000001c3ca010800, 0x000001c3ca017000, 0x000001c3ca021000,
0x000001c3ca036000, 0x000001c3caad5800, 0x000001c3cc0f2800, 0x000001c3cb88a000,
0x000001c3cbc09000, 0x000001c3cc248000, 0x000001c3cc47d800, 0x000001c3cc1a1000,
0x000001c3cc2ee800, 0x000001c3cc31e800, 0x000001c3ccc4f800, 0x000001c3cbff2000,
0x000001c3cc4c9000, 0x000001c3cc4cd000, 0x000001c3cc4ca000, 0x000001c3cc4ce000,
0x000001c3cc4c8800, 0x000001c3cc4ca800, 0x000001c3cc4cf000, 0x000001c3cc4cc800,
0x000001c3cc4cb800, 0x000001c3ce816800, 0x000001c3ce819800, 0x000001c3ce818000,
0x000001c3ce817000, 0x000001c3ce819000, 0x000001c3ce81d000, 0x000001c3ce81e000,
0x000001c3ce81e800, 0x000001c3ce81c000, 0x000001c3ce81f800, 0x000001c3ce81a800,
0x000001c3ce820000, 0x000001c3ce821000, 0x000001c3ce81b800, 0x000001c3ce822000,
0x000001c3ce822800, 0x000001c3ce823800, 0x000001c3ce824800, 0x000001c3ce9b7800,
0x000001c3ce9b4000, 0x000001c3ce9b8000, 0x000001c3ce9b9000, 0x000001c3ce9ba800,
0x000001c3ce9b5000, 0x000001c3ce9b6800, 0x000001c3ce9b9800, 0x000001c3ce9bb800,
0x000001c3ce9b5800, 0x000001c3ce9c2000, 0x000001c3ce9be800, 0x000001c3ce9bf800,
0x000001c3ce9bc000, 0x000001c3ce9c1000, 0x000001c3ce9c0000, 0x000001c3ce9c2800,
0x000001c3ce9bd000, 0x000001c3ce9be000, 0x000001c3d0b94800, 0x000001c3d0b95000,
0x000001c3d0b92000, 0x000001c3d0b91000, 0x000001c3d0b92800, 0x000001c3d0b96000,
0x000001c3d0b93800, 0x000001c3d0b90800, 0x000001c3d0b97000, 0x000001c3ce9c9000,
0x000001c3ce9c9800, 0x000001c3ce9c4000, 0x000001c3ce9c6800, 0x000001c3ce9c8000,
0x000001c3ce9ca800, 0x000001c3ce9c5000, 0x000001c3ce9cb800, 0x000001c3ce9c5800,
0x000001c3ce9d2000, 0x000001c3ce9ce000, 0x000001c3ce9cd000, 0x000001c3ce9ce800,
0x000001c3ce9cc000, 0x000001c3ce9cf800, 0x000001c3ce9d0000, 0x000001c3ce9d1000,
0x000001c3ce9d2800, 0x000001c3cbdc5800, 0x000001c3cbdc6000, 0x000001c3cbdc4800,
0x000001c3cbdc8000, 0x000001c3cbdc4000, 0x000001c3cbdc2000, 0x000001c3cbdc7000,
0x000001c3cbdc3000, 0x000001c3cbdcb000, 0x000001c3cbdc9800, 0x000001c3cbdce800,
0x000001c3cbdcc000, 0x000001c3cbdcd000, 0x000001c3cbdca800, 0x000001c3cbdc8800,
0x000001c3cbdcd800, 0x000001c3cbdcf000, 0x000001c3cbdd0000, 0x000001c3cbdd1000,
0x000001c3cbd63000, 0x000001c3cbd64000, 0x000001c3cbd61800, 0x000001c3cbd68000,
0x000001c3cbd62800, 0x000001c3cbd69000, 0x000001c3cbd69800, 0x000001c3cbd66800,
0x000001c3cbd6a800, 0x000001c3cbd64800, 0x000001c3cbd6b000, 0x000001c3cbd67000,
0x000001c3cbd65800, 0x000001c3cbd6d000, 0x000001c3cbd6e800, 0x000001c3cbd6f800,
0x000001c3cbd6c000, 0x000001c3cbd6d800, 0x000001c3cbd70000, 0x000001c3caea8800,
0x000001c3caea6000, 0x000001c3caea2800
}

Java Threads: ( => current thread )
  0x000001c3aaf18800 JavaThread "main" [_thread_blocked, id=8492, stack(0x0000003f5d900000,0x0000003f5da00000)]
  0x000001c3c9fec000 JavaThread "Reference Handler" daemon [_thread_blocked, id=18832, stack(0x0000003f5e000000,0x0000003f5e100000)]
  0x000001c3c9ff5000 JavaThread "Finalizer" daemon [_thread_blocked, id=18360, stack(0x0000003f5e100000,0x0000003f5e200000)]
  0x000001c3ca00c800 JavaThread "Signal Dispatcher" daemon [_thread_blocked, id=18592, stack(0x0000003f5e200000,0x0000003f5e300000)]
  0x000001c3ca00f800 JavaThread "Attach Listener" daemon [_thread_blocked, id=2992, stack(0x0000003f5e300000,0x0000003f5e400000)]
  0x000001c3ca010800 JavaThread "Service Thread" daemon [_thread_blocked, id=484, stack(0x0000003f5e400000,0x0000003f5e500000)]
  0x000001c3ca017000 JavaThread "C2 CompilerThread0" daemon [_thread_blocked, id=17724, stack(0x0000003f5e500000,0x0000003f5e600000)]
  0x000001c3ca021000 JavaThread "C1 CompilerThread0" daemon [_thread_blocked, id=14432, stack(0x0000003f5e600000,0x0000003f5e700000)]
  0x000001c3ca036000 JavaThread "Sweeper thread" daemon [_thread_blocked, id=7376, stack(0x0000003f5e700000,0x0000003f5e800000)]
  0x000001c3caad5800 JavaThread "Common-Cleaner" daemon [_thread_blocked, id=19260, stack(0x0000003f5e800000,0x0000003f5e900000)]
  0x000001c3cc0f2800 JavaThread "Daemon health stats" [_thread_blocked, id=18024, stack(0x0000003f5eb00000,0x0000003f5ec00000)]
  0x000001c3cb88a000 JavaThread "Incoming local TCP Connector on port 58543" [_thread_in_native, id=15856, stack(0x0000003f5ec00000,0x0000003f5ed00000)]
  0x000001c3cbc09000 JavaThread "Daemon periodic checks" [_thread_blocked, id=15588, stack(0x0000003f5ed00000,0x0000003f5ee00000)]
  0x000001c3cc248000 JavaThread "Daemon" [_thread_blocked, id=13868, stack(0x0000003f5ee00000,0x0000003f5ef00000)]
  0x000001c3cc47d800 JavaThread "Handler for socket connection from /127.0.0.1:58543 to /127.0.0.1:58550" [_thread_in_native, id=18280, stack(0x0000003f5ef00000,0x0000003f5f000000)]
  0x000001c3cc1a1000 JavaThread "Cancel handler" [_thread_blocked, id=16724, stack(0x0000003f5f000000,0x0000003f5f100000)]
  0x000001c3cc2ee800 JavaThread "Daemon worker" [_thread_blocked, id=9576, stack(0x0000003f5f100000,0x0000003f5f200000)]
  0x000001c3cc31e800 JavaThread "Asynchronous log dispatcher for DefaultDaemonConnection: socket connection from /127.0.0.1:58543 to /127.0.0.1:58550" [_thread_blocked, id=16672, stack(0x0000003f5f200000,0x0000003f5f300000)]
  0x000001c3ccc4f800 JavaThread "Stdin handler" [_thread_blocked, id=15120, stack(0x0000003f5f300000,0x0000003f5f400000)]
  0x000001c3cbff2000 JavaThread "Daemon client event forwarder" [_thread_blocked, id=14612, stack(0x0000003f5f400000,0x0000003f5f500000)]
  0x000001c3cc4c9000 JavaThread "Cache worker for journal cache (C:\Users\srinibas\.gradle\caches\journal-1)" [_thread_blocked, id=11484, stack(0x0000003f5fb00000,0x0000003f5fc00000)]
  0x000001c3cc4cd000 JavaThread "File lock request listener" [_thread_in_native, id=17652, stack(0x0000003f5fc00000,0x0000003f5fd00000)]
  0x000001c3cc4ca000 JavaThread "Cache worker for file hash cache (C:\Users\srinibas\.gradle\caches\7.5.1\fileHashes)" [_thread_blocked, id=9272, stack(0x0000003f5fd00000,0x0000003f5fe00000)]
  0x000001c3cc4ce000 JavaThread "File lock release action executor" [_thread_blocked, id=15392, stack(0x0000003f5ff00000,0x0000003f60000000)]
  0x000001c3cc4c8800 JavaThread "File watcher server" daemon [_thread_in_native, id=15300, stack(0x0000003f60000000,0x0000003f60100000)]
  0x000001c3cc4ca800 JavaThread "File watcher consumer" daemon [_thread_blocked, id=14816, stack(0x0000003f60100000,0x0000003f60200000)]
  0x000001c3cc4cf000 JavaThread "Cache worker for checksums cache (D:\learning\React Native\authApp\android\.gradle\7.5.1\checksums)" [_thread_blocked, id=6176, stack(0x0000003f60200000,0x0000003f60300000)]
  0x000001c3cc4cc800 JavaThread "Cache worker for cache directory md-rule (C:\Users\srinibas\.gradle\caches\7.5.1\md-rule)" [_thread_blocked, id=19404, stack(0x0000003f60300000,0x0000003f60400000)]
  0x000001c3cc4cb800 JavaThread "Cache worker for file content cache (C:\Users\srinibas\.gradle\caches\7.5.1\fileContent)" [_thread_blocked, id=18960, stack(0x0000003f60400000,0x0000003f60500000)]
  0x000001c3ce816800 JavaThread "Cache worker for file hash cache (D:\learning\React Native\authApp\android\.gradle\7.5.1\fileHashes)" [_thread_blocked, id=19412, stack(0x0000003f60500000,0x0000003f60600000)]
  0x000001c3ce819800 JavaThread "Cache worker for cache directory md-supplier (C:\Users\srinibas\.gradle\caches\7.5.1\md-supplier)" [_thread_blocked, id=18076, stack(0x0000003f60600000,0x0000003f60700000)]
  0x000001c3ce818000 JavaThread "Cache worker for execution history cache (C:\Users\srinibas\.gradle\caches\7.5.1\executionHistory)" [_thread_blocked, id=19408, stack(0x0000003f60700000,0x0000003f60800000)]
  0x000001c3ce817000 JavaThread "jar transforms" [_thread_blocked, id=15088, stack(0x0000003f60800000,0x0000003f60900000)]
  0x000001c3ce819000 JavaThread "jar transforms Thread 2" [_thread_blocked, id=17168, stack(0x0000003f60900000,0x0000003f60a00000)]
  0x000001c3ce81d000 JavaThread "jar transforms Thread 3" [_thread_blocked, id=17112, stack(0x0000003f60a00000,0x0000003f60b00000)]
  0x000001c3ce81e000 JavaThread "jar transforms Thread 4" [_thread_blocked, id=8228, stack(0x0000003f60b00000,0x0000003f60c00000)]
  0x000001c3ce81e800 JavaThread "Cache worker for kotlin-dsl (C:\Users\srinibas\.gradle\caches\7.5.1\kotlin-dsl)" [_thread_blocked, id=6356, stack(0x0000003f60c00000,0x0000003f60d00000)]
  0x000001c3ce81c000 JavaThread "jar transforms Thread 5" [_thread_blocked, id=6188, stack(0x0000003f60d00000,0x0000003f60e00000)]
  0x000001c3ce81f800 JavaThread "jar transforms Thread 6" [_thread_blocked, id=17900, stack(0x0000003f60e00000,0x0000003f60f00000)]
  0x000001c3ce81a800 JavaThread "Cache worker for dependencies-accessors (D:\learning\React Native\authApp\android\.gradle\7.5.1\dependencies-accessors)" [_thread_blocked, id=17484, stack(0x0000003f60f00000,0x0000003f61000000)]
  0x000001c3ce820000 JavaThread "Cache worker for Build Output Cleanup Cache (D:\learning\React Native\authApp\node_modules\react-native-gradle-plugin\.gradle\buildOutputCleanup)" [_thread_blocked, id=13320, stack(0x0000003f61000000,0x0000003f61100000)]
  0x000001c3ce821000 JavaThread "jar transforms Thread 7" [_thread_blocked, id=16972, stack(0x0000003f61100000,0x0000003f61200000)]
  0x000001c3ce81b800 JavaThread "Unconstrained build operations" [_thread_blocked, id=15928, stack(0x0000003f61200000,0x0000003f61300000)]
  0x000001c3ce822000 JavaThread "Unconstrained build operations Thread 2" [_thread_blocked, id=6212, stack(0x0000003f61300000,0x0000003f61400000)]
  0x000001c3ce822800 JavaThread "Unconstrained build operations Thread 3" [_thread_blocked, id=17488, stack(0x0000003f61400000,0x0000003f61500000)]
  0x000001c3ce823800 JavaThread "Unconstrained build operations Thread 4" [_thread_blocked, id=12544, stack(0x0000003f61500000,0x0000003f61600000)]
  0x000001c3ce824800 JavaThread "Unconstrained build operations Thread 5" [_thread_blocked, id=15332, stack(0x0000003f61600000,0x0000003f61700000)]
  0x000001c3ce9b7800 JavaThread "Unconstrained build operations Thread 6" [_thread_blocked, id=18668, stack(0x0000003f61700000,0x0000003f61800000)]
  0x000001c3ce9b4000 JavaThread "Unconstrained build operations Thread 7" [_thread_blocked, id=16912, stack(0x0000003f61800000,0x0000003f61900000)]
  0x000001c3ce9b8000 JavaThread "Unconstrained build operations Thread 8" [_thread_blocked, id=16528, stack(0x0000003f61900000,0x0000003f61a00000)]
  0x000001c3ce9b9000 JavaThread "Unconstrained build operations Thread 9" [_thread_blocked, id=18928, stack(0x0000003f61a00000,0x0000003f61b00000)]
  0x000001c3ce9ba800 JavaThread "Unconstrained build operations Thread 10" [_thread_blocked, id=19428, stack(0x0000003f61b00000,0x0000003f61c00000)]
  0x000001c3ce9b5000 JavaThread "Unconstrained build operations Thread 11" [_thread_blocked, id=11756, stack(0x0000003f61c00000,0x0000003f61d00000)]
  0x000001c3ce9b6800 JavaThread "Unconstrained build operations Thread 12" [_thread_blocked, id=10672, stack(0x0000003f61d00000,0x0000003f61e00000)]
  0x000001c3ce9b9800 JavaThread "Unconstrained build operations Thread 13" [_thread_blocked, id=15664, stack(0x0000003f61e00000,0x0000003f61f00000)]
  0x000001c3ce9bb800 JavaThread "Unconstrained build operations Thread 14" [_thread_blocked, id=6384, stack(0x0000003f61f00000,0x0000003f62000000)]
  0x000001c3ce9b5800 JavaThread "Unconstrained build operations Thread 15" [_thread_blocked, id=10408, stack(0x0000003f62000000,0x0000003f62100000)]
  0x000001c3ce9c2000 JavaThread "Unconstrained build operations Thread 16" [_thread_blocked, id=16708, stack(0x0000003f62100000,0x0000003f62200000)]
  0x000001c3ce9be800 JavaThread "Unconstrained build operations Thread 17" [_thread_blocked, id=7220, stack(0x0000003f62200000,0x0000003f62300000)]
  0x000001c3ce9bf800 JavaThread "Unconstrained build operations Thread 18" [_thread_blocked, id=12600, stack(0x0000003f62300000,0x0000003f62400000)]
  0x000001c3ce9bc000 JavaThread "Unconstrained build operations Thread 19" [_thread_blocked, id=14500, stack(0x0000003f62400000,0x0000003f62500000)]
  0x000001c3ce9c1000 JavaThread "Unconstrained build operations Thread 20" [_thread_blocked, id=17240, stack(0x0000003f62500000,0x0000003f62600000)]
  0x000001c3ce9c0000 JavaThread "Unconstrained build operations Thread 21" [_thread_blocked, id=18292, stack(0x0000003f62600000,0x0000003f62700000)]
  0x000001c3ce9c2800 JavaThread "Unconstrained build operations Thread 22" [_thread_blocked, id=17008, stack(0x0000003f62700000,0x0000003f62800000)]
  0x000001c3ce9bd000 JavaThread "Unconstrained build operations Thread 23" [_thread_blocked, id=9044, stack(0x0000003f62800000,0x0000003f62900000)]
  0x000001c3ce9be000 JavaThread "Unconstrained build operations Thread 24" [_thread_blocked, id=19036, stack(0x0000003f62900000,0x0000003f62a00000)]
  0x000001c3d0b94800 JavaThread "Unconstrained build operations Thread 25" [_thread_blocked, id=17568, stack(0x0000003f62a00000,0x0000003f62b00000)]
  0x000001c3d0b95000 JavaThread "Unconstrained build operations Thread 26" [_thread_blocked, id=18196, stack(0x0000003f62b00000,0x0000003f62c00000)]
  0x000001c3d0b92000 JavaThread "Unconstrained build operations Thread 27" [_thread_blocked, id=17068, stack(0x0000003f62c00000,0x0000003f62d00000)]
  0x000001c3d0b91000 JavaThread "Unconstrained build operations Thread 28" [_thread_blocked, id=3016, stack(0x0000003f62d00000,0x0000003f62e00000)]
  0x000001c3d0b92800 JavaThread "Unconstrained build operations Thread 29" [_thread_blocked, id=10872, stack(0x0000003f62e00000,0x0000003f62f00000)]
  0x000001c3d0b96000 JavaThread "Unconstrained build operations Thread 30" [_thread_blocked, id=18516, stack(0x0000003f62f00000,0x0000003f63000000)]
  0x000001c3d0b93800 JavaThread "Unconstrained build operations Thread 31" [_thread_blocked, id=6352, stack(0x0000003f63000000,0x0000003f63100000)]
  0x000001c3d0b90800 JavaThread "Unconstrained build operations Thread 32" [_thread_blocked, id=7408, stack(0x0000003f63100000,0x0000003f63200000)]
  0x000001c3d0b97000 JavaThread "Unconstrained build operations Thread 33" [_thread_blocked, id=15628, stack(0x0000003f63200000,0x0000003f63300000)]
  0x000001c3ce9c9000 JavaThread "jar transforms Thread 8" [_thread_blocked, id=3332, stack(0x0000003f63300000,0x0000003f63400000)]
  0x000001c3ce9c9800 JavaThread "build event listener" [_thread_blocked, id=11784, stack(0x0000003f63400000,0x0000003f63500000)]
  0x000001c3ce9c4000 JavaThread "Memory manager" [_thread_blocked, id=15660, stack(0x0000003f63500000,0x0000003f63600000)]
  0x000001c3ce9c6800 JavaThread "Cache worker for Build Output Cleanup Cache (D:\learning\React Native\authApp\android\.gradle\buildOutputCleanup)" [_thread_blocked, id=1744, stack(0x0000003f63800000,0x0000003f63900000)]
  0x000001c3ce9c8000 JavaThread "Execution worker" [_thread_blocked, id=4728, stack(0x0000003f63a00000,0x0000003f63b00000)]
  0x000001c3ce9ca800 JavaThread "Execution worker Thread 2" [_thread_blocked, id=11564, stack(0x0000003f63b00000,0x0000003f63c00000)]
  0x000001c3ce9c5000 JavaThread "Execution worker Thread 3" [_thread_blocked, id=10248, stack(0x0000003f63c00000,0x0000003f63d00000)]
  0x000001c3ce9cb800 JavaThread "Execution worker Thread 4" [_thread_blocked, id=10856, stack(0x0000003f63d00000,0x0000003f63e00000)]
  0x000001c3ce9c5800 JavaThread "Execution worker Thread 5" [_thread_blocked, id=18200, stack(0x0000003f63e00000,0x0000003f63f00000)]
  0x000001c3ce9d2000 JavaThread "Execution worker Thread 6" [_thread_blocked, id=9556, stack(0x0000003f63f00000,0x0000003f64000000)]
  0x000001c3ce9ce000 JavaThread "Execution worker Thread 7" [_thread_blocked, id=18948, stack(0x0000003f64000000,0x0000003f64100000)]
  0x000001c3ce9cd000 JavaThread "Cache worker for execution history cache (D:\learning\React Native\authApp\node_modules\react-native-gradle-plugin\.gradle\7.5.1\executionHistory)" [_thread_blocked, id=13920, stack(0x0000003f64100000,0x0000003f64200000)]
  0x000001c3ce9ce800 JavaThread "Unconstrained build operations Thread 34" [_thread_blocked, id=14124, stack(0x0000003f64200000,0x0000003f64300000)]
  0x000001c3ce9cc000 JavaThread "Unconstrained build operations Thread 35" [_thread_blocked, id=2416, stack(0x0000003f64300000,0x0000003f64400000)]
  0x000001c3ce9cf800 JavaThread "Unconstrained build operations Thread 36" [_thread_blocked, id=12340, stack(0x0000003f64400000,0x0000003f64500000)]
  0x000001c3ce9d0000 JavaThread "Unconstrained build operations Thread 37" [_thread_blocked, id=17588, stack(0x0000003f64500000,0x0000003f64600000)]
  0x000001c3ce9d1000 JavaThread "Unconstrained build operations Thread 38" [_thread_blocked, id=19092, stack(0x0000003f64600000,0x0000003f64700000)]
  0x000001c3ce9d2800 JavaThread "Unconstrained build operations Thread 39" [_thread_blocked, id=9740, stack(0x0000003f64700000,0x0000003f64800000)]
  0x000001c3cbdc5800 JavaThread "Unconstrained build operations Thread 40" [_thread_blocked, id=18276, stack(0x0000003f64800000,0x0000003f64900000)]
  0x000001c3cbdc6000 JavaThread "Unconstrained build operations Thread 41" [_thread_blocked, id=18632, stack(0x0000003f64900000,0x0000003f64a00000)]
  0x000001c3cbdc4800 JavaThread "Unconstrained build operations Thread 42" [_thread_blocked, id=19152, stack(0x0000003f64a00000,0x0000003f64b00000)]
  0x000001c3cbdc8000 JavaThread "Unconstrained build operations Thread 43" [_thread_blocked, id=19148, stack(0x0000003f64b00000,0x0000003f64c00000)]
  0x000001c3cbdc4000 JavaThread "Unconstrained build operations Thread 44" [_thread_blocked, id=19192, stack(0x0000003f64c00000,0x0000003f64d00000)]
  0x000001c3cbdc2000 JavaThread "Unconstrained build operations Thread 45" [_thread_blocked, id=15944, stack(0x0000003f64d00000,0x0000003f64e00000)]
  0x000001c3cbdc7000 JavaThread "Unconstrained build operations Thread 46" [_thread_blocked, id=6056, stack(0x0000003f64e00000,0x0000003f64f00000)]
  0x000001c3cbdc3000 JavaThread "Unconstrained build operations Thread 47" [_thread_blocked, id=9488, stack(0x0000003f64f00000,0x0000003f65000000)]
  0x000001c3cbdcb000 JavaThread "Unconstrained build operations Thread 48" [_thread_blocked, id=9380, stack(0x0000003f65000000,0x0000003f65100000)]
  0x000001c3cbdc9800 JavaThread "Unconstrained build operations Thread 49" [_thread_blocked, id=1604, stack(0x0000003f65100000,0x0000003f65200000)]
  0x000001c3cbdce800 JavaThread "Unconstrained build operations Thread 50" [_thread_blocked, id=13876, stack(0x0000003f65200000,0x0000003f65300000)]
  0x000001c3cbdcc000 JavaThread "Unconstrained build operations Thread 51" [_thread_blocked, id=7424, stack(0x0000003f65300000,0x0000003f65400000)]
  0x000001c3cbdcd000 JavaThread "Unconstrained build operations Thread 52" [_thread_blocked, id=18160, stack(0x0000003f65400000,0x0000003f65500000)]
  0x000001c3cbdca800 JavaThread "Unconstrained build operations Thread 53" [_thread_blocked, id=15252, stack(0x0000003f65500000,0x0000003f65600000)]
  0x000001c3cbdc8800 JavaThread "Unconstrained build operations Thread 54" [_thread_blocked, id=8480, stack(0x0000003f65600000,0x0000003f65700000)]
  0x000001c3cbdcd800 JavaThread "Unconstrained build operations Thread 55" [_thread_blocked, id=10968, stack(0x0000003f65700000,0x0000003f65800000)]
  0x000001c3cbdcf000 JavaThread "Unconstrained build operations Thread 56" [_thread_blocked, id=19932, stack(0x0000003f65800000,0x0000003f65900000)]
  0x000001c3cbdd0000 JavaThread "Unconstrained build operations Thread 57" [_thread_blocked, id=19936, stack(0x0000003f65900000,0x0000003f65a00000)]
  0x000001c3cbdd1000 JavaThread "Unconstrained build operations Thread 58" [_thread_blocked, id=19940, stack(0x0000003f65a00000,0x0000003f65b00000)]
  0x000001c3cbd63000 JavaThread "Unconstrained build operations Thread 59" [_thread_blocked, id=19944, stack(0x0000003f65b00000,0x0000003f65c00000)]
  0x000001c3cbd64000 JavaThread "Unconstrained build operations Thread 60" [_thread_blocked, id=19948, stack(0x0000003f65c00000,0x0000003f65d00000)]
  0x000001c3cbd61800 JavaThread "Unconstrained build operations Thread 61" [_thread_blocked, id=19952, stack(0x0000003f65d00000,0x0000003f65e00000)]
  0x000001c3cbd68000 JavaThread "Unconstrained build operations Thread 62" [_thread_blocked, id=19956, stack(0x0000003f65e00000,0x0000003f65f00000)]
  0x000001c3cbd62800 JavaThread "Unconstrained build operations Thread 63" [_thread_blocked, id=19960, stack(0x0000003f65f00000,0x0000003f66000000)]
  0x000001c3cbd69000 JavaThread "Unconstrained build operations Thread 64" [_thread_blocked, id=19964, stack(0x0000003f66000000,0x0000003f66100000)]
  0x000001c3cbd69800 JavaThread "Unconstrained build operations Thread 65" [_thread_blocked, id=19968, stack(0x0000003f66100000,0x0000003f66200000)]
  0x000001c3cbd66800 JavaThread "Unconstrained build operations Thread 66" [_thread_blocked, id=19972, stack(0x0000003f66200000,0x0000003f66300000)]
  0x000001c3cbd6a800 JavaThread "Unconstrained build operations Thread 67" [_thread_blocked, id=19976, stack(0x0000003f66300000,0x0000003f66400000)]
  0x000001c3cbd64800 JavaThread "Unconstrained build operations Thread 68" [_thread_blocked, id=19980, stack(0x0000003f66400000,0x0000003f66500000)]
  0x000001c3cbd6b000 JavaThread "Unconstrained build operations Thread 69" [_thread_blocked, id=19984, stack(0x0000003f66500000,0x0000003f66600000)]
  0x000001c3cbd67000 JavaThread "Unconstrained build operations Thread 70" [_thread_blocked, id=19988, stack(0x0000003f66600000,0x0000003f66700000)]
  0x000001c3cbd65800 JavaThread "Unconstrained build operations Thread 71" [_thread_blocked, id=19992, stack(0x0000003f66700000,0x0000003f66800000)]
  0x000001c3cbd6d000 JavaThread "Unconstrained build operations Thread 72" [_thread_blocked, id=19996, stack(0x0000003f66800000,0x0000003f66900000)]
  0x000001c3cbd6e800 JavaThread "Unconstrained build operations Thread 73" [_thread_blocked, id=20000, stack(0x0000003f66900000,0x0000003f66a00000)]
  0x000001c3cbd6f800 JavaThread "Unconstrained build operations Thread 74" [_thread_blocked, id=20004, stack(0x0000003f66a00000,0x0000003f66b00000)]
  0x000001c3cbd6c000 JavaThread "Unconstrained build operations Thread 75" [_thread_blocked, id=20008, stack(0x0000003f66b00000,0x0000003f66c00000)]
  0x000001c3cbd6d800 JavaThread "Unconstrained build operations Thread 76" [_thread_blocked, id=20012, stack(0x0000003f66c00000,0x0000003f66d00000)]
  0x000001c3cbd70000 JavaThread "Unconstrained build operations Thread 77" [_thread_blocked, id=20016, stack(0x0000003f66d00000,0x0000003f66e00000)]
  0x000001c3caea8800 JavaThread "Unconstrained build operations Thread 78" [_thread_blocked, id=20020, stack(0x0000003f66e00000,0x0000003f66f00000)]
  0x000001c3caea6000 JavaThread "Unconstrained build operations Thread 79" [_thread_blocked, id=20024, stack(0x0000003f66f00000,0x0000003f67000000)]
  0x000001c3caea2800 JavaThread "Unconstrained build operations Thread 80" [_thread_blocked, id=20028, stack(0x0000003f67000000,0x0000003f67100000)]

Other Threads:
=>0x000001c3c9fe9000 VMThread "VM Thread" [stack: 0x0000003f5df00000,0x0000003f5e000000] [id=14324]
  0x000001c3cab06800 WatcherThread [stack: 0x0000003f5e900000,0x0000003f5ea00000] [id=13680]
  0x000001c3aaf32800 GCTaskThread "GC Thread#0" [stack: 0x0000003f5da00000,0x0000003f5db00000] [id=17300]
  0x000001c3cad3e800 GCTaskThread "GC Thread#1" [stack: 0x0000003f5ea00000,0x0000003f5eb00000] [id=14328]
  0x000001c3cca5e000 GCTaskThread "GC Thread#2" [stack: 0x0000003f5f500000,0x0000003f5f600000] [id=10584]
  0x000001c3cca5a800 GCTaskThread "GC Thread#3" [stack: 0x0000003f5f600000,0x0000003f5f700000] [id=18404]
  0x000001c3ccc6f000 GCTaskThread "GC Thread#4" [stack: 0x0000003f5f700000,0x0000003f5f800000] [id=15256]
  0x000001c3ccc6f800 GCTaskThread "GC Thread#5" [stack: 0x0000003f5f800000,0x0000003f5f900000] [id=8264]
  0x000001c3ccb75800 GCTaskThread "GC Thread#6" [stack: 0x0000003f5f900000,0x0000003f5fa00000] [id=15912]
  0x000001c3ccb76800 GCTaskThread "GC Thread#7" [stack: 0x0000003f5fa00000,0x0000003f5fb00000] [id=15188]
  0x000001c3aaf64800 ConcurrentGCThread "G1 Main Marker" [stack: 0x0000003f5db00000,0x0000003f5dc00000] [id=18268]
  0x000001c3aaf66000 ConcurrentGCThread "G1 Conc#0" [stack: 0x0000003f5dc00000,0x0000003f5dd00000] [id=16892]
  0x000001c3cc1cc800 ConcurrentGCThread "G1 Conc#1" [stack: 0x0000003f5fe00000,0x0000003f5ff00000] [id=16080]
  0x000001c3aafe7800 ConcurrentGCThread "G1 Refine#0" [stack: 0x0000003f5dd00000,0x0000003f5de00000] [id=14692]
  0x000001c3aafe8800 ConcurrentGCThread "G1 Young RemSet Sampling" [stack: 0x0000003f5de00000,0x0000003f5df00000] [id=16380]

Threads with active compile tasks:

VM state:at safepoint (normal execution)

VM Mutex/Monitor currently owned by a thread:  ([mutex/lock_event])
[0x000001c3aaf164d0] Threads_lock - owner thread: 0x000001c3c9fe9000
[0x000001c3aaf15e10] Heap_lock - owner thread: 0x000001c3cc2ee800

Heap address: 0x0000000080000000, size: 2048 MB, Compressed Oops mode: 32-bit
Narrow klass base: 0x0000000000000000, Narrow klass shift: 3
Compressed class space size: 528482304 Address: 0x0000000100000000

Heap:
 garbage-first heap   total 183296K, used 128553K [0x0000000080000000, 0x0000000100000000)
  region size 1024K, 1 young (1024K), 1 survivors (1024K)
 Metaspace       used 105238K, capacity 108644K, committed 108752K, reserved 610304K
  class space    used 13800K, capacity 15145K, committed 15232K, reserved 516096K
Heap Regions: E=young(eden), S=young(survivor), O=old, HS=humongous(starts), HC=humongous(continues), CS=collection set, F=free, A=archive, TAMS=top-at-mark-start (previous, next)
|   0|0x0000000080000000, 0x0000000080100000, 0x0000000080100000|100%| O|  |TAMS 0x0000000080100000, 0x0000000080100000| Untracked 
|   1|0x0000000080100000, 0x0000000080200000, 0x0000000080200000|100%| O|  |TAMS 0x0000000080200000, 0x0000000080200000| Untracked 
|   2|0x0000000080200000, 0x0000000080300000, 0x0000000080300000|100%| O|  |TAMS 0x0000000080300000, 0x0000000080300000| Untracked 
|   3|0x0000000080300000, 0x0000000080400000, 0x0000000080400000|100%|HS|  |TAMS 0x0000000080400000, 0x0000000080400000| Complete 
|   4|0x0000000080400000, 0x0000000080500000, 0x0000000080500000|100%|HC|  |TAMS 0x0000000080500000, 0x0000000080500000| Complete 
|   5|0x0000000080500000, 0x0000000080600000, 0x0000000080600000|100%|HC|  |TAMS 0x0000000080600000, 0x0000000080600000| Complete 
|   6|0x0000000080600000, 0x0000000080700000, 0x0000000080700000|100%| O|  |TAMS 0x0000000080700000, 0x0000000080700000| Untracked 
|   7|0x0000000080700000, 0x0000000080800000, 0x0000000080800000|100%| O|  |TAMS 0x0000000080800000, 0x0000000080800000| Untracked 
|   8|0x0000000080800000, 0x0000000080900000, 0x0000000080900000|100%| O|  |TAMS 0x0000000080900000, 0x0000000080900000| Untracked 
|   9|0x0000000080900000, 0x0000000080a00000, 0x0000000080a00000|100%| O|  |TAMS 0x0000000080a00000, 0x0000000080a00000| Untracked 
|  10|0x0000000080a00000, 0x0000000080b00000, 0x0000000080b00000|100%| O|  |TAMS 0x0000000080b00000, 0x0000000080b00000| Untracked 
|  11|0x0000000080b00000, 0x0000000080c00000, 0x0000000080c00000|100%| O|  |TAMS 0x0000000080c00000, 0x0000000080c00000| Untracked 
|  12|0x0000000080c00000, 0x0000000080d00000, 0x0000000080d00000|100%| O|  |TAMS 0x0000000080d00000, 0x0000000080d00000| Untracked 
|  13|0x0000000080d00000, 0x0000000080e00000, 0x0000000080e00000|100%| O|  |TAMS 0x0000000080e00000, 0x0000000080e00000| Untracked 
|  14|0x0000000080e00000, 0x0000000080f00000, 0x0000000080f00000|100%| O|  |TAMS 0x0000000080f00000, 0x0000000080f00000| Untracked 
|  15|0x0000000080f00000, 0x0000000081000000, 0x0000000081000000|100%| O|  |TAMS 0x0000000081000000, 0x0000000081000000| Untracked 
|  16|0x0000000081000000, 0x0000000081100000, 0x0000000081100000|100%| O|  |TAMS 0x0000000081100000, 0x0000000081100000| Untracked 
|  17|0x0000000081100000, 0x0000000081200000, 0x0000000081200000|100%| O|  |TAMS 0x0000000081200000, 0x0000000081200000| Untracked 
|  18|0x0000000081200000, 0x0000000081300000, 0x0000000081300000|100%| O|  |TAMS 0x0000000081300000, 0x0000000081300000| Untracked 
|  19|0x0000000081300000, 0x0000000081400000, 0x0000000081400000|100%| O|  |TAMS 0x0000000081400000, 0x0000000081400000| Untracked 
|  20|0x0000000081400000, 0x0000000081500000, 0x0000000081500000|100%| O|  |TAMS 0x0000000081500000, 0x0000000081500000| Untracked 
|  21|0x0000000081500000, 0x0000000081600000, 0x0000000081600000|100%| O|  |TAMS 0x0000000081600000, 0x0000000081600000| Untracked 
|  22|0x0000000081600000, 0x0000000081700000, 0x0000000081700000|100%| O|  |TAMS 0x0000000081700000, 0x0000000081700000| Untracked 
|  23|0x0000000081700000, 0x0000000081800000, 0x0000000081800000|100%| O|  |TAMS 0x0000000081800000, 0x0000000081800000| Untracked 
|  24|0x0000000081800000, 0x0000000081900000, 0x0000000081900000|100%| O|  |TAMS 0x0000000081900000, 0x0000000081900000| Untracked 
|  25|0x0000000081900000, 0x0000000081a00000, 0x0000000081a00000|100%| O|  |TAMS 0x0000000081a00000, 0x0000000081a00000| Untracked 
|  26|0x0000000081a00000, 0x0000000081b00000, 0x0000000081b00000|100%| O|  |TAMS 0x0000000081b00000, 0x0000000081b00000| Untracked 
|  27|0x0000000081b00000, 0x0000000081c00000, 0x0000000081c00000|100%| O|  |TAMS 0x0000000081c00000, 0x0000000081c00000| Untracked 
|  28|0x0000000081c00000, 0x0000000081d00000, 0x0000000081d00000|100%| O|  |TAMS 0x0000000081d00000, 0x0000000081d00000| Untracked 
|  29|0x0000000081d00000, 0x0000000081e00000, 0x0000000081e00000|100%| O|  |TAMS 0x0000000081e00000, 0x0000000081e00000| Untracked 
|  30|0x0000000081e00000, 0x0000000081f00000, 0x0000000081f00000|100%|HS|  |TAMS 0x0000000081f00000, 0x0000000081f00000| Complete 
|  31|0x0000000081f00000, 0x0000000082000000, 0x0000000082000000|100%|HS|  |TAMS 0x0000000082000000, 0x0000000082000000| Complete 
|  32|0x0000000082000000, 0x0000000082100000, 0x0000000082100000|100%|HC|  |TAMS 0x0000000082100000, 0x0000000082100000| Complete 
|  33|0x0000000082100000, 0x0000000082200000, 0x0000000082200000|100%|HC|  |TAMS 0x0000000082200000, 0x0000000082200000| Complete 
|  34|0x0000000082200000, 0x0000000082300000, 0x0000000082300000|100%| O|  |TAMS 0x0000000082300000, 0x0000000082300000| Untracked 
|  35|0x0000000082300000, 0x0000000082400000, 0x0000000082400000|100%| O|  |TAMS 0x0000000082400000, 0x0000000082400000| Untracked 
|  36|0x0000000082400000, 0x0000000082500000, 0x0000000082500000|100%| O|  |TAMS 0x0000000082500000, 0x0000000082500000| Untracked 
|  37|0x0000000082500000, 0x0000000082600000, 0x0000000082600000|100%| O|  |TAMS 0x0000000082600000, 0x0000000082600000| Untracked 
|  38|0x0000000082600000, 0x0000000082700000, 0x0000000082700000|100%| O|  |TAMS 0x0000000082700000, 0x0000000082700000| Untracked 
|  39|0x0000000082700000, 0x0000000082700000, 0x0000000082800000|  0%| F|  |TAMS 0x0000000082700000, 0x0000000082700000| Untracked 
|  40|0x0000000082800000, 0x0000000082900000, 0x0000000082900000|100%| O|  |TAMS 0x0000000082900000, 0x0000000082900000| Untracked 
|  41|0x0000000082900000, 0x0000000082a00000, 0x0000000082a00000|100%| O|  |TAMS 0x0000000082a00000, 0x0000000082a00000| Untracked 
|  42|0x0000000082a00000, 0x0000000082b00000, 0x0000000082b00000|100%| O|  |TAMS 0x0000000082b00000, 0x0000000082b00000| Untracked 
|  43|0x0000000082b00000, 0x0000000082c00000, 0x0000000082c00000|100%| O|  |TAMS 0x0000000082c00000, 0x0000000082c00000| Untracked 
|  44|0x0000000082c00000, 0x0000000082d00000, 0x0000000082d00000|100%| O|  |TAMS 0x0000000082d00000, 0x0000000082d00000| Untracked 
|  45|0x0000000082d00000, 0x0000000082e00000, 0x0000000082e00000|100%| O|  |TAMS 0x0000000082e00000, 0x0000000082e00000| Untracked 
|  46|0x0000000082e00000, 0x0000000082f00000, 0x0000000082f00000|100%| O|  |TAMS 0x0000000082f00000, 0x0000000082f00000| Untracked 
|  47|0x0000000082f00000, 0x0000000083000000, 0x0000000083000000|100%| O|  |TAMS 0x0000000083000000, 0x0000000083000000| Untracked 
|  48|0x0000000083000000, 0x0000000083100000, 0x0000000083100000|100%| O|  |TAMS 0x0000000083100000, 0x0000000083100000| Untracked 
|  49|0x0000000083100000, 0x0000000083200000, 0x0000000083200000|100%|HS|  |TAMS 0x0000000083200000, 0x0000000083200000| Complete 
|  50|0x0000000083200000, 0x0000000083300000, 0x0000000083300000|100%|HS|  |TAMS 0x0000000083300000, 0x0000000083300000| Complete 
|  51|0x0000000083300000, 0x0000000083400000, 0x0000000083400000|100%| O|  |TAMS 0x0000000083400000, 0x0000000083400000| Untracked 
|  52|0x0000000083400000, 0x0000000083500000, 0x0000000083500000|100%| O|  |TAMS 0x0000000083500000, 0x0000000083500000| Untracked 
|  53|0x0000000083500000, 0x0000000083600000, 0x0000000083600000|100%| O|  |TAMS 0x0000000083600000, 0x0000000083600000| Untracked 
|  54|0x0000000083600000, 0x0000000083700000, 0x0000000083700000|100%| O|  |TAMS 0x0000000083700000, 0x0000000083700000| Untracked 
|  55|0x0000000083700000, 0x0000000083800000, 0x0000000083800000|100%| O|  |TAMS 0x0000000083800000, 0x0000000083800000| Untracked 
|  56|0x0000000083800000, 0x0000000083900000, 0x0000000083900000|100%| O|  |TAMS 0x0000000083900000, 0x0000000083900000| Untracked 
|  57|0x0000000083900000, 0x0000000083a00000, 0x0000000083a00000|100%| O|  |TAMS 0x0000000083a00000, 0x0000000083a00000| Untracked 
|  58|0x0000000083a00000, 0x0000000083b00000, 0x0000000083b00000|100%| O|  |TAMS 0x0000000083b00000, 0x0000000083b00000| Untracked 
|  59|0x0000000083b00000, 0x0000000083c00000, 0x0000000083c00000|100%| O|  |TAMS 0x0000000083c00000, 0x0000000083c00000| Untracked 
|  60|0x0000000083c00000, 0x0000000083d00000, 0x0000000083d00000|100%| O|  |TAMS 0x0000000083d00000, 0x0000000083d00000| Untracked 
|  61|0x0000000083d00000, 0x0000000083e00000, 0x0000000083e00000|100%|HS|  |TAMS 0x0000000083e00000, 0x0000000083e00000| Complete 
|  62|0x0000000083e00000, 0x0000000083f00000, 0x0000000083f00000|100%|HC|  |TAMS 0x0000000083f00000, 0x0000000083f00000| Complete 
|  63|0x0000000083f00000, 0x0000000084000000, 0x0000000084000000|100%| O|  |TAMS 0x0000000084000000, 0x0000000084000000| Untracked 
|  64|0x0000000084000000, 0x0000000084100000, 0x0000000084100000|100%| O|  |TAMS 0x0000000084100000, 0x0000000084100000| Untracked 
|  65|0x0000000084100000, 0x0000000084200000, 0x0000000084200000|100%| O|  |TAMS 0x0000000084200000, 0x0000000084200000| Untracked 
|  66|0x0000000084200000, 0x0000000084300000, 0x0000000084300000|100%| O|  |TAMS 0x0000000084300000, 0x0000000084300000| Untracked 
|  67|0x0000000084300000, 0x0000000084400000, 0x0000000084400000|100%| O|  |TAMS 0x0000000084400000, 0x0000000084400000| Untracked 
|  68|0x0000000084400000, 0x0000000084500000, 0x0000000084500000|100%| O|  |TAMS 0x0000000084500000, 0x0000000084500000| Untracked 
|  69|0x0000000084500000, 0x0000000084600000, 0x0000000084600000|100%| O|  |TAMS 0x0000000084600000, 0x0000000084600000| Untracked 
|  70|0x0000000084600000, 0x0000000084700000, 0x0000000084700000|100%| O|  |TAMS 0x0000000084700000, 0x0000000084700000| Untracked 
|  71|0x0000000084700000, 0x0000000084800000, 0x0000000084800000|100%| O|  |TAMS 0x0000000084800000, 0x0000000084800000| Untracked 
|  72|0x0000000084800000, 0x0000000084900000, 0x0000000084900000|100%| O|  |TAMS 0x0000000084900000, 0x0000000084900000| Untracked 
|  73|0x0000000084900000, 0x0000000084a00000, 0x0000000084a00000|100%| O|  |TAMS 0x0000000084a00000, 0x0000000084a00000| Untracked 
|  74|0x0000000084a00000, 0x0000000084b00000, 0x0000000084b00000|100%| O|  |TAMS 0x0000000084b00000, 0x0000000084b00000| Untracked 
|  75|0x0000000084b00000, 0x0000000084c00000, 0x0000000084c00000|100%| O|  |TAMS 0x0000000084c00000, 0x0000000084c00000| Untracked 
|  76|0x0000000084c00000, 0x0000000084d00000, 0x0000000084d00000|100%| O|  |TAMS 0x0000000084d00000, 0x0000000084d00000| Untracked 
|  77|0x0000000084d00000, 0x0000000084e00000, 0x0000000084e00000|100%| O|  |TAMS 0x0000000084e00000, 0x0000000084e00000| Untracked 
|  78|0x0000000084e00000, 0x0000000084f00000, 0x0000000084f00000|100%| O|  |TAMS 0x0000000084f00000, 0x0000000084f00000| Untracked 
|  79|0x0000000084f00000, 0x0000000085000000, 0x0000000085000000|100%| O|  |TAMS 0x0000000085000000, 0x0000000085000000| Untracked 
|  80|0x0000000085000000, 0x0000000085100000, 0x0000000085100000|100%| O|  |TAMS 0x0000000085100000, 0x0000000085100000| Untracked 
|  81|0x0000000085100000, 0x0000000085200000, 0x0000000085200000|100%| O|  |TAMS 0x0000000085200000, 0x0000000085200000| Untracked 
|  82|0x0000000085200000, 0x0000000085300000, 0x0000000085300000|100%| O|  |TAMS 0x0000000085300000, 0x0000000085300000| Untracked 
|  83|0x0000000085300000, 0x0000000085400000, 0x0000000085400000|100%|HS|  |TAMS 0x0000000085400000, 0x0000000085400000| Complete 
|  84|0x0000000085400000, 0x0000000085500000, 0x0000000085500000|100%|HS|  |TAMS 0x0000000085500000, 0x0000000085500000| Complete 
|  85|0x0000000085500000, 0x0000000085600000, 0x0000000085600000|100%|HS|  |TAMS 0x0000000085600000, 0x0000000085600000| Complete 
|  86|0x0000000085600000, 0x0000000085700000, 0x0000000085700000|100%| O|  |TAMS 0x0000000085700000, 0x0000000085700000| Untracked 
|  87|0x0000000085700000, 0x0000000085800000, 0x0000000085800000|100%|HS|  |TAMS 0x0000000085800000, 0x0000000085800000| Complete 
|  88|0x0000000085800000, 0x0000000085900000, 0x0000000085900000|100%|HC|  |TAMS 0x0000000085900000, 0x0000000085900000| Complete 
|  89|0x0000000085900000, 0x0000000085a00000, 0x0000000085a00000|100%|HC|  |TAMS 0x0000000085a00000, 0x0000000085a00000| Complete 
|  90|0x0000000085a00000, 0x0000000085b00000, 0x0000000085b00000|100%| O|  |TAMS 0x0000000085b00000, 0x0000000085b00000| Untracked 
|  91|0x0000000085b00000, 0x0000000085c00000, 0x0000000085c00000|100%| O|  |TAMS 0x0000000085c00000, 0x0000000085c00000| Untracked 
|  92|0x0000000085c00000, 0x0000000085d00000, 0x0000000085d00000|100%| O|  |TAMS 0x0000000085d00000, 0x0000000085d00000| Untracked 
|  93|0x0000000085d00000, 0x0000000085e00000, 0x0000000085e00000|100%| O|  |TAMS 0x0000000085e00000, 0x0000000085e00000| Untracked 
|  94|0x0000000085e00000, 0x0000000085f00000, 0x0000000085f00000|100%| O|  |TAMS 0x0000000085f00000, 0x0000000085f00000| Untracked 
|  95|0x0000000085f00000, 0x0000000086000000, 0x0000000086000000|100%| O|  |TAMS 0x0000000086000000, 0x0000000086000000| Untracked 
|  96|0x0000000086000000, 0x0000000086100000, 0x0000000086100000|100%| O|  |TAMS 0x0000000086100000, 0x0000000086100000| Untracked 
|  97|0x0000000086100000, 0x0000000086200000, 0x0000000086200000|100%| O|  |TAMS 0x0000000086200000, 0x0000000086200000| Untracked 
|  98|0x0000000086200000, 0x0000000086300000, 0x0000000086300000|100%| O|  |TAMS 0x0000000086300000, 0x0000000086300000| Untracked 
|  99|0x0000000086300000, 0x0000000086400000, 0x0000000086400000|100%| O|  |TAMS 0x0000000086400000, 0x0000000086400000| Untracked 
| 100|0x0000000086400000, 0x0000000086500000, 0x0000000086500000|100%| O|  |TAMS 0x0000000086500000, 0x0000000086500000| Untracked 
| 101|0x0000000086500000, 0x0000000086600000, 0x0000000086600000|100%| O|  |TAMS 0x0000000086600000, 0x0000000086600000| Untracked 
| 102|0x0000000086600000, 0x0000000086700000, 0x0000000086700000|100%| O|  |TAMS 0x0000000086700000, 0x0000000086700000| Untracked 
| 103|0x0000000086700000, 0x0000000086800000, 0x0000000086800000|100%| O|  |TAMS 0x0000000086800000, 0x0000000086800000| Untracked 
| 104|0x0000000086800000, 0x0000000086900000, 0x0000000086900000|100%| O|  |TAMS 0x0000000086900000, 0x0000000086900000| Untracked 
| 105|0x0000000086900000, 0x0000000086a00000, 0x0000000086a00000|100%| O|  |TAMS 0x0000000086a00000, 0x0000000086a00000| Untracked 
| 106|0x0000000086a00000, 0x0000000086b00000, 0x0000000086b00000|100%|HS|  |TAMS 0x0000000086b00000, 0x0000000086b00000| Complete 
| 107|0x0000000086b00000, 0x0000000086c00000, 0x0000000086c00000|100%|HS|  |TAMS 0x0000000086c00000, 0x0000000086c00000| Complete 
| 108|0x0000000086c00000, 0x0000000086d00000, 0x0000000086d00000|100%|HC|  |TAMS 0x0000000086d00000, 0x0000000086d00000| Complete 
| 109|0x0000000086d00000, 0x0000000086e00000, 0x0000000086e00000|100%|HC|  |TAMS 0x0000000086e00000, 0x0000000086e00000| Complete 
| 110|0x0000000086e00000, 0x0000000086f00000, 0x0000000086f00000|100%| O|  |TAMS 0x0000000086f00000, 0x0000000086f00000| Untracked 
| 111|0x0000000086f00000, 0x0000000087000000, 0x0000000087000000|100%| O|  |TAMS 0x0000000087000000, 0x0000000087000000| Untracked 
| 112|0x0000000087000000, 0x0000000087100000, 0x0000000087100000|100%| O|  |TAMS 0x0000000087100000, 0x0000000087100000| Untracked 
| 113|0x0000000087100000, 0x0000000087200000, 0x0000000087200000|100%| O|  |TAMS 0x0000000087200000, 0x0000000087200000| Untracked 
| 114|0x0000000087200000, 0x0000000087300000, 0x0000000087300000|100%| O|  |TAMS 0x0000000087300000, 0x0000000087300000| Untracked 
| 115|0x0000000087300000, 0x0000000087400000, 0x0000000087400000|100%| O|  |TAMS 0x0000000087400000, 0x0000000087400000| Untracked 
| 116|0x0000000087400000, 0x0000000087500000, 0x0000000087500000|100%|HS|  |TAMS 0x0000000087500000, 0x0000000087500000| Complete 
| 117|0x0000000087500000, 0x0000000087600000, 0x0000000087600000|100%| O|  |TAMS 0x0000000087600000, 0x0000000087600000| Untracked 
| 118|0x0000000087600000, 0x0000000087700000, 0x0000000087700000|100%| O|  |TAMS 0x0000000087700000, 0x0000000087700000| Untracked 
| 119|0x0000000087700000, 0x0000000087800000, 0x0000000087800000|100%| O|  |TAMS 0x0000000087800000, 0x0000000087800000| Untracked 
| 120|0x0000000087800000, 0x0000000087900000, 0x0000000087900000|100%| O|  |TAMS 0x0000000087900000, 0x0000000087900000| Untracked 
| 121|0x0000000087900000, 0x0000000087a00000, 0x0000000087a00000|100%| O|  |TAMS 0x0000000087a00000, 0x0000000087a00000| Untracked 
| 122|0x0000000087a00000, 0x0000000087b00000, 0x0000000087b00000|100%| O|  |TAMS 0x0000000087b00000, 0x0000000087b00000| Untracked 
| 123|0x0000000087b00000, 0x0000000087c00000, 0x0000000087c00000|100%| O|  |TAMS 0x0000000087c00000, 0x0000000087c00000| Untracked 
| 124|0x0000000087c00000, 0x0000000087d00000, 0x0000000087d00000|100%| O|  |TAMS 0x0000000087d00000, 0x0000000087d00000| Untracked 
| 125|0x0000000087d00000, 0x0000000087debe00, 0x0000000087e00000| 92%| O|  |TAMS 0x0000000087d19000, 0x0000000087debe00| Untracked 
| 126|0x0000000087e00000, 0x0000000087e00000, 0x0000000087f00000|  0%| F|  |TAMS 0x0000000087e00000, 0x0000000087e00000| Untracked 
| 127|0x0000000087f00000, 0x0000000087f00000, 0x0000000088000000|  0%| F|  |TAMS 0x0000000087f00000, 0x0000000087f00000| Untracked 
| 128|0x0000000088000000, 0x0000000088000000, 0x0000000088100000|  0%| F|  |TAMS 0x0000000088000000, 0x0000000088000000| Untracked 
| 129|0x0000000088100000, 0x0000000088100000, 0x0000000088200000|  0%| F|  |TAMS 0x0000000088100000, 0x0000000088100000| Untracked 
| 130|0x0000000088200000, 0x0000000088200000, 0x0000000088300000|  0%| F|  |TAMS 0x0000000088200000, 0x0000000088200000| Untracked 
| 131|0x0000000088300000, 0x0000000088300000, 0x0000000088400000|  0%| F|  |TAMS 0x0000000088300000, 0x0000000088300000| Untracked 
| 132|0x0000000088400000, 0x0000000088400000, 0x0000000088500000|  0%| F|  |TAMS 0x0000000088400000, 0x0000000088400000| Untracked 
| 133|0x0000000088500000, 0x0000000088500000, 0x0000000088600000|  0%| F|  |TAMS 0x0000000088500000, 0x0000000088500000| Untracked 
| 134|0x0000000088600000, 0x0000000088600000, 0x0000000088700000|  0%| F|  |TAMS 0x0000000088600000, 0x0000000088600000| Untracked 
| 135|0x0000000088700000, 0x0000000088700000, 0x0000000088800000|  0%| F|  |TAMS 0x0000000088700000, 0x0000000088700000| Untracked 
| 136|0x0000000088800000, 0x0000000088800000, 0x0000000088900000|  0%| F|  |TAMS 0x0000000088800000, 0x0000000088800000| Untracked 
| 137|0x0000000088900000, 0x0000000088900000, 0x0000000088a00000|  0%| F|  |TAMS 0x0000000088900000, 0x0000000088900000| Untracked 
| 138|0x0000000088a00000, 0x0000000088a00000, 0x0000000088b00000|  0%| F|  |TAMS 0x0000000088a00000, 0x0000000088a00000| Untracked 
| 139|0x0000000088b00000, 0x0000000088b00000, 0x0000000088c00000|  0%| F|  |TAMS 0x0000000088b00000, 0x0000000088b00000| Untracked 
| 140|0x0000000088c00000, 0x0000000088c00000, 0x0000000088d00000|  0%| F|  |TAMS 0x0000000088c00000, 0x0000000088c00000| Untracked 
| 141|0x0000000088d00000, 0x0000000088d9e960, 0x0000000088e00000| 61%| S|CS|TAMS 0x0000000088d00000, 0x0000000088d00000| Complete 
| 142|0x0000000088e00000, 0x0000000088e00000, 0x0000000088f00000|  0%| F|  |TAMS 0x0000000088e00000, 0x0000000088e00000| Untracked 
| 143|0x0000000088f00000, 0x0000000088f00000, 0x0000000089000000|  0%| F|  |TAMS 0x0000000088f00000, 0x0000000088f00000| Untracked 
| 144|0x0000000089000000, 0x0000000089000000, 0x0000000089100000|  0%| F|  |TAMS 0x0000000089000000, 0x0000000089000000| Untracked 
| 145|0x0000000089100000, 0x0000000089100000, 0x0000000089200000|  0%| F|  |TAMS 0x0000000089100000, 0x0000000089100000| Untracked 
| 146|0x0000000089200000, 0x0000000089200000, 0x0000000089300000|  0%| F|  |TAMS 0x0000000089200000, 0x0000000089200000| Untracked 
| 147|0x0000000089300000, 0x0000000089300000, 0x0000000089400000|  0%| F|  |TAMS 0x0000000089300000, 0x0000000089300000| Untracked 
| 148|0x0000000089400000, 0x0000000089400000, 0x0000000089500000|  0%| F|  |TAMS 0x0000000089400000, 0x0000000089400000| Untracked 

Card table byte_map: [0x000001c3c2dc0000,0x000001c3c31c0000] _byte_map_base: 0x000001c3c29c0000

Marking Bits (Prev, Next): (CMBitMap*) 0x000001c3aaf5b930, (CMBitMap*) 0x000001c3aaf5b8f8
 Prev Bits: [0x000001c3c55c0000, 0x000001c3c75c0000)
 Next Bits: [0x000001c3c35c0000, 0x000001c3c55c0000)

Polling page: 0x000001c3a8c30000

Metaspace:

Usage:
  Non-class:     91.31 MB capacity,    89.30 MB ( 98%) used,     1.72 MB (  2%) free+waste,   303.06 KB ( <1%) overhead. 
      Class:     14.79 MB capacity,    13.48 MB ( 91%) used,     1.18 MB (  8%) free+waste,   140.31 KB ( <1%) overhead. 
       Both:    106.10 MB capacity,   102.77 MB ( 97%) used,     2.89 MB (  3%) free+waste,   443.38 KB ( <1%) overhead. 

Virtual space:
  Non-class space:       92.00 MB reserved,      91.33 MB (>99%) committed 
      Class space:      504.00 MB reserved,      14.88 MB (  3%) committed 
             Both:      596.00 MB reserved,     106.20 MB ( 18%) committed 

Chunk freelists:
   Non-Class:  21.00 KB
       Class:  23.00 KB
        Both:  44.00 KB

MaxMetaspaceSize: 512.00 MB
CompressedClassSpaceSize: 504.00 MB
Initial GC threshold: 20.80 MB
Current GC threshold: 174.51 MB
CDS: off

CodeHeap 'non-profiled nmethods': size=120000Kb used=7556Kb max_used=7556Kb free=112443Kb
 bounds [0x000001c3bb160000, 0x000001c3bb8d0000, 0x000001c3c2690000]
CodeHeap 'profiled nmethods': size=120000Kb used=27599Kb max_used=27599Kb free=92400Kb
 bounds [0x000001c3b3c30000, 0x000001c3b5730000, 0x000001c3bb160000]
CodeHeap 'non-nmethods': size=5760Kb used=2414Kb max_used=2463Kb free=3345Kb
 bounds [0x000001c3b3690000, 0x000001c3b3900000, 0x000001c3b3c30000]
 total_blobs=13173 nmethods=12239 adapters=846
 compilation: enabled
              stopped_count=0, restarted_count=0
 full_count=0

Compilation events (20 events):
Event: 138.128 Thread 0x000001c3ca021000 nmethod 12478 0x000001c3b5721b10 code [0x000001c3b5721cc0, 0x000001c3b5721db8]
Event: 138.153 Thread 0x000001c3ca017000 nmethod 12266% 0x000001c3bb8b7e10 code [0x000001c3bb8b8280, 0x000001c3bb8bc120]
Event: 138.153 Thread 0x000001c3ca017000 12477       4       sun.nio.fs.WindowsPathParser::isSlash (18 bytes)
Event: 138.154 Thread 0x000001c3ca017000 nmethod 12477 0x000001c3bb8bf290 code [0x000001c3bb8bf420, 0x000001c3bb8bf478]
Event: 138.154 Thread 0x000001c3ca017000 12306       4       org.gradle.api.internal.provider.ValueSanitizers::forType (29 bytes)
Event: 138.154 Thread 0x000001c3ca017000 nmethod 12306 0x000001c3bb8bf590 code [0x000001c3bb8bf720, 0x000001c3bb8bf798]
Event: 138.154 Thread 0x000001c3ca017000 12311       4       org.gradle.api.internal.provider.ValueSupplier$Present::pushWhenMissing (2 bytes)
Event: 138.154 Thread 0x000001c3ca017000 nmethod 12311 0x000001c3bb8bf890 code [0x000001c3bb8bfa20, 0x000001c3bb8bfa78]
Event: 138.163 Thread 0x000001c3ca017000 12479       4       java.lang.String::regionMatches (150 bytes)
Event: 138.186 Thread 0x000001c3ca017000 nmethod 12479 0x000001c3bb8bfb90 code [0x000001c3bb8bfd60, 0x000001c3bb8c0758]
Event: 138.236 Thread 0x000001c3ca017000 12480       4       jdk.internal.misc.Unsafe::allocateUninitializedArray (52 bytes)
Event: 138.238 Thread 0x000001c3ca017000 nmethod 12480 0x000001c3bb8c0f10 code [0x000001c3bb8c10a0, 0x000001c3bb8c1258]
Event: 138.256 Thread 0x000001c3ca021000 12481       3       java.lang.StackTraceElement::<init> (10 bytes)
Event: 138.256 Thread 0x000001c3ca021000 nmethod 12481 0x000001c3b5721e10 code [0x000001c3b5721fc0, 0x000001c3b5722118]
Event: 138.257 Thread 0x000001c3ca021000 12482  s!   3       java.lang.StackTraceElement::computeFormat (71 bytes)
Event: 138.258 Thread 0x000001c3ca021000 nmethod 12482 0x000001c3b5722210 code [0x000001c3b5722440, 0x000001c3b5722d78]
Event: 138.258 Thread 0x000001c3ca021000 12483       3       java.lang.StackTraceElement::isHashedInJavaBase (31 bytes)
Event: 138.258 Thread 0x000001c3ca021000 nmethod 12483 0x000001c3b5723010 code [0x000001c3b5723220, 0x000001c3b57236f8]
Event: 138.258 Thread 0x000001c3ca021000 12484       3       java.lang.Module::getLayer (43 bytes)
Event: 138.259 Thread 0x000001c3ca021000 nmethod 12484 0x000001c3b5723890 code [0x000001c3b5723a80, 0x000001c3b5723e08]

GC Heap History (20 events):
Event: 135.260 GC heap after
{Heap after GC invocations=75 (full 0):
 garbage-first heap   total 152576K, used 123440K [0x0000000080000000, 0x0000000100000000)
  region size 1024K, 1 young (1024K), 1 survivors (1024K)
 Metaspace       used 101374K, capacity 104603K, committed 104784K, reserved 608256K
  class space    used 13254K, capacity 14516K, committed 14592K, reserved 516096K
}
Event: 135.492 GC heap before
{Heap before GC invocations=75 (full 0):
 garbage-first heap   total 152576K, used 130608K [0x0000000080000000, 0x0000000100000000)
  region size 1024K, 8 young (8192K), 1 survivors (1024K)
 Metaspace       used 101714K, capacity 104987K, committed 105040K, reserved 608256K
  class space    used 13292K, capacity 14580K, committed 14592K, reserved 516096K
}
Event: 135.496 GC heap after
{Heap after GC invocations=76 (full 0):
 garbage-first heap   total 152576K, used 123978K [0x0000000080000000, 0x0000000100000000)
  region size 1024K, 1 young (1024K), 1 survivors (1024K)
 Metaspace       used 101714K, capacity 104987K, committed 105040K, reserved 608256K
  class space    used 13292K, capacity 14580K, committed 14592K, reserved 516096K
}
Event: 135.778 GC heap before
{Heap before GC invocations=77 (full 0):
 garbage-first heap   total 152576K, used 131146K [0x0000000080000000, 0x0000000100000000)
  region size 1024K, 8 young (8192K), 1 survivors (1024K)
 Metaspace       used 101923K, capacity 105202K, committed 105424K, reserved 608256K
  class space    used 13322K, capacity 14652K, committed 14720K, reserved 516096K
}
Event: 135.796 GC heap after
{Heap after GC invocations=78 (full 0):
 garbage-first heap   total 152576K, used 124997K [0x0000000080000000, 0x0000000100000000)
  region size 1024K, 1 young (1024K), 1 survivors (1024K)
 Metaspace       used 101923K, capacity 105202K, committed 105424K, reserved 608256K
  class space    used 13322K, capacity 14652K, committed 14720K, reserved 516096K
}
Event: 135.952 GC heap before
{Heap before GC invocations=78 (full 0):
 garbage-first heap   total 152576K, used 131141K [0x0000000080000000, 0x0000000100000000)
  region size 1024K, 7 young (7168K), 1 survivors (1024K)
 Metaspace       used 102239K, capacity 105560K, committed 105680K, reserved 608256K
  class space    used 13358K, capacity 14685K, committed 14720K, reserved 516096K
}
Event: 135.961 GC heap after
{Heap after GC invocations=79 (full 0):
 garbage-first heap   total 152576K, used 124741K [0x0000000080000000, 0x0000000100000000)
  region size 1024K, 1 young (1024K), 1 survivors (1024K)
 Metaspace       used 102239K, capacity 105560K, committed 105680K, reserved 608256K
  class space    used 13358K, capacity 14685K, committed 14720K, reserved 516096K
}
Event: 136.777 GC heap before
{Heap before GC invocations=79 (full 0):
 garbage-first heap   total 152576K, used 130885K [0x0000000080000000, 0x0000000100000000)
  region size 1024K, 7 young (7168K), 1 survivors (1024K)
 Metaspace       used 102448K, capacity 105752K, committed 106064K, reserved 608256K
  class space    used 13388K, capacity 14725K, committed 14848K, reserved 516096K
}
Event: 136.782 GC heap after
{Heap after GC invocations=80 (full 0):
 garbage-first heap   total 152576K, used 125545K [0x0000000080000000, 0x0000000100000000)
  region size 1024K, 1 young (1024K), 1 survivors (1024K)
 Metaspace       used 102448K, capacity 105752K, committed 106064K, reserved 608256K
  class space    used 13388K, capacity 14725K, committed 14848K, reserved 516096K
}
Event: 136.959 GC heap before
{Heap before GC invocations=80 (full 0):
 garbage-first heap   total 152576K, used 131689K [0x0000000080000000, 0x0000000100000000)
  region size 1024K, 7 young (7168K), 1 survivors (1024K)
 Metaspace       used 102608K, capacity 106011K, committed 106320K, reserved 608256K
  class space    used 13412K, capacity 14769K, committed 14848K, reserved 516096K
}
Event: 136.965 GC heap after
{Heap after GC invocations=81 (full 0):
 garbage-first heap   total 152576K, used 127053K [0x0000000080000000, 0x0000000100000000)
  region size 1024K, 1 young (1024K), 1 survivors (1024K)
 Metaspace       used 102608K, capacity 106011K, committed 106320K, reserved 608256K
  class space    used 13412K, capacity 14769K, committed 14848K, reserved 516096K
}
Event: 137.448 GC heap before
{Heap before GC invocations=82 (full 0):
 garbage-first heap   total 152576K, used 133197K [0x0000000080000000, 0x0000000100000000)
  region size 1024K, 7 young (7168K), 1 survivors (1024K)
 Metaspace       used 102960K, capacity 106362K, committed 106576K, reserved 608256K
  class space    used 13455K, capacity 14817K, committed 14848K, reserved 516096K
}
Event: 137.454 GC heap after
{Heap after GC invocations=83 (full 0):
 garbage-first heap   total 152576K, used 128104K [0x0000000080000000, 0x0000000100000000)
  region size 1024K, 1 young (1024K), 1 survivors (1024K)
 Metaspace       used 102960K, capacity 106362K, committed 106576K, reserved 608256K
  class space    used 13455K, capacity 14817K, committed 14848K, reserved 516096K
}
Event: 137.607 GC heap before
{Heap before GC invocations=83 (full 0):
 garbage-first heap   total 152576K, used 134248K [0x0000000080000000, 0x0000000100000000)
  region size 1024K, 7 young (7168K), 1 survivors (1024K)
 Metaspace       used 103333K, capacity 106664K, committed 106960K, reserved 608256K
  class space    used 13504K, capacity 14851K, committed 14976K, reserved 516096K
}
Event: 137.620 GC heap after
{Heap after GC invocations=84 (full 0):
 garbage-first heap   total 152576K, used 128549K [0x0000000080000000, 0x0000000100000000)
  region size 1024K, 1 young (1024K), 1 survivors (1024K)
 Metaspace       used 103333K, capacity 106664K, committed 106960K, reserved 608256K
  class space    used 13504K, capacity 14851K, committed 14976K, reserved 516096K
}
Event: 137.994 GC heap before
{Heap before GC invocations=85 (full 0):
 garbage-first heap   total 152576K, used 134693K [0x0000000080000000, 0x0000000100000000)
  region size 1024K, 7 young (7168K), 1 survivors (1024K)
 Metaspace       used 103927K, capacity 107294K, committed 107472K, reserved 610304K
  class space    used 13592K, capacity 14952K, committed 14976K, reserved 516096K
}
Event: 137.999 GC heap after
{Heap after GC invocations=86 (full 0):
 garbage-first heap   total 152576K, used 128770K [0x0000000080000000, 0x0000000100000000)
  region size 1024K, 1 young (1024K), 1 survivors (1024K)
 Metaspace       used 103927K, capacity 107294K, committed 107472K, reserved 610304K
  class space    used 13592K, capacity 14952K, committed 14976K, reserved 516096K
}
Event: 138.192 GC heap before
{Heap before GC invocations=86 (full 0):
 garbage-first heap   total 152576K, used 134914K [0x0000000080000000, 0x0000000100000000)
  region size 1024K, 7 young (7168K), 1 survivors (1024K)
 Metaspace       used 104530K, capacity 107876K, committed 108112K, reserved 610304K
  class space    used 13678K, capacity 15017K, committed 15104K, reserved 516096K
}
Event: 138.202 GC heap after
{Heap after GC invocations=87 (full 0):
 garbage-first heap   total 152576K, used 128424K [0x0000000080000000, 0x0000000100000000)
  region size 1024K, 1 young (1024K), 1 survivors (1024K)
 Metaspace       used 104530K, capacity 107876K, committed 108112K, reserved 610304K
  class space    used 13678K, capacity 15017K, committed 15104K, reserved 516096K
}
Event: 138.379 GC heap before
{Heap before GC invocations=87 (full 0):
 garbage-first heap   total 152576K, used 134568K [0x0000000080000000, 0x0000000100000000)
  region size 1024K, 7 young (7168K), 1 survivors (1024K)
 Metaspace       used 105238K, capacity 108644K, committed 108752K, reserved 610304K
  class space    used 13800K, capacity 15145K, committed 15232K, reserved 516096K
}

Deoptimization events (20 events):
Event: 138.008 Thread 0x000001c3cc2ee800 Uncommon trap: trap_request=0xffffff4d fr.pc=0x000001c3bb573184 relative=0x0000000000001ae4
Event: 138.008 Thread 0x000001c3cc2ee800 Uncommon trap: reason=unstable_if action=reinterpret pc=0x000001c3bb573184 method=sun.nio.fs.WindowsPathParser.normalize(Ljava/lang/StringBuilder;Ljava/lang/String;I)Ljava/lang/String; @ 172 c2
Event: 138.008 Thread 0x000001c3cc2ee800 DEOPT PACKING pc=0x000001c3bb573184 sp=0x0000003f5f1f8c70
Event: 138.008 Thread 0x000001c3cc2ee800 DEOPT UNPACKING pc=0x000001c3b36985af sp=0x0000003f5f1f8c60 mode 2
Event: 138.257 Thread 0x000001c3cc2ee800 Uncommon trap: trap_request=0xffffffde fr.pc=0x000001c3bb8c11a8 relative=0x0000000000000108
Event: 138.257 Thread 0x000001c3cc2ee800 Uncommon trap: reason=class_check action=maybe_recompile pc=0x000001c3bb8c11a8 method=jdk.internal.misc.Unsafe.allocateUninitializedArray(Ljava/lang/Class;I)Ljava/lang/Object; @ 48 c2
Event: 138.257 Thread 0x000001c3cc2ee800 DEOPT PACKING pc=0x000001c3bb8c11a8 sp=0x0000003f5f1f75e0
Event: 138.257 Thread 0x000001c3cc2ee800 DEOPT UNPACKING pc=0x000001c3b36985af sp=0x0000003f5f1f7568 mode 2
Event: 138.257 Thread 0x000001c3cc2ee800 Uncommon trap: trap_request=0xffffffde fr.pc=0x000001c3bb8c11a8 relative=0x0000000000000108
Event: 138.257 Thread 0x000001c3cc2ee800 Uncommon trap: reason=class_check action=maybe_recompile pc=0x000001c3bb8c11a8 method=jdk.internal.misc.Unsafe.allocateUninitializedArray(Ljava/lang/Class;I)Ljava/lang/Object; @ 48 c2
Event: 138.257 Thread 0x000001c3cc2ee800 DEOPT PACKING pc=0x000001c3bb8c11a8 sp=0x0000003f5f1f5af0
Event: 138.257 Thread 0x000001c3cc2ee800 DEOPT UNPACKING pc=0x000001c3b36985af sp=0x0000003f5f1f5a78 mode 2
Event: 138.257 Thread 0x000001c3cc2ee800 Uncommon trap: trap_request=0xffffffde fr.pc=0x000001c3bb8c11a8 relative=0x0000000000000108
Event: 138.257 Thread 0x000001c3cc2ee800 Uncommon trap: reason=class_check action=maybe_recompile pc=0x000001c3bb8c11a8 method=jdk.internal.misc.Unsafe.allocateUninitializedArray(Ljava/lang/Class;I)Ljava/lang/Object; @ 48 c2
Event: 138.257 Thread 0x000001c3cc2ee800 DEOPT PACKING pc=0x000001c3bb8c11a8 sp=0x0000003f5f1f7550
Event: 138.257 Thread 0x000001c3cc2ee800 DEOPT UNPACKING pc=0x000001c3b36985af sp=0x0000003f5f1f74d8 mode 2
Event: 138.257 Thread 0x000001c3cc2ee800 Uncommon trap: trap_request=0xffffffde fr.pc=0x000001c3bb8c11a8 relative=0x0000000000000108
Event: 138.257 Thread 0x000001c3cc2ee800 Uncommon trap: reason=class_check action=maybe_recompile pc=0x000001c3bb8c11a8 method=jdk.internal.misc.Unsafe.allocateUninitializedArray(Ljava/lang/Class;I)Ljava/lang/Object; @ 48 c2
Event: 138.257 Thread 0x000001c3cc2ee800 DEOPT PACKING pc=0x000001c3bb8c11a8 sp=0x0000003f5f1f7550
Event: 138.257 Thread 0x000001c3cc2ee800 DEOPT UNPACKING pc=0x000001c3b36985af sp=0x0000003f5f1f74d8 mode 2

Classes redefined (0 events):
No events

Internal exceptions (20 events):
Event: 135.502 Thread 0x000001c3cc2ee800 Exception <a 'java/lang/ClassNotFoundException'{0x00000000894c7e68}: org/jetbrains/kotlin/gradle/targets/js/npm/DefaultDevNpmDependencyExtensionCustomizer> (0x00000000894c7e68) thrown at [./src/hotspot/share/classfile/systemDictionary.cpp, line 230]
Event: 135.520 Thread 0x000001c3cc2ee800 Exception <a 'java/lang/ClassNotFoundException'{0x0000000089338c30}: org/jetbrains/kotlin/gradle/targets/js/npm/DefaultPeerNpmDependencyExtensionBeanInfo> (0x0000000089338c30) thrown at [./src/hotspot/share/classfile/systemDictionary.cpp, line 230]
Event: 135.526 Thread 0x000001c3cc2ee800 Exception <a 'java/lang/ClassNotFoundException'{0x0000000089368810}: org/jetbrains/kotlin/gradle/targets/js/npm/DefaultPeerNpmDependencyExtensionCustomizer> (0x0000000089368810) thrown at [./src/hotspot/share/classfile/systemDictionary.cpp, line 230]
Event: 135.538 Thread 0x000001c3cc2ee800 Exception <a 'java/lang/ClassNotFoundException'{0x00000000893e2f60}: org/jetbrains/kotlin/gradle/targets/js/npm/DefaultPeerNpmDependencyExtension$delegate$1BeanInfo> (0x00000000893e2f60) thrown at [./src/hotspot/share/classfile/systemDictionary.cpp, line 230]
Event: 135.539 Thread 0x000001c3cc2ee800 Exception <a 'java/lang/ClassNotFoundException'{0x0000000089215680}: org/jetbrains/kotlin/gradle/targets/js/npm/DefaultPeerNpmDependencyExtension$delegate$1Customizer> (0x0000000089215680) thrown at [./src/hotspot/share/classfile/systemDictionary.cpp, line 230]
Event: 135.560 Thread 0x000001c3cc2ee800 Exception <a 'java/lang/ClassNotFoundException'{0x00000000892d6500}: build_5e84k33fqm3egp2pna4irg14p$_run_closure1BeanInfo> (0x00000000892d6500) thrown at [./src/hotspot/share/classfile/systemDictionary.cpp, line 230]
Event: 135.561 Thread 0x000001c3cc2ee800 Exception <a 'java/lang/ClassNotFoundException'{0x00000000892eba80}: build_5e84k33fqm3egp2pna4irg14p$_run_closure1Customizer> (0x00000000892eba80) thrown at [./src/hotspot/share/classfile/systemDictionary.cpp, line 230]
Event: 135.636 Thread 0x000001c3cc2ee800 Exception <a 'java/lang/ClassNotFoundException'{0x00000000891f69f8}: org/jetbrains/kotlin/gradle/plugin/sources/DefaultKotlinSourceSetBeanInfo> (0x00000000891f69f8) thrown at [./src/hotspot/share/classfile/systemDictionary.cpp, line 230]
Event: 135.642 Thread 0x000001c3cc2ee800 Exception <a 'java/lang/ClassNotFoundException'{0x0000000089027378}: org/jetbrains/kotlin/gradle/plugin/sources/DefaultKotlinSourceSetCustomizer> (0x0000000089027378) thrown at [./src/hotspot/share/classfile/systemDictionary.cpp, line 230]
Event: 135.942 Thread 0x000001c3cc2ee800 Exception <a 'java/lang/NoClassDefFoundError'{0x0000000088f7e320}: org/jetbrains/kotlin/gradle/plugin/KotlinBasePluginWrapper> (0x0000000088f7e320) thrown at [./src/hotspot/share/oops/constantPool.cpp, line 775]
Event: 136.332 Thread 0x000001c3cc2ee800 Exception <a 'java/lang/ClassNotFoundException'{0x0000000089098750}: build_dxtt9os07q1bo9l4snn5qg3coBeanInfo> (0x0000000089098750) thrown at [./src/hotspot/share/classfile/systemDictionary.cpp, line 230]
Event: 136.333 Thread 0x000001c3cc2ee800 Exception <a 'java/lang/ClassNotFoundException'{0x00000000890a4af8}: build_dxtt9os07q1bo9l4snn5qg3coCustomizer> (0x00000000890a4af8) thrown at [./src/hotspot/share/classfile/systemDictionary.cpp, line 230]
Event: 136.768 Thread 0x000001c3cc2ee800 Exception <a 'java/lang/ClassNotFoundException'{0x0000000088fc9a38}: build_dxtt9os07q1bo9l4snn5qg3coBeanInfo> (0x0000000088fc9a38) thrown at [./src/hotspot/share/classfile/systemDictionary.cpp, line 230]
Event: 136.769 Thread 0x000001c3cc2ee800 Exception <a 'java/lang/ClassNotFoundException'{0x0000000088fd5c88}: build_dxtt9os07q1bo9l4snn5qg3coCustomizer> (0x0000000088fd5c88) thrown at [./src/hotspot/share/classfile/systemDictionary.cpp, line 230]
Event: 136.813 Thread 0x000001c3cc2ee800 Exception <a 'java/lang/ClassNotFoundException'{0x00000000893462f0}: build_dxtt9os07q1bo9l4snn5qg3co$_run_closure1BeanInfo> (0x00000000893462f0) thrown at [./src/hotspot/share/classfile/systemDictionary.cpp, line 230]
Event: 136.814 Thread 0x000001c3cc2ee800 Exception <a 'java/lang/ClassNotFoundException'{0x0000000089356058}: build_dxtt9os07q1bo9l4snn5qg3co$_run_closure1Customizer> (0x0000000089356058) thrown at [./src/hotspot/share/classfile/systemDictionary.cpp, line 230]
Event: 136.866 Thread 0x000001c3cc2ee800 Exception <a 'java/lang/NoClassDefFoundError'{0x00000000891cb6e0}: org/jetbrains/kotlin/gradle/plugin/KotlinBasePluginWrapper> (0x00000000891cb6e0) thrown at [./src/hotspot/share/oops/constantPool.cpp, line 775]
Event: 136.879 Thread 0x000001c3cc2ee800 Implicit null exception at 0x000001c3bb77ae79 to 0x000001c3bb77b5d4
Event: 137.906 Thread 0x000001c3cc2ee800 Exception <a 'sun/nio/fs/WindowsException'{0x00000000891b3c58}> (0x00000000891b3c58) thrown at [./src/hotspot/share/prims/jni.cpp, line 617]
Event: 138.235 Thread 0x000001c3cc2ee800 Exception <a 'java/lang/NullPointerException'{0x000000008939e5f0}> (0x000000008939e5f0) thrown at [./src/hotspot/share/interpreter/linkResolver.cpp, line 1440]

Events (20 events):
Event: 138.363 loading class com/sun/xml/bind/v2/model/impl/ClassInfoImpl$ConflictException done
Event: 138.364 loading class com/sun/xml/bind/v2/model/impl/ClassInfoImpl$DuplicateException
Event: 138.364 loading class com/sun/xml/bind/v2/model/impl/ClassInfoImpl$DuplicateException done
Event: 138.365 loading class com/sun/xml/bind/v2/model/impl/PropertyInfoImpl
Event: 138.365 loading class com/sun/xml/bind/v2/model/impl/PropertyInfoImpl done
Event: 138.367 loading class com/sun/xml/bind/v2/model/core/PropertyInfo
Event: 138.367 loading class com/sun/xml/bind/v2/model/core/PropertyInfo done
Event: 138.367 loading class com/sun/xml/bind/v2/model/annotation/AnnotationSource
Event: 138.367 loading class com/sun/xml/bind/v2/model/annotation/AnnotationSource done
Event: 138.367 loading class com/sun/xml/bind/v2/model/impl/ReferencePropertyInfoImpl
Event: 138.367 loading class com/sun/xml/bind/v2/model/impl/ReferencePropertyInfoImpl done
Event: 138.376 loading class com/sun/xml/bind/v2/model/core/ReferencePropertyInfo
Event: 138.376 loading class com/sun/xml/bind/v2/model/core/ReferencePropertyInfo done
Event: 138.377 loading class com/sun/xml/bind/v2/model/impl/DummyPropertyInfo
Event: 138.377 loading class com/sun/xml/bind/v2/model/impl/DummyPropertyInfo done
Event: 138.378 loading class com/sun/xml/bind/v2/model/impl/ERPropertyInfoImpl
Event: 138.378 loading class com/sun/xml/bind/v2/model/impl/ERPropertyInfoImpl done
Event: 138.379 loading class com/sun/xml/bind/v2/model/impl/PropertySeed
Event: 138.379 loading class com/sun/xml/bind/v2/model/impl/PropertySeed done
Event: 138.379 Executing VM operation: G1CollectForAllocation


Dynamic libraries:
0x00007ff646de0000 - 0x00007ff646ded000 	C:\Program Files\Microsoft\jdk-11.0.18.10-hotspot\bin\java.exe
0x00007ffda94f0000 - 0x00007ffda96e8000 	C:\Windows\SYSTEM32\ntdll.dll
0x00007ffda7d00000 - 0x00007ffda7dbf000 	C:\Windows\System32\KERNEL32.dll
0x00007ffda68a0000 - 0x00007ffda69a1000 	C:\Windows\system32\hmpalert.dll
0x00007ffda6cb0000 - 0x00007ffda6fa6000 	C:\Windows\System32\KERNELBASE.dll
0x00007ffda7030000 - 0x00007ffda7130000 	C:\Windows\System32\ucrtbase.dll
0x00007ffd785d0000 - 0x00007ffd785e5000 	C:\Program Files\Microsoft\jdk-11.0.18.10-hotspot\bin\VCRUNTIME140.dll
0x00007ffd8fcf0000 - 0x00007ffd8fd07000 	C:\Program Files\Microsoft\jdk-11.0.18.10-hotspot\bin\jli.dll
0x00007ffda7f70000 - 0x00007ffda810d000 	C:\Windows\System32\USER32.dll
0x00007ffda6bd0000 - 0x00007ffda6bf2000 	C:\Windows\System32\win32u.dll
0x00007ffda8c80000 - 0x00007ffda8cac000 	C:\Windows\System32\GDI32.dll
0x00007ffda7320000 - 0x00007ffda7435000 	C:\Windows\System32\gdi32full.dll
0x00007ffda7440000 - 0x00007ffda74dd000 	C:\Windows\System32\msvcp_win.dll
0x00007ffd86070000 - 0x00007ffd8630a000 	C:\Windows\WinSxS\amd64_microsoft.windows.common-controls_6595b64144ccf1df_6.0.19041.1110_none_60b5254171f9507e\COMCTL32.dll
0x00007ffda8520000 - 0x00007ffda85be000 	C:\Windows\System32\msvcrt.dll
0x00007ffda7cd0000 - 0x00007ffda7d00000 	C:\Windows\System32\IMM32.DLL
0x00007ffd641b0000 - 0x00007ffd6424b000 	C:\Program Files\Microsoft\jdk-11.0.18.10-hotspot\bin\msvcp140.dll
0x00007ffd31580000 - 0x00007ffd32112000 	C:\Program Files\Microsoft\jdk-11.0.18.10-hotspot\bin\server\jvm.dll
0x00007ffda8470000 - 0x00007ffda851f000 	C:\Windows\System32\ADVAPI32.dll
0x00007ffda8b60000 - 0x00007ffda8bfc000 	C:\Windows\System32\sechost.dll
0x00007ffda7b90000 - 0x00007ffda7cb6000 	C:\Windows\System32\RPCRT4.dll
0x00007ffda8a30000 - 0x00007ffda8a38000 	C:\Windows\System32\PSAPI.DLL
0x00007ffd9e660000 - 0x00007ffd9e669000 	C:\Windows\SYSTEM32\WSOCK32.dll
0x00007ffda82b0000 - 0x00007ffda831b000 	C:\Windows\System32\WS2_32.dll
0x00007ffd84780000 - 0x00007ffd847a7000 	C:\Windows\SYSTEM32\WINMM.dll
0x00007ffd99630000 - 0x00007ffd9963a000 	C:\Windows\SYSTEM32\VERSION.dll
0x00007ffda5300000 - 0x00007ffda5312000 	C:\Windows\SYSTEM32\kernel.appcore.dll
0x00007ffd8d8e0000 - 0x00007ffd8d8f0000 	C:\Program Files\Microsoft\jdk-11.0.18.10-hotspot\bin\verify.dll
0x00007ffda4530000 - 0x00007ffda4714000 	C:\Windows\SYSTEM32\DBGHELP.DLL
0x00007ffd88eb0000 - 0x00007ffd88ee4000 	C:\Windows\SYSTEM32\dbgcore.DLL
0x00007ffda7290000 - 0x00007ffda7312000 	C:\Windows\System32\bcryptPrimitives.dll
0x00007ffd785a0000 - 0x00007ffd785c8000 	C:\Program Files\Microsoft\jdk-11.0.18.10-hotspot\bin\java.dll
0x00007ffd8c2b0000 - 0x00007ffd8c2ba000 	C:\Program Files\Microsoft\jdk-11.0.18.10-hotspot\bin\jimage.dll
0x00007ffd78310000 - 0x00007ffd78328000 	C:\Program Files\Microsoft\jdk-11.0.18.10-hotspot\bin\zip.dll
0x00007ffda8d60000 - 0x00007ffda94a4000 	C:\Windows\System32\SHELL32.dll
0x00007ffda4b60000 - 0x00007ffda52f3000 	C:\Windows\SYSTEM32\windows.storage.dll
0x00007ffda7830000 - 0x00007ffda7b84000 	C:\Windows\System32\combase.dll
0x00007ffda6520000 - 0x00007ffda654e000 	C:\Windows\SYSTEM32\Wldp.dll
0x00007ffda8cb0000 - 0x00007ffda8d5d000 	C:\Windows\System32\SHCORE.dll
0x00007ffda7f10000 - 0x00007ffda7f65000 	C:\Windows\System32\shlwapi.dll
0x00007ffda6b10000 - 0x00007ffda6b2f000 	C:\Windows\SYSTEM32\profapi.dll
0x00007ffd6d750000 - 0x00007ffd6d769000 	C:\Program Files\Microsoft\jdk-11.0.18.10-hotspot\bin\net.dll
0x00007ffd9c720000 - 0x00007ffd9c82a000 	C:\Windows\SYSTEM32\WINHTTP.dll
0x00007ffda6280000 - 0x00007ffda62ea000 	C:\Windows\system32\mswsock.dll
0x00007ffd6d730000 - 0x00007ffd6d743000 	C:\Program Files\Microsoft\jdk-11.0.18.10-hotspot\bin\nio.dll
0x00007ffd8fc70000 - 0x00007ffd8fc97000 	C:\Users\srinibas\.gradle\native\e1d6ef7f7dcc3fd88c89a11ec53ec762bb8ba0a96d01ffa2cd45eb1d1d8dd5c5\windows-amd64\native-platform.dll
0x00007ffd8ea00000 - 0x00007ffd8eb44000 	C:\Users\srinibas\.gradle\native\0d407fdbe67a94daf76414ababcb853783967236a71b16ec16e742cd7a986fd3\windows-amd64\native-platform-file-events.dll
0x00007ffd89440000 - 0x00007ffd89449000 	C:\Program Files\Microsoft\jdk-11.0.18.10-hotspot\bin\management.dll
0x00007ffd82460000 - 0x00007ffd8246b000 	C:\Program Files\Microsoft\jdk-11.0.18.10-hotspot\bin\management_ext.dll
0x00007ffda6470000 - 0x00007ffda6488000 	C:\Windows\SYSTEM32\CRYPTSP.dll
0x00007ffda5b30000 - 0x00007ffda5b64000 	C:\Windows\system32\rsaenh.dll
0x00007ffda6fb0000 - 0x00007ffda6fd7000 	C:\Windows\System32\bcrypt.dll
0x00007ffda6a90000 - 0x00007ffda6abe000 	C:\Windows\SYSTEM32\USERENV.dll
0x00007ffda6490000 - 0x00007ffda649c000 	C:\Windows\SYSTEM32\CRYPTBASE.dll
0x00007ffda5f20000 - 0x00007ffda5f5c000 	C:\Windows\SYSTEM32\IPHLPAPI.DLL
0x00007ffda7cc0000 - 0x00007ffda7cc8000 	C:\Windows\System32\NSI.dll
0x00007ffd93520000 - 0x00007ffd93537000 	C:\Windows\SYSTEM32\dhcpcsvc6.DLL
0x00007ffd994f0000 - 0x00007ffd9950d000 	C:\Windows\SYSTEM32\dhcpcsvc.DLL
0x00007ffda5f70000 - 0x00007ffda603b000 	C:\Windows\SYSTEM32\DNSAPI.dll
0x00007ffd9e670000 - 0x00007ffd9e67e000 	C:\Program Files\Microsoft\jdk-11.0.18.10-hotspot\bin\sunmscapi.dll
0x00007ffda7130000 - 0x00007ffda728e000 	C:\Windows\System32\CRYPT32.dll
0x00007ffda6590000 - 0x00007ffda65b8000 	C:\Windows\SYSTEM32\ncrypt.dll
0x00007ffda6550000 - 0x00007ffda658b000 	C:\Windows\SYSTEM32\NTASN1.dll
0x00007ffd9b2e0000 - 0x00007ffd9b305000 	C:\Program Files\Microsoft\jdk-11.0.18.10-hotspot\bin\sunec.dll
0x00007ffd99580000 - 0x00007ffd9958a000 	C:\Windows\System32\rasadhlp.dll

dbghelp: loaded successfully - version: 4.0.5 - missing functions: none
symbol engine: initialized successfully - sym options: 0x614 - pdb path: .;C:\Program Files\Microsoft\jdk-11.0.18.10-hotspot\bin;C:\Windows\SYSTEM32;C:\Windows\WinSxS\amd64_microsoft.windows.common-controls_6595b64144ccf1df_6.0.19041.1110_none_60b5254171f9507e;C:\Program Files\Microsoft\jdk-11.0.18.10-hotspot\bin\server;C:\Users\srinibas\.gradle\native\e1d6ef7f7dcc3fd88c89a11ec53ec762bb8ba0a96d01ffa2cd45eb1d1d8dd5c5\windows-amd64;C:\Users\srinibas\.gradle\native\0d407fdbe67a94daf76414ababcb853783967236a71b16ec16e742cd7a986fd3\windows-amd64

VM Arguments:
jvm_args: -XX:MaxMetaspaceSize=512m --add-opens=java.base/java.util=ALL-UNNAMED --add-opens=java.base/java.lang=ALL-UNNAMED --add-opens=java.base/java.lang.invoke=ALL-UNNAMED --add-opens=java.base/java.util=ALL-UNNAMED --add-opens=java.prefs/java.util.prefs=ALL-UNNAMED --add-opens=java.prefs/java.util.prefs=ALL-UNNAMED --add-opens=java.base/java.nio.charset=ALL-UNNAMED --add-opens=java.base/java.net=ALL-UNNAMED --add-opens=java.base/java.util.concurrent.atomic=ALL-UNNAMED -Xmx2048m -Dfile.encoding=windows-1252 -Duser.country=IN -Duser.language=en -Duser.variant 
java_command: org.gradle.launcher.daemon.bootstrap.GradleDaemon 7.5.1
java_class_path (initial): C:\Users\srinibas\.gradle\wrapper\dists\gradle-7.5.1-all\1ehga6e77gqps5uk2kc5kf1vc\gradle-7.5.1\lib\gradle-launcher-7.5.1.jar
Launcher Type: SUN_STANDARD

[Global flags]
     intx CICompilerCount                          = 4                                         {product} {ergonomic}
   size_t CompressedClassSpaceSize                 = 528482304                                 {product} {ergonomic}
     uint ConcGCThreads                            = 2                                         {product} {ergonomic}
     uint G1ConcRefinementThreads                  = 8                                         {product} {ergonomic}
   size_t G1HeapRegionSize                         = 1048576                                   {product} {ergonomic}
    uintx GCDrainStackTargetSize                   = 64                                        {product} {ergonomic}
   size_t InitialHeapSize                          = 130023424                                 {product} {ergonomic}
   size_t MarkStackSize                            = 4194304                                   {product} {ergonomic}
   size_t MaxHeapSize                              = 2147483648                                {product} {command line}
   size_t MaxMetaspaceSize                         = 536870912                                 {product} {command line}
   size_t MaxNewSize                               = 1287651328                                {product} {ergonomic}
   size_t MinHeapDeltaBytes                        = 1048576                                   {product} {ergonomic}
    uintx NonNMethodCodeHeapSize                   = 5836300                                {pd product} {ergonomic}
    uintx NonProfiledCodeHeapSize                  = 122910970                              {pd product} {ergonomic}
    uintx ProfiledCodeHeapSize                     = 122910970                              {pd product} {ergonomic}
    uintx ReservedCodeCacheSize                    = 251658240                              {pd product} {ergonomic}
     bool SegmentedCodeCache                       = true                                      {product} {ergonomic}
     bool UseCompressedClassPointers               = true                                 {lp64_product} {ergonomic}
     bool UseCompressedOops                        = true                                 {lp64_product} {ergonomic}
     bool UseG1GC                                  = true                                      {product} {ergonomic}
     bool UseLargePagesIndividualAllocation        = false                                  {pd product} {ergonomic}

Logging:
Log output configuration:
 #0: stdout all=warning uptime,level,tags
 #1: stderr all=off uptime,level,tags

Environment Variables:
JAVA_HOME=C:\Program Files\Microsoft\jdk-11.0.18.10-hotspot\
CLASSPATH=D:\learning\React Native\authApp\android\\gradle\wrapper\gradle-wrapper.jar
PATH=D:\learning\React Native\authApp\android\node_modules\.bin;D:\learning\React Native\authApp\node_modules\.bin;D:\learning\React Native\node_modules\.bin;D:\learning\node_modules\.bin;D:\node_modules\.bin;C:\Program Files\nodejs;D:\learning\React Native\authApp\node_modules\.bin;D:\learning\React Native\node_modules\.bin;D:\learning\node_modules\.bin;D:\node_modules\.bin;C:\Program Files\nodejs\node_modules\npm\node_modules\@npmcli\run-script\lib\node-gyp-bin;D:\learning\React Native\authApp\node_modules\.bin;D:\learning\React Native\authApp\node_modules\.bin;D:\learning\React Native\node_modules\.bin;D:\learning\node_modules\.bin;D:\node_modules\.bin;C:\Program Files\nodejs;D:\learning\React Native\authApp\node_modules\react-native\scripts\node_modules\.bin;D:\learning\React Native\authApp\node_modules\react-native\node_modules\.bin;D:\learning\React Native\authApp\node_modules\node_modules\.bin;D:\learning\React Native\authApp\node_modules\.bin;D:\learning\React Native\node_modules\.bin;D:\learning\node_modules\.bin;D:\node_modules\.bin;C:\Program Files\nodejs;D:\learning\React Native\authApp\node_modules\.bin;D:\learning\React Native\node_modules\.bin;D:\learning\node_modules\.bin;D:\node_modules\.bin;C:\Program Files\nodejs\node_modules\npm\node_modules\@npmcli\run-script\lib\node-gyp-bin;C:\Python311\Scripts\;C:\Python311\;C:\Program Files\Microsoft\jdk-11.0.18.10-hotspot\bin;C:\Program Files\Eclipse Adoptium\jdk-17.0.4.101-hotspot\bin;C:\Python310\Scripts\;C:\Python310\;C:\Windows\system32;C:\Windows;C:\Windows\System32\Wbem;C:\Windows\System32\WindowsPowerShell\v1.0\;C:\Windows\System32\OpenSSH\;C:\ProgramData\chocolatey\bin;C:\Program Files\Microsoft SQL Server\120\Tools\Binn\;C:\Program Files\Git\cmd;C:\Program Files\Microsoft SQL Server\150\Tools\Binn\;C:\Program Files\Microsoft SQL Server\Client SDK\ODBC\170\Tools\Binn\;C:\Program Files\dotnet\;C:\Program Files\nodejs\;C:\Users\srinibas\AppData\Local\Microsoft\WindowsApps;C:\Users\srinibas\AppData\Local\
USERNAME=srinibas
LANG=en_US.UTF-8
OS=Windows_NT
PROCESSOR_IDENTIFIER=Intel64 Family 6 Model 140 Stepping 1, GenuineIntel
TMP=C:\Users\srinibas\AppData\Local\Temp
TEMP=C:\Users\srinibas\AppData\Local\Temp



---------------  S Y S T E M  ---------------

OS: Windows 10 , 64 bit Build 19041 (10.0.19041.2913)
OS uptime: 1 days 22:06 hours

CPU:total 8 (initial active 8) (4 cores per cpu, 2 threads per core) family 6 model 140 stepping 1 microcode 0xa4, cmov, cx8, fxsr, mmx, sse, sse2, sse3, ssse3, sse4.1, sse4.2, popcnt, avx, avx2, aes, clmul, erms, 3dnowpref, lzcnt, ht, tsc, tscinvbit, bmi1, bmi2, adx, evex, sha, fma

Memory: 4k page, system-wide physical 7914M (9M free)
TotalPageFile size 23177M (AvailPageFile size 14M)
current process WorkingSet (physical memory assigned to process): 296M, peak: 296M
current process commit charge ("private bytes"): 480M, peak: 510M

vm_info: OpenJDK 64-Bit Server VM (11.0.18+10-LTS) for windows-amd64 JRE (11.0.18+10-LTS), built on Jan 18 2023 15:56:47 by "MicrosoftCorporation" with MS VC++ 15.9 (VS2017)

END.
